Log file open, 12/28/22 12:23:03
LogWindows: Failed to load 'aqProf.dll' (GetLastError=126)
LogWindows: File 'aqProf.dll' does not exist
LogWindows: Failed to load 'VtuneApi.dll' (GetLastError=126)
LogWindows: File 'VtuneApi.dll' does not exist
LogWindows: Failed to load 'VtuneApi32e.dll' (GetLastError=126)
LogWindows: File 'VtuneApi32e.dll' does not exist
LogConsoleResponse: Display: Failed to find resolution value strings in scalability ini. Falling back to default.
LogConsoleResponse: Display: Failed to find resolution value strings in scalability ini. Falling back to default.
LogInit: Display: Running engine for game: MentoramaArkanoid
LogPlatformFile: Not using cached read wrapper
LogTaskGraph: Started task graph with 5 named threads and 71 total threads with 3 sets of task threads.
LogStats: Stats thread started at 0.471599
LogICUInternationalization: ICU TimeZone Detection - Raw Offset: -3:00, Platform Override: ''
LogInit: Display: Loading text-based GConfig....
LogPluginManager: Mounting plugin MeshPainting
LogPluginManager: Mounting plugin XGEController
LogPluginManager: Mounting plugin Paper2D
LogPluginManager: Mounting plugin LiveLink
LogPluginManager: Mounting plugin AISupport
LogPluginManager: Mounting plugin EnvironmentQueryEditor
LogPluginManager: Mounting plugin CameraShakePreviewer
LogPluginManager: Mounting plugin LightPropagationVolume
LogPluginManager: Mounting plugin CLionSourceCodeAccess
LogPluginManager: Mounting plugin CodeLiteSourceCodeAccess
LogPluginManager: Mounting plugin AssetManagerEditor
LogPluginManager: Mounting plugin KDevelopSourceCodeAccess
LogPluginManager: Mounting plugin GameplayCameras
LogPluginManager: Mounting plugin CryptoKeys
LogPluginManager: Mounting plugin NullSourceCodeAccess
LogPluginManager: Mounting plugin CurveEditorTools
LogPluginManager: Mounting plugin AnimationSharing
LogPluginManager: Mounting plugin PixWinPlugin
LogPluginManager: Mounting plugin PlasticSourceControl
LogPluginManager: Mounting plugin GitSourceControl
LogPluginManager: Mounting plugin PluginUtils
LogPluginManager: Mounting plugin PerforceSourceControl
LogPluginManager: Mounting plugin DataValidation
LogPluginManager: Mounting plugin PropertyAccessNode
LogPluginManager: Mounting plugin FacialAnimation
LogPluginManager: Mounting plugin GeometryMode
LogPluginManager: Mounting plugin OodleData
LogPluginManager: Mounting plugin RiderSourceCodeAccess
LogPluginManager: Mounting plugin MacGraphicsSwitching
LogPluginManager: Mounting plugin SubversionSourceControl
LogPluginManager: Mounting plugin MaterialAnalyzer
LogPluginManager: Mounting plugin MobileLauncherProfileWizard
LogPluginManager: Mounting plugin PluginBrowser
LogPluginManager: Mounting plugin GameplayTagsEditor
LogPluginManager: Mounting plugin VisualStudioSourceCodeAccess
LogPluginManager: Mounting plugin XCodeSourceCodeAccess
LogPluginManager: Mounting plugin UObjectPlugin
LogPluginManager: Mounting plugin SpeedTreeImporter
LogPluginManager: Mounting plugin TextureFormatOodle
LogPluginManager: Mounting plugin OodleNetwork
LogPluginManager: Mounting plugin Niagara
LogPluginManager: Mounting plugin VisualStudioCodeSourceCodeAccess
LogPluginManager: Mounting plugin DatasmithContent
LogPluginManager: Mounting plugin LuminPlatformFeatures
LogPluginManager: Mounting plugin MagicLeap
LogPluginManager: Mounting plugin MagicLeapMedia
LogPluginManager: Mounting plugin MagicLeapLightEstimation
LogPluginManager: Mounting plugin VariantManagerContent
LogPluginManager: Mounting plugin MagicLeapPassableWorld
LogPluginManager: Mounting plugin MLSDK
LogPluginManager: Mounting plugin AvfMedia
LogPluginManager: Mounting plugin AndroidMedia
LogPluginManager: Mounting plugin ImgMedia
LogPluginManager: Mounting plugin MediaCompositing
LogPluginManager: Mounting plugin MediaPlayerEditor
LogPluginManager: Mounting plugin WmfMedia
LogPluginManager: Mounting plugin WebMMedia
LogPluginManager: Mounting plugin TcpMessaging
LogPluginManager: Mounting plugin UdpMessaging
LogPluginManager: Mounting plugin LauncherChunkInstaller
LogPluginManager: Mounting plugin OnlineSubsystem
LogPluginManager: Mounting plugin OnlineSubsystemNull
LogPluginManager: Mounting plugin OnlineSubsystemUtils
LogPluginManager: Mounting plugin ActorSequence
LogPluginManager: Mounting plugin LevelSequenceEditor
LogPluginManager: Mounting plugin MatineeToLevelSequence
LogPluginManager: Mounting plugin TemplateSequence
LogPluginManager: Mounting plugin ScreenshotTools
LogPluginManager: Mounting plugin ActorLayerUtilities
LogPluginManager: Mounting plugin AndroidMoviePlayer
LogPluginManager: Mounting plugin AndroidPermission
LogPluginManager: Mounting plugin AppleImageUtils
LogPluginManager: Mounting plugin ArchVisCharacter
LogPluginManager: Mounting plugin AudioCapture
LogPluginManager: Mounting plugin AssetTags
LogPluginManager: Mounting plugin CableComponent
LogPluginManager: Mounting plugin AudioSynesthesia
LogPluginManager: Mounting plugin ChunkDownloader
LogPluginManager: Mounting plugin EditableMesh
LogPluginManager: Mounting plugin ExampleDeviceProfileSelector
LogPluginManager: Mounting plugin AndroidDeviceProfileSelector
LogPluginManager: Mounting plugin CustomMeshComponent
LogPluginManager: Mounting plugin GoogleCloudMessaging
LogPluginManager: Mounting plugin GooglePAD
LogPluginManager: Mounting plugin AppleMoviePlayer
LogPluginManager: Mounting plugin Takes
LogPluginManager: Mounting plugin LinuxDeviceProfileSelector
LogPluginManager: Mounting plugin IOSDeviceProfileSelector
LogPluginManager: Mounting plugin MobilePatchingUtils
LogPluginManager: Mounting plugin OpenXRHandTracking
LogPluginManager: Mounting plugin OpenXREyeTracker
LogPluginManager: Mounting plugin PhysXVehicles
LogPluginManager: Mounting plugin PostSplashScreen
LogPluginManager: Mounting plugin OpenXR
LogPluginManager: Mounting plugin ProceduralMeshComponent
LogPluginManager: Mounting plugin RuntimePhysXCooking
LogPluginManager: Mounting plugin PropertyAccessEditor
LogPluginManager: Mounting plugin SignificanceManager
LogPluginManager: Mounting plugin SoundFields
LogPluginManager: Mounting plugin Synthesis
LogPluginManager: Mounting plugin WebMMoviePlayer
LogPluginManager: Mounting plugin BackChannel
LogPluginManager: Mounting plugin AlembicImporter
LogPluginManager: Mounting plugin AutomationUtils
LogPluginManager: Mounting plugin WindowsMoviePlayer
LogPluginManager: Mounting plugin ChaosClothEditor
LogPluginManager: Mounting plugin ChaosEditor
LogPluginManager: Mounting plugin ChaosNiagara
LogPluginManager: Mounting plugin ChaosSolverPlugin
LogPluginManager: Mounting plugin CharacterAI
LogPluginManager: Mounting plugin ChaosCloth
LogPluginManager: Mounting plugin GeometryCache
LogPluginManager: Mounting plugin LocationServicesBPLibrary
LogPluginManager: Mounting plugin GeometryCollectionPlugin
LogPluginManager: Mounting plugin GeometryProcessing
LogPluginManager: Mounting plugin OpenImageDenoise
LogPluginManager: Mounting plugin MotoSynth
LogPluginManager: Mounting plugin PlanarCut
LogPluginManager: Mounting plugin PlatformCrypto
LogPluginManager: Mounting plugin ProxyLODPlugin
LogPluginManager: Mounting plugin PythonScriptPlugin
LogPluginManager: Mounting plugin SkeletalReduction
LogPluginManager: Mounting plugin ContentBrowserAssetDataSource
LogPluginManager: Mounting plugin ContentBrowserClassDataSource
LogPluginManager: Mounting plugin ContentBrowserFileDataSource
LogPluginManager: Mounting plugin OnlineSubsystemGooglePlay
LogPluginManager: Mounting plugin OnlineSubsystemIOS
LogPluginManager: Mounting plugin OculusVR
LogPluginManager: Mounting plugin SteamVR
PixWinPlugin: PIX capture plugin failed to initialize! Check that the process is launched from PIX.
LogInit: Using libcurl 7.55.1-DEV
LogInit:  - built for x86_64-pc-win32
LogInit:  - supports SSL with OpenSSL/1.1.1
LogInit:  - supports HTTP deflate (compression) using libz 1.2.8
LogInit:  - other features:
LogInit:      CURL_VERSION_SSL
LogInit:      CURL_VERSION_LIBZ
LogInit:      CURL_VERSION_IPV6
LogInit:      CURL_VERSION_ASYNCHDNS
LogInit:      CURL_VERSION_LARGEFILE
LogInit:      CURL_VERSION_IDN
LogInit:  CurlRequestOptions (configurable via config and command line):
LogInit:  - bVerifyPeer = true  - Libcurl will verify peer certificate
LogInit:  - bUseHttpProxy = false  - Libcurl will NOT use HTTP proxy
LogInit:  - bDontReuseConnections = false  - Libcurl will reuse connections
LogInit:  - MaxHostConnections = 16  - Libcurl will limit the number of connections to a host
LogInit:  - LocalHostAddr = Default
LogInit:  - BufferSize = 65536
LogOnline: OSS: Creating online subsystem instance for: NULL
LogInit: WinSock: version 1.1 (2.2), MaxSocks=32767, MaxUdp=65467
LogOnline: OSS: TryLoadSubsystemAndSetDefault: Loaded subsystem for module [NULL]
LogOculusPluginWrapper: OculusPlugin initialized successfully
LogHMD: Failed initializing OVRPlugin 1.59.0
LogInit: Build: ++UE4+Release-4.27-CL-18319896
LogInit: Engine Version: 4.27.2-18319896+++UE4+Release-4.27
LogInit: Compatible Engine Version: 4.27.0-17155196+++UE4+Release-4.27
LogInit: Net CL: 17155196
LogInit: OS: Windows 10 (Release 2009) (), CPU: Intel(R) Xeon(R) CPU E5-2678 v3 @ 2.50GHz, GPU: Radeon RX 570 Series
LogInit: Compiled (64-bit): Nov 30 2021 07:12:08
LogInit: Compiled with Visual C++: 19.24.28315.00
LogInit: Build Configuration: Development
LogInit: Branch Name: ++UE4+Release-4.27
LogInit: Command Line:  -skipcompile
LogInit: Base Directory: D:/EpicGames/UE_4.27/Engine/Binaries/Win64/
LogInit: Allocator: TBB
LogInit: Installed Engine Build: 1
LogDevObjectVersion: Number of dev versions registered: 29
LogDevObjectVersion:   Dev-Blueprints (B0D832E4-1F89-4F0D-ACCF-7EB736FD4AA2): 10
LogDevObjectVersion:   Dev-Build (E1C64328-A22C-4D53-A36C-8E866417BD8C): 0
LogDevObjectVersion:   Dev-Core (375EC13C-06E4-48FB-B500-84F0262A717E): 4
LogDevObjectVersion:   Dev-Editor (E4B068ED-F494-42E9-A231-DA0B2E46BB41): 40
LogDevObjectVersion:   Dev-Framework (CFFC743F-43B0-4480-9391-14DF171D2073): 37
LogDevObjectVersion:   Dev-Mobile (B02B49B5-BB20-44E9-A304-32B752E40360): 3
LogDevObjectVersion:   Dev-Networking (A4E4105C-59A1-49B5-A7C5-40C4547EDFEE): 0
LogDevObjectVersion:   Dev-Online (39C831C9-5AE6-47DC-9A44-9C173E1C8E7C): 0
LogDevObjectVersion:   Dev-Physics (78F01B33-EBEA-4F98-B9B4-84EACCB95AA2): 14
LogDevObjectVersion:   Dev-Platform (6631380F-2D4D-43E0-8009-CF276956A95A): 0
LogDevObjectVersion:   Dev-Rendering (12F88B9F-8875-4AFC-A67C-D90C383ABD29): 45
LogDevObjectVersion:   Dev-Sequencer (7B5AE74C-D270-4C10-A958-57980B212A5A): 13
LogDevObjectVersion:   Dev-VR (D7296918-1DD6-4BDD-9DE2-64A83CC13884): 3
LogDevObjectVersion:   Dev-LoadTimes (C2A15278-BFE7-4AFE-6C17-90FF531DF755): 1
LogDevObjectVersion:   Private-Geometry (6EACA3D4-40EC-4CC1-B786-8BED09428FC5): 3
LogDevObjectVersion:   Dev-AnimPhys (29E575DD-E0A3-4627-9D10-D276232CDCEA): 17
LogDevObjectVersion:   Dev-Anim (AF43A65D-7FD3-4947-9873-3E8ED9C1BB05): 15
LogDevObjectVersion:   Dev-ReflectionCapture (6B266CEC-1EC7-4B8F-A30B-E4D90942FC07): 1
LogDevObjectVersion:   Dev-Automation (0DF73D61-A23F-47EA-B727-89E90C41499A): 1
LogDevObjectVersion:   FortniteMain (601D1886-AC64-4F84-AA16-D3DE0DEAC7D6): 47
LogDevObjectVersion:   FortniteRelease (E7086368-6B23-4C58-8439-1B7016265E91): 1
LogDevObjectVersion:   Dev-Enterprise (9DFFBCD6-494F-0158-E221-12823C92A888): 10
LogDevObjectVersion:   Dev-Niagara (F2AED0AC-9AFE-416F-8664-AA7FFA26D6FC): 1
LogDevObjectVersion:   Dev-Destruction (174F1F0B-B4C6-45A5-B13F-2EE8D0FB917D): 10
LogDevObjectVersion:   Dev-Physics-Ext (35F94A83-E258-406C-A318-09F59610247C): 41
LogDevObjectVersion:   Dev-PhysicsMaterial-Chaos (B68FC16E-8B1B-42E2-B453-215C058844FE): 1
LogDevObjectVersion:   Dev-CineCamera (B2E18506-4273-CFC2-A54E-F4BB758BBA07): 1
LogDevObjectVersion:   Dev-VirtualProduction (64F58936-FD1B-42BA-BA96-7289D5D0FA4E): 1
LogDevObjectVersion:   Dev-MediaFramework (6F0ED827-A609-4895-9C91-998D90180EA4): 2
LogInit: Presizing for max 25165824 objects, including 0 objects not considered by GC, pre-allocating 0 bytes for permanent pool.
LogConfig: Applying CVar settings from Section [/Script/Engine.StreamingSettings] File [D:/UnrealProjects/MentoramaArkanoid/Saved/Config/Windows/Engine.ini]
LogConfig: Setting CVar [[s.MinBulkDataSizeForAsyncLoading:131072]]
LogConfig: Setting CVar [[s.AsyncLoadingThreadEnabled:0]]
LogConfig: Setting CVar [[s.EventDrivenLoaderEnabled:1]]
LogConfig: Setting CVar [[s.WarnIfTimeLimitExceeded:0]]
LogConfig: Setting CVar [[s.TimeLimitExceededMultiplier:1.5]]
LogConfig: Setting CVar [[s.TimeLimitExceededMinTime:0.005]]
LogConfig: Setting CVar [[s.UseBackgroundLevelStreaming:1]]
LogConfig: Setting CVar [[s.PriorityAsyncLoadingExtraTime:15.0]]
LogConfig: Setting CVar [[s.LevelStreamingActorsUpdateTimeLimit:5.0]]
LogConfig: Setting CVar [[s.PriorityLevelStreamingActorsUpdateExtraTime:5.0]]
LogConfig: Setting CVar [[s.LevelStreamingComponentsRegistrationGranularity:10]]
LogConfig: Setting CVar [[s.UnregisterComponentsTimeLimit:1.0]]
LogConfig: Setting CVar [[s.LevelStreamingComponentsUnregistrationGranularity:5]]
LogConfig: Setting CVar [[s.FlushStreamingOnExit:1]]
LogInit: Object subsystem initialized
LogConfig: Setting CVar [[con.DebugEarlyDefault:1]]
LogConfig: Setting CVar [[r.setres:1280x720]]
[2022.12.28-15.23.05:071][  0]LogConfig: Setting CVar [[r.VSync:0]]
[2022.12.28-15.23.05:071][  0]LogConfig: Setting CVar [[r.RHICmdBypass:0]]
[2022.12.28-15.23.05:071][  0]LogConfig: Applying CVar settings from Section [/Script/Engine.RendererSettings] File [D:/UnrealProjects/MentoramaArkanoid/Saved/Config/Windows/Engine.ini]
[2022.12.28-15.23.05:071][  0]LogConfig: Setting CVar [[r.GPUCrashDebugging:0]]
[2022.12.28-15.23.05:072][  0]LogConfig: Applying CVar settings from Section [/Script/Engine.RendererOverrideSettings] File [D:/UnrealProjects/MentoramaArkanoid/Saved/Config/Windows/Engine.ini]
[2022.12.28-15.23.05:072][  0]LogConfig: Applying CVar settings from Section [/Script/Engine.StreamingSettings] File [D:/UnrealProjects/MentoramaArkanoid/Saved/Config/Windows/Engine.ini]
[2022.12.28-15.23.05:072][  0]LogConfig: Setting CVar [[s.MinBulkDataSizeForAsyncLoading:131072]]
[2022.12.28-15.23.05:072][  0]LogConfig: Setting CVar [[s.AsyncLoadingThreadEnabled:0]]
[2022.12.28-15.23.05:072][  0]LogConfig: Setting CVar [[s.EventDrivenLoaderEnabled:1]]
[2022.12.28-15.23.05:072][  0]LogConfig: Setting CVar [[s.WarnIfTimeLimitExceeded:0]]
[2022.12.28-15.23.05:072][  0]LogConfig: Setting CVar [[s.TimeLimitExceededMultiplier:1.5]]
[2022.12.28-15.23.05:072][  0]LogConfig: Setting CVar [[s.TimeLimitExceededMinTime:0.005]]
[2022.12.28-15.23.05:072][  0]LogConfig: Setting CVar [[s.UseBackgroundLevelStreaming:1]]
[2022.12.28-15.23.05:072][  0]LogConfig: Setting CVar [[s.PriorityAsyncLoadingExtraTime:15.0]]
[2022.12.28-15.23.05:073][  0]LogConfig: Setting CVar [[s.LevelStreamingActorsUpdateTimeLimit:5.0]]
[2022.12.28-15.23.05:073][  0]LogConfig: Setting CVar [[s.PriorityLevelStreamingActorsUpdateExtraTime:5.0]]
[2022.12.28-15.23.05:073][  0]LogConfig: Setting CVar [[s.LevelStreamingComponentsRegistrationGranularity:10]]
[2022.12.28-15.23.05:073][  0]LogConfig: Setting CVar [[s.UnregisterComponentsTimeLimit:1.0]]
[2022.12.28-15.23.05:073][  0]LogConfig: Setting CVar [[s.LevelStreamingComponentsUnregistrationGranularity:5]]
[2022.12.28-15.23.05:073][  0]LogConfig: Setting CVar [[s.FlushStreamingOnExit:1]]
[2022.12.28-15.23.05:073][  0]LogConfig: Applying CVar settings from Section [/Script/Engine.GarbageCollectionSettings] File [D:/UnrealProjects/MentoramaArkanoid/Saved/Config/Windows/Engine.ini]
[2022.12.28-15.23.05:073][  0]LogConfig: Setting CVar [[gc.MaxObjectsNotConsideredByGC:1]]
[2022.12.28-15.23.05:073][  0]LogConfig: Setting CVar [[gc.SizeOfPermanentObjectPool:0]]
[2022.12.28-15.23.05:073][  0]LogConfig: Setting CVar [[gc.FlushStreamingOnGC:0]]
[2022.12.28-15.23.05:073][  0]LogConfig: Setting CVar [[gc.NumRetriesBeforeForcingGC:10]]
[2022.12.28-15.23.05:074][  0]LogConfig: Setting CVar [[gc.AllowParallelGC:1]]
[2022.12.28-15.23.05:074][  0]LogConfig: Setting CVar [[gc.TimeBetweenPurgingPendingKillObjects:61.1]]
[2022.12.28-15.23.05:074][  0]LogConfig: Setting CVar [[gc.MaxObjectsInEditor:25165824]]
[2022.12.28-15.23.05:074][  0]LogConfig: Setting CVar [[gc.IncrementalBeginDestroyEnabled:1]]
[2022.12.28-15.23.05:074][  0]LogConfig: Setting CVar [[gc.CreateGCClusters:1]]
[2022.12.28-15.23.05:074][  0]LogConfig: Setting CVar [[gc.MinGCClusterSize:5]]
[2022.12.28-15.23.05:074][  0]LogConfig: Setting CVar [[gc.ActorClusteringEnabled:0]]
[2022.12.28-15.23.05:074][  0]LogConfig: Setting CVar [[gc.BlueprintClusteringEnabled:0]]
[2022.12.28-15.23.05:074][  0]LogConfig: Setting CVar [[gc.UseDisregardForGCOnDedicatedServers:0]]
[2022.12.28-15.23.05:074][  0]LogConfig: Setting CVar [[gc.MultithreadedDestructionEnabled:1]]
[2022.12.28-15.23.05:074][  0]LogConfig: Applying CVar settings from Section [/Script/Engine.NetworkSettings] File [D:/UnrealProjects/MentoramaArkanoid/Saved/Config/Windows/Engine.ini]
[2022.12.28-15.23.05:074][  0]LogConfig: Applying CVar settings from Section [/Script/UnrealEd.CookerSettings] File [D:/UnrealProjects/MentoramaArkanoid/Saved/Config/Windows/Engine.ini]
[2022.12.28-15.23.05:117][  0]LogConfig: Applying CVar settings from Section [ViewDistanceQuality@3] File [D:/UnrealProjects/MentoramaArkanoid/Saved/Config/Windows/Scalability.ini]
[2022.12.28-15.23.05:117][  0]LogConfig: Setting CVar [[r.SkeletalMeshLODBias:0]]
[2022.12.28-15.23.05:117][  0]LogConfig: Setting CVar [[r.ViewDistanceScale:1.0]]
[2022.12.28-15.23.05:117][  0]LogConfig: Applying CVar settings from Section [AntiAliasingQuality@3] File [D:/UnrealProjects/MentoramaArkanoid/Saved/Config/Windows/Scalability.ini]
[2022.12.28-15.23.05:117][  0]LogConfig: Setting CVar [[r.PostProcessAAQuality:4]]
[2022.12.28-15.23.05:117][  0]LogConfig: Applying CVar settings from Section [ShadowQuality@3] File [D:/UnrealProjects/MentoramaArkanoid/Saved/Config/Windows/Scalability.ini]
[2022.12.28-15.23.05:118][  0]LogConfig: Setting CVar [[r.LightFunctionQuality:1]]
[2022.12.28-15.23.05:118][  0]LogConfig: Setting CVar [[r.ShadowQuality:5]]
[2022.12.28-15.23.05:118][  0]LogConfig: Setting CVar [[r.Shadow.CSM.MaxCascades:10]]
[2022.12.28-15.23.05:118][  0]LogConfig: Setting CVar [[r.Shadow.MaxResolution:2048]]
[2022.12.28-15.23.05:118][  0]LogConfig: Setting CVar [[r.Shadow.MaxCSMResolution:2048]]
[2022.12.28-15.23.05:118][  0]LogConfig: Setting CVar [[r.Shadow.RadiusThreshold:0.01]]
[2022.12.28-15.23.05:118][  0]LogConfig: Setting CVar [[r.Shadow.DistanceScale:1.0]]
[2022.12.28-15.23.05:118][  0]LogConfig: Setting CVar [[r.Shadow.CSM.TransitionScale:1.0]]
[2022.12.28-15.23.05:118][  0]LogConfig: Setting CVar [[r.Shadow.PreShadowResolutionFactor:1.0]]
[2022.12.28-15.23.05:118][  0]LogConfig: Setting CVar [[r.DistanceFieldShadowing:1]]
[2022.12.28-15.23.05:118][  0]LogConfig: Setting CVar [[r.DistanceFieldAO:1]]
[2022.12.28-15.23.05:119][  0]LogConfig: Setting CVar [[r.AOQuality:2]]
[2022.12.28-15.23.05:119][  0]LogConfig: Setting CVar [[r.VolumetricFog:1]]
[2022.12.28-15.23.05:119][  0]LogConfig: Setting CVar [[r.VolumetricFog.GridPixelSize:8]]
[2022.12.28-15.23.05:119][  0]LogConfig: Setting CVar [[r.VolumetricFog.GridSizeZ:128]]
[2022.12.28-15.23.05:119][  0]LogConfig: Setting CVar [[r.VolumetricFog.HistoryMissSupersampleCount:4]]
[2022.12.28-15.23.05:119][  0]LogConfig: Setting CVar [[r.LightMaxDrawDistanceScale:1]]
[2022.12.28-15.23.05:119][  0]LogConfig: Setting CVar [[r.CapsuleShadows:1]]
[2022.12.28-15.23.05:119][  0]LogConfig: Applying CVar settings from Section [PostProcessQuality@3] File [D:/UnrealProjects/MentoramaArkanoid/Saved/Config/Windows/Scalability.ini]
[2022.12.28-15.23.05:119][  0]LogConfig: Setting CVar [[r.MotionBlurQuality:4]]
[2022.12.28-15.23.05:119][  0]LogConfig: Setting CVar [[r.AmbientOcclusionMipLevelFactor:0.4]]
[2022.12.28-15.23.05:119][  0]LogConfig: Setting CVar [[r.AmbientOcclusionMaxQuality:100]]
[2022.12.28-15.23.05:120][  0]LogConfig: Setting CVar [[r.AmbientOcclusionLevels:-1]]
[2022.12.28-15.23.05:120][  0]LogConfig: Setting CVar [[r.AmbientOcclusionRadiusScale:1.0]]
[2022.12.28-15.23.05:120][  0]LogConfig: Setting CVar [[r.DepthOfFieldQuality:2]]
[2022.12.28-15.23.05:120][  0]LogConfig: Setting CVar [[r.RenderTargetPoolMin:400]]
[2022.12.28-15.23.05:120][  0]LogConfig: Setting CVar [[r.LensFlareQuality:2]]
[2022.12.28-15.23.05:120][  0]LogConfig: Setting CVar [[r.SceneColorFringeQuality:1]]
[2022.12.28-15.23.05:120][  0]LogConfig: Setting CVar [[r.EyeAdaptationQuality:2]]
[2022.12.28-15.23.05:120][  0]LogConfig: Setting CVar [[r.BloomQuality:5]]
[2022.12.28-15.23.05:120][  0]LogConfig: Setting CVar [[r.FastBlurThreshold:100]]
[2022.12.28-15.23.05:120][  0]LogConfig: Setting CVar [[r.Upscale.Quality:3]]
[2022.12.28-15.23.05:120][  0]LogConfig: Setting CVar [[r.Tonemapper.GrainQuantization:1]]
[2022.12.28-15.23.05:120][  0]LogConfig: Setting CVar [[r.LightShaftQuality:1]]
[2022.12.28-15.23.05:120][  0]LogConfig: Setting CVar [[r.Filter.SizeScale:1]]
[2022.12.28-15.23.05:120][  0]LogConfig: Setting CVar [[r.Tonemapper.Quality:5]]
[2022.12.28-15.23.05:120][  0]LogConfig: Setting CVar [[r.DOF.Gather.AccumulatorQuality:1        ; higher gathering accumulator quality]]
[2022.12.28-15.23.05:121][  0]LogConfig: Setting CVar [[r.DOF.Gather.PostfilterMethod:1          ; Median3x3 postfilering method]]
[2022.12.28-15.23.05:121][  0]LogConfig: Setting CVar [[r.DOF.Gather.EnableBokehSettings:0       ; no bokeh simulation when gathering]]
[2022.12.28-15.23.05:121][  0]LogConfig: Setting CVar [[r.DOF.Gather.RingCount:4                 ; medium number of samples when gathering]]
[2022.12.28-15.23.05:121][  0]LogConfig: Setting CVar [[r.DOF.Scatter.ForegroundCompositing:1    ; additive foreground scattering]]
[2022.12.28-15.23.05:121][  0]LogConfig: Setting CVar [[r.DOF.Scatter.BackgroundCompositing:2    ; additive background scattering]]
[2022.12.28-15.23.05:121][  0]LogConfig: Setting CVar [[r.DOF.Scatter.EnableBokehSettings:1      ; bokeh simulation when scattering]]
[2022.12.28-15.23.05:121][  0]LogConfig: Setting CVar [[r.DOF.Scatter.MaxSpriteRatio:0.1         ; only a maximum of 10% of scattered bokeh]]
[2022.12.28-15.23.05:121][  0]LogConfig: Setting CVar [[r.DOF.Recombine.Quality:1                ; cheap slight out of focus]]
[2022.12.28-15.23.05:121][  0]LogConfig: Setting CVar [[r.DOF.Recombine.EnableBokehSettings:0    ; no bokeh simulation on slight out of focus]]
[2022.12.28-15.23.05:121][  0]LogConfig: Setting CVar [[r.DOF.TemporalAAQuality:1                ; more stable temporal accumulation]]
[2022.12.28-15.23.05:121][  0]LogConfig: Setting CVar [[r.DOF.Kernel.MaxForegroundRadius:0.025]]
[2022.12.28-15.23.05:121][  0]LogConfig: Setting CVar [[r.DOF.Kernel.MaxBackgroundRadius:0.025]]
[2022.12.28-15.23.05:121][  0]LogConfig: Applying CVar settings from Section [TextureQuality@3] File [D:/UnrealProjects/MentoramaArkanoid/Saved/Config/Windows/Scalability.ini]
[2022.12.28-15.23.05:121][  0]LogConfig: Setting CVar [[r.Streaming.MipBias:0]]
[2022.12.28-15.23.05:122][  0]LogConfig: Setting CVar [[r.Streaming.AmortizeCPUToGPUCopy:0]]
[2022.12.28-15.23.05:122][  0]LogConfig: Setting CVar [[r.Streaming.MaxNumTexturesToStreamPerFrame:0]]
[2022.12.28-15.23.05:122][  0]LogConfig: Setting CVar [[r.Streaming.Boost:1]]
[2022.12.28-15.23.05:122][  0]LogConfig: Setting CVar [[r.MaxAnisotropy:8]]
[2022.12.28-15.23.05:122][  0]LogConfig: Setting CVar [[r.VT.MaxAnisotropy:8]]
[2022.12.28-15.23.05:122][  0]LogConfig: Setting CVar [[r.Streaming.LimitPoolSizeToVRAM:0]]
[2022.12.28-15.23.05:122][  0]LogConfig: Setting CVar [[r.Streaming.PoolSize:1000]]
[2022.12.28-15.23.05:122][  0]LogConfig: Setting CVar [[r.Streaming.MaxEffectiveScreenSize:0]]
[2022.12.28-15.23.05:122][  0]LogConfig: Applying CVar settings from Section [EffectsQuality@3] File [D:/UnrealProjects/MentoramaArkanoid/Saved/Config/Windows/Scalability.ini]
[2022.12.28-15.23.05:122][  0]LogConfig: Setting CVar [[r.TranslucencyLightingVolumeDim:64]]
[2022.12.28-15.23.05:122][  0]LogConfig: Setting CVar [[r.RefractionQuality:2]]
[2022.12.28-15.23.05:122][  0]LogConfig: Setting CVar [[r.SSR.Quality:3]]
[2022.12.28-15.23.05:122][  0]LogConfig: Setting CVar [[r.SSR.HalfResSceneColor:0]]
[2022.12.28-15.23.05:123][  0]LogConfig: Setting CVar [[r.SceneColorFormat:4]]
[2022.12.28-15.23.05:123][  0]LogConfig: Setting CVar [[r.DetailMode:2]]
[2022.12.28-15.23.05:123][  0]LogConfig: Setting CVar [[r.TranslucencyVolumeBlur:1]]
[2022.12.28-15.23.05:123][  0]LogConfig: Setting CVar [[r.MaterialQualityLevel:1 ; High quality]]
[2022.12.28-15.23.05:123][  0]LogConfig: Setting CVar [[r.AnisotropicMaterials:1]]
[2022.12.28-15.23.05:123][  0]LogConfig: Setting CVar [[r.SSS.Scale:1]]
[2022.12.28-15.23.05:123][  0]LogConfig: Setting CVar [[r.SSS.SampleSet:2]]
[2022.12.28-15.23.05:123][  0]LogConfig: Setting CVar [[r.SSS.Quality:1]]
[2022.12.28-15.23.05:123][  0]LogConfig: Setting CVar [[r.SSS.HalfRes:0]]
[2022.12.28-15.23.05:123][  0]LogConfig: Setting CVar [[r.SSGI.Quality:3]]
[2022.12.28-15.23.05:123][  0]LogConfig: Setting CVar [[r.EmitterSpawnRateScale:1.0]]
[2022.12.28-15.23.05:123][  0]LogConfig: Setting CVar [[r.ParticleLightQuality:2]]
[2022.12.28-15.23.05:123][  0]LogConfig: Setting CVar [[r.SkyAtmosphere.AerialPerspectiveLUT.FastApplyOnOpaque:1 ; Always have FastSkyLUT 1 in this case to avoid wrong sky]]
[2022.12.28-15.23.05:124][  0]LogConfig: Setting CVar [[r.SkyAtmosphere.AerialPerspectiveLUT.SampleCountMaxPerSlice:4]]
[2022.12.28-15.23.05:124][  0]LogConfig: Setting CVar [[r.SkyAtmosphere.AerialPerspectiveLUT.DepthResolution:16.0]]
[2022.12.28-15.23.05:124][  0]LogConfig: Setting CVar [[r.SkyAtmosphere.FastSkyLUT:1]]
[2022.12.28-15.23.05:124][  0]LogConfig: Setting CVar [[r.SkyAtmosphere.FastSkyLUT.SampleCountMin:4.0]]
[2022.12.28-15.23.05:124][  0]LogConfig: Setting CVar [[r.SkyAtmosphere.FastSkyLUT.SampleCountMax:128.0]]
[2022.12.28-15.23.05:124][  0]LogConfig: Setting CVar [[r.SkyAtmosphere.SampleCountMin:4.0]]
[2022.12.28-15.23.05:124][  0]LogConfig: Setting CVar [[r.SkyAtmosphere.SampleCountMax:128.0]]
[2022.12.28-15.23.05:124][  0]LogConfig: Setting CVar [[r.SkyAtmosphere.TransmittanceLUT.UseSmallFormat:0]]
[2022.12.28-15.23.05:124][  0]LogConfig: Setting CVar [[r.SkyAtmosphere.TransmittanceLUT.SampleCount:10.0]]
[2022.12.28-15.23.05:124][  0]LogConfig: Setting CVar [[r.SkyAtmosphere.MultiScatteringLUT.SampleCount:15.0]]
[2022.12.28-15.23.05:124][  0]LogConfig: Setting CVar [[r.SkyLight.RealTimeReflectionCapture:1]]
[2022.12.28-15.23.05:125][  0]LogConfig: Applying CVar settings from Section [FoliageQuality@3] File [D:/UnrealProjects/MentoramaArkanoid/Saved/Config/Windows/Scalability.ini]
[2022.12.28-15.23.05:125][  0]LogConfig: Setting CVar [[foliage.DensityScale:1.0]]
[2022.12.28-15.23.05:125][  0]LogConfig: Setting CVar [[grass.DensityScale:1.0]]
[2022.12.28-15.23.05:125][  0]LogConfig: Applying CVar settings from Section [ShadingQuality@3] File [D:/UnrealProjects/MentoramaArkanoid/Saved/Config/Windows/Scalability.ini]
[2022.12.28-15.23.05:125][  0]LogConfig: Setting CVar [[r.HairStrands.SkyLighting.IntegrationType:2]]
[2022.12.28-15.23.05:125][  0]LogConfig: Setting CVar [[r.HairStrands.SkyAO.SampleCount:4]]
[2022.12.28-15.23.05:125][  0]LogConfig: Setting CVar [[r.HairStrands.Visibility.MSAA.SamplePerPixel:4]]
[2022.12.28-15.23.05:125][  0]LogInit: Selected Device Profile: [Windows]
[2022.12.28-15.23.05:125][  0]LogInit: Applying CVar settings loaded from the selected device profile: [Windows]
[2022.12.28-15.23.05:125][  0]LogHAL: Display: Platform has ~ 16 GB [17077583872 / 17179869184 / 16], which maps to Larger [LargestMinGB=32, LargerMinGB=12, DefaultMinGB=8, SmallerMinGB=6, SmallestMinGB=0)
[2022.12.28-15.23.05:125][  0]LogInit: Going up to parent DeviceProfile []
[2022.12.28-15.23.05:126][  0]LogConfig: Applying CVar settings from Section [ViewDistanceQuality@3] File [D:/UnrealProjects/MentoramaArkanoid/Saved/Config/Windows/Scalability.ini]
[2022.12.28-15.23.05:126][  0]LogConfig: Setting CVar [[r.SkeletalMeshLODBias:0]]
[2022.12.28-15.23.05:126][  0]LogConfig: Setting CVar [[r.ViewDistanceScale:1.0]]
[2022.12.28-15.23.05:126][  0]LogConfig: Applying CVar settings from Section [AntiAliasingQuality@3] File [D:/UnrealProjects/MentoramaArkanoid/Saved/Config/Windows/Scalability.ini]
[2022.12.28-15.23.05:126][  0]LogConfig: Setting CVar [[r.PostProcessAAQuality:4]]
[2022.12.28-15.23.05:126][  0]LogConfig: Applying CVar settings from Section [ShadowQuality@3] File [D:/UnrealProjects/MentoramaArkanoid/Saved/Config/Windows/Scalability.ini]
[2022.12.28-15.23.05:126][  0]LogConfig: Setting CVar [[r.LightFunctionQuality:1]]
[2022.12.28-15.23.05:126][  0]LogConfig: Setting CVar [[r.ShadowQuality:5]]
[2022.12.28-15.23.05:126][  0]LogConfig: Setting CVar [[r.Shadow.CSM.MaxCascades:10]]
[2022.12.28-15.23.05:126][  0]LogConfig: Setting CVar [[r.Shadow.MaxResolution:2048]]
[2022.12.28-15.23.05:126][  0]LogConfig: Setting CVar [[r.Shadow.MaxCSMResolution:2048]]
[2022.12.28-15.23.05:126][  0]LogConfig: Setting CVar [[r.Shadow.RadiusThreshold:0.01]]
[2022.12.28-15.23.05:127][  0]LogConfig: Setting CVar [[r.Shadow.DistanceScale:1.0]]
[2022.12.28-15.23.05:127][  0]LogConfig: Setting CVar [[r.Shadow.CSM.TransitionScale:1.0]]
[2022.12.28-15.23.05:127][  0]LogConfig: Setting CVar [[r.Shadow.PreShadowResolutionFactor:1.0]]
[2022.12.28-15.23.05:127][  0]LogConfig: Setting CVar [[r.DistanceFieldShadowing:1]]
[2022.12.28-15.23.05:127][  0]LogConfig: Setting CVar [[r.DistanceFieldAO:1]]
[2022.12.28-15.23.05:127][  0]LogConfig: Setting CVar [[r.AOQuality:2]]
[2022.12.28-15.23.05:127][  0]LogConfig: Setting CVar [[r.VolumetricFog:1]]
[2022.12.28-15.23.05:127][  0]LogConfig: Setting CVar [[r.VolumetricFog.GridPixelSize:8]]
[2022.12.28-15.23.05:127][  0]LogConfig: Setting CVar [[r.VolumetricFog.GridSizeZ:128]]
[2022.12.28-15.23.05:127][  0]LogConfig: Setting CVar [[r.VolumetricFog.HistoryMissSupersampleCount:4]]
[2022.12.28-15.23.05:128][  0]LogConfig: Setting CVar [[r.LightMaxDrawDistanceScale:1]]
[2022.12.28-15.23.05:128][  0]LogConfig: Setting CVar [[r.CapsuleShadows:1]]
[2022.12.28-15.23.05:129][  0]LogConfig: Applying CVar settings from Section [PostProcessQuality@3] File [D:/UnrealProjects/MentoramaArkanoid/Saved/Config/Windows/Scalability.ini]
[2022.12.28-15.23.05:129][  0]LogConfig: Setting CVar [[r.MotionBlurQuality:4]]
[2022.12.28-15.23.05:129][  0]LogConfig: Setting CVar [[r.AmbientOcclusionMipLevelFactor:0.4]]
[2022.12.28-15.23.05:129][  0]LogConfig: Setting CVar [[r.AmbientOcclusionMaxQuality:100]]
[2022.12.28-15.23.05:129][  0]LogConfig: Setting CVar [[r.AmbientOcclusionLevels:-1]]
[2022.12.28-15.23.05:129][  0]LogConfig: Setting CVar [[r.AmbientOcclusionRadiusScale:1.0]]
[2022.12.28-15.23.05:129][  0]LogConfig: Setting CVar [[r.DepthOfFieldQuality:2]]
[2022.12.28-15.23.05:129][  0]LogConfig: Setting CVar [[r.RenderTargetPoolMin:400]]
[2022.12.28-15.23.05:130][  0]LogConfig: Setting CVar [[r.LensFlareQuality:2]]
[2022.12.28-15.23.05:130][  0]LogConfig: Setting CVar [[r.SceneColorFringeQuality:1]]
[2022.12.28-15.23.05:130][  0]LogConfig: Setting CVar [[r.EyeAdaptationQuality:2]]
[2022.12.28-15.23.05:130][  0]LogConfig: Setting CVar [[r.BloomQuality:5]]
[2022.12.28-15.23.05:130][  0]LogConfig: Setting CVar [[r.FastBlurThreshold:100]]
[2022.12.28-15.23.05:130][  0]LogConfig: Setting CVar [[r.Upscale.Quality:3]]
[2022.12.28-15.23.05:131][  0]LogConfig: Setting CVar [[r.Tonemapper.GrainQuantization:1]]
[2022.12.28-15.23.05:131][  0]LogConfig: Setting CVar [[r.LightShaftQuality:1]]
[2022.12.28-15.23.05:131][  0]LogConfig: Setting CVar [[r.Filter.SizeScale:1]]
[2022.12.28-15.23.05:131][  0]LogConfig: Setting CVar [[r.Tonemapper.Quality:5]]
[2022.12.28-15.23.05:131][  0]LogConfig: Setting CVar [[r.DOF.Gather.AccumulatorQuality:1        ; higher gathering accumulator quality]]
[2022.12.28-15.23.05:131][  0]LogConfig: Setting CVar [[r.DOF.Gather.PostfilterMethod:1          ; Median3x3 postfilering method]]
[2022.12.28-15.23.05:131][  0]LogConfig: Setting CVar [[r.DOF.Gather.EnableBokehSettings:0       ; no bokeh simulation when gathering]]
[2022.12.28-15.23.05:131][  0]LogConfig: Setting CVar [[r.DOF.Gather.RingCount:4                 ; medium number of samples when gathering]]
[2022.12.28-15.23.05:131][  0]LogConfig: Setting CVar [[r.DOF.Scatter.ForegroundCompositing:1    ; additive foreground scattering]]
[2022.12.28-15.23.05:132][  0]LogConfig: Setting CVar [[r.DOF.Scatter.BackgroundCompositing:2    ; additive background scattering]]
[2022.12.28-15.23.05:132][  0]LogConfig: Setting CVar [[r.DOF.Scatter.EnableBokehSettings:1      ; bokeh simulation when scattering]]
[2022.12.28-15.23.05:132][  0]LogConfig: Setting CVar [[r.DOF.Scatter.MaxSpriteRatio:0.1         ; only a maximum of 10% of scattered bokeh]]
[2022.12.28-15.23.05:132][  0]LogConfig: Setting CVar [[r.DOF.Recombine.Quality:1                ; cheap slight out of focus]]
[2022.12.28-15.23.05:132][  0]LogConfig: Setting CVar [[r.DOF.Recombine.EnableBokehSettings:0    ; no bokeh simulation on slight out of focus]]
[2022.12.28-15.23.05:132][  0]LogConfig: Setting CVar [[r.DOF.TemporalAAQuality:1                ; more stable temporal accumulation]]
[2022.12.28-15.23.05:132][  0]LogConfig: Setting CVar [[r.DOF.Kernel.MaxForegroundRadius:0.025]]
[2022.12.28-15.23.05:132][  0]LogConfig: Setting CVar [[r.DOF.Kernel.MaxBackgroundRadius:0.025]]
[2022.12.28-15.23.05:132][  0]LogConfig: Applying CVar settings from Section [TextureQuality@3] File [D:/UnrealProjects/MentoramaArkanoid/Saved/Config/Windows/Scalability.ini]
[2022.12.28-15.23.05:132][  0]LogConfig: Setting CVar [[r.Streaming.MipBias:0]]
[2022.12.28-15.23.05:132][  0]LogConfig: Setting CVar [[r.Streaming.AmortizeCPUToGPUCopy:0]]
[2022.12.28-15.23.05:132][  0]LogConfig: Setting CVar [[r.Streaming.MaxNumTexturesToStreamPerFrame:0]]
[2022.12.28-15.23.05:133][  0]LogConfig: Setting CVar [[r.Streaming.Boost:1]]
[2022.12.28-15.23.05:133][  0]LogConfig: Setting CVar [[r.MaxAnisotropy:8]]
[2022.12.28-15.23.05:133][  0]LogConfig: Setting CVar [[r.VT.MaxAnisotropy:8]]
[2022.12.28-15.23.05:133][  0]LogConfig: Setting CVar [[r.Streaming.LimitPoolSizeToVRAM:0]]
[2022.12.28-15.23.05:133][  0]LogConfig: Setting CVar [[r.Streaming.PoolSize:1000]]
[2022.12.28-15.23.05:133][  0]LogConfig: Setting CVar [[r.Streaming.MaxEffectiveScreenSize:0]]
[2022.12.28-15.23.05:133][  0]LogConfig: Applying CVar settings from Section [EffectsQuality@3] File [D:/UnrealProjects/MentoramaArkanoid/Saved/Config/Windows/Scalability.ini]
[2022.12.28-15.23.05:133][  0]LogConfig: Setting CVar [[r.TranslucencyLightingVolumeDim:64]]
[2022.12.28-15.23.05:133][  0]LogConfig: Setting CVar [[r.RefractionQuality:2]]
[2022.12.28-15.23.05:133][  0]LogConfig: Setting CVar [[r.SSR.Quality:3]]
[2022.12.28-15.23.05:133][  0]LogConfig: Setting CVar [[r.SSR.HalfResSceneColor:0]]
[2022.12.28-15.23.05:133][  0]LogConfig: Setting CVar [[r.SceneColorFormat:4]]
[2022.12.28-15.23.05:134][  0]LogConfig: Setting CVar [[r.DetailMode:2]]
[2022.12.28-15.23.05:134][  0]LogConfig: Setting CVar [[r.TranslucencyVolumeBlur:1]]
[2022.12.28-15.23.05:134][  0]LogConfig: Setting CVar [[r.MaterialQualityLevel:1 ; High quality]]
[2022.12.28-15.23.05:134][  0]LogConfig: Setting CVar [[r.AnisotropicMaterials:1]]
[2022.12.28-15.23.05:134][  0]LogConfig: Setting CVar [[r.SSS.Scale:1]]
[2022.12.28-15.23.05:134][  0]LogConfig: Setting CVar [[r.SSS.SampleSet:2]]
[2022.12.28-15.23.05:134][  0]LogConfig: Setting CVar [[r.SSS.Quality:1]]
[2022.12.28-15.23.05:134][  0]LogConfig: Setting CVar [[r.SSS.HalfRes:0]]
[2022.12.28-15.23.05:134][  0]LogConfig: Setting CVar [[r.SSGI.Quality:3]]
[2022.12.28-15.23.05:134][  0]LogConfig: Setting CVar [[r.EmitterSpawnRateScale:1.0]]
[2022.12.28-15.23.05:134][  0]LogConfig: Setting CVar [[r.ParticleLightQuality:2]]
[2022.12.28-15.23.05:134][  0]LogConfig: Setting CVar [[r.SkyAtmosphere.AerialPerspectiveLUT.FastApplyOnOpaque:1 ; Always have FastSkyLUT 1 in this case to avoid wrong sky]]
[2022.12.28-15.23.05:134][  0]LogConfig: Setting CVar [[r.SkyAtmosphere.AerialPerspectiveLUT.SampleCountMaxPerSlice:4]]
[2022.12.28-15.23.05:134][  0]LogConfig: Setting CVar [[r.SkyAtmosphere.AerialPerspectiveLUT.DepthResolution:16.0]]
[2022.12.28-15.23.05:134][  0]LogConfig: Setting CVar [[r.SkyAtmosphere.FastSkyLUT:1]]
[2022.12.28-15.23.05:135][  0]LogConfig: Setting CVar [[r.SkyAtmosphere.FastSkyLUT.SampleCountMin:4.0]]
[2022.12.28-15.23.05:135][  0]LogConfig: Setting CVar [[r.SkyAtmosphere.FastSkyLUT.SampleCountMax:128.0]]
[2022.12.28-15.23.05:135][  0]LogConfig: Setting CVar [[r.SkyAtmosphere.SampleCountMin:4.0]]
[2022.12.28-15.23.05:135][  0]LogConfig: Setting CVar [[r.SkyAtmosphere.SampleCountMax:128.0]]
[2022.12.28-15.23.05:135][  0]LogConfig: Setting CVar [[r.SkyAtmosphere.TransmittanceLUT.UseSmallFormat:0]]
[2022.12.28-15.23.05:135][  0]LogConfig: Setting CVar [[r.SkyAtmosphere.TransmittanceLUT.SampleCount:10.0]]
[2022.12.28-15.23.05:135][  0]LogConfig: Setting CVar [[r.SkyAtmosphere.MultiScatteringLUT.SampleCount:15.0]]
[2022.12.28-15.23.05:135][  0]LogConfig: Setting CVar [[r.SkyLight.RealTimeReflectionCapture:1]]
[2022.12.28-15.23.05:135][  0]LogConfig: Applying CVar settings from Section [FoliageQuality@3] File [D:/UnrealProjects/MentoramaArkanoid/Saved/Config/Windows/Scalability.ini]
[2022.12.28-15.23.05:135][  0]LogConfig: Setting CVar [[foliage.DensityScale:1.0]]
[2022.12.28-15.23.05:135][  0]LogConfig: Setting CVar [[grass.DensityScale:1.0]]
[2022.12.28-15.23.05:135][  0]LogConfig: Applying CVar settings from Section [ShadingQuality@3] File [D:/UnrealProjects/MentoramaArkanoid/Saved/Config/Windows/Scalability.ini]
[2022.12.28-15.23.05:135][  0]LogConfig: Setting CVar [[r.HairStrands.SkyLighting.IntegrationType:2]]
[2022.12.28-15.23.05:135][  0]LogConfig: Setting CVar [[r.HairStrands.SkyAO.SampleCount:4]]
[2022.12.28-15.23.05:135][  0]LogConfig: Setting CVar [[r.HairStrands.Visibility.MSAA.SamplePerPixel:4]]
[2022.12.28-15.23.05:136][  0]LogConfig: Applying CVar settings from Section [Startup] File [../../../Engine/Config/ConsoleVariables.ini]
[2022.12.28-15.23.05:136][  0]LogConfig: Setting CVar [[net.UseAdaptiveNetUpdateFrequency:0]]
[2022.12.28-15.23.05:136][  0]LogConfig: Setting CVar [[p.chaos.AllowCreatePhysxBodies:1]]
[2022.12.28-15.23.05:136][  0]LogConfig: Setting CVar [[fx.SkipVectorVMBackendOptimizations:1]]
[2022.12.28-15.23.05:136][  0]LogConfig: Applying CVar settings from Section [ConsoleVariables] File [D:/UnrealProjects/MentoramaArkanoid/Saved/Config/Windows/Engine.ini]
[2022.12.28-15.23.05:136][  0]LogConfig: Applying CVar settings from Section [ConsoleVariables] File [D:/UnrealProjects/MentoramaArkanoid/Saved/Config/Windows/Editor.ini]
[2022.12.28-15.23.05:136][  0]LogInit: Computer: DESKTOP-9UR4MJL
[2022.12.28-15.23.05:136][  0]LogInit: User: AryGuilherme
[2022.12.28-15.23.05:137][  0]LogInit: CPU Page size=4096, Cores=12
[2022.12.28-15.23.05:137][  0]LogInit: High frequency timer resolution =10.000000 MHz
[2022.12.28-15.23.05:137][  0]LogMemory: Memory total: Physical=15.9GB (16GB approx)
[2022.12.28-15.23.05:137][  0]LogMemory: Platform Memory Stats for Windows
[2022.12.28-15.23.05:137][  0]LogMemory: Process Physical Memory: 154.15 MB used, 154.15 MB peak
[2022.12.28-15.23.05:137][  0]LogMemory: Process Virtual Memory: 132.71 MB used, 132.71 MB peak
[2022.12.28-15.23.05:137][  0]LogMemory: Physical Memory: 11539.44 MB used,  4747.02 MB free, 16286.45 MB total
[2022.12.28-15.23.05:137][  0]LogMemory: Virtual Memory: 134211312.00 MB used,  6416.48 MB free, 134217728.00 MB total
[2022.12.28-15.23.05:149][  0]LogWindows: WindowsPlatformFeatures enabled
[2022.12.28-15.23.05:335][  0]LogInit: Physics initialised using underlying interface: PhysX
[2022.12.28-15.23.05:336][  0]LogInit: Overriding language with editor language configuration option (en).
[2022.12.28-15.23.05:336][  0]LogInit: Overriding language with editor locale configuration option (en).
[2022.12.28-15.23.05:612][  0]LogInit: Setting process to per monitor DPI aware
[2022.12.28-15.23.05:648][  0]LogWindowsTextInputMethodSystem: Display: IME system deactivated.
[2022.12.28-15.23.05:707][  0]LogSlate: New Slate User Created.  User Index 0, Is Virtual User: 0
[2022.12.28-15.23.05:708][  0]LogSlate: Slate User Registered.  User Index 0, Is Virtual User: 0
[2022.12.28-15.23.05:956][  0]LogD3D11RHI: Loaded GFSDK_Aftermath_Lib.x64.dll
[2022.12.28-15.23.05:963][  0]LogHMD: Failed to initialize OpenVR with code 110
[2022.12.28-15.23.05:963][  0]LogD3D11RHI: D3D11 min allowed feature level: 11_0
[2022.12.28-15.23.05:963][  0]LogD3D11RHI: D3D11 max allowed feature level: 11_0
[2022.12.28-15.23.05:963][  0]LogD3D11RHI: D3D11 adapters:
[2022.12.28-15.23.06:083][  0]LogD3D11RHI:    0. 'Radeon RX 570 Series' (Feature Level 11_0)
[2022.12.28-15.23.06:083][  0]LogD3D11RHI:       4074/0/8143 MB DedicatedVideo/DedicatedSystem/SharedSystem, Outputs:2, VendorId:0x1002
[2022.12.28-15.23.06:092][  0]LogD3D11RHI:    1. 'Microsoft Basic Render Driver' (Feature Level 11_0)
[2022.12.28-15.23.06:092][  0]LogD3D11RHI:       0/0/8143 MB DedicatedVideo/DedicatedSystem/SharedSystem, Outputs:0, VendorId:0x1414
[2022.12.28-15.23.06:092][  0]LogD3D11RHI: Chosen D3D11 Adapter:
[2022.12.28-15.23.06:092][  0]LogD3D11RHI:     Description : Radeon RX 570 Series
[2022.12.28-15.23.06:092][  0]LogD3D11RHI:     VendorId    : 1002
[2022.12.28-15.23.06:092][  0]LogD3D11RHI:     DeviceId    : 67df
[2022.12.28-15.23.06:092][  0]LogD3D11RHI:     SubSysId    : c5701682
[2022.12.28-15.23.06:093][  0]LogD3D11RHI:     Revision    : 00ef
[2022.12.28-15.23.06:093][  0]LogD3D11RHI:     DedicatedVideoMemory : 4272934912 bytes
[2022.12.28-15.23.06:093][  0]LogD3D11RHI:     DedicatedSystemMemory : 0 bytes
[2022.12.28-15.23.06:093][  0]LogD3D11RHI:     SharedSystemMemory : 8538791936 bytes
[2022.12.28-15.23.06:093][  0]LogD3D11RHI:     AdapterLuid : 0 111132
[2022.12.28-15.23.06:104][  0]LogD3D11RHI: Creating new Direct3DDevice
[2022.12.28-15.23.06:104][  0]LogD3D11RHI:     GPU DeviceId: 0x67df (for the marketing name, search the web for "GPU Device Id")
[2022.12.28-15.23.06:104][  0]LogWindows: EnumDisplayDevices:
[2022.12.28-15.23.06:105][  0]LogWindows:    0. 'Radeon RX 570 Series' (P:1 D:1)
[2022.12.28-15.23.06:105][  0]LogWindows:    1. 'Radeon RX 570 Series' (P:0 D:1)
[2022.12.28-15.23.06:106][  0]LogWindows:    2. 'Radeon RX 570 Series' (P:0 D:0)
[2022.12.28-15.23.06:106][  0]LogWindows:    3. 'Radeon RX 570 Series' (P:0 D:0)
[2022.12.28-15.23.06:107][  0]LogWindows:    4. 'Radeon RX 570 Series' (P:0 D:0)
[2022.12.28-15.23.06:108][  0]LogWindows:    5. 'Radeon RX 570 Series' (P:0 D:0)
[2022.12.28-15.23.06:108][  0]LogWindows:    6. 'Radeon RX 570 Series' (P:0 D:0)
[2022.12.28-15.23.06:109][  0]LogWindows: DebugString: FoundDriverCount:7 
[2022.12.28-15.23.06:109][  0]LogD3D11RHI:     Adapter Name: Radeon RX 570 Series
[2022.12.28-15.23.06:109][  0]LogD3D11RHI:   Driver Version: AMD Software: Adrenalin Edition 22.20.27.07 (internal:31.0.12027.7000, unified:31.0.12027.7000)
[2022.12.28-15.23.06:109][  0]LogD3D11RHI:      Driver Date: 10-20-2022
[2022.12.28-15.23.06:109][  0]LogRHI: Texture pool is 2424 MB (70% of 3463 MB)
[2022.12.28-15.23.06:186][  0]LogD3D11RHI: Creating D3DDevice with AMD AGS, using adapter:
[2022.12.28-15.23.06:186][  0]LogD3D11RHI:     Description : Radeon RX 570 Series
[2022.12.28-15.23.06:186][  0]LogD3D11RHI:     VendorId    : 1002
[2022.12.28-15.23.06:186][  0]LogD3D11RHI:     DeviceId    : 67df
[2022.12.28-15.23.06:186][  0]LogD3D11RHI:     SubSysId    : c5701682
[2022.12.28-15.23.06:186][  0]LogD3D11RHI:     Revision    : 00ef
[2022.12.28-15.23.06:186][  0]LogD3D11RHI:     DedicatedVideoMemory : 4272934912 bytes
[2022.12.28-15.23.06:186][  0]LogD3D11RHI:     DedicatedSystemMemory : 0 bytes
[2022.12.28-15.23.06:187][  0]LogD3D11RHI:     SharedSystemMemory : 8538791936 bytes
[2022.12.28-15.23.06:187][  0]LogD3D11RHI:     AdapterLuid : 0 111132
[2022.12.28-15.23.06:268][  0]LogD3D11RHI: Created device via AGS, feature level 11_0, supported extensions 1fffffbf.
[2022.12.28-15.23.06:268][  0]LogD3D11RHI: RHI has support for 64 bit atomics
[2022.12.28-15.23.06:269][  0]LogD3D11RHI: Async texture creation enabled
[2022.12.28-15.23.06:269][  0]LogD3D11RHI: Array index from any shader is supported
[2022.12.28-15.23.06:283][  0]LogD3D11RHI: GPU Timing Frequency: 25.000000 (Debug: 2 1)
[2022.12.28-15.23.06:773][  0]LogTargetPlatformManager: Display: Loaded TargetPlatform 'AllDesktop'
[2022.12.28-15.23.06:808][  0]LogTargetPlatformManager: Display: Loaded TargetPlatform 'Android'
[2022.12.28-15.23.06:808][  0]LogTargetPlatformManager: Display: Loaded TargetPlatform 'Android_ASTC'
[2022.12.28-15.23.06:808][  0]LogTargetPlatformManager: Display: Loaded TargetPlatform 'Android_DXT'
[2022.12.28-15.23.06:808][  0]LogTargetPlatformManager: Display: Loaded TargetPlatform 'Android_ETC2'
[2022.12.28-15.23.06:808][  0]LogTargetPlatformManager: Display: Loaded TargetPlatform 'AndroidClient'
[2022.12.28-15.23.06:808][  0]LogTargetPlatformManager: Display: Loaded TargetPlatform 'Android_ASTCClient'
[2022.12.28-15.23.06:808][  0]LogTargetPlatformManager: Display: Loaded TargetPlatform 'Android_DXTClient'
[2022.12.28-15.23.06:808][  0]LogTargetPlatformManager: Display: Loaded TargetPlatform 'Android_ETC2Client'
[2022.12.28-15.23.06:808][  0]LogTargetPlatformManager: Display: Loaded TargetPlatform 'Android_Multi'
[2022.12.28-15.23.06:809][  0]LogTargetPlatformManager: Display: Loaded TargetPlatform 'Android_MultiClient'
[2022.12.28-15.23.06:852][  0]LogTargetPlatformManager: Display: Loaded TargetPlatform 'IOSClient'
[2022.12.28-15.23.06:852][  0]LogTargetPlatformManager: Display: Loaded TargetPlatform 'IOS'
[2022.12.28-15.23.06:877][  0]LogTargetPlatformManager: Display: Loaded TargetPlatform 'Linux'
[2022.12.28-15.23.06:889][  0]LogTargetPlatformManager: Display: Loaded TargetPlatform 'LinuxNoEditor'
[2022.12.28-15.23.06:904][  0]LogTargetPlatformManager: Display: Loaded TargetPlatform 'LinuxClient'
[2022.12.28-15.23.06:917][  0]LogTargetPlatformManager: Display: Loaded TargetPlatform 'LinuxServer'
[2022.12.28-15.23.06:933][  0]LogTargetPlatformManager: Display: Loaded TargetPlatform 'LinuxAArch64NoEditor'
[2022.12.28-15.23.06:953][  0]LogTargetPlatformManager: Display: Loaded TargetPlatform 'LinuxAArch64Client'
[2022.12.28-15.23.06:967][  0]LogTargetPlatformManager: Display: Loaded TargetPlatform 'LinuxAArch64Server'
[2022.12.28-15.23.07:004][  0]LogTargetPlatformManager: Display: Loaded TargetPlatform 'Lumin'
[2022.12.28-15.23.07:004][  0]LogTargetPlatformManager: Display: Loaded TargetPlatform 'LuminClient'
[2022.12.28-15.23.07:025][  0]LogTargetPlatformManager: Display: Loaded TargetPlatform 'MacNoEditor'
[2022.12.28-15.23.07:040][  0]LogTargetPlatformManager: Display: Loaded TargetPlatform 'Mac'
[2022.12.28-15.23.07:062][  0]LogTargetPlatformManager: Display: Loaded TargetPlatform 'MacClient'
[2022.12.28-15.23.07:076][  0]LogTargetPlatformManager: Display: Loaded TargetPlatform 'MacServer'
[2022.12.28-15.23.07:093][  0]LogTargetPlatformManager: Display: Loaded TargetPlatform 'TVOSClient'
[2022.12.28-15.23.07:093][  0]LogTargetPlatformManager: Display: Loaded TargetPlatform 'TVOS'
[2022.12.28-15.23.07:119][  0]LogTargetPlatformManager: Display: Loaded TargetPlatform 'WindowsNoEditor'
[2022.12.28-15.23.07:145][  0]LogTargetPlatformManager: Display: Loaded TargetPlatform 'Windows'
[2022.12.28-15.23.07:171][  0]LogTargetPlatformManager: Display: Loaded TargetPlatform 'WindowsClient'
[2022.12.28-15.23.07:186][  0]LogTargetPlatformManager: Display: Loaded TargetPlatform 'WindowsServer'
[2022.12.28-15.23.07:186][  0]LogTargetPlatformManager: Display: Building Assets For Windows
[2022.12.28-15.23.07:222][  0]LogAudioDebug: Display: Lib vorbis DLL was dynamically loaded.
[2022.12.28-15.23.07:350][  0]LogTextureFormatOodle: Display: Oodle Texture 2.9.0 init RDO Off
[2022.12.28-15.23.07:515][  0]LogRendererCore: Ray tracing is disabled. Reason: r.RayTracing=0.
[2022.12.28-15.23.07:516][  0]LogShaderCompilers: Guid format shader working directory is 5 characters bigger than the processId version (../../../../../UnrealProjects/MentoramaArkanoid/Intermediate/Shaders/WorkingDirectory/22136/).
[2022.12.28-15.23.07:516][  0]LogShaderCompilers: Cleaned the shader compiler working directory 'C:/Users/AryGuilherme/AppData/Local/Temp/UnrealShaderWorkingDir/A44532024C394DD24549BFBBD04DCF2E/'.
[2022.12.28-15.23.07:516][  0]LogXGEController: Cannot use XGE Controller as Incredibuild is not installed on this machine.
[2022.12.28-15.23.07:516][  0]LogShaderCompilers: Cannot use XGE Shader Compiler as Incredibuild is not installed on this machine.
[2022.12.28-15.23.07:517][  0]LogShaderCompilers: Display: Using Local Shader Compiler.
[2022.12.28-15.23.08:577][  0]LogDerivedDataCache: Display: Max Cache Size: 512 MB
[2022.12.28-15.23.08:673][  0]LogDerivedDataCache: Loaded boot cache 0.10s 94MB C:/Users/AryGuilherme/AppData/Local/UnrealEngine/4.27/DerivedDataCache/Boot.ddc.
[2022.12.28-15.23.08:674][  0]LogDerivedDataCache: Display: Loaded Boot cache: C:/Users/AryGuilherme/AppData/Local/UnrealEngine/4.27/DerivedDataCache/Boot.ddc
[2022.12.28-15.23.08:674][  0]LogDerivedDataCache: FDerivedDataBackendGraph:  Pak pak cache file ../../../../../UnrealProjects/MentoramaArkanoid/DerivedDataCache/DDC.ddp not found, will not use a pak cache.
[2022.12.28-15.23.08:674][  0]LogDerivedDataCache: Unable to find inner node Pak for hierarchical cache Hierarchy.
[2022.12.28-15.23.08:674][  0]LogDerivedDataCache: FDerivedDataBackendGraph:  CompressedPak pak cache file ../../../../../UnrealProjects/MentoramaArkanoid/DerivedDataCache/Compressed.ddp not found, will not use a pak cache.
[2022.12.28-15.23.08:674][  0]LogDerivedDataCache: Unable to find inner node CompressedPak for hierarchical cache Hierarchy.
[2022.12.28-15.23.08:698][  0]LogDerivedDataCache: Display: Pak cache opened for reading ../../../Engine/DerivedDataCache/Compressed.ddp.
[2022.12.28-15.23.08:698][  0]LogDerivedDataCache: FDerivedDataBackendGraph:  EnterprisePak pak cache file ../../../Enterprise/DerivedDataCache/Compressed.ddp not found, will not use a pak cache.
[2022.12.28-15.23.08:698][  0]LogDerivedDataCache: Unable to find inner node EnterprisePak for hierarchical cache Hierarchy.
[2022.12.28-15.23.08:733][  0]LogDerivedDataCache: Speed tests for C:/Users/AryGuilherme/AppData/Local/UnrealEngine/Common/DerivedDataCache took 0.03 seconds
[2022.12.28-15.23.08:733][  0]LogDerivedDataCache: Display: Performance to C:/Users/AryGuilherme/AppData/Local/UnrealEngine/Common/DerivedDataCache: Latency=0.05ms. RandomReadSpeed=651.04MBs, RandomWriteSpeed=28.26MBs. Assigned SpeedClass 'Local'
[2022.12.28-15.23.08:735][  0]LogDerivedDataCache: Using Local data cache path C:/Users/AryGuilherme/AppData/Local/UnrealEngine/Common/DerivedDataCache: Writable
[2022.12.28-15.23.08:735][  0]LogDerivedDataCache: Shared data cache path not found in *engine.ini, will not use an Shared cache.
[2022.12.28-15.23.08:735][  0]LogDerivedDataCache: Unable to find inner node Shared for hierarchical cache Hierarchy.
[2022.12.28-15.23.08:796][  0]LogSlate: Using FreeType 2.10.0
[2022.12.28-15.23.08:797][  0]LogSlate: SlateFontServices - WITH_FREETYPE: 1, WITH_HARFBUZZ: 1
[2022.12.28-15.23.08:853][  0]LogAssetRegistry: FAssetRegistry took 0.0078 seconds to start up
[2022.12.28-15.23.09:166][  0]LogInit: Selected Device Profile: [Windows]
[2022.12.28-15.23.09:167][  0]LogInit: Active device profile: [000001D8D0D90B00][000001D8CF3DB040 49] Windows
[2022.12.28-15.23.09:167][  0]LogInit: Profiles: [000001D8D0D90B00][000001D8CF3DB040 49] Windows, [000001D8D0D5E100][000001D8CF3E31C0 49] WindowsNoEditor, [000001D8D0D91900][000001D8CF3EB340 49] WindowsServer, [000001D8D0D5EE00][000001D8CF3EF4C0 49] WindowsClient, [000001D8D0D93C00][000001D8CFBFB640 49] IOS, [000001D8D0D5CF00][000001D8CFBFF7C0 49] iPadAir, [000001D8D0D93E00][000001D8CFC03940 49] iPadAir2, [000001D8D0D08C00][000001D8CFC0BC00 49] IPadPro, [000001D8D0D08D00][000001D8CFC060C0 49] iPadAir3, [000001D8D0D5FB00][000001D8CFC0E240 49] iPadAir4, [000001D8D0D0B600][000001D8CFC123C0 49] iPadMini2, [000001D8D0D5F200][000001D8CFC16540 49] iPadMini3, [000001D8D0D0B800][000001D8CF3DE680 49] iPadMini4, [000001D8D0D5F800][000001D8CFC1A7C0 49] iPadMini5, [000001D8D0D50600][000001D8CF120A40 49] iPhone6, [000001D8D0D50700][000001D8CF11CA80 49] iPodTouch6, [000001D8D0D92900][000001D8CF1E8D40 49] iPhone7, [000001D8D0D92800][000001D8CF1E4D80 49] iPodTouch7, [000001D8D0D50100][000001D8CF1ECF00 49] iPhone5S, [000001D8D0D08700][000001D8CCDED080 49] iPhone6Plus, [000001D8D0D52500][000001D8CCDF1200 49] iPhone6S, [000001D8D0D09300][000001D8CCE35380 49] iPhone6SPlus, [000001D8D0D53B00][000001D8CF3F3500 49] iPhone7Plus, [000001D8D0D0B500][000001D8CCDF5680 49] iPhoneSE, [000001D8D0D92600][000001D8CCDF9800 49] iPhone8, [000001D8D0D08600][000001D8CCDFD980 49] iPhone8Plus, [000001D8D0D92200][000001D8CCE01B00 49] iPhoneX, [000001D8D0D0B300][000001D8CCE04100 49] iPhoneXS, [000001D8D0D93400][000001D8CCE08280 49] iPhoneXSMax, [000001D8D0D0AD00][000001D8CCE0C400 49] iPhoneXR, [000001D8D0D90200][000001D8CCE10580 49] iPhone11, [000001D8D0D09E00][000001D8CCE14700 49] iPhone11Pro, [000001D8D0D92A00][000001D8CF3E6840 49] iPhone11ProMax, [000001D8D0D0B700][000001D8CCE18980 49] iPhoneSE2, [000001D8D0D90D00][000001D8CCE1CAC0 49] iPhone12Mini, [000001D8D0D09F00][000001D8CCE24C40 49] iPhone12, [000001D8D0D90700][000001D8CF01CDC0 49] iPhone12Pro, [000001D8D0D09400][000001D8CF020F40 49] iPhone12ProMax, [000001D8D0D90C00][000001D8CF0250C0 49] iPadPro105, [000001D8D0D09700][000001D8CF029240 49] iPadPro129, [000001D8D0D90100][000001D8CF02D3C0 49] iPadPro97, [000001D8D0D0BC00][000001D8CF031540 49] iPadPro2_129, [000001D8D0D90800][000001D8CF0356C0 49] iPad5, [000001D8D0D0B100][000001D8CF039840 49] iPad6, [000001D8D0D90500][000001D8CF03D9C0 49] iPad7, [000001D8D0D0A800][000001D8CF041B40 49] iPad8, [000001D8D0D91500][000001D8CF044140 49] iPadPro11, [000001D8D0D09500][000001D8CF0482C0 49] iPadPro2_11, [000001D8D0D90F00][000001D8CF04C440 49] iPadPro3_129, [000001D8D0D0AC00][000001D8CF0505C0 49] iPadPro4_129, [000001D8D0D92500][000001D8CF054740 49] AppleTV, [000001D8D0D09100][000001D8CF0588C0 49] AppleTV4K, [000001D8D0D90400][000001D8CCE20A00 49] TVOS, [000001D8D0D0A600][000001D8CF05CB40 49] Mac, [000001D8D0D93D00][000001D8CF060C80 49] MacClient, [000001D8D0D09800][000001D8CF064DC0 49] MacNoEditor, [000001D8D0D93100][000001D8CF06CF40 49] MacServer, [000001D8D0D0B900][000001D8CF0710C0 49] Linux, [000001D8D0D90900][000001D8CF075240 49] LinuxAArch64, [000001D8D0D0BF00][000001D8CF0793C0 49] LinuxNoEditor, [000001D8D0D91B00][000001D8CF07D540 49] LinuxAArch64NoEditor, [000001D8D0D0B400][000001D8CF0816C0 49] LinuxClient, [000001D8D0D91C00][000001D8CF085840 49] LinuxAArch64Client, [000001D8D0D09D00][000001D8CF2DD9C0 49] LinuxServer, [000001D8D0D92F00][000001D8CF2E1B40 49] LinuxAArch64Server, [000001D8D0D08500][000001D8CF2E4140 49] Android, [000001D8D0D91E00][000001D8CF2E82C0 49] Android_Low, [000001D8D0D0B000][000001D8CF2EC440 49] Android_Mid, [000001D8D0D92400][000001D8CF2F05C0 49] Android_High, [000001D8D0D08800][000001D8CF2F4740 49] Android_Default, [000001D8D0D93200][000001D8CF2F88C0 49] Android_Adreno4xx, [000001D8D0D5E400][000001D8CF2FCA40 49] Android_Adreno5xx_Low, [000001D8D0D51C00][000001D8CF068B80 49] Android_Adreno5xx, [000001D8D0D5FD00][000001D8CF300CC0 49] Android_Adreno6xx, [000001D8D0D52B00][000001D8CF304E00 49] Android_Adreno6xx_Vulkan, [000001D8D0D5FE00][000001D8CF308F40 49] Android_Mali_T6xx, [000001D8D0D50F00][000001D8CF3110C0 49] Android_Mali_T7xx, [000001D8D0D5D300][000001D8CF315240 49] Android_Mali_T8xx, [000001D8D0D51F00][000001D8CF3193C0 49] Android_Mali_G71, [000001D8D0D5DC00][000001D8CF31D540 49] Android_Mali_G72, [000001D8D0D52400][000001D8CF3216C0 49] Android_Mali_G72_Vulkan, [000001D8D0D5F600][000001D8CF325840 49] Android_Mali_G76, [000001D8D0D52100][000001D8CF3299C0 49] Android_Mali_G76_Vulkan, [000001D8D0D5DB00][000001D8CF32DB40 49] Android_Mali_G77, [000001D8D0D50A00][000001D8CF330140 49] Android_Mali_G77_Vulkan, [000001D8D0D5F400][000001D8CF3342C0 49] Android_Mali_G78, [000001D8D0D51300][000001D8CF338440 49] Android_Mali_G78_Vulkan, [000001D8D0D5E900][000001D8CF33C5C0 49] Android_Mali_G710, [000001D8D0D53D00][000001D8CF340740 49] Android_Mali_G710_Vulkan, [000001D8D0D5DE00][000001D8CF3448C0 49] Android_Vulkan_SM5, [000001D8D0D50900][000001D8CF348A40 49] Android_PowerVR_G6xxx, [000001D8D0D5DF00][000001D8CF34CBC0 49] Android_PowerVR_GT7xxx, [000001D8D0D52700][000001D8CF350D40 49] Android_PowerVR_GE8xxx, [000001D8D0D5E300][000001D8CF30CE80 49] Android_PowerVR_GM9xxx, [000001D8D0D53200][000001D8CF354FC0 49] Android_PowerVR_GM9xxx_Vulkan, [000001D8D0D5F000][000001D8CF359100 49] Android_TegraK1, [000001D8D0D51700][000001D8CF361280 49] Android_Unknown_Vulkan, [000001D8D0D5F700][000001D8CF365400 49] Lumin, [000001D8D0D50200][000001D8CF369580 49] Lumin_Desktop, [000001D8D0D5E200][000001D8CF36D700 49] HoloLens, 
[2022.12.28-15.23.09:444][  0]LogMeshReduction: Using QuadricMeshReduction for automatic static mesh reduction
[2022.12.28-15.23.09:444][  0]LogMeshReduction: Using SimplygonMeshReduction for automatic skeletal mesh reduction
[2022.12.28-15.23.09:444][  0]LogMeshReduction: Using ProxyLODMeshReduction for automatic mesh merging
[2022.12.28-15.23.09:445][  0]LogMeshReduction: No distributed automatic mesh merging module available
[2022.12.28-15.23.09:445][  0]LogMeshMerging: No distributed automatic mesh merging module available
[2022.12.28-15.23.09:500][  0]LogNetVersion: MentoramaArkanoid 1.0.0, NetCL: 17155196, EngineNetVer: 17, GameNetVer: 0 (Checksum: 2628309860)
[2022.12.28-15.23.10:009][  0]LogTexture: Default maximum texture size for cubemaps generated from long-lat sources has been changed from 512 to unlimited. In order to preserve old behaiour for '/Engine/MapTemplates/Sky/DaylightAmbientCubemap.DaylightAmbientCubemap', its maximum texture size has been explicitly set to 512.
[2022.12.28-15.23.10:090][  0]LogHMD: PokeAHoleMaterial loaded successfully
[2022.12.28-15.23.10:097][  0]LogUObjectArray: 17179 objects as part of root set at end of initial load.
[2022.12.28-15.23.10:097][  0]LogUObjectAllocator: 4302256 out of 0 bytes used by permanent object pool.
[2022.12.28-15.23.10:097][  0]LogUObjectArray: CloseDisregardForGC: 0/0 objects in disregard for GC pool
[2022.12.28-15.23.11:128][  0]LogNiagaraDebuggerClient: Niagara Debugger Client Initialized | Session: 53018EA14B6BB438D10AD9AA705FF25B | Instance: D9D7EB5148DC21BE1F5918A8CBBBEFC0 (DESKTOP-9UR4MJL-22136).
[2022.12.28-15.23.11:528][  0]LogTcpMessaging: Initializing TcpMessaging bridge
[2022.12.28-15.23.11:542][  0]LogUdpMessaging: Initializing bridge on interface 0.0.0.0:0 to multicast group 230.0.0.1:6666.
[2022.12.28-15.23.11:768][  0]LogPython: Using Python 3.7.7
[2022.12.28-15.23.13:255][  0]SourceControl: Source control is disabled
[2022.12.28-15.23.13:255][  0]SourceControl: Source control is disabled
[2022.12.28-15.23.13:276][  0]SourceControl: Source control is disabled
[2022.12.28-15.23.13:317][  0]SourceControl: Source control is disabled
[2022.12.28-15.23.13:370][  0]SourceControl: Source control is disabled
[2022.12.28-15.23.13:441][  0]LogUProjectInfo: Found projects:
[2022.12.28-15.23.13:914][  0]LogAndroidPermission: UAndroidPermissionCallbackProxy::GetInstance
[2022.12.28-15.23.14:009][  0]LogAudioCaptureCore: Display: No Audio Capture implementations found. Audio input will be silent.
[2022.12.28-15.23.14:009][  0]LogAudioCaptureCore: Display: No Audio Capture implementations found. Audio input will be silent.
[2022.12.28-15.23.14:982][  0]LogOpenImageDenoise: OIDN starting up
[2022.12.28-15.23.15:054][  0]LogCollectionManager: Loaded 0 collections in 0.003846 seconds
[2022.12.28-15.23.15:092][  0]LogFileCache: Scanning file cache for directory 'D:/UnrealProjects/MentoramaArkanoid/Saved/Collections/' took 0.00s
[2022.12.28-15.23.15:092][  0]LogFileCache: Scanning file cache for directory 'D:/UnrealProjects/MentoramaArkanoid/Content/Developers/AryGuilherme/Collections/' took 0.00s
[2022.12.28-15.23.15:092][  0]LogFileCache: Scanning file cache for directory 'D:/UnrealProjects/MentoramaArkanoid/Content/Collections/' took 0.00s
[2022.12.28-15.23.15:158][  0]LogOcInput: OculusInput pre-init called
[2022.12.28-15.23.15:567][  0]LogEngine: Initializing Engine...
[2022.12.28-15.23.15:574][  0]LogHMD: Failed to enumerate extensions. Please check that you have a valid OpenXR runtime installed.
[2022.12.28-15.23.15:575][  0]LogHMD: Failed to initialize OpenVR with code 110
[2022.12.28-15.23.15:576][  0]LogMagicLeap: Warning: VR disabled because ZI is not enabled.  To enable, in the editor, Edit -> Project Settings -> Plugins -> Magic Leap Plugin -> Enable Zero Iteration
[2022.12.28-15.23.15:577][  0]LogStats: UGameplayTagsManager::InitializeManager -  0.000 s
[2022.12.28-15.23.15:776][  0]LogInit: Initializing FReadOnlyCVARCache
[2022.12.28-15.23.15:807][  0]LogAIModule: Creating AISystem for world Untitled
[2022.12.28-15.23.15:817][  0]LogAudio: Display: Initializing Audio Device Manager...
[2022.12.28-15.23.15:834][  0]LogAudio: Display: Loading Default Audio Settings Objects...
[2022.12.28-15.23.15:835][  0]LogAudio: Display: No default SoundConcurrencyObject specified (or failed to load).
[2022.12.28-15.23.15:836][  0]LogAudio: Display: Audio Device Manager Initialized
[2022.12.28-15.23.15:836][  0]LogAudio: Display: Creating Audio Device:                 Id: 1, Scope: Shared, Realtime: True
[2022.12.28-15.23.15:836][  0]LogAudioMixer: Display: Audio Mixer Platform Settings:
[2022.12.28-15.23.15:836][  0]LogAudioMixer: Display: 	Sample Rate:						  48000
[2022.12.28-15.23.15:836][  0]LogAudioMixer: Display: 	Callback Buffer Frame Size Requested: 1024
[2022.12.28-15.23.15:837][  0]LogAudioMixer: Display: 	Callback Buffer Frame Size To Use:	  1024
[2022.12.28-15.23.15:837][  0]LogAudioMixer: Display: 	Number of buffers to queue:			  2
[2022.12.28-15.23.15:837][  0]LogAudioMixer: Display: 	Max Channels (voices):				  32
[2022.12.28-15.23.15:837][  0]LogAudioMixer: Display: 	Number of Async Source Workers:		  0
[2022.12.28-15.23.15:837][  0]LogAudio: Display: AudioDevice MaxSources: 32
[2022.12.28-15.23.15:839][  0]LogAudio: Display: Audio Spatialization Plugin: None (built-in).
[2022.12.28-15.23.15:839][  0]LogAudio: Display: Audio Reverb Plugin: None (built-in).
[2022.12.28-15.23.15:840][  0]LogAudio: Display: Audio Occlusion Plugin: None (built-in).
[2022.12.28-15.23.15:840][  0]LogAudioMixer: Display: Initializing audio mixer.
[2022.12.28-15.23.15:872][  0]LogAudioMixer: Display: 0: FrontLeft
[2022.12.28-15.23.15:872][  0]LogAudioMixer: Display: 1: FrontRight
[2022.12.28-15.23.15:960][  0]LogAudioMixer: Display: Using Audio Device Alto-falantes (HyperX Cloud Stinger Core Wireless + 7.1)
[2022.12.28-15.23.15:966][  0]LogAudioMixer: Display: Initializing Sound Submixes...
[2022.12.28-15.23.15:970][  0]LogAudioMixer: Display: Creating Master Submix 'MasterSubmixDefault'
[2022.12.28-15.23.15:970][  0]LogAudioMixer: Display: Creating Master Submix 'MasterReverbSubmixDefault'
[2022.12.28-15.23.15:972][  0]LogAudioMixer: Display: Creating Master Submix 'MasterEQSubmixDefault'
[2022.12.28-15.23.15:972][  0]LogAudioMixer: FMixerPlatformXAudio2::StartAudioStream() called
[2022.12.28-15.23.15:972][  0]LogAudioMixer: Display: Output buffers initialized: Frames=1024, Channels=2, Samples=2048
[2022.12.28-15.23.15:975][  0]LogAudioMixer: Display: Starting AudioMixerPlatformInterface::RunInternal()
[2022.12.28-15.23.15:975][  0]LogAudioMixer: Display: FMixerPlatformXAudio2::SubmitBuffer() called for the first time
[2022.12.28-15.23.15:975][  0]LogInit: FAudioDevice initialized.
[2022.12.28-15.23.15:976][  0]LogAudio: Display: Audio Device (ID: 1) registered with world 'Untitled'.
[2022.12.28-15.23.15:976][  0]LogNetVersion: Set ProjectVersion to 1.0.0.0. Version Checksum will be recalculated on next use.
[2022.12.28-15.23.16:058][  0]LogDerivedDataCache: Saved boot cache 0.08s 94MB C:/Users/AryGuilherme/AppData/Local/UnrealEngine/4.27/DerivedDataCache/Boot.ddc.
[2022.12.28-15.23.16:063][  0]LogInit: Texture streaming: Enabled
[2022.12.28-15.23.16:133][  0]LogAnalytics: Display: [UEEditor.Rocket.Release] APIServer = https://datarouter.ol.epicgames.com/. AppVersion = 4.27.2-18319896+++UE4+Release-4.27
[2022.12.28-15.23.16:170][  0]LogEngineSessionManager: EngineSessionManager initialized
[2022.12.28-15.23.16:171][  0]LogEngineSessionManager: EngineSessionManager sent abnormal shutdown report. Type=Debugger, SessionId={F6BA7C22-49EC-8AB3-BF53-258046E99A8D}
[2022.12.28-15.23.16:172][  0]LogEditorSessionSummary: Verbose: Initializing EditorSessionSummaryWriter for editor session tracking
[2022.12.28-15.23.16:190][  0]LogEditorSessionSummary: EditorSessionSummaryWriter initialized
[2022.12.28-15.23.16:271][  0]LogInit: Transaction tracking system initialized
[2022.12.28-15.23.16:401][  0]BlueprintLog: New page: Editor Load
[2022.12.28-15.23.16:685][  0]LocalizationService: Localization service is disabled
[2022.12.28-15.23.16:797][  0]TimingProfiler: Initialize
[2022.12.28-15.23.16:797][  0]TimingProfiler: OnSessionChanged
[2022.12.28-15.23.16:797][  0]LoadingProfiler: Initialize
[2022.12.28-15.23.16:797][  0]LoadingProfiler: OnSessionChanged
[2022.12.28-15.23.16:797][  0]NetworkingProfiler: Initialize
[2022.12.28-15.23.16:798][  0]NetworkingProfiler: OnSessionChanged
[2022.12.28-15.23.16:798][  0]MemoryProfiler: Initialize
[2022.12.28-15.23.16:798][  0]MemoryProfiler: OnSessionChanged
[2022.12.28-15.23.17:160][  0]LogCook: Display: CookSettings for Memory: MemoryMaxUsedVirtual 0MiB, MemoryMaxUsedPhysical 16384MiB, MemoryMinFreeVirtual 0MiB, MemoryMinFreePhysical 1024MiB
[2022.12.28-15.23.17:160][  0]LogCook: Display: Mobile HDR setting 1
[2022.12.28-15.23.17:391][  0]LogFileCache: Scanning file cache for directory 'D:/UnrealProjects/MentoramaArkanoid/Content/' took 0.00s
[2022.12.28-15.23.18:113][  0]LogInit: Display: Engine is initialized. Leaving FEngineLoop::Init()
[2022.12.28-15.23.18:124][  0]SourceControl: Source control is disabled
[2022.12.28-15.23.18:124][  0]LogUnrealEdMisc: Loading editor; pre map load, took 15.200
[2022.12.28-15.23.18:124][  0]Cmd: MAP LOAD FILE="../../../../../UnrealProjects/MentoramaArkanoid/Content/Levels/Level_01/MapLevel_01.umap" TEMPLATE=0 SHOWPROGRESS=1 FEATURELEVEL=3
[2022.12.28-15.23.18:125][  0]LightingResults: New page: Lighting Build
[2022.12.28-15.23.18:129][  0]LogWorld: UWorld::CleanupWorld for Untitled, bSessionEnded=true, bCleanupResources=true
[2022.12.28-15.23.18:129][  0]LogSlate: InvalidateAllWidgets triggered.  All widgets were invalidated
[2022.12.28-15.23.18:129][  0]MapCheck: New page: Map Check
[2022.12.28-15.23.18:129][  0]LightingResults: New page: Lighting Build
[2022.12.28-15.23.18:148][  0]LogAudio: Display: Audio Device unregistered from world 'None'.
[2022.12.28-15.23.18:154][  0]LogUObjectHash: Compacting FUObjectHashTables data took   1.14ms
[2022.12.28-15.23.18:235][  0]LogAudio: Display: Audio Device (ID: 1) registered with world 'MapLevel_01'.
[2022.12.28-15.23.18:236][  0]LogAIModule: Creating AISystem for world MapLevel_01
[2022.12.28-15.23.18:242][  0]LogEditorServer: Finished looking for orphan Actors (0.000 secs)
[2022.12.28-15.23.18:280][  0]LogUObjectHash: Compacting FUObjectHashTables data took   2.08ms
[2022.12.28-15.23.18:281][  0]Cmd: MAP CHECKDEP NOCLEARLOG
[2022.12.28-15.23.18:281][  0]MapCheck: Map check complete: 0 Error(s), 0 Warning(s), took 0.142ms to complete.
[2022.12.28-15.23.18:281][  0]LogFileHelpers: Loading map 'MapLevel_01' took 0.157
[2022.12.28-15.23.18:285][  0]LogUnrealEdMisc: Total Editor Startup Time, took 15.360
[2022.12.28-15.23.18:484][  0]LogSlate: Updating window title bar state: overlay mode, drag disabled, window buttons hidden, title bar hidden
[2022.12.28-15.23.18:493][  0]LogSlate: Updating window title bar state: overlay mode, drag disabled, window buttons hidden, title bar hidden
[2022.12.28-15.23.18:501][  0]LogSlate: Updating window title bar state: overlay mode, drag disabled, window buttons hidden, title bar hidden
[2022.12.28-15.23.18:510][  0]LogSlate: Updating window title bar state: overlay mode, drag disabled, window buttons hidden, title bar hidden
[2022.12.28-15.23.18:539][  0]LogNativeClassHierarchy: Verbose: Native class hierarchy populated in 0.0140 seconds. Added 3830 classes and 930 folders.
[2022.12.28-15.23.18:545][  0]LogNativeClassHierarchy: Verbose: Native class hierarchy updated for 'WidgetCarousel' in 0.0003 seconds. Added 0 classes and 0 folders.
[2022.12.28-15.23.18:547][  0]LogPakFile: PakFile PrimaryIndexSize=187
[2022.12.28-15.23.18:547][  0]LogPakFile: PakFile PathHashIndexSize=101
[2022.12.28-15.23.18:547][  0]LogPakFile: PakFile FullDirectoryIndexSize=148
[2022.12.28-15.23.18:547][  0]LogShaderLibrary: Display: ShaderCodeLibraryPakFileMountedCallback: PakFile 'D:/EpicGames/UE_4.27/FeaturePacks/FP_FirstPerson.upack' (chunk index -1, root 'root:/') mounted
[2022.12.28-15.23.18:547][  0]LogShaderLibrary: Display: ShaderCodeLibraryPakFileMountedCallback: pending pak file info (ChunkID:-1 Root:root:/ File:D:/EpicGames/UE_4.27/FeaturePacks/FP_FirstPerson.upack)
[2022.12.28-15.23.18:547][  0]LogPakFile: OnPakFileMounted2Time == 0.000215
[2022.12.28-15.23.18:548][  0]LogPakFile: PakFile PrimaryIndexSize=189
[2022.12.28-15.23.18:548][  0]LogPakFile: PakFile PathHashIndexSize=101
[2022.12.28-15.23.18:548][  0]LogPakFile: PakFile FullDirectoryIndexSize=152
[2022.12.28-15.23.18:548][  0]LogShaderLibrary: Display: ShaderCodeLibraryPakFileMountedCallback: PakFile 'D:/EpicGames/UE_4.27/FeaturePacks/FP_FirstPersonBP.upack' (chunk index -1, root 'root:/') mounted
[2022.12.28-15.23.18:549][  0]LogShaderLibrary: Display: ShaderCodeLibraryPakFileMountedCallback: pending pak file info (ChunkID:-1 Root:root:/ File:D:/EpicGames/UE_4.27/FeaturePacks/FP_FirstPersonBP.upack)
[2022.12.28-15.23.18:549][  0]LogPakFile: OnPakFileMounted2Time == 0.000229
[2022.12.28-15.23.18:550][  0]LogPakFile: PakFile PrimaryIndexSize=191
[2022.12.28-15.23.18:550][  0]LogPakFile: PakFile PathHashIndexSize=101
[2022.12.28-15.23.18:550][  0]LogPakFile: PakFile FullDirectoryIndexSize=160
[2022.12.28-15.23.18:550][  0]LogShaderLibrary: Display: ShaderCodeLibraryPakFileMountedCallback: PakFile 'D:/EpicGames/UE_4.27/FeaturePacks/MobileStarterContent.upack' (chunk index -1, root 'root:/') mounted
[2022.12.28-15.23.18:550][  0]LogShaderLibrary: Display: ShaderCodeLibraryPakFileMountedCallback: pending pak file info (ChunkID:-1 Root:root:/ File:D:/EpicGames/UE_4.27/FeaturePacks/MobileStarterContent.upack)
[2022.12.28-15.23.18:550][  0]LogPakFile: OnPakFileMounted2Time == 0.000232
[2022.12.28-15.23.18:551][  0]LogPakFile: PakFile PrimaryIndexSize=185
[2022.12.28-15.23.18:551][  0]LogPakFile: PakFile PathHashIndexSize=101
[2022.12.28-15.23.18:551][  0]LogPakFile: PakFile FullDirectoryIndexSize=148
[2022.12.28-15.23.18:551][  0]LogShaderLibrary: Display: ShaderCodeLibraryPakFileMountedCallback: PakFile 'D:/EpicGames/UE_4.27/FeaturePacks/StarterContent.upack' (chunk index -1, root 'root:/') mounted
[2022.12.28-15.23.18:551][  0]LogShaderLibrary: Display: ShaderCodeLibraryPakFileMountedCallback: pending pak file info (ChunkID:-1 Root:root:/ File:D:/EpicGames/UE_4.27/FeaturePacks/StarterContent.upack)
[2022.12.28-15.23.18:551][  0]LogPakFile: OnPakFileMounted2Time == 0.000226
[2022.12.28-15.23.18:552][  0]LogPakFile: PakFile PrimaryIndexSize=190
[2022.12.28-15.23.18:552][  0]LogPakFile: PakFile PathHashIndexSize=101
[2022.12.28-15.23.18:552][  0]LogPakFile: PakFile FullDirectoryIndexSize=154
[2022.12.28-15.23.18:553][  0]LogShaderLibrary: Display: ShaderCodeLibraryPakFileMountedCallback: PakFile 'D:/EpicGames/UE_4.27/FeaturePacks/TP_2DSideScroller.upack' (chunk index -1, root 'root:/') mounted
[2022.12.28-15.23.18:553][  0]LogShaderLibrary: Display: ShaderCodeLibraryPakFileMountedCallback: pending pak file info (ChunkID:-1 Root:root:/ File:D:/EpicGames/UE_4.27/FeaturePacks/TP_2DSideScroller.upack)
[2022.12.28-15.23.18:553][  0]LogPakFile: OnPakFileMounted2Time == 0.000371
[2022.12.28-15.23.18:555][  0]LogPakFile: PakFile PrimaryIndexSize=192
[2022.12.28-15.23.18:555][  0]LogPakFile: PakFile PathHashIndexSize=101
[2022.12.28-15.23.18:555][  0]LogPakFile: PakFile FullDirectoryIndexSize=158
[2022.12.28-15.23.18:555][  0]LogShaderLibrary: Display: ShaderCodeLibraryPakFileMountedCallback: PakFile 'D:/EpicGames/UE_4.27/FeaturePacks/TP_2DSideScrollerBP.upack' (chunk index -1, root 'root:/') mounted
[2022.12.28-15.23.18:555][  0]LogShaderLibrary: Display: ShaderCodeLibraryPakFileMountedCallback: pending pak file info (ChunkID:-1 Root:root:/ File:D:/EpicGames/UE_4.27/FeaturePacks/TP_2DSideScrollerBP.upack)
[2022.12.28-15.23.18:555][  0]LogPakFile: OnPakFileMounted2Time == 0.000229
[2022.12.28-15.23.18:556][  0]LogPakFile: PakFile PrimaryIndexSize=182
[2022.12.28-15.23.18:556][  0]LogPakFile: PakFile PathHashIndexSize=101
[2022.12.28-15.23.18:556][  0]LogPakFile: PakFile FullDirectoryIndexSize=138
[2022.12.28-15.23.18:556][  0]LogShaderLibrary: Display: ShaderCodeLibraryPakFileMountedCallback: PakFile 'D:/EpicGames/UE_4.27/FeaturePacks/TP_Flying.upack' (chunk index -1, root 'root:/') mounted
[2022.12.28-15.23.18:556][  0]LogShaderLibrary: Display: ShaderCodeLibraryPakFileMountedCallback: pending pak file info (ChunkID:-1 Root:root:/ File:D:/EpicGames/UE_4.27/FeaturePacks/TP_Flying.upack)
[2022.12.28-15.23.18:557][  0]LogPakFile: OnPakFileMounted2Time == 0.000270
[2022.12.28-15.23.18:558][  0]LogPakFile: PakFile PrimaryIndexSize=184
[2022.12.28-15.23.18:558][  0]LogPakFile: PakFile PathHashIndexSize=101
[2022.12.28-15.23.18:558][  0]LogPakFile: PakFile FullDirectoryIndexSize=142
[2022.12.28-15.23.18:558][  0]LogShaderLibrary: Display: ShaderCodeLibraryPakFileMountedCallback: PakFile 'D:/EpicGames/UE_4.27/FeaturePacks/TP_FlyingBP.upack' (chunk index -1, root 'root:/') mounted
[2022.12.28-15.23.18:558][  0]LogShaderLibrary: Display: ShaderCodeLibraryPakFileMountedCallback: pending pak file info (ChunkID:-1 Root:root:/ File:D:/EpicGames/UE_4.27/FeaturePacks/TP_FlyingBP.upack)
[2022.12.28-15.23.18:558][  0]LogPakFile: OnPakFileMounted2Time == 0.000283
[2022.12.28-15.23.18:559][  0]LogPakFile: PakFile PrimaryIndexSize=188
[2022.12.28-15.23.18:559][  0]LogPakFile: PakFile PathHashIndexSize=101
[2022.12.28-15.23.18:559][  0]LogPakFile: PakFile FullDirectoryIndexSize=150
[2022.12.28-15.23.18:559][  0]LogShaderLibrary: Display: ShaderCodeLibraryPakFileMountedCallback: PakFile 'D:/EpicGames/UE_4.27/FeaturePacks/TP_HandheldARBP.upack' (chunk index -1, root 'root:/') mounted
[2022.12.28-15.23.18:560][  0]LogShaderLibrary: Display: ShaderCodeLibraryPakFileMountedCallback: pending pak file info (ChunkID:-1 Root:root:/ File:D:/EpicGames/UE_4.27/FeaturePacks/TP_HandheldARBP.upack)
[2022.12.28-15.23.18:560][  0]LogPakFile: OnPakFileMounted2Time == 0.000245
[2022.12.28-15.23.18:562][  0]LogPakFile: PakFile PrimaryIndexSize=182
[2022.12.28-15.23.18:562][  0]LogPakFile: PakFile PathHashIndexSize=101
[2022.12.28-15.23.18:562][  0]LogPakFile: PakFile FullDirectoryIndexSize=138
[2022.12.28-15.23.18:563][  0]LogShaderLibrary: Display: ShaderCodeLibraryPakFileMountedCallback: PakFile 'D:/EpicGames/UE_4.27/FeaturePacks/TP_Puzzle.upack' (chunk index -1, root 'root:/') mounted
[2022.12.28-15.23.18:563][  0]LogShaderLibrary: Display: ShaderCodeLibraryPakFileMountedCallback: pending pak file info (ChunkID:-1 Root:root:/ File:D:/EpicGames/UE_4.27/FeaturePacks/TP_Puzzle.upack)
[2022.12.28-15.23.18:563][  0]LogPakFile: OnPakFileMounted2Time == 0.000369
[2022.12.28-15.23.18:564][  0]LogPakFile: PakFile PrimaryIndexSize=184
[2022.12.28-15.23.18:565][  0]LogPakFile: PakFile PathHashIndexSize=101
[2022.12.28-15.23.18:565][  0]LogPakFile: PakFile FullDirectoryIndexSize=142
[2022.12.28-15.23.18:565][  0]LogShaderLibrary: Display: ShaderCodeLibraryPakFileMountedCallback: PakFile 'D:/EpicGames/UE_4.27/FeaturePacks/TP_PuzzleBP.upack' (chunk index -1, root 'root:/') mounted
[2022.12.28-15.23.18:565][  0]LogShaderLibrary: Display: ShaderCodeLibraryPakFileMountedCallback: pending pak file info (ChunkID:-1 Root:root:/ File:D:/EpicGames/UE_4.27/FeaturePacks/TP_PuzzleBP.upack)
[2022.12.28-15.23.18:565][  0]LogPakFile: OnPakFileMounted2Time == 0.000322
[2022.12.28-15.23.18:566][  0]LogPakFile: PakFile PrimaryIndexSize=183
[2022.12.28-15.23.18:566][  0]LogPakFile: PakFile PathHashIndexSize=101
[2022.12.28-15.23.18:567][  0]LogPakFile: PakFile FullDirectoryIndexSize=140
[2022.12.28-15.23.18:567][  0]LogShaderLibrary: Display: ShaderCodeLibraryPakFileMountedCallback: PakFile 'D:/EpicGames/UE_4.27/FeaturePacks/TP_Rolling.upack' (chunk index -1, root 'root:/') mounted
[2022.12.28-15.23.18:567][  0]LogShaderLibrary: Display: ShaderCodeLibraryPakFileMountedCallback: pending pak file info (ChunkID:-1 Root:root:/ File:D:/EpicGames/UE_4.27/FeaturePacks/TP_Rolling.upack)
[2022.12.28-15.23.18:567][  0]LogPakFile: OnPakFileMounted2Time == 0.000215
[2022.12.28-15.23.18:568][  0]LogPakFile: PakFile PrimaryIndexSize=185
[2022.12.28-15.23.18:569][  0]LogPakFile: PakFile PathHashIndexSize=101
[2022.12.28-15.23.18:569][  0]LogPakFile: PakFile FullDirectoryIndexSize=144
[2022.12.28-15.23.18:569][  0]LogShaderLibrary: Display: ShaderCodeLibraryPakFileMountedCallback: PakFile 'D:/EpicGames/UE_4.27/FeaturePacks/TP_RollingBP.upack' (chunk index -1, root 'root:/') mounted
[2022.12.28-15.23.18:569][  0]LogShaderLibrary: Display: ShaderCodeLibraryPakFileMountedCallback: pending pak file info (ChunkID:-1 Root:root:/ File:D:/EpicGames/UE_4.27/FeaturePacks/TP_RollingBP.upack)
[2022.12.28-15.23.18:569][  0]LogPakFile: OnPakFileMounted2Time == 0.000234
[2022.12.28-15.23.18:570][  0]LogPakFile: PakFile PrimaryIndexSize=188
[2022.12.28-15.23.18:570][  0]LogPakFile: PakFile PathHashIndexSize=101
[2022.12.28-15.23.18:570][  0]LogPakFile: PakFile FullDirectoryIndexSize=150
[2022.12.28-15.23.18:570][  0]LogShaderLibrary: Display: ShaderCodeLibraryPakFileMountedCallback: PakFile 'D:/EpicGames/UE_4.27/FeaturePacks/TP_SideScroller.upack' (chunk index -1, root 'root:/') mounted
[2022.12.28-15.23.18:571][  0]LogShaderLibrary: Display: ShaderCodeLibraryPakFileMountedCallback: pending pak file info (ChunkID:-1 Root:root:/ File:D:/EpicGames/UE_4.27/FeaturePacks/TP_SideScroller.upack)
[2022.12.28-15.23.18:571][  0]LogPakFile: OnPakFileMounted2Time == 0.000258
[2022.12.28-15.23.18:571][  0]LogPakFile: PakFile PrimaryIndexSize=190
[2022.12.28-15.23.18:572][  0]LogPakFile: PakFile PathHashIndexSize=101
[2022.12.28-15.23.18:572][  0]LogPakFile: PakFile FullDirectoryIndexSize=154
[2022.12.28-15.23.18:572][  0]LogShaderLibrary: Display: ShaderCodeLibraryPakFileMountedCallback: PakFile 'D:/EpicGames/UE_4.27/FeaturePacks/TP_SideScrollerBP.upack' (chunk index -1, root 'root:/') mounted
[2022.12.28-15.23.18:572][  0]LogShaderLibrary: Display: ShaderCodeLibraryPakFileMountedCallback: pending pak file info (ChunkID:-1 Root:root:/ File:D:/EpicGames/UE_4.27/FeaturePacks/TP_SideScrollerBP.upack)
[2022.12.28-15.23.18:572][  0]LogPakFile: OnPakFileMounted2Time == 0.000233
[2022.12.28-15.23.18:574][  0]LogPakFile: PakFile PrimaryIndexSize=187
[2022.12.28-15.23.18:574][  0]LogPakFile: PakFile PathHashIndexSize=101
[2022.12.28-15.23.18:574][  0]LogPakFile: PakFile FullDirectoryIndexSize=148
[2022.12.28-15.23.18:575][  0]LogShaderLibrary: Display: ShaderCodeLibraryPakFileMountedCallback: PakFile 'D:/EpicGames/UE_4.27/FeaturePacks/TP_ThirdPerson.upack' (chunk index -1, root 'root:/') mounted
[2022.12.28-15.23.18:575][  0]LogShaderLibrary: Display: ShaderCodeLibraryPakFileMountedCallback: pending pak file info (ChunkID:-1 Root:root:/ File:D:/EpicGames/UE_4.27/FeaturePacks/TP_ThirdPerson.upack)
[2022.12.28-15.23.18:575][  0]LogPakFile: OnPakFileMounted2Time == 0.000490
[2022.12.28-15.23.18:576][  0]LogPakFile: PakFile PrimaryIndexSize=189
[2022.12.28-15.23.18:576][  0]LogPakFile: PakFile PathHashIndexSize=101
[2022.12.28-15.23.18:576][  0]LogPakFile: PakFile FullDirectoryIndexSize=152
[2022.12.28-15.23.18:576][  0]LogShaderLibrary: Display: ShaderCodeLibraryPakFileMountedCallback: PakFile 'D:/EpicGames/UE_4.27/FeaturePacks/TP_ThirdPersonBP.upack' (chunk index -1, root 'root:/') mounted
[2022.12.28-15.23.18:577][  0]LogShaderLibrary: Display: ShaderCodeLibraryPakFileMountedCallback: pending pak file info (ChunkID:-1 Root:root:/ File:D:/EpicGames/UE_4.27/FeaturePacks/TP_ThirdPersonBP.upack)
[2022.12.28-15.23.18:577][  0]LogPakFile: OnPakFileMounted2Time == 0.000253
[2022.12.28-15.23.18:578][  0]LogPakFile: PakFile PrimaryIndexSize=183
[2022.12.28-15.23.18:578][  0]LogPakFile: PakFile PathHashIndexSize=101
[2022.12.28-15.23.18:578][  0]LogPakFile: PakFile FullDirectoryIndexSize=140
[2022.12.28-15.23.18:578][  0]LogShaderLibrary: Display: ShaderCodeLibraryPakFileMountedCallback: PakFile 'D:/EpicGames/UE_4.27/FeaturePacks/TP_TopDown.upack' (chunk index -1, root 'root:/') mounted
[2022.12.28-15.23.18:578][  0]LogShaderLibrary: Display: ShaderCodeLibraryPakFileMountedCallback: pending pak file info (ChunkID:-1 Root:root:/ File:D:/EpicGames/UE_4.27/FeaturePacks/TP_TopDown.upack)
[2022.12.28-15.23.18:578][  0]LogPakFile: OnPakFileMounted2Time == 0.000210
[2022.12.28-15.23.18:579][  0]LogPakFile: PakFile PrimaryIndexSize=185
[2022.12.28-15.23.18:579][  0]LogPakFile: PakFile PathHashIndexSize=101
[2022.12.28-15.23.18:579][  0]LogPakFile: PakFile FullDirectoryIndexSize=144
[2022.12.28-15.23.18:579][  0]LogShaderLibrary: Display: ShaderCodeLibraryPakFileMountedCallback: PakFile 'D:/EpicGames/UE_4.27/FeaturePacks/TP_TopDownBP.upack' (chunk index -1, root 'root:/') mounted
[2022.12.28-15.23.18:579][  0]LogShaderLibrary: Display: ShaderCodeLibraryPakFileMountedCallback: pending pak file info (ChunkID:-1 Root:root:/ File:D:/EpicGames/UE_4.27/FeaturePacks/TP_TopDownBP.upack)
[2022.12.28-15.23.18:579][  0]LogPakFile: OnPakFileMounted2Time == 0.000183
[2022.12.28-15.23.18:580][  0]LogPakFile: PakFile PrimaryIndexSize=185
[2022.12.28-15.23.18:580][  0]LogPakFile: PakFile PathHashIndexSize=101
[2022.12.28-15.23.18:581][  0]LogPakFile: PakFile FullDirectoryIndexSize=144
[2022.12.28-15.23.18:581][  0]LogShaderLibrary: Display: ShaderCodeLibraryPakFileMountedCallback: PakFile 'D:/EpicGames/UE_4.27/FeaturePacks/TP_TwinStick.upack' (chunk index -1, root 'root:/') mounted
[2022.12.28-15.23.18:581][  0]LogShaderLibrary: Display: ShaderCodeLibraryPakFileMountedCallback: pending pak file info (ChunkID:-1 Root:root:/ File:D:/EpicGames/UE_4.27/FeaturePacks/TP_TwinStick.upack)
[2022.12.28-15.23.18:581][  0]LogPakFile: OnPakFileMounted2Time == 0.000210
[2022.12.28-15.23.18:582][  0]LogPakFile: PakFile PrimaryIndexSize=187
[2022.12.28-15.23.18:582][  0]LogPakFile: PakFile PathHashIndexSize=101
[2022.12.28-15.23.18:582][  0]LogPakFile: PakFile FullDirectoryIndexSize=148
[2022.12.28-15.23.18:582][  0]LogShaderLibrary: Display: ShaderCodeLibraryPakFileMountedCallback: PakFile 'D:/EpicGames/UE_4.27/FeaturePacks/TP_TwinStickBP.upack' (chunk index -1, root 'root:/') mounted
[2022.12.28-15.23.18:582][  0]LogShaderLibrary: Display: ShaderCodeLibraryPakFileMountedCallback: pending pak file info (ChunkID:-1 Root:root:/ File:D:/EpicGames/UE_4.27/FeaturePacks/TP_TwinStickBP.upack)
[2022.12.28-15.23.18:582][  0]LogPakFile: OnPakFileMounted2Time == 0.000213
[2022.12.28-15.23.18:583][  0]LogPakFile: PakFile PrimaryIndexSize=183
[2022.12.28-15.23.18:583][  0]LogPakFile: PakFile PathHashIndexSize=101
[2022.12.28-15.23.18:583][  0]LogPakFile: PakFile FullDirectoryIndexSize=140
[2022.12.28-15.23.18:583][  0]LogShaderLibrary: Display: ShaderCodeLibraryPakFileMountedCallback: PakFile 'D:/EpicGames/UE_4.27/FeaturePacks/TP_Vehicle.upack' (chunk index -1, root 'root:/') mounted
[2022.12.28-15.23.18:583][  0]LogShaderLibrary: Display: ShaderCodeLibraryPakFileMountedCallback: pending pak file info (ChunkID:-1 Root:root:/ File:D:/EpicGames/UE_4.27/FeaturePacks/TP_Vehicle.upack)
[2022.12.28-15.23.18:584][  0]LogPakFile: OnPakFileMounted2Time == 0.000236
[2022.12.28-15.23.18:584][  0]LogPakFile: PakFile PrimaryIndexSize=186
[2022.12.28-15.23.18:584][  0]LogPakFile: PakFile PathHashIndexSize=101
[2022.12.28-15.23.18:585][  0]LogPakFile: PakFile FullDirectoryIndexSize=146
[2022.12.28-15.23.18:585][  0]LogShaderLibrary: Display: ShaderCodeLibraryPakFileMountedCallback: PakFile 'D:/EpicGames/UE_4.27/FeaturePacks/TP_VehicleAdv.upack' (chunk index -1, root 'root:/') mounted
[2022.12.28-15.23.18:585][  0]LogShaderLibrary: Display: ShaderCodeLibraryPakFileMountedCallback: pending pak file info (ChunkID:-1 Root:root:/ File:D:/EpicGames/UE_4.27/FeaturePacks/TP_VehicleAdv.upack)
[2022.12.28-15.23.18:585][  0]LogPakFile: OnPakFileMounted2Time == 0.000198
[2022.12.28-15.23.18:586][  0]LogPakFile: PakFile PrimaryIndexSize=188
[2022.12.28-15.23.18:586][  0]LogPakFile: PakFile PathHashIndexSize=101
[2022.12.28-15.23.18:586][  0]LogPakFile: PakFile FullDirectoryIndexSize=150
[2022.12.28-15.23.18:586][  0]LogShaderLibrary: Display: ShaderCodeLibraryPakFileMountedCallback: PakFile 'D:/EpicGames/UE_4.27/FeaturePacks/TP_VehicleAdvBP.upack' (chunk index -1, root 'root:/') mounted
[2022.12.28-15.23.18:586][  0]LogShaderLibrary: Display: ShaderCodeLibraryPakFileMountedCallback: pending pak file info (ChunkID:-1 Root:root:/ File:D:/EpicGames/UE_4.27/FeaturePacks/TP_VehicleAdvBP.upack)
[2022.12.28-15.23.18:586][  0]LogPakFile: OnPakFileMounted2Time == 0.000199
[2022.12.28-15.23.18:587][  0]LogPakFile: PakFile PrimaryIndexSize=185
[2022.12.28-15.23.18:587][  0]LogPakFile: PakFile PathHashIndexSize=101
[2022.12.28-15.23.18:587][  0]LogPakFile: PakFile FullDirectoryIndexSize=144
[2022.12.28-15.23.18:587][  0]LogShaderLibrary: Display: ShaderCodeLibraryPakFileMountedCallback: PakFile 'D:/EpicGames/UE_4.27/FeaturePacks/TP_VehicleBP.upack' (chunk index -1, root 'root:/') mounted
[2022.12.28-15.23.18:588][  0]LogShaderLibrary: Display: ShaderCodeLibraryPakFileMountedCallback: pending pak file info (ChunkID:-1 Root:root:/ File:D:/EpicGames/UE_4.27/FeaturePacks/TP_VehicleBP.upack)
[2022.12.28-15.23.18:588][  0]LogPakFile: OnPakFileMounted2Time == 0.000185
[2022.12.28-15.23.18:588][  0]LogPakFile: PakFile PrimaryIndexSize=192
[2022.12.28-15.23.18:589][  0]LogPakFile: PakFile PathHashIndexSize=101
[2022.12.28-15.23.18:589][  0]LogPakFile: PakFile FullDirectoryIndexSize=158
[2022.12.28-15.23.18:589][  0]LogShaderLibrary: Display: ShaderCodeLibraryPakFileMountedCallback: PakFile 'D:/EpicGames/UE_4.27/FeaturePacks/TP_VirtualRealityBP.upack' (chunk index -1, root 'root:/') mounted
[2022.12.28-15.23.18:589][  0]LogShaderLibrary: Display: ShaderCodeLibraryPakFileMountedCallback: pending pak file info (ChunkID:-1 Root:root:/ File:D:/EpicGames/UE_4.27/FeaturePacks/TP_VirtualRealityBP.upack)
[2022.12.28-15.23.18:589][  0]LogPakFile: OnPakFileMounted2Time == 0.000206
[2022.12.28-15.23.18:644][  0]LogNativeClassHierarchy: Verbose: Native class hierarchy updated for 'AddContentDialog' in 0.0006 seconds. Added 0 classes and 0 folders.
[2022.12.28-15.23.18:650][  0]LogNativeClassHierarchy: Verbose: Native class hierarchy updated for 'SceneOutliner' in 0.0003 seconds. Added 2 classes and 0 folders.
[2022.12.28-15.23.18:823][  0]LogSlate: Took 0.000241 seconds to synchronously load lazily loaded font '../../../Engine/Content/Slate/Fonts/Roboto-Regular.ttf' (155K)
[2022.12.28-15.23.18:825][  0]LogSlate: Took 0.000364 seconds to synchronously load lazily loaded font '../../../Engine/Content/Editor/Slate/Fonts/FontAwesome.ttf' (139K)
[2022.12.28-15.23.18:830][  0]LogSlate: Took 0.000268 seconds to synchronously load lazily loaded font '../../../Engine/Content/Slate/Fonts/Roboto-Bold.ttf' (160K)
[2022.12.28-15.23.19:005][  0]LogRenderer: Reallocating scene render targets to support 1060x520 Format 10 NumSamples 1 (Frame:1).
[2022.12.28-15.23.19:701][  0]LogSlate: Took 0.000292 seconds to synchronously load lazily loaded font '../../../Engine/Content/Slate/Fonts/Roboto-Light.ttf' (167K)
[2022.12.28-15.23.19:868][  0]LogNativeClassHierarchy: Verbose: Native class hierarchy updated for 'HierarchicalLODOutliner' in 0.0004 seconds. Added 0 classes and 0 folders.
[2022.12.28-15.23.19:868][  0]LogLoad: (Engine Initialization) Total time: 16.94 seconds
[2022.12.28-15.23.19:868][  0]LogLoad: (Engine Initialization) Total Blueprint compile time: 0.00 seconds
[2022.12.28-15.23.19:934][  0]LogAssetRegistry: Asset discovery search completed in 11.0874 seconds
[2022.12.28-15.23.19:942][  0]LogCollectionManager: Fixed up redirectors for 0 collections in 0.000003 seconds (updated 0 objects)
[2022.12.28-15.23.19:944][  0]LogContentStreaming: Texture pool size now 1000 MB
[2022.12.28-15.31.15:417][846]LogTemp: Repeating last play command: Selected Viewport
[2022.12.28-15.31.15:436][846]LogPlayLevel: PlayLevel: No blueprints needed recompiling
[2022.12.28-15.31.15:437][846]PIE: New page: PIE session: MapLevel_01 (Dec 28, 2022, 9:31:15 AM)
[2022.12.28-15.31.15:440][846]LogOnline: OSS: Creating online subsystem instance for: NULL
[2022.12.28-15.31.15:445][846]LogOnline: OSS: TryLoadSubsystemAndSetDefault: Loaded subsystem for module [NULL]
[2022.12.28-15.31.15:445][846]LogPlayLevel: Creating play world package: /Game/Levels/Level_01/UEDPIE_0_MapLevel_01
[2022.12.28-15.31.15:448][846]LogPlayLevel: PIE: StaticDuplicateObject took: (0.003045s)
[2022.12.28-15.31.15:450][846]LogAIModule: Creating AISystem for world MapLevel_01
[2022.12.28-15.31.15:450][846]LogPlayLevel: PIE: World Init took: (0.001804s)
[2022.12.28-15.31.15:450][846]LogPlayLevel: PIE: Created PIE world by copying editor world from /Game/Levels/Level_01/MapLevel_01.MapLevel_01 to /Game/Levels/Level_01/UEDPIE_0_MapLevel_01.MapLevel_01 (0.005300s)
[2022.12.28-15.31.15:471][846]LogUObjectHash: Compacting FUObjectHashTables data took   1.12ms
[2022.12.28-15.31.15:473][846]LogAudio: Display: Creating Audio Device:                 Id: 2, Scope: Unique, Realtime: True
[2022.12.28-15.31.15:473][846]LogAudioMixer: Display: Audio Mixer Platform Settings:
[2022.12.28-15.31.15:473][846]LogAudioMixer: Display: 	Sample Rate:						  48000
[2022.12.28-15.31.15:473][846]LogAudioMixer: Display: 	Callback Buffer Frame Size Requested: 1024
[2022.12.28-15.31.15:473][846]LogAudioMixer: Display: 	Callback Buffer Frame Size To Use:	  1024
[2022.12.28-15.31.15:474][846]LogAudioMixer: Display: 	Number of buffers to queue:			  2
[2022.12.28-15.31.15:474][846]LogAudioMixer: Display: 	Max Channels (voices):				  32
[2022.12.28-15.31.15:474][846]LogAudioMixer: Display: 	Number of Async Source Workers:		  0
[2022.12.28-15.31.15:474][846]LogAudio: Display: AudioDevice MaxSources: 32
[2022.12.28-15.31.15:475][846]LogAudio: Display: Audio Spatialization Plugin: None (built-in).
[2022.12.28-15.31.15:475][846]LogAudio: Display: Audio Reverb Plugin: None (built-in).
[2022.12.28-15.31.15:475][846]LogAudio: Display: Audio Occlusion Plugin: None (built-in).
[2022.12.28-15.31.15:475][846]LogAudioMixer: Display: Initializing audio mixer.
[2022.12.28-15.31.15:486][846]LogAudioMixer: Display: 0: FrontLeft
[2022.12.28-15.31.15:487][846]LogAudioMixer: Display: 1: FrontRight
