Log file open, 12/27/22 21:27:22
LogWindows: Failed to load 'aqProf.dll' (GetLastError=126)
LogWindows: File 'aqProf.dll' does not exist
LogWindows: Failed to load 'VtuneApi.dll' (GetLastError=126)
LogWindows: File 'VtuneApi.dll' does not exist
LogWindows: Failed to load 'VtuneApi32e.dll' (GetLastError=126)
LogWindows: File 'VtuneApi32e.dll' does not exist
LogConsoleResponse: Display: Failed to find resolution value strings in scalability ini. Falling back to default.
LogConsoleResponse: Display: Failed to find resolution value strings in scalability ini. Falling back to default.
LogInit: Display: Running engine for game: MentoramaArkanoid
LogPlatformFile: Not using cached read wrapper
LogTaskGraph: Started task graph with 5 named threads and 71 total threads with 3 sets of task threads.
LogStats: Stats thread started at 1.397983
LogICUInternationalization: ICU TimeZone Detection - Raw Offset: -3:00, Platform Override: ''
LogInit: Display: Loading text-based GConfig....
LogPluginManager: Mounting plugin MeshPainting
LogPluginManager: Mounting plugin XGEController
LogPluginManager: Mounting plugin Paper2D
LogPluginManager: Mounting plugin AISupport
LogPluginManager: Mounting plugin EnvironmentQueryEditor
LogPluginManager: Mounting plugin LiveLink
LogPluginManager: Mounting plugin CameraShakePreviewer
LogPluginManager: Mounting plugin GameplayCameras
LogPluginManager: Mounting plugin LightPropagationVolume
LogPluginManager: Mounting plugin OodleData
LogPluginManager: Mounting plugin OodleNetwork
LogPluginManager: Mounting plugin AssetManagerEditor
LogPluginManager: Mounting plugin CryptoKeys
LogPluginManager: Mounting plugin DataValidation
LogPluginManager: Mounting plugin FacialAnimation
LogPluginManager: Mounting plugin CurveEditorTools
LogPluginManager: Mounting plugin GeometryMode
LogPluginManager: Mounting plugin MacGraphicsSwitching
LogPluginManager: Mounting plugin MaterialAnalyzer
LogPluginManager: Mounting plugin GameplayTagsEditor
LogPluginManager: Mounting plugin PluginBrowser
LogPluginManager: Mounting plugin SpeedTreeImporter
LogPluginManager: Mounting plugin DatasmithContent
LogPluginManager: Mounting plugin VariantManagerContent
LogPluginManager: Mounting plugin BackChannel
LogPluginManager: Mounting plugin MobileLauncherProfileWizard
LogPluginManager: Mounting plugin AutomationUtils
LogPluginManager: Mounting plugin ChaosCloth
LogPluginManager: Mounting plugin ChaosNiagara
LogPluginManager: Mounting plugin ChaosEditor
LogPluginManager: Mounting plugin ChaosClothEditor
LogPluginManager: Mounting plugin ChaosSolverPlugin
LogPluginManager: Mounting plugin CharacterAI
LogPluginManager: Mounting plugin GeometryCache
LogPluginManager: Mounting plugin AnimationSharing
LogPluginManager: Mounting plugin CodeLiteSourceCodeAccess
LogPluginManager: Mounting plugin CLionSourceCodeAccess
LogPluginManager: Mounting plugin NullSourceCodeAccess
LogPluginManager: Mounting plugin GitSourceControl
LogPluginManager: Mounting plugin GeometryCollectionPlugin
LogPluginManager: Mounting plugin PerforceSourceControl
LogPluginManager: Mounting plugin PlasticSourceControl
LogPluginManager: Mounting plugin AlembicImporter
LogPluginManager: Mounting plugin PluginUtils
LogPluginManager: Mounting plugin KDevelopSourceCodeAccess
LogPluginManager: Mounting plugin RiderSourceCodeAccess
LogPluginManager: Mounting plugin PropertyAccessNode
LogPluginManager: Mounting plugin TextureFormatOodle
LogPluginManager: Mounting plugin PixWinPlugin
LogPluginManager: Mounting plugin Niagara
LogPluginManager: Mounting plugin UObjectPlugin
LogPluginManager: Mounting plugin GeometryProcessing
LogPluginManager: Mounting plugin VisualStudioSourceCodeAccess
LogPluginManager: Mounting plugin VisualStudioCodeSourceCodeAccess
LogPluginManager: Mounting plugin SubversionSourceControl
LogPluginManager: Mounting plugin MotoSynth
LogPluginManager: Mounting plugin OpenImageDenoise
LogPluginManager: Mounting plugin XCodeSourceCodeAccess
LogPluginManager: Mounting plugin PlanarCut
LogPluginManager: Mounting plugin PlatformCrypto
LogPluginManager: Mounting plugin ProxyLODPlugin
LogPluginManager: Mounting plugin PythonScriptPlugin
LogPluginManager: Mounting plugin SkeletalReduction
LogPluginManager: Mounting plugin LuminPlatformFeatures
LogPluginManager: Mounting plugin MagicLeap
LogPluginManager: Mounting plugin MagicLeapLightEstimation
LogPluginManager: Mounting plugin MagicLeapMedia
LogPluginManager: Mounting plugin MagicLeapPassableWorld
LogPluginManager: Mounting plugin MLSDK
LogPluginManager: Mounting plugin AndroidMedia
LogPluginManager: Mounting plugin AvfMedia
LogPluginManager: Mounting plugin MediaCompositing
LogPluginManager: Mounting plugin ImgMedia
LogPluginManager: Mounting plugin MediaPlayerEditor
LogPluginManager: Mounting plugin WebMMedia
LogPluginManager: Mounting plugin WmfMedia
LogPluginManager: Mounting plugin TcpMessaging
LogPluginManager: Mounting plugin UdpMessaging
LogPluginManager: Mounting plugin ActorSequence
LogPluginManager: Mounting plugin LevelSequenceEditor
LogPluginManager: Mounting plugin MatineeToLevelSequence
LogPluginManager: Mounting plugin OnlineSubsystem
LogPluginManager: Mounting plugin TemplateSequence
LogPluginManager: Mounting plugin OnlineSubsystemNull
LogPluginManager: Mounting plugin LauncherChunkInstaller
LogPluginManager: Mounting plugin OnlineSubsystemUtils
LogPluginManager: Mounting plugin ActorLayerUtilities
LogPluginManager: Mounting plugin AndroidDeviceProfileSelector
LogPluginManager: Mounting plugin AndroidMoviePlayer
LogPluginManager: Mounting plugin AndroidPermission
LogPluginManager: Mounting plugin AppleMoviePlayer
LogPluginManager: Mounting plugin AppleImageUtils
LogPluginManager: Mounting plugin AssetTags
LogPluginManager: Mounting plugin ArchVisCharacter
LogPluginManager: Mounting plugin ChunkDownloader
LogPluginManager: Mounting plugin AudioCapture
LogPluginManager: Mounting plugin CustomMeshComponent
LogPluginManager: Mounting plugin CableComponent
LogPluginManager: Mounting plugin ExampleDeviceProfileSelector
LogPluginManager: Mounting plugin EditableMesh
LogPluginManager: Mounting plugin GooglePAD
LogPluginManager: Mounting plugin ScreenshotTools
LogPluginManager: Mounting plugin GoogleCloudMessaging
LogPluginManager: Mounting plugin IOSDeviceProfileSelector
LogPluginManager: Mounting plugin LinuxDeviceProfileSelector
LogPluginManager: Mounting plugin LocationServicesBPLibrary
LogPluginManager: Mounting plugin MobilePatchingUtils
LogPluginManager: Mounting plugin OpenXRHandTracking
LogPluginManager: Mounting plugin PhysXVehicles
LogPluginManager: Mounting plugin OpenXREyeTracker
LogPluginManager: Mounting plugin PostSplashScreen
LogPluginManager: Mounting plugin Takes
LogPluginManager: Mounting plugin RuntimePhysXCooking
LogPluginManager: Mounting plugin PropertyAccessEditor
LogPluginManager: Mounting plugin ProceduralMeshComponent
LogPluginManager: Mounting plugin SignificanceManager
LogPluginManager: Mounting plugin SoundFields
LogPluginManager: Mounting plugin OpenXR
LogPluginManager: Mounting plugin Synthesis
LogPluginManager: Mounting plugin WebMMoviePlayer
LogPluginManager: Mounting plugin WindowsMoviePlayer
LogPluginManager: Mounting plugin AudioSynesthesia
LogPluginManager: Mounting plugin ContentBrowserAssetDataSource
LogPluginManager: Mounting plugin ContentBrowserFileDataSource
LogPluginManager: Mounting plugin ContentBrowserClassDataSource
LogPluginManager: Mounting plugin OnlineSubsystemIOS
LogPluginManager: Mounting plugin OnlineSubsystemGooglePlay
LogPluginManager: Mounting plugin OculusVR
LogPluginManager: Mounting plugin SteamVR
PixWinPlugin: PIX capture plugin failed to initialize! Check that the process is launched from PIX.
LogInit: Using libcurl 7.55.1-DEV
LogInit:  - built for x86_64-pc-win32
LogInit:  - supports SSL with OpenSSL/1.1.1
LogInit:  - supports HTTP deflate (compression) using libz 1.2.8
LogInit:  - other features:
LogInit:      CURL_VERSION_SSL
LogInit:      CURL_VERSION_LIBZ
LogInit:      CURL_VERSION_IPV6
LogInit:      CURL_VERSION_ASYNCHDNS
LogInit:      CURL_VERSION_LARGEFILE
LogInit:      CURL_VERSION_IDN
LogInit:  CurlRequestOptions (configurable via config and command line):
LogInit:  - bVerifyPeer = true  - Libcurl will verify peer certificate
LogInit:  - bUseHttpProxy = false  - Libcurl will NOT use HTTP proxy
LogInit:  - bDontReuseConnections = false  - Libcurl will reuse connections
LogInit:  - MaxHostConnections = 16  - Libcurl will limit the number of connections to a host
LogInit:  - LocalHostAddr = Default
LogInit:  - BufferSize = 65536
LogOnline: OSS: Creating online subsystem instance for: NULL
LogInit: WinSock: version 1.1 (2.2), MaxSocks=32767, MaxUdp=65467
LogOnline: OSS: TryLoadSubsystemAndSetDefault: Loaded subsystem for module [NULL]
LogOculusPluginWrapper: OculusPlugin initialized successfully
LogHMD: Failed initializing OVRPlugin 1.59.0
LogInit: Build: ++UE4+Release-4.27-CL-18319896
LogInit: Engine Version: 4.27.2-18319896+++UE4+Release-4.27
LogInit: Compatible Engine Version: 4.27.0-17155196+++UE4+Release-4.27
LogInit: Net CL: 17155196
LogInit: OS: Windows 10 (Release 2009) (), CPU: Intel(R) Xeon(R) CPU E5-2678 v3 @ 2.50GHz, GPU: Radeon RX 570 Series
LogInit: Compiled (64-bit): Nov 30 2021 07:12:08
LogInit: Compiled with Visual C++: 19.24.28315.00
LogInit: Build Configuration: Development
LogInit: Branch Name: ++UE4+Release-4.27
LogInit: Command Line:  -skipcompile
LogInit: Base Directory: D:/EpicGames/UE_4.27/Engine/Binaries/Win64/
LogInit: Allocator: TBB
LogInit: Installed Engine Build: 1
LogDevObjectVersion: Number of dev versions registered: 29
LogDevObjectVersion:   Dev-Blueprints (B0D832E4-1F89-4F0D-ACCF-7EB736FD4AA2): 10
LogDevObjectVersion:   Dev-Build (E1C64328-A22C-4D53-A36C-8E866417BD8C): 0
LogDevObjectVersion:   Dev-Core (375EC13C-06E4-48FB-B500-84F0262A717E): 4
LogDevObjectVersion:   Dev-Editor (E4B068ED-F494-42E9-A231-DA0B2E46BB41): 40
LogDevObjectVersion:   Dev-Framework (CFFC743F-43B0-4480-9391-14DF171D2073): 37
LogDevObjectVersion:   Dev-Mobile (B02B49B5-BB20-44E9-A304-32B752E40360): 3
LogDevObjectVersion:   Dev-Networking (A4E4105C-59A1-49B5-A7C5-40C4547EDFEE): 0
LogDevObjectVersion:   Dev-Online (39C831C9-5AE6-47DC-9A44-9C173E1C8E7C): 0
LogDevObjectVersion:   Dev-Physics (78F01B33-EBEA-4F98-B9B4-84EACCB95AA2): 14
LogDevObjectVersion:   Dev-Platform (6631380F-2D4D-43E0-8009-CF276956A95A): 0
LogDevObjectVersion:   Dev-Rendering (12F88B9F-8875-4AFC-A67C-D90C383ABD29): 45
LogDevObjectVersion:   Dev-Sequencer (7B5AE74C-D270-4C10-A958-57980B212A5A): 13
LogDevObjectVersion:   Dev-VR (D7296918-1DD6-4BDD-9DE2-64A83CC13884): 3
LogDevObjectVersion:   Dev-LoadTimes (C2A15278-BFE7-4AFE-6C17-90FF531DF755): 1
LogDevObjectVersion:   Private-Geometry (6EACA3D4-40EC-4CC1-B786-8BED09428FC5): 3
LogDevObjectVersion:   Dev-AnimPhys (29E575DD-E0A3-4627-9D10-D276232CDCEA): 17
LogDevObjectVersion:   Dev-Anim (AF43A65D-7FD3-4947-9873-3E8ED9C1BB05): 15
LogDevObjectVersion:   Dev-ReflectionCapture (6B266CEC-1EC7-4B8F-A30B-E4D90942FC07): 1
LogDevObjectVersion:   Dev-Automation (0DF73D61-A23F-47EA-B727-89E90C41499A): 1
LogDevObjectVersion:   FortniteMain (601D1886-AC64-4F84-AA16-D3DE0DEAC7D6): 47
LogDevObjectVersion:   FortniteRelease (E7086368-6B23-4C58-8439-1B7016265E91): 1
LogDevObjectVersion:   Dev-Enterprise (9DFFBCD6-494F-0158-E221-12823C92A888): 10
LogDevObjectVersion:   Dev-Niagara (F2AED0AC-9AFE-416F-8664-AA7FFA26D6FC): 1
LogDevObjectVersion:   Dev-Destruction (174F1F0B-B4C6-45A5-B13F-2EE8D0FB917D): 10
LogDevObjectVersion:   Dev-Physics-Ext (35F94A83-E258-406C-A318-09F59610247C): 41
LogDevObjectVersion:   Dev-PhysicsMaterial-Chaos (B68FC16E-8B1B-42E2-B453-215C058844FE): 1
LogDevObjectVersion:   Dev-CineCamera (B2E18506-4273-CFC2-A54E-F4BB758BBA07): 1
LogDevObjectVersion:   Dev-VirtualProduction (64F58936-FD1B-42BA-BA96-7289D5D0FA4E): 1
LogDevObjectVersion:   Dev-MediaFramework (6F0ED827-A609-4895-9C91-998D90180EA4): 2
LogInit: Presizing for max 25165824 objects, including 0 objects not considered by GC, pre-allocating 0 bytes for permanent pool.
LogConfig: Applying CVar settings from Section [/Script/Engine.StreamingSettings] File [D:/UnrealProjects/MentoramaArkanoid/Saved/Config/Windows/Engine.ini]
LogConfig: Setting CVar [[s.MinBulkDataSizeForAsyncLoading:131072]]
LogConfig: Setting CVar [[s.AsyncLoadingThreadEnabled:0]]
LogConfig: Setting CVar [[s.EventDrivenLoaderEnabled:1]]
LogConfig: Setting CVar [[s.WarnIfTimeLimitExceeded:0]]
LogConfig: Setting CVar [[s.TimeLimitExceededMultiplier:1.5]]
LogConfig: Setting CVar [[s.TimeLimitExceededMinTime:0.005]]
LogConfig: Setting CVar [[s.UseBackgroundLevelStreaming:1]]
LogConfig: Setting CVar [[s.PriorityAsyncLoadingExtraTime:15.0]]
LogConfig: Setting CVar [[s.LevelStreamingActorsUpdateTimeLimit:5.0]]
LogConfig: Setting CVar [[s.PriorityLevelStreamingActorsUpdateExtraTime:5.0]]
LogConfig: Setting CVar [[s.LevelStreamingComponentsRegistrationGranularity:10]]
LogConfig: Setting CVar [[s.UnregisterComponentsTimeLimit:1.0]]
LogConfig: Setting CVar [[s.LevelStreamingComponentsUnregistrationGranularity:5]]
LogConfig: Setting CVar [[s.FlushStreamingOnExit:1]]
LogInit: Object subsystem initialized
LogConfig: Setting CVar [[con.DebugEarlyDefault:1]]
LogConfig: Setting CVar [[r.setres:1280x720]]
[2022.12.28-00.27.39:543][  0]LogConfig: Setting CVar [[r.VSync:0]]
[2022.12.28-00.27.39:543][  0]LogConfig: Setting CVar [[r.RHICmdBypass:0]]
[2022.12.28-00.27.39:543][  0]LogConfig: Applying CVar settings from Section [/Script/Engine.RendererSettings] File [D:/UnrealProjects/MentoramaArkanoid/Saved/Config/Windows/Engine.ini]
[2022.12.28-00.27.39:543][  0]LogConfig: Setting CVar [[r.GPUCrashDebugging:0]]
[2022.12.28-00.27.39:543][  0]LogConfig: Applying CVar settings from Section [/Script/Engine.RendererOverrideSettings] File [D:/UnrealProjects/MentoramaArkanoid/Saved/Config/Windows/Engine.ini]
[2022.12.28-00.27.39:543][  0]LogConfig: Applying CVar settings from Section [/Script/Engine.StreamingSettings] File [D:/UnrealProjects/MentoramaArkanoid/Saved/Config/Windows/Engine.ini]
[2022.12.28-00.27.39:544][  0]LogConfig: Setting CVar [[s.MinBulkDataSizeForAsyncLoading:131072]]
[2022.12.28-00.27.39:544][  0]LogConfig: Setting CVar [[s.AsyncLoadingThreadEnabled:0]]
[2022.12.28-00.27.39:544][  0]LogConfig: Setting CVar [[s.EventDrivenLoaderEnabled:1]]
[2022.12.28-00.27.39:544][  0]LogConfig: Setting CVar [[s.WarnIfTimeLimitExceeded:0]]
[2022.12.28-00.27.39:544][  0]LogConfig: Setting CVar [[s.TimeLimitExceededMultiplier:1.5]]
[2022.12.28-00.27.39:544][  0]LogConfig: Setting CVar [[s.TimeLimitExceededMinTime:0.005]]
[2022.12.28-00.27.39:544][  0]LogConfig: Setting CVar [[s.UseBackgroundLevelStreaming:1]]
[2022.12.28-00.27.39:544][  0]LogConfig: Setting CVar [[s.PriorityAsyncLoadingExtraTime:15.0]]
[2022.12.28-00.27.39:545][  0]LogConfig: Setting CVar [[s.LevelStreamingActorsUpdateTimeLimit:5.0]]
[2022.12.28-00.27.39:545][  0]LogConfig: Setting CVar [[s.PriorityLevelStreamingActorsUpdateExtraTime:5.0]]
[2022.12.28-00.27.39:545][  0]LogConfig: Setting CVar [[s.LevelStreamingComponentsRegistrationGranularity:10]]
[2022.12.28-00.27.39:545][  0]LogConfig: Setting CVar [[s.UnregisterComponentsTimeLimit:1.0]]
[2022.12.28-00.27.39:545][  0]LogConfig: Setting CVar [[s.LevelStreamingComponentsUnregistrationGranularity:5]]
[2022.12.28-00.27.39:545][  0]LogConfig: Setting CVar [[s.FlushStreamingOnExit:1]]
[2022.12.28-00.27.39:545][  0]LogConfig: Applying CVar settings from Section [/Script/Engine.GarbageCollectionSettings] File [D:/UnrealProjects/MentoramaArkanoid/Saved/Config/Windows/Engine.ini]
[2022.12.28-00.27.39:546][  0]LogConfig: Setting CVar [[gc.MaxObjectsNotConsideredByGC:1]]
[2022.12.28-00.27.39:546][  0]LogConfig: Setting CVar [[gc.SizeOfPermanentObjectPool:0]]
[2022.12.28-00.27.39:546][  0]LogConfig: Setting CVar [[gc.FlushStreamingOnGC:0]]
[2022.12.28-00.27.39:546][  0]LogConfig: Setting CVar [[gc.NumRetriesBeforeForcingGC:10]]
[2022.12.28-00.27.39:546][  0]LogConfig: Setting CVar [[gc.AllowParallelGC:1]]
[2022.12.28-00.27.39:546][  0]LogConfig: Setting CVar [[gc.TimeBetweenPurgingPendingKillObjects:61.1]]
[2022.12.28-00.27.39:546][  0]LogConfig: Setting CVar [[gc.MaxObjectsInEditor:25165824]]
[2022.12.28-00.27.39:547][  0]LogConfig: Setting CVar [[gc.IncrementalBeginDestroyEnabled:1]]
[2022.12.28-00.27.39:547][  0]LogConfig: Setting CVar [[gc.CreateGCClusters:1]]
[2022.12.28-00.27.39:547][  0]LogConfig: Setting CVar [[gc.MinGCClusterSize:5]]
[2022.12.28-00.27.39:547][  0]LogConfig: Setting CVar [[gc.ActorClusteringEnabled:0]]
[2022.12.28-00.27.39:548][  0]LogConfig: Setting CVar [[gc.BlueprintClusteringEnabled:0]]
[2022.12.28-00.27.39:548][  0]LogConfig: Setting CVar [[gc.UseDisregardForGCOnDedicatedServers:0]]
[2022.12.28-00.27.39:548][  0]LogConfig: Setting CVar [[gc.MultithreadedDestructionEnabled:1]]
[2022.12.28-00.27.39:548][  0]LogConfig: Applying CVar settings from Section [/Script/Engine.NetworkSettings] File [D:/UnrealProjects/MentoramaArkanoid/Saved/Config/Windows/Engine.ini]
[2022.12.28-00.27.39:548][  0]LogConfig: Applying CVar settings from Section [/Script/UnrealEd.CookerSettings] File [D:/UnrealProjects/MentoramaArkanoid/Saved/Config/Windows/Engine.ini]
[2022.12.28-00.27.39:620][  0]LogConfig: Applying CVar settings from Section [ViewDistanceQuality@3] File [D:/UnrealProjects/MentoramaArkanoid/Saved/Config/Windows/Scalability.ini]
[2022.12.28-00.27.39:620][  0]LogConfig: Setting CVar [[r.SkeletalMeshLODBias:0]]
[2022.12.28-00.27.39:620][  0]LogConfig: Setting CVar [[r.ViewDistanceScale:1.0]]
[2022.12.28-00.27.39:620][  0]LogConfig: Applying CVar settings from Section [AntiAliasingQuality@3] File [D:/UnrealProjects/MentoramaArkanoid/Saved/Config/Windows/Scalability.ini]
[2022.12.28-00.27.39:620][  0]LogConfig: Setting CVar [[r.PostProcessAAQuality:4]]
[2022.12.28-00.27.39:621][  0]LogConfig: Applying CVar settings from Section [ShadowQuality@3] File [D:/UnrealProjects/MentoramaArkanoid/Saved/Config/Windows/Scalability.ini]
[2022.12.28-00.27.39:621][  0]LogConfig: Setting CVar [[r.LightFunctionQuality:1]]
[2022.12.28-00.27.39:621][  0]LogConfig: Setting CVar [[r.ShadowQuality:5]]
[2022.12.28-00.27.39:621][  0]LogConfig: Setting CVar [[r.Shadow.CSM.MaxCascades:10]]
[2022.12.28-00.27.39:621][  0]LogConfig: Setting CVar [[r.Shadow.MaxResolution:2048]]
[2022.12.28-00.27.39:621][  0]LogConfig: Setting CVar [[r.Shadow.MaxCSMResolution:2048]]
[2022.12.28-00.27.39:621][  0]LogConfig: Setting CVar [[r.Shadow.RadiusThreshold:0.01]]
[2022.12.28-00.27.39:621][  0]LogConfig: Setting CVar [[r.Shadow.DistanceScale:1.0]]
[2022.12.28-00.27.39:621][  0]LogConfig: Setting CVar [[r.Shadow.CSM.TransitionScale:1.0]]
[2022.12.28-00.27.39:621][  0]LogConfig: Setting CVar [[r.Shadow.PreShadowResolutionFactor:1.0]]
[2022.12.28-00.27.39:621][  0]LogConfig: Setting CVar [[r.DistanceFieldShadowing:1]]
[2022.12.28-00.27.39:621][  0]LogConfig: Setting CVar [[r.DistanceFieldAO:1]]
[2022.12.28-00.27.39:622][  0]LogConfig: Setting CVar [[r.AOQuality:2]]
[2022.12.28-00.27.39:622][  0]LogConfig: Setting CVar [[r.VolumetricFog:1]]
[2022.12.28-00.27.39:622][  0]LogConfig: Setting CVar [[r.VolumetricFog.GridPixelSize:8]]
[2022.12.28-00.27.39:622][  0]LogConfig: Setting CVar [[r.VolumetricFog.GridSizeZ:128]]
[2022.12.28-00.27.39:622][  0]LogConfig: Setting CVar [[r.VolumetricFog.HistoryMissSupersampleCount:4]]
[2022.12.28-00.27.39:622][  0]LogConfig: Setting CVar [[r.LightMaxDrawDistanceScale:1]]
[2022.12.28-00.27.39:622][  0]LogConfig: Setting CVar [[r.CapsuleShadows:1]]
[2022.12.28-00.27.39:622][  0]LogConfig: Applying CVar settings from Section [PostProcessQuality@3] File [D:/UnrealProjects/MentoramaArkanoid/Saved/Config/Windows/Scalability.ini]
[2022.12.28-00.27.39:622][  0]LogConfig: Setting CVar [[r.MotionBlurQuality:4]]
[2022.12.28-00.27.39:623][  0]LogConfig: Setting CVar [[r.AmbientOcclusionMipLevelFactor:0.4]]
[2022.12.28-00.27.39:623][  0]LogConfig: Setting CVar [[r.AmbientOcclusionMaxQuality:100]]
[2022.12.28-00.27.39:623][  0]LogConfig: Setting CVar [[r.AmbientOcclusionLevels:-1]]
[2022.12.28-00.27.39:623][  0]LogConfig: Setting CVar [[r.AmbientOcclusionRadiusScale:1.0]]
[2022.12.28-00.27.39:623][  0]LogConfig: Setting CVar [[r.DepthOfFieldQuality:2]]
[2022.12.28-00.27.39:623][  0]LogConfig: Setting CVar [[r.RenderTargetPoolMin:400]]
[2022.12.28-00.27.39:623][  0]LogConfig: Setting CVar [[r.LensFlareQuality:2]]
[2022.12.28-00.27.39:623][  0]LogConfig: Setting CVar [[r.SceneColorFringeQuality:1]]
[2022.12.28-00.27.39:623][  0]LogConfig: Setting CVar [[r.EyeAdaptationQuality:2]]
[2022.12.28-00.27.39:623][  0]LogConfig: Setting CVar [[r.BloomQuality:5]]
[2022.12.28-00.27.39:624][  0]LogConfig: Setting CVar [[r.FastBlurThreshold:100]]
[2022.12.28-00.27.39:624][  0]LogConfig: Setting CVar [[r.Upscale.Quality:3]]
[2022.12.28-00.27.39:624][  0]LogConfig: Setting CVar [[r.Tonemapper.GrainQuantization:1]]
[2022.12.28-00.27.39:624][  0]LogConfig: Setting CVar [[r.LightShaftQuality:1]]
[2022.12.28-00.27.39:624][  0]LogConfig: Setting CVar [[r.Filter.SizeScale:1]]
[2022.12.28-00.27.39:624][  0]LogConfig: Setting CVar [[r.Tonemapper.Quality:5]]
[2022.12.28-00.27.39:624][  0]LogConfig: Setting CVar [[r.DOF.Gather.AccumulatorQuality:1        ; higher gathering accumulator quality]]
[2022.12.28-00.27.39:624][  0]LogConfig: Setting CVar [[r.DOF.Gather.PostfilterMethod:1          ; Median3x3 postfilering method]]
[2022.12.28-00.27.39:625][  0]LogConfig: Setting CVar [[r.DOF.Gather.EnableBokehSettings:0       ; no bokeh simulation when gathering]]
[2022.12.28-00.27.39:625][  0]LogConfig: Setting CVar [[r.DOF.Gather.RingCount:4                 ; medium number of samples when gathering]]
[2022.12.28-00.27.39:625][  0]LogConfig: Setting CVar [[r.DOF.Scatter.ForegroundCompositing:1    ; additive foreground scattering]]
[2022.12.28-00.27.39:625][  0]LogConfig: Setting CVar [[r.DOF.Scatter.BackgroundCompositing:2    ; additive background scattering]]
[2022.12.28-00.27.39:625][  0]LogConfig: Setting CVar [[r.DOF.Scatter.EnableBokehSettings:1      ; bokeh simulation when scattering]]
[2022.12.28-00.27.39:625][  0]LogConfig: Setting CVar [[r.DOF.Scatter.MaxSpriteRatio:0.1         ; only a maximum of 10% of scattered bokeh]]
[2022.12.28-00.27.39:625][  0]LogConfig: Setting CVar [[r.DOF.Recombine.Quality:1                ; cheap slight out of focus]]
[2022.12.28-00.27.39:625][  0]LogConfig: Setting CVar [[r.DOF.Recombine.EnableBokehSettings:0    ; no bokeh simulation on slight out of focus]]
[2022.12.28-00.27.39:625][  0]LogConfig: Setting CVar [[r.DOF.TemporalAAQuality:1                ; more stable temporal accumulation]]
[2022.12.28-00.27.39:625][  0]LogConfig: Setting CVar [[r.DOF.Kernel.MaxForegroundRadius:0.025]]
[2022.12.28-00.27.39:625][  0]LogConfig: Setting CVar [[r.DOF.Kernel.MaxBackgroundRadius:0.025]]
[2022.12.28-00.27.39:625][  0]LogConfig: Applying CVar settings from Section [TextureQuality@3] File [D:/UnrealProjects/MentoramaArkanoid/Saved/Config/Windows/Scalability.ini]
[2022.12.28-00.27.39:626][  0]LogConfig: Setting CVar [[r.Streaming.MipBias:0]]
[2022.12.28-00.27.39:626][  0]LogConfig: Setting CVar [[r.Streaming.AmortizeCPUToGPUCopy:0]]
[2022.12.28-00.27.39:626][  0]LogConfig: Setting CVar [[r.Streaming.MaxNumTexturesToStreamPerFrame:0]]
[2022.12.28-00.27.39:626][  0]LogConfig: Setting CVar [[r.Streaming.Boost:1]]
[2022.12.28-00.27.39:626][  0]LogConfig: Setting CVar [[r.MaxAnisotropy:8]]
[2022.12.28-00.27.39:626][  0]LogConfig: Setting CVar [[r.VT.MaxAnisotropy:8]]
[2022.12.28-00.27.39:626][  0]LogConfig: Setting CVar [[r.Streaming.LimitPoolSizeToVRAM:0]]
[2022.12.28-00.27.39:626][  0]LogConfig: Setting CVar [[r.Streaming.PoolSize:1000]]
[2022.12.28-00.27.39:626][  0]LogConfig: Setting CVar [[r.Streaming.MaxEffectiveScreenSize:0]]
[2022.12.28-00.27.39:626][  0]LogConfig: Applying CVar settings from Section [EffectsQuality@3] File [D:/UnrealProjects/MentoramaArkanoid/Saved/Config/Windows/Scalability.ini]
[2022.12.28-00.27.39:626][  0]LogConfig: Setting CVar [[r.TranslucencyLightingVolumeDim:64]]
[2022.12.28-00.27.39:627][  0]LogConfig: Setting CVar [[r.RefractionQuality:2]]
[2022.12.28-00.27.39:627][  0]LogConfig: Setting CVar [[r.SSR.Quality:3]]
[2022.12.28-00.27.39:627][  0]LogConfig: Setting CVar [[r.SSR.HalfResSceneColor:0]]
[2022.12.28-00.27.39:627][  0]LogConfig: Setting CVar [[r.SceneColorFormat:4]]
[2022.12.28-00.27.39:627][  0]LogConfig: Setting CVar [[r.DetailMode:2]]
[2022.12.28-00.27.39:627][  0]LogConfig: Setting CVar [[r.TranslucencyVolumeBlur:1]]
[2022.12.28-00.27.39:627][  0]LogConfig: Setting CVar [[r.MaterialQualityLevel:1 ; High quality]]
[2022.12.28-00.27.39:627][  0]LogConfig: Setting CVar [[r.AnisotropicMaterials:1]]
[2022.12.28-00.27.39:627][  0]LogConfig: Setting CVar [[r.SSS.Scale:1]]
[2022.12.28-00.27.39:627][  0]LogConfig: Setting CVar [[r.SSS.SampleSet:2]]
[2022.12.28-00.27.39:627][  0]LogConfig: Setting CVar [[r.SSS.Quality:1]]
[2022.12.28-00.27.39:628][  0]LogConfig: Setting CVar [[r.SSS.HalfRes:0]]
[2022.12.28-00.27.39:628][  0]LogConfig: Setting CVar [[r.SSGI.Quality:3]]
[2022.12.28-00.27.39:628][  0]LogConfig: Setting CVar [[r.EmitterSpawnRateScale:1.0]]
[2022.12.28-00.27.39:628][  0]LogConfig: Setting CVar [[r.ParticleLightQuality:2]]
[2022.12.28-00.27.39:628][  0]LogConfig: Setting CVar [[r.SkyAtmosphere.AerialPerspectiveLUT.FastApplyOnOpaque:1 ; Always have FastSkyLUT 1 in this case to avoid wrong sky]]
[2022.12.28-00.27.39:628][  0]LogConfig: Setting CVar [[r.SkyAtmosphere.AerialPerspectiveLUT.SampleCountMaxPerSlice:4]]
[2022.12.28-00.27.39:628][  0]LogConfig: Setting CVar [[r.SkyAtmosphere.AerialPerspectiveLUT.DepthResolution:16.0]]
[2022.12.28-00.27.39:628][  0]LogConfig: Setting CVar [[r.SkyAtmosphere.FastSkyLUT:1]]
[2022.12.28-00.27.39:629][  0]LogConfig: Setting CVar [[r.SkyAtmosphere.FastSkyLUT.SampleCountMin:4.0]]
[2022.12.28-00.27.39:629][  0]LogConfig: Setting CVar [[r.SkyAtmosphere.FastSkyLUT.SampleCountMax:128.0]]
[2022.12.28-00.27.39:629][  0]LogConfig: Setting CVar [[r.SkyAtmosphere.SampleCountMin:4.0]]
[2022.12.28-00.27.39:629][  0]LogConfig: Setting CVar [[r.SkyAtmosphere.SampleCountMax:128.0]]
[2022.12.28-00.27.39:629][  0]LogConfig: Setting CVar [[r.SkyAtmosphere.TransmittanceLUT.UseSmallFormat:0]]
[2022.12.28-00.27.39:629][  0]LogConfig: Setting CVar [[r.SkyAtmosphere.TransmittanceLUT.SampleCount:10.0]]
[2022.12.28-00.27.39:629][  0]LogConfig: Setting CVar [[r.SkyAtmosphere.MultiScatteringLUT.SampleCount:15.0]]
[2022.12.28-00.27.39:629][  0]LogConfig: Setting CVar [[r.SkyLight.RealTimeReflectionCapture:1]]
[2022.12.28-00.27.39:630][  0]LogConfig: Applying CVar settings from Section [FoliageQuality@3] File [D:/UnrealProjects/MentoramaArkanoid/Saved/Config/Windows/Scalability.ini]
[2022.12.28-00.27.39:630][  0]LogConfig: Setting CVar [[foliage.DensityScale:1.0]]
[2022.12.28-00.27.39:630][  0]LogConfig: Setting CVar [[grass.DensityScale:1.0]]
[2022.12.28-00.27.39:630][  0]LogConfig: Applying CVar settings from Section [ShadingQuality@3] File [D:/UnrealProjects/MentoramaArkanoid/Saved/Config/Windows/Scalability.ini]
[2022.12.28-00.27.39:630][  0]LogConfig: Setting CVar [[r.HairStrands.SkyLighting.IntegrationType:2]]
[2022.12.28-00.27.39:630][  0]LogConfig: Setting CVar [[r.HairStrands.SkyAO.SampleCount:4]]
[2022.12.28-00.27.39:630][  0]LogConfig: Setting CVar [[r.HairStrands.Visibility.MSAA.SamplePerPixel:4]]
[2022.12.28-00.27.39:630][  0]LogInit: Selected Device Profile: [Windows]
[2022.12.28-00.27.39:631][  0]LogInit: Applying CVar settings loaded from the selected device profile: [Windows]
[2022.12.28-00.27.39:631][  0]LogHAL: Display: Platform has ~ 16 GB [17077583872 / 17179869184 / 16], which maps to Larger [LargestMinGB=32, LargerMinGB=12, DefaultMinGB=8, SmallerMinGB=6, SmallestMinGB=0)
[2022.12.28-00.27.39:631][  0]LogInit: Going up to parent DeviceProfile []
[2022.12.28-00.27.39:631][  0]LogConfig: Applying CVar settings from Section [ViewDistanceQuality@3] File [D:/UnrealProjects/MentoramaArkanoid/Saved/Config/Windows/Scalability.ini]
[2022.12.28-00.27.39:631][  0]LogConfig: Setting CVar [[r.SkeletalMeshLODBias:0]]
[2022.12.28-00.27.39:631][  0]LogConfig: Setting CVar [[r.ViewDistanceScale:1.0]]
[2022.12.28-00.27.39:631][  0]LogConfig: Applying CVar settings from Section [AntiAliasingQuality@3] File [D:/UnrealProjects/MentoramaArkanoid/Saved/Config/Windows/Scalability.ini]
[2022.12.28-00.27.39:631][  0]LogConfig: Setting CVar [[r.PostProcessAAQuality:4]]
[2022.12.28-00.27.39:631][  0]LogConfig: Applying CVar settings from Section [ShadowQuality@3] File [D:/UnrealProjects/MentoramaArkanoid/Saved/Config/Windows/Scalability.ini]
[2022.12.28-00.27.39:631][  0]LogConfig: Setting CVar [[r.LightFunctionQuality:1]]
[2022.12.28-00.27.39:632][  0]LogConfig: Setting CVar [[r.ShadowQuality:5]]
[2022.12.28-00.27.39:632][  0]LogConfig: Setting CVar [[r.Shadow.CSM.MaxCascades:10]]
[2022.12.28-00.27.39:632][  0]LogConfig: Setting CVar [[r.Shadow.MaxResolution:2048]]
[2022.12.28-00.27.39:632][  0]LogConfig: Setting CVar [[r.Shadow.MaxCSMResolution:2048]]
[2022.12.28-00.27.39:632][  0]LogConfig: Setting CVar [[r.Shadow.RadiusThreshold:0.01]]
[2022.12.28-00.27.39:632][  0]LogConfig: Setting CVar [[r.Shadow.DistanceScale:1.0]]
[2022.12.28-00.27.39:632][  0]LogConfig: Setting CVar [[r.Shadow.CSM.TransitionScale:1.0]]
[2022.12.28-00.27.39:632][  0]LogConfig: Setting CVar [[r.Shadow.PreShadowResolutionFactor:1.0]]
[2022.12.28-00.27.39:632][  0]LogConfig: Setting CVar [[r.DistanceFieldShadowing:1]]
[2022.12.28-00.27.39:632][  0]LogConfig: Setting CVar [[r.DistanceFieldAO:1]]
[2022.12.28-00.27.39:632][  0]LogConfig: Setting CVar [[r.AOQuality:2]]
[2022.12.28-00.27.39:632][  0]LogConfig: Setting CVar [[r.VolumetricFog:1]]
[2022.12.28-00.27.39:632][  0]LogConfig: Setting CVar [[r.VolumetricFog.GridPixelSize:8]]
[2022.12.28-00.27.39:632][  0]LogConfig: Setting CVar [[r.VolumetricFog.GridSizeZ:128]]
[2022.12.28-00.27.39:633][  0]LogConfig: Setting CVar [[r.VolumetricFog.HistoryMissSupersampleCount:4]]
[2022.12.28-00.27.39:633][  0]LogConfig: Setting CVar [[r.LightMaxDrawDistanceScale:1]]
[2022.12.28-00.27.39:633][  0]LogConfig: Setting CVar [[r.CapsuleShadows:1]]
[2022.12.28-00.27.39:633][  0]LogConfig: Applying CVar settings from Section [PostProcessQuality@3] File [D:/UnrealProjects/MentoramaArkanoid/Saved/Config/Windows/Scalability.ini]
[2022.12.28-00.27.39:633][  0]LogConfig: Setting CVar [[r.MotionBlurQuality:4]]
[2022.12.28-00.27.39:633][  0]LogConfig: Setting CVar [[r.AmbientOcclusionMipLevelFactor:0.4]]
[2022.12.28-00.27.39:633][  0]LogConfig: Setting CVar [[r.AmbientOcclusionMaxQuality:100]]
[2022.12.28-00.27.39:633][  0]LogConfig: Setting CVar [[r.AmbientOcclusionLevels:-1]]
[2022.12.28-00.27.39:633][  0]LogConfig: Setting CVar [[r.AmbientOcclusionRadiusScale:1.0]]
[2022.12.28-00.27.39:633][  0]LogConfig: Setting CVar [[r.DepthOfFieldQuality:2]]
[2022.12.28-00.27.39:633][  0]LogConfig: Setting CVar [[r.RenderTargetPoolMin:400]]
[2022.12.28-00.27.39:634][  0]LogConfig: Setting CVar [[r.LensFlareQuality:2]]
[2022.12.28-00.27.39:634][  0]LogConfig: Setting CVar [[r.SceneColorFringeQuality:1]]
[2022.12.28-00.27.39:634][  0]LogConfig: Setting CVar [[r.EyeAdaptationQuality:2]]
[2022.12.28-00.27.39:634][  0]LogConfig: Setting CVar [[r.BloomQuality:5]]
[2022.12.28-00.27.39:634][  0]LogConfig: Setting CVar [[r.FastBlurThreshold:100]]
[2022.12.28-00.27.39:634][  0]LogConfig: Setting CVar [[r.Upscale.Quality:3]]
[2022.12.28-00.27.39:634][  0]LogConfig: Setting CVar [[r.Tonemapper.GrainQuantization:1]]
[2022.12.28-00.27.39:634][  0]LogConfig: Setting CVar [[r.LightShaftQuality:1]]
[2022.12.28-00.27.39:634][  0]LogConfig: Setting CVar [[r.Filter.SizeScale:1]]
[2022.12.28-00.27.39:634][  0]LogConfig: Setting CVar [[r.Tonemapper.Quality:5]]
[2022.12.28-00.27.39:635][  0]LogConfig: Setting CVar [[r.DOF.Gather.AccumulatorQuality:1        ; higher gathering accumulator quality]]
[2022.12.28-00.27.39:635][  0]LogConfig: Setting CVar [[r.DOF.Gather.PostfilterMethod:1          ; Median3x3 postfilering method]]
[2022.12.28-00.27.39:635][  0]LogConfig: Setting CVar [[r.DOF.Gather.EnableBokehSettings:0       ; no bokeh simulation when gathering]]
[2022.12.28-00.27.39:635][  0]LogConfig: Setting CVar [[r.DOF.Gather.RingCount:4                 ; medium number of samples when gathering]]
[2022.12.28-00.27.39:635][  0]LogConfig: Setting CVar [[r.DOF.Scatter.ForegroundCompositing:1    ; additive foreground scattering]]
[2022.12.28-00.27.39:635][  0]LogConfig: Setting CVar [[r.DOF.Scatter.BackgroundCompositing:2    ; additive background scattering]]
[2022.12.28-00.27.39:635][  0]LogConfig: Setting CVar [[r.DOF.Scatter.EnableBokehSettings:1      ; bokeh simulation when scattering]]
[2022.12.28-00.27.39:635][  0]LogConfig: Setting CVar [[r.DOF.Scatter.MaxSpriteRatio:0.1         ; only a maximum of 10% of scattered bokeh]]
[2022.12.28-00.27.39:635][  0]LogConfig: Setting CVar [[r.DOF.Recombine.Quality:1                ; cheap slight out of focus]]
[2022.12.28-00.27.39:636][  0]LogConfig: Setting CVar [[r.DOF.Recombine.EnableBokehSettings:0    ; no bokeh simulation on slight out of focus]]
[2022.12.28-00.27.39:636][  0]LogConfig: Setting CVar [[r.DOF.TemporalAAQuality:1                ; more stable temporal accumulation]]
[2022.12.28-00.27.39:636][  0]LogConfig: Setting CVar [[r.DOF.Kernel.MaxForegroundRadius:0.025]]
[2022.12.28-00.27.39:636][  0]LogConfig: Setting CVar [[r.DOF.Kernel.MaxBackgroundRadius:0.025]]
[2022.12.28-00.27.39:636][  0]LogConfig: Applying CVar settings from Section [TextureQuality@3] File [D:/UnrealProjects/MentoramaArkanoid/Saved/Config/Windows/Scalability.ini]
[2022.12.28-00.27.39:636][  0]LogConfig: Setting CVar [[r.Streaming.MipBias:0]]
[2022.12.28-00.27.39:636][  0]LogConfig: Setting CVar [[r.Streaming.AmortizeCPUToGPUCopy:0]]
[2022.12.28-00.27.39:636][  0]LogConfig: Setting CVar [[r.Streaming.MaxNumTexturesToStreamPerFrame:0]]
[2022.12.28-00.27.39:636][  0]LogConfig: Setting CVar [[r.Streaming.Boost:1]]
[2022.12.28-00.27.39:636][  0]LogConfig: Setting CVar [[r.MaxAnisotropy:8]]
[2022.12.28-00.27.39:636][  0]LogConfig: Setting CVar [[r.VT.MaxAnisotropy:8]]
[2022.12.28-00.27.39:636][  0]LogConfig: Setting CVar [[r.Streaming.LimitPoolSizeToVRAM:0]]
[2022.12.28-00.27.39:636][  0]LogConfig: Setting CVar [[r.Streaming.PoolSize:1000]]
[2022.12.28-00.27.39:637][  0]LogConfig: Setting CVar [[r.Streaming.MaxEffectiveScreenSize:0]]
[2022.12.28-00.27.39:637][  0]LogConfig: Applying CVar settings from Section [EffectsQuality@3] File [D:/UnrealProjects/MentoramaArkanoid/Saved/Config/Windows/Scalability.ini]
[2022.12.28-00.27.39:637][  0]LogConfig: Setting CVar [[r.TranslucencyLightingVolumeDim:64]]
[2022.12.28-00.27.39:637][  0]LogConfig: Setting CVar [[r.RefractionQuality:2]]
[2022.12.28-00.27.39:637][  0]LogConfig: Setting CVar [[r.SSR.Quality:3]]
[2022.12.28-00.27.39:637][  0]LogConfig: Setting CVar [[r.SSR.HalfResSceneColor:0]]
[2022.12.28-00.27.39:637][  0]LogConfig: Setting CVar [[r.SceneColorFormat:4]]
[2022.12.28-00.27.39:637][  0]LogConfig: Setting CVar [[r.DetailMode:2]]
[2022.12.28-00.27.39:637][  0]LogConfig: Setting CVar [[r.TranslucencyVolumeBlur:1]]
[2022.12.28-00.27.39:637][  0]LogConfig: Setting CVar [[r.MaterialQualityLevel:1 ; High quality]]
[2022.12.28-00.27.39:637][  0]LogConfig: Setting CVar [[r.AnisotropicMaterials:1]]
[2022.12.28-00.27.39:637][  0]LogConfig: Setting CVar [[r.SSS.Scale:1]]
[2022.12.28-00.27.39:637][  0]LogConfig: Setting CVar [[r.SSS.SampleSet:2]]
[2022.12.28-00.27.39:638][  0]LogConfig: Setting CVar [[r.SSS.Quality:1]]
[2022.12.28-00.27.39:638][  0]LogConfig: Setting CVar [[r.SSS.HalfRes:0]]
[2022.12.28-00.27.39:638][  0]LogConfig: Setting CVar [[r.SSGI.Quality:3]]
[2022.12.28-00.27.39:638][  0]LogConfig: Setting CVar [[r.EmitterSpawnRateScale:1.0]]
[2022.12.28-00.27.39:638][  0]LogConfig: Setting CVar [[r.ParticleLightQuality:2]]
[2022.12.28-00.27.39:638][  0]LogConfig: Setting CVar [[r.SkyAtmosphere.AerialPerspectiveLUT.FastApplyOnOpaque:1 ; Always have FastSkyLUT 1 in this case to avoid wrong sky]]
[2022.12.28-00.27.39:638][  0]LogConfig: Setting CVar [[r.SkyAtmosphere.AerialPerspectiveLUT.SampleCountMaxPerSlice:4]]
[2022.12.28-00.27.39:638][  0]LogConfig: Setting CVar [[r.SkyAtmosphere.AerialPerspectiveLUT.DepthResolution:16.0]]
[2022.12.28-00.27.39:638][  0]LogConfig: Setting CVar [[r.SkyAtmosphere.FastSkyLUT:1]]
[2022.12.28-00.27.39:638][  0]LogConfig: Setting CVar [[r.SkyAtmosphere.FastSkyLUT.SampleCountMin:4.0]]
[2022.12.28-00.27.39:638][  0]LogConfig: Setting CVar [[r.SkyAtmosphere.FastSkyLUT.SampleCountMax:128.0]]
[2022.12.28-00.27.39:638][  0]LogConfig: Setting CVar [[r.SkyAtmosphere.SampleCountMin:4.0]]
[2022.12.28-00.27.39:639][  0]LogConfig: Setting CVar [[r.SkyAtmosphere.SampleCountMax:128.0]]
[2022.12.28-00.27.39:639][  0]LogConfig: Setting CVar [[r.SkyAtmosphere.TransmittanceLUT.UseSmallFormat:0]]
[2022.12.28-00.27.39:639][  0]LogConfig: Setting CVar [[r.SkyAtmosphere.TransmittanceLUT.SampleCount:10.0]]
[2022.12.28-00.27.39:639][  0]LogConfig: Setting CVar [[r.SkyAtmosphere.MultiScatteringLUT.SampleCount:15.0]]
[2022.12.28-00.27.39:639][  0]LogConfig: Setting CVar [[r.SkyLight.RealTimeReflectionCapture:1]]
[2022.12.28-00.27.39:639][  0]LogConfig: Applying CVar settings from Section [FoliageQuality@3] File [D:/UnrealProjects/MentoramaArkanoid/Saved/Config/Windows/Scalability.ini]
[2022.12.28-00.27.39:639][  0]LogConfig: Setting CVar [[foliage.DensityScale:1.0]]
[2022.12.28-00.27.39:639][  0]LogConfig: Setting CVar [[grass.DensityScale:1.0]]
[2022.12.28-00.27.39:639][  0]LogConfig: Applying CVar settings from Section [ShadingQuality@3] File [D:/UnrealProjects/MentoramaArkanoid/Saved/Config/Windows/Scalability.ini]
[2022.12.28-00.27.39:640][  0]LogConfig: Setting CVar [[r.HairStrands.SkyLighting.IntegrationType:2]]
[2022.12.28-00.27.39:640][  0]LogConfig: Setting CVar [[r.HairStrands.SkyAO.SampleCount:4]]
[2022.12.28-00.27.39:640][  0]LogConfig: Setting CVar [[r.HairStrands.Visibility.MSAA.SamplePerPixel:4]]
[2022.12.28-00.27.39:640][  0]LogConfig: Applying CVar settings from Section [Startup] File [../../../Engine/Config/ConsoleVariables.ini]
[2022.12.28-00.27.39:640][  0]LogConfig: Setting CVar [[net.UseAdaptiveNetUpdateFrequency:0]]
[2022.12.28-00.27.39:640][  0]LogConfig: Setting CVar [[p.chaos.AllowCreatePhysxBodies:1]]
[2022.12.28-00.27.39:640][  0]LogConfig: Setting CVar [[fx.SkipVectorVMBackendOptimizations:1]]
[2022.12.28-00.27.39:640][  0]LogConfig: Applying CVar settings from Section [ConsoleVariables] File [D:/UnrealProjects/MentoramaArkanoid/Saved/Config/Windows/Engine.ini]
[2022.12.28-00.27.39:640][  0]LogConfig: Applying CVar settings from Section [ConsoleVariables] File [D:/UnrealProjects/MentoramaArkanoid/Saved/Config/Windows/Editor.ini]
[2022.12.28-00.27.39:641][  0]LogInit: Computer: DESKTOP-9UR4MJL
[2022.12.28-00.27.39:641][  0]LogInit: User: AryGuilherme
[2022.12.28-00.27.39:641][  0]LogInit: CPU Page size=4096, Cores=12
[2022.12.28-00.27.39:641][  0]LogInit: High frequency timer resolution =10.000000 MHz
[2022.12.28-00.27.39:641][  0]LogMemory: Memory total: Physical=15.9GB (16GB approx)
[2022.12.28-00.27.39:641][  0]LogMemory: Platform Memory Stats for Windows
[2022.12.28-00.27.39:641][  0]LogMemory: Process Physical Memory: 155.16 MB used, 155.16 MB peak
[2022.12.28-00.27.39:641][  0]LogMemory: Process Virtual Memory: 135.90 MB used, 135.90 MB peak
[2022.12.28-00.27.39:641][  0]LogMemory: Physical Memory: 12745.53 MB used,  3540.93 MB free, 16286.45 MB total
[2022.12.28-00.27.39:641][  0]LogMemory: Virtual Memory: 134214064.00 MB used,  3666.70 MB free, 134217728.00 MB total
[2022.12.28-00.27.39:662][  0]LogWindows: WindowsPlatformFeatures enabled
[2022.12.28-00.27.44:864][  0]LogInit: Physics initialised using underlying interface: PhysX
[2022.12.28-00.27.44:865][  0]LogInit: Overriding language with editor language configuration option (en).
[2022.12.28-00.27.44:865][  0]LogInit: Overriding language with editor locale configuration option (en).
[2022.12.28-00.27.45:233][  0]LogInit: Setting process to per monitor DPI aware
[2022.12.28-00.27.45:436][  0]LogWindowsTextInputMethodSystem: Display: IME system deactivated.
[2022.12.28-00.27.45:872][  0]LogSlate: New Slate User Created.  User Index 0, Is Virtual User: 0
[2022.12.28-00.27.45:872][  0]LogSlate: Slate User Registered.  User Index 0, Is Virtual User: 0
[2022.12.28-00.27.46:307][  0]LogD3D11RHI: Loaded GFSDK_Aftermath_Lib.x64.dll
[2022.12.28-00.27.46:325][  0]LogHMD: Failed to initialize OpenVR with code 110
[2022.12.28-00.27.46:326][  0]LogD3D11RHI: D3D11 min allowed feature level: 11_0
[2022.12.28-00.27.46:326][  0]LogD3D11RHI: D3D11 max allowed feature level: 11_0
[2022.12.28-00.27.46:326][  0]LogD3D11RHI: D3D11 adapters:
[2022.12.28-00.27.46:467][  0]LogD3D11RHI:    0. 'Radeon RX 570 Series' (Feature Level 11_0)
[2022.12.28-00.27.46:468][  0]LogD3D11RHI:       4074/0/8143 MB DedicatedVideo/DedicatedSystem/SharedSystem, Outputs:2, VendorId:0x1002
[2022.12.28-00.27.46:496][  0]LogD3D11RHI:    1. 'Microsoft Basic Render Driver' (Feature Level 11_0)
[2022.12.28-00.27.46:496][  0]LogD3D11RHI:       0/0/8143 MB DedicatedVideo/DedicatedSystem/SharedSystem, Outputs:0, VendorId:0x1414
[2022.12.28-00.27.46:497][  0]LogD3D11RHI: Chosen D3D11 Adapter:
[2022.12.28-00.27.46:497][  0]LogD3D11RHI:     Description : Radeon RX 570 Series
[2022.12.28-00.27.46:497][  0]LogD3D11RHI:     VendorId    : 1002
[2022.12.28-00.27.46:497][  0]LogD3D11RHI:     DeviceId    : 67df
[2022.12.28-00.27.46:497][  0]LogD3D11RHI:     SubSysId    : c5701682
[2022.12.28-00.27.46:497][  0]LogD3D11RHI:     Revision    : 00ef
[2022.12.28-00.27.46:497][  0]LogD3D11RHI:     DedicatedVideoMemory : 4272934912 bytes
[2022.12.28-00.27.46:497][  0]LogD3D11RHI:     DedicatedSystemMemory : 0 bytes
[2022.12.28-00.27.46:497][  0]LogD3D11RHI:     SharedSystemMemory : 8538791936 bytes
[2022.12.28-00.27.46:497][  0]LogD3D11RHI:     AdapterLuid : 0 111465
[2022.12.28-00.27.46:510][  0]LogD3D11RHI: Creating new Direct3DDevice
[2022.12.28-00.27.46:510][  0]LogD3D11RHI:     GPU DeviceId: 0x67df (for the marketing name, search the web for "GPU Device Id")
[2022.12.28-00.27.46:510][  0]LogWindows: EnumDisplayDevices:
[2022.12.28-00.27.46:510][  0]LogWindows:    0. 'Radeon RX 570 Series' (P:1 D:1)
[2022.12.28-00.27.46:511][  0]LogWindows:    1. 'Radeon RX 570 Series' (P:0 D:1)
[2022.12.28-00.27.46:512][  0]LogWindows:    2. 'Radeon RX 570 Series' (P:0 D:0)
[2022.12.28-00.27.46:512][  0]LogWindows:    3. 'Radeon RX 570 Series' (P:0 D:0)
[2022.12.28-00.27.46:516][  0]LogWindows:    4. 'Radeon RX 570 Series' (P:0 D:0)
[2022.12.28-00.27.46:517][  0]LogWindows:    5. 'Radeon RX 570 Series' (P:0 D:0)
[2022.12.28-00.27.46:518][  0]LogWindows:    6. 'Radeon RX 570 Series' (P:0 D:0)
[2022.12.28-00.27.46:519][  0]LogWindows: DebugString: FoundDriverCount:7 
[2022.12.28-00.27.46:519][  0]LogD3D11RHI:     Adapter Name: Radeon RX 570 Series
[2022.12.28-00.27.46:519][  0]LogD3D11RHI:   Driver Version: AMD Software: Adrenalin Edition 22.20.27.07 (internal:31.0.12027.7000, unified:31.0.12027.7000)
[2022.12.28-00.27.46:519][  0]LogD3D11RHI:      Driver Date: 10-20-2022
[2022.12.28-00.27.46:519][  0]LogRHI: Texture pool is 2424 MB (70% of 3463 MB)
[2022.12.28-00.27.46:635][  0]LogD3D11RHI: Creating D3DDevice with AMD AGS, using adapter:
[2022.12.28-00.27.46:635][  0]LogD3D11RHI:     Description : Radeon RX 570 Series
[2022.12.28-00.27.46:635][  0]LogD3D11RHI:     VendorId    : 1002
[2022.12.28-00.27.46:635][  0]LogD3D11RHI:     DeviceId    : 67df
[2022.12.28-00.27.46:635][  0]LogD3D11RHI:     SubSysId    : c5701682
[2022.12.28-00.27.46:635][  0]LogD3D11RHI:     Revision    : 00ef
[2022.12.28-00.27.46:635][  0]LogD3D11RHI:     DedicatedVideoMemory : 4272934912 bytes
[2022.12.28-00.27.46:636][  0]LogD3D11RHI:     DedicatedSystemMemory : 0 bytes
[2022.12.28-00.27.46:636][  0]LogD3D11RHI:     SharedSystemMemory : 8538791936 bytes
[2022.12.28-00.27.46:636][  0]LogD3D11RHI:     AdapterLuid : 0 111465
[2022.12.28-00.27.46:724][  0]LogD3D11RHI: Created device via AGS, feature level 11_0, supported extensions 1fffffbf.
[2022.12.28-00.27.46:724][  0]LogD3D11RHI: RHI has support for 64 bit atomics
[2022.12.28-00.27.46:724][  0]LogD3D11RHI: Async texture creation enabled
[2022.12.28-00.27.46:724][  0]LogD3D11RHI: Array index from any shader is supported
[2022.12.28-00.27.46:741][  0]LogD3D11RHI: GPU Timing Frequency: 25.000000 (Debug: 2 1)
[2022.12.28-00.27.47:777][  0]LogTargetPlatformManager: Display: Loaded TargetPlatform 'AllDesktop'
[2022.12.28-00.27.47:946][  0]LogTargetPlatformManager: Display: Loaded TargetPlatform 'Android'
[2022.12.28-00.27.47:946][  0]LogTargetPlatformManager: Display: Loaded TargetPlatform 'Android_ASTC'
[2022.12.28-00.27.47:946][  0]LogTargetPlatformManager: Display: Loaded TargetPlatform 'Android_DXT'
[2022.12.28-00.27.47:946][  0]LogTargetPlatformManager: Display: Loaded TargetPlatform 'Android_ETC2'
[2022.12.28-00.27.47:946][  0]LogTargetPlatformManager: Display: Loaded TargetPlatform 'AndroidClient'
[2022.12.28-00.27.47:946][  0]LogTargetPlatformManager: Display: Loaded TargetPlatform 'Android_ASTCClient'
[2022.12.28-00.27.47:947][  0]LogTargetPlatformManager: Display: Loaded TargetPlatform 'Android_DXTClient'
[2022.12.28-00.27.47:947][  0]LogTargetPlatformManager: Display: Loaded TargetPlatform 'Android_ETC2Client'
[2022.12.28-00.27.47:947][  0]LogTargetPlatformManager: Display: Loaded TargetPlatform 'Android_Multi'
[2022.12.28-00.27.47:947][  0]LogTargetPlatformManager: Display: Loaded TargetPlatform 'Android_MultiClient'
[2022.12.28-00.27.48:492][  0]LogTargetPlatformManager: Display: Loaded TargetPlatform 'IOSClient'
[2022.12.28-00.27.48:493][  0]LogTargetPlatformManager: Display: Loaded TargetPlatform 'IOS'
[2022.12.28-00.27.48:598][  0]LogTargetPlatformManager: Display: Loaded TargetPlatform 'Linux'
[2022.12.28-00.27.48:728][  0]LogTargetPlatformManager: Display: Loaded TargetPlatform 'LinuxNoEditor'
[2022.12.28-00.27.48:920][  0]LogTargetPlatformManager: Display: Loaded TargetPlatform 'LinuxClient'
[2022.12.28-00.27.49:037][  0]LogTargetPlatformManager: Display: Loaded TargetPlatform 'LinuxServer'
[2022.12.28-00.27.49:132][  0]LogTargetPlatformManager: Display: Loaded TargetPlatform 'LinuxAArch64NoEditor'
[2022.12.28-00.27.49:213][  0]LogTargetPlatformManager: Display: Loaded TargetPlatform 'LinuxAArch64Client'
[2022.12.28-00.27.49:273][  0]LogTargetPlatformManager: Display: Loaded TargetPlatform 'LinuxAArch64Server'
[2022.12.28-00.27.49:500][  0]LogTargetPlatformManager: Display: Loaded TargetPlatform 'Lumin'
[2022.12.28-00.27.49:500][  0]LogTargetPlatformManager: Display: Loaded TargetPlatform 'LuminClient'
[2022.12.28-00.27.49:862][  0]LogTargetPlatformManager: Display: Loaded TargetPlatform 'MacNoEditor'
[2022.12.28-00.27.50:113][  0]LogTargetPlatformManager: Display: Loaded TargetPlatform 'Mac'
[2022.12.28-00.27.50:284][  0]LogTargetPlatformManager: Display: Loaded TargetPlatform 'MacClient'
[2022.12.28-00.27.50:463][  0]LogTargetPlatformManager: Display: Loaded TargetPlatform 'MacServer'
[2022.12.28-00.27.50:601][  0]LogTargetPlatformManager: Display: Loaded TargetPlatform 'TVOSClient'
[2022.12.28-00.27.50:601][  0]LogTargetPlatformManager: Display: Loaded TargetPlatform 'TVOS'
[2022.12.28-00.27.51:029][  0]LogTargetPlatformManager: Display: Loaded TargetPlatform 'WindowsNoEditor'
[2022.12.28-00.27.51:228][  0]LogTargetPlatformManager: Display: Loaded TargetPlatform 'Windows'
[2022.12.28-00.27.51:360][  0]LogTargetPlatformManager: Display: Loaded TargetPlatform 'WindowsClient'
[2022.12.28-00.27.51:451][  0]LogTargetPlatformManager: Display: Loaded TargetPlatform 'WindowsServer'
[2022.12.28-00.27.51:451][  0]LogTargetPlatformManager: Display: Building Assets For Windows
[2022.12.28-00.27.51:769][  0]LogAudioDebug: Display: Lib vorbis DLL was dynamically loaded.
[2022.12.28-00.27.54:263][  0]LogTextureFormatOodle: Display: Oodle Texture 2.9.0 init RDO Off
[2022.12.28-00.27.56:953][  0]LogRendererCore: Ray tracing is disabled. Reason: r.RayTracing=0.
[2022.12.28-00.27.56:953][  0]LogShaderCompilers: Guid format shader working directory is 5 characters bigger than the processId version (../../../../../UnrealProjects/MentoramaArkanoid/Intermediate/Shaders/WorkingDirectory/22544/).
[2022.12.28-00.27.56:954][  0]LogShaderCompilers: Cleaned the shader compiler working directory 'C:/Users/AryGuilherme/AppData/Local/Temp/UnrealShaderWorkingDir/2831439C49075C6410C92BB10E9B9D6C/'.
[2022.12.28-00.27.56:954][  0]LogXGEController: Cannot use XGE Controller as Incredibuild is not installed on this machine.
[2022.12.28-00.27.56:955][  0]LogShaderCompilers: Cannot use XGE Shader Compiler as Incredibuild is not installed on this machine.
[2022.12.28-00.27.56:955][  0]LogShaderCompilers: Display: Using Local Shader Compiler.
[2022.12.28-00.27.58:194][  0]LogDerivedDataCache: Display: Max Cache Size: 512 MB
[2022.12.28-00.27.58:346][  0]LogDerivedDataCache: Loaded boot cache 0.15s 94MB C:/Users/AryGuilherme/AppData/Local/UnrealEngine/4.27/DerivedDataCache/Boot.ddc.
[2022.12.28-00.27.58:347][  0]LogDerivedDataCache: Display: Loaded Boot cache: C:/Users/AryGuilherme/AppData/Local/UnrealEngine/4.27/DerivedDataCache/Boot.ddc
[2022.12.28-00.27.58:347][  0]LogDerivedDataCache: FDerivedDataBackendGraph:  Pak pak cache file ../../../../../UnrealProjects/MentoramaArkanoid/DerivedDataCache/DDC.ddp not found, will not use a pak cache.
[2022.12.28-00.27.58:347][  0]LogDerivedDataCache: Unable to find inner node Pak for hierarchical cache Hierarchy.
[2022.12.28-00.27.58:347][  0]LogDerivedDataCache: FDerivedDataBackendGraph:  CompressedPak pak cache file ../../../../../UnrealProjects/MentoramaArkanoid/DerivedDataCache/Compressed.ddp not found, will not use a pak cache.
[2022.12.28-00.27.58:347][  0]LogDerivedDataCache: Unable to find inner node CompressedPak for hierarchical cache Hierarchy.
[2022.12.28-00.27.58:378][  0]LogDerivedDataCache: Display: Pak cache opened for reading ../../../Engine/DerivedDataCache/Compressed.ddp.
[2022.12.28-00.27.58:378][  0]LogDerivedDataCache: FDerivedDataBackendGraph:  EnterprisePak pak cache file ../../../Enterprise/DerivedDataCache/Compressed.ddp not found, will not use a pak cache.
[2022.12.28-00.27.58:378][  0]LogDerivedDataCache: Unable to find inner node EnterprisePak for hierarchical cache Hierarchy.
[2022.12.28-00.27.58:422][  0]LogDerivedDataCache: Speed tests for C:/Users/AryGuilherme/AppData/Local/UnrealEngine/Common/DerivedDataCache took 0.04 seconds
[2022.12.28-00.27.58:422][  0]LogDerivedDataCache: Display: Performance to C:/Users/AryGuilherme/AppData/Local/UnrealEngine/Common/DerivedDataCache: Latency=0.06ms. RandomReadSpeed=562.87MBs, RandomWriteSpeed=22.65MBs. Assigned SpeedClass 'Local'
[2022.12.28-00.27.58:424][  0]LogDerivedDataCache: Using Local data cache path C:/Users/AryGuilherme/AppData/Local/UnrealEngine/Common/DerivedDataCache: Writable
[2022.12.28-00.27.58:424][  0]LogDerivedDataCache: Shared data cache path not found in *engine.ini, will not use an Shared cache.
[2022.12.28-00.27.58:424][  0]LogDerivedDataCache: Unable to find inner node Shared for hierarchical cache Hierarchy.
[2022.12.28-00.27.58:502][  0]LogSlate: Using FreeType 2.10.0
[2022.12.28-00.27.58:503][  0]LogSlate: SlateFontServices - WITH_FREETYPE: 1, WITH_HARFBUZZ: 1
[2022.12.28-00.27.58:689][  0]LogAssetRegistry: FAssetRegistry took 0.0100 seconds to start up
[2022.12.28-00.27.59:067][  0]LogInit: Selected Device Profile: [Windows]
[2022.12.28-00.27.59:068][  0]LogInit: Active device profile: [000001D4DD738B00][000001D4DAB411C0 49] Windows
[2022.12.28-00.27.59:068][  0]LogInit: Profiles: [000001D4DD738B00][000001D4DAB411C0 49] Windows, [000001D4DD6EE200][000001D4DAB49340 49] WindowsNoEditor, [000001D4DD739900][000001D4DAC354C0 49] WindowsServer, [000001D4DD6EEF00][000001D4DAC39640 49] WindowsClient, [000001D4DD73BC00][000001D4DAC3D7C0 49] IOS, [000001D4DD6ECF00][000001D4DAC41940 49] iPadAir, [000001D4DD73BE00][000001D4DAC45AC0 49] iPadAir2, [000001D4DE674C00][000001D4DAC4C200 49] IPadPro, [000001D4DE674D00][000001D4DAC48240 49] iPadAir3, [000001D4DD6EFC00][000001D4DAC503C0 49] iPadAir4, [000001D4DE677600][000001D4DAC54540 49] iPadMini2, [000001D4DD6EF300][000001D4DAB44680 49] iPadMini3, [000001D4DE677800][000001D4DAC587C0 49] iPadMini4, [000001D4DD6EF900][000001D4DAC5C900 49] iPadMini5, [000001D4DE6A0600][000001D4DAC68BC0 49] iPhone6, [000001D4DE6A0700][000001D4DAC64C00 49] iPodTouch6, [000001D4DD73A900][000001D4DACC6EC0 49] iPhone7, [000001D4DD73A800][000001D4DAC6CF00 49] iPodTouch7, [000001D4DE6A0100][000001D4DACCB080 49] iPhone5S, [000001D4DE674700][000001D4DACCF200 49] iPhone6Plus, [000001D4DE6A2500][000001D4DACD3380 49] iPhone6S, [000001D4DE675300][000001D4DACD7500 49] iPhone6SPlus, [000001D4DE6A3B00][000001D4DACDB680 49] iPhone7Plus, [000001D4DE677500][000001D4DACDF800 49] iPhoneSE, [000001D4DD73A600][000001D4DACE3980 49] iPhone8, [000001D4DE674600][000001D4DACE7B00 49] iPhone8Plus, [000001D4DD73A200][000001D4DACEE100 49] iPhoneX, [000001D4DE677300][000001D4DD238280 49] iPhoneXS, [000001D4DD73B400][000001D4DD266400 49] iPhoneXSMax, [000001D4DE676D00][000001D4DD274580 49] iPhoneXR, [000001D4DD738200][000001D4DD278700 49] iPhone11, [000001D4DE675E00][000001D4DAC60840 49] iPhone11Pro, [000001D4DD73AA00][000001D4DD27C980 49] iPhone11ProMax, [000001D4DE677700][000001D4DD07AAC0 49] iPhoneSE2, [000001D4DD738D00][000001D4DD082C40 49] iPhone12Mini, [000001D4DE675F00][000001D4DD210DC0 49] iPhone12, [000001D4DD738700][000001D4DD214F40 49] iPhone12Pro, [000001D4DE675400][000001D4DD2190C0 49] iPhone12ProMax, [000001D4DD738C00][000001D4DD21D240 49] iPadPro105, [000001D4DE675700][000001D4DD6A73C0 49] iPadPro129, [000001D4DD738100][000001D4DD6AB540 49] iPadPro97, [000001D4DE677C00][000001D4DD0876C0 49] iPadPro2_129, [000001D4DD738800][000001D4DD08B840 49] iPad5, [000001D4DE677100][000001D4DD08F9C0 49] iPad6, [000001D4DD738500][000001D4DD0CFB40 49] iPad7, [000001D4DE676800][000001D4DD0D2140 49] iPad8, [000001D4DD739500][000001D4D25A42C0 49] iPadPro11, [000001D4DE675500][000001D4D25B4440 49] iPadPro2_11, [000001D4DD738F00][000001D4D25C45C0 49] iPadPro3_129, [000001D4DE676C00][000001D4D25C8740 49] iPadPro4_129, [000001D4DD73A500][000001D4D25CC8C0 49] AppleTV, [000001D4DE675100][000001D4DD07EA00 49] AppleTV4K, [000001D4DD738400][000001D4D25D0B40 49] TVOS, [000001D4DE676600][000001D4D25D4C80 49] Mac, [000001D4DD73BD00][000001D4D25D8DC0 49] MacClient, [000001D4DE675800][000001D4D25E4F40 49] MacNoEditor, [000001D4DD73B100][000001D4D25E90C0 49] MacServer, [000001D4DE677900][000001D4D25F7240 49] Linux, [000001D4DD738900][000001D4D25FB3C0 49] LinuxAArch64, [000001D4DE677F00][000001D4D25FF540 49] LinuxNoEditor, [000001D4DD739B00][000001D4D26036C0 49] LinuxAArch64NoEditor, [000001D4DE677400][000001D4DD499840 49] LinuxClient, [000001D4DD739C00][000001D4DD49D9C0 49] LinuxAArch64Client, [000001D4DE675D00][000001D4C767BB40 49] LinuxServer, [000001D4DD73AF00][000001D4C7692140 49] LinuxAArch64Server, [000001D4DE674500][000001D4C769E2C0 49] Android, [000001D4DD739E00][000001D4C76A2440 49] Android_Low, [000001D4DE677000][000001D4D20745C0 49] Android_Mid, [000001D4DD73A400][000001D4D2078740 49] Android_High, [000001D4DE674800][000001D4D207C8C0 49] Android_Default, [000001D4DD73B200][000001D4D2080A40 49] Android_Adreno4xx, [000001D4DD6EE500][000001D4D25E0B80 49] Android_Adreno5xx_Low, [000001D4DE6A1C00][000001D4D2084CC0 49] Android_Adreno5xx, [000001D4DD6EFE00][000001D4D208CE00 49] Android_Adreno6xx, [000001D4DE6A2B00][000001D4D2090F40 49] Android_Adreno6xx_Vulkan, [000001D4DD6EFF00][000001D4DD2050C0 49] Android_Mali_T6xx, [000001D4DE6A0F00][000001D4DD209240 49] Android_Mali_T7xx, [000001D4DD6ED400][000001D4DD20D3C0 49] Android_Mali_T8xx, [000001D4DE6A1F00][000001D4DD281540 49] Android_Mali_G71, [000001D4DD6EDD00][000001D4DD2856C0 49] Android_Mali_G72, [000001D4DE6A2400][000001D4DD289840 49] Android_Mali_G72_Vulkan, [000001D4DD6EF700][000001D4DD28D9C0 49] Android_Mali_G76, [000001D4DE6A2100][000001D4DD291B40 49] Android_Mali_G76_Vulkan, [000001D4DD6EDC00][000001D4DD688140 49] Android_Mali_G77, [000001D4DE6A0A00][000001D4DD68C2C0 49] Android_Mali_G77_Vulkan, [000001D4DD6EF500][000001D4D2094440 49] Android_Mali_G78, [000001D4DE6A1300][000001D4D20885C0 49] Android_Mali_G78_Vulkan, [000001D4DD6EEA00][000001D4DD690740 49] Android_Mali_G710, [000001D4DE6A3D00][000001D4DD6948C0 49] Android_Mali_G710_Vulkan, [000001D4DD6EDF00][000001D4C76A6A40 49] Android_Vulkan_SM5, [000001D4DE6A0900][000001D4DD698BC0 49] Android_PowerVR_G6xxx, [000001D4DD6EE000][000001D4DD69CD40 49] Android_PowerVR_GT7xxx, [000001D4DE6A2700][000001D4D2098E80 49] Android_PowerVR_GE8xxx, [000001D4DD6EE400][000001D4DD6A0FC0 49] Android_PowerVR_GM9xxx, [000001D4DE6A3200][000001D4DD52B100 49] Android_PowerVR_GM9xxx_Vulkan, [000001D4DD6EF100][000001D4DD533280 49] Android_TegraK1, [000001D4DE6A1700][000001D4DD537400 49] Android_Unknown_Vulkan, [000001D4DD6EF800][000001D4DD53B580 49] Lumin, [000001D4DE6A0200][000001D4DD53F700 49] Lumin_Desktop, [000001D4DD6EE300][000001D4DD543880 49] HoloLens, 
[2022.12.28-00.28.01:221][  0]LogMeshReduction: Using QuadricMeshReduction for automatic static mesh reduction
[2022.12.28-00.28.01:222][  0]LogMeshReduction: Using SimplygonMeshReduction for automatic skeletal mesh reduction
[2022.12.28-00.28.01:222][  0]LogMeshReduction: Using ProxyLODMeshReduction for automatic mesh merging
[2022.12.28-00.28.01:222][  0]LogMeshReduction: No distributed automatic mesh merging module available
[2022.12.28-00.28.01:222][  0]LogMeshMerging: No distributed automatic mesh merging module available
[2022.12.28-00.28.01:387][  0]LogNetVersion: MentoramaArkanoid 1.0.0, NetCL: 17155196, EngineNetVer: 17, GameNetVer: 0 (Checksum: 2628309860)
[2022.12.28-00.28.01:966][  0]LogTexture: Default maximum texture size for cubemaps generated from long-lat sources has been changed from 512 to unlimited. In order to preserve old behaiour for '/Engine/MapTemplates/Sky/DaylightAmbientCubemap.DaylightAmbientCubemap', its maximum texture size has been explicitly set to 512.
[2022.12.28-00.28.02:082][  0]LogHMD: PokeAHoleMaterial loaded successfully
[2022.12.28-00.28.02:096][  0]LogUObjectArray: 17179 objects as part of root set at end of initial load.
[2022.12.28-00.28.02:096][  0]LogUObjectAllocator: 4302256 out of 0 bytes used by permanent object pool.
[2022.12.28-00.28.02:096][  0]LogUObjectArray: CloseDisregardForGC: 0/0 objects in disregard for GC pool
[2022.12.28-00.28.12:694][  0]LogNiagaraDebuggerClient: Niagara Debugger Client Initialized | Session: 830DDFE1453243A662626897DBFBAC5D | Instance: 8D12DBAD42802ABFDC72ACB0570CE0AD (DESKTOP-9UR4MJL-22544).
[2022.12.28-00.28.14:028][  0]LogPython: Using Python 3.7.7
[2022.12.28-00.28.16:709][  0]LogTcpMessaging: Initializing TcpMessaging bridge
[2022.12.28-00.28.16:804][  0]LogUdpMessaging: Initializing bridge on interface 0.0.0.0:0 to multicast group 230.0.0.1:6666.
[2022.12.28-00.28.25:870][  0]SourceControl: Source control is disabled
[2022.12.28-00.28.25:870][  0]SourceControl: Source control is disabled
[2022.12.28-00.28.26:523][  0]SourceControl: Source control is disabled
[2022.12.28-00.28.26:701][  0]SourceControl: Source control is disabled
[2022.12.28-00.28.27:757][  0]LogUProjectInfo: Found projects:
[2022.12.28-00.28.27:969][  0]SourceControl: Source control is disabled
[2022.12.28-00.28.28:330][  0]LogOpenImageDenoise: OIDN starting up
[2022.12.28-00.28.29:539][  0]LogAndroidPermission: UAndroidPermissionCallbackProxy::GetInstance
[2022.12.28-00.28.30:168][  0]LogAudioCaptureCore: Display: No Audio Capture implementations found. Audio input will be silent.
[2022.12.28-00.28.30:168][  0]LogAudioCaptureCore: Display: No Audio Capture implementations found. Audio input will be silent.
[2022.12.28-00.28.32:095][  0]LogCollectionManager: Loaded 0 collections in 0.003854 seconds
[2022.12.28-00.28.32:490][  0]LogFileCache: Scanning file cache for directory 'D:/UnrealProjects/MentoramaArkanoid/Saved/Collections/' took 0.00s
[2022.12.28-00.28.32:491][  0]LogFileCache: Scanning file cache for directory 'D:/UnrealProjects/MentoramaArkanoid/Content/Developers/AryGuilherme/Collections/' took 0.01s
[2022.12.28-00.28.32:491][  0]LogFileCache: Scanning file cache for directory 'D:/UnrealProjects/MentoramaArkanoid/Content/Collections/' took 0.00s
[2022.12.28-00.28.32:491][  0]LogOcInput: OculusInput pre-init called
[2022.12.28-00.28.33:532][  0]LogEngine: Initializing Engine...
[2022.12.28-00.28.33:538][  0]LogHMD: Failed to enumerate extensions. Please check that you have a valid OpenXR runtime installed.
[2022.12.28-00.28.33:538][  0]LogHMD: Failed to initialize OpenVR with code 110
[2022.12.28-00.28.33:538][  0]LogMagicLeap: Warning: VR disabled because ZI is not enabled.  To enable, in the editor, Edit -> Project Settings -> Plugins -> Magic Leap Plugin -> Enable Zero Iteration
[2022.12.28-00.28.33:539][  0]LogStats: UGameplayTagsManager::InitializeManager -  0.000 s
[2022.12.28-00.28.33:830][  0]LogInit: Initializing FReadOnlyCVARCache
[2022.12.28-00.28.33:958][  0]LogAIModule: Creating AISystem for world Untitled
[2022.12.28-00.28.33:959][  0]LogAudio: Display: Initializing Audio Device Manager...
[2022.12.28-00.28.34:097][  0]LogAudio: Display: Loading Default Audio Settings Objects...
[2022.12.28-00.28.34:098][  0]LogAudio: Display: No default SoundConcurrencyObject specified (or failed to load).
[2022.12.28-00.28.34:098][  0]LogAudio: Display: Audio Device Manager Initialized
[2022.12.28-00.28.34:099][  0]LogAudio: Display: Creating Audio Device:                 Id: 1, Scope: Shared, Realtime: True
[2022.12.28-00.28.34:099][  0]LogAudioMixer: Display: Audio Mixer Platform Settings:
[2022.12.28-00.28.34:099][  0]LogAudioMixer: Display: 	Sample Rate:						  48000
[2022.12.28-00.28.34:099][  0]LogAudioMixer: Display: 	Callback Buffer Frame Size Requested: 1024
[2022.12.28-00.28.34:099][  0]LogAudioMixer: Display: 	Callback Buffer Frame Size To Use:	  1024
[2022.12.28-00.28.34:099][  0]LogAudioMixer: Display: 	Number of buffers to queue:			  2
[2022.12.28-00.28.34:099][  0]LogAudioMixer: Display: 	Max Channels (voices):				  32
[2022.12.28-00.28.34:099][  0]LogAudioMixer: Display: 	Number of Async Source Workers:		  0
[2022.12.28-00.28.34:099][  0]LogAudio: Display: AudioDevice MaxSources: 32
[2022.12.28-00.28.34:100][  0]LogAudio: Display: Audio Spatialization Plugin: None (built-in).
[2022.12.28-00.28.34:100][  0]LogAudio: Display: Audio Reverb Plugin: None (built-in).
[2022.12.28-00.28.34:100][  0]LogAudio: Display: Audio Occlusion Plugin: None (built-in).
[2022.12.28-00.28.34:100][  0]LogAudioMixer: Display: Initializing audio mixer.
[2022.12.28-00.28.34:154][  0]LogAudioMixer: Display: 0: FrontLeft
[2022.12.28-00.28.34:155][  0]LogAudioMixer: Display: 1: FrontRight
[2022.12.28-00.28.34:214][  0]LogAudioMixer: Display: Using Audio Device Alto-falantes (HyperX Cloud Stinger Core Wireless + 7.1)
[2022.12.28-00.28.34:214][  0]LogAudioMixer: Display: Initializing Sound Submixes...
[2022.12.28-00.28.34:218][  0]LogAudioMixer: Display: Creating Master Submix 'MasterSubmixDefault'
[2022.12.28-00.28.34:219][  0]LogAudioMixer: Display: Creating Master Submix 'MasterReverbSubmixDefault'
[2022.12.28-00.28.34:221][  0]LogAudioMixer: Display: Creating Master Submix 'MasterEQSubmixDefault'
[2022.12.28-00.28.34:222][  0]LogAudioMixer: FMixerPlatformXAudio2::StartAudioStream() called
[2022.12.28-00.28.34:222][  0]LogAudioMixer: Display: Output buffers initialized: Frames=1024, Channels=2, Samples=2048
[2022.12.28-00.28.34:225][  0]LogAudioMixer: Display: Starting AudioMixerPlatformInterface::RunInternal()
[2022.12.28-00.28.34:225][  0]LogAudioMixer: Display: FMixerPlatformXAudio2::SubmitBuffer() called for the first time
[2022.12.28-00.28.34:225][  0]LogInit: FAudioDevice initialized.
[2022.12.28-00.28.34:225][  0]LogAudio: Display: Audio Device (ID: 1) registered with world 'Untitled'.
[2022.12.28-00.28.34:226][  0]LogNetVersion: Set ProjectVersion to 1.0.0.0. Version Checksum will be recalculated on next use.
[2022.12.28-00.28.34:327][  0]LogDerivedDataCache: Saved boot cache 0.10s 94MB C:/Users/AryGuilherme/AppData/Local/UnrealEngine/4.27/DerivedDataCache/Boot.ddc.
[2022.12.28-00.28.34:331][  0]LogInit: Texture streaming: Enabled
[2022.12.28-00.28.34:573][  0]LogAnalytics: Display: [UEEditor.Rocket.Release] APIServer = https://datarouter.ol.epicgames.com/. AppVersion = 4.27.2-18319896+++UE4+Release-4.27
[2022.12.28-00.28.34:686][  0]LogEngineSessionManager: EngineSessionManager initialized
[2022.12.28-00.28.34:686][  0]LogEditorSessionSummary: Verbose: Initializing EditorSessionSummaryWriter for editor session tracking
[2022.12.28-00.28.34:707][  0]LogEditorSessionSummary: EditorSessionSummaryWriter initialized
[2022.12.28-00.28.34:982][  0]LogInit: Transaction tracking system initialized
[2022.12.28-00.28.35:914][  0]BlueprintLog: New page: Editor Load
[2022.12.28-00.28.37:910][  0]LocalizationService: Localization service is disabled
[2022.12.28-00.28.38:792][  0]TimingProfiler: Initialize
[2022.12.28-00.28.38:792][  0]TimingProfiler: OnSessionChanged
[2022.12.28-00.28.38:793][  0]LoadingProfiler: Initialize
[2022.12.28-00.28.38:793][  0]LoadingProfiler: OnSessionChanged
[2022.12.28-00.28.38:793][  0]NetworkingProfiler: Initialize
[2022.12.28-00.28.38:793][  0]NetworkingProfiler: OnSessionChanged
[2022.12.28-00.28.38:794][  0]MemoryProfiler: Initialize
[2022.12.28-00.28.38:794][  0]MemoryProfiler: OnSessionChanged
[2022.12.28-00.28.40:360][  0]LogCook: Display: CookSettings for Memory: MemoryMaxUsedVirtual 0MiB, MemoryMaxUsedPhysical 16384MiB, MemoryMinFreeVirtual 0MiB, MemoryMinFreePhysical 1024MiB
[2022.12.28-00.28.40:360][  0]LogFileCache: Scanning file cache for directory 'D:/UnrealProjects/MentoramaArkanoid/Content/' took 0.01s
[2022.12.28-00.28.40:361][  0]LogCook: Display: Mobile HDR setting 1
[2022.12.28-00.28.44:859][  0]LogInit: Display: Engine is initialized. Leaving FEngineLoop::Init()
[2022.12.28-00.28.44:873][  0]SourceControl: Source control is disabled
[2022.12.28-00.28.44:873][  0]LogUnrealEdMisc: Loading editor; pre map load, took 85.917
[2022.12.28-00.28.44:873][  0]Cmd: MAP LOAD FILE="../../../../../UnrealProjects/MentoramaArkanoid/Content/Levels/Level_01/MapLevel_01.umap" TEMPLATE=0 SHOWPROGRESS=1 FEATURELEVEL=3
[2022.12.28-00.28.44:874][  0]LightingResults: New page: Lighting Build
[2022.12.28-00.28.44:875][  0]LogWorld: UWorld::CleanupWorld for Untitled, bSessionEnded=true, bCleanupResources=true
[2022.12.28-00.28.44:876][  0]LogSlate: InvalidateAllWidgets triggered.  All widgets were invalidated
[2022.12.28-00.28.44:876][  0]MapCheck: New page: Map Check
[2022.12.28-00.28.44:876][  0]LightingResults: New page: Lighting Build
[2022.12.28-00.28.44:898][  0]LogAudio: Display: Audio Device unregistered from world 'None'.
[2022.12.28-00.28.44:905][  0]LogUObjectHash: Compacting FUObjectHashTables data took   1.27ms
[2022.12.28-00.28.45:005][  0]LogAudio: Display: Audio Device (ID: 1) registered with world 'MapLevel_01'.
[2022.12.28-00.28.45:007][  0]LogAIModule: Creating AISystem for world MapLevel_01
[2022.12.28-00.28.45:017][  0]LogEditorServer: Finished looking for orphan Actors (0.001 secs)
[2022.12.28-00.28.45:056][  0]LogUObjectHash: Compacting FUObjectHashTables data took   1.98ms
[2022.12.28-00.28.45:057][  0]Cmd: MAP CHECKDEP NOCLEARLOG
[2022.12.28-00.28.45:057][  0]MapCheck: Map check complete: 0 Error(s), 0 Warning(s), took 0.116ms to complete.
[2022.12.28-00.28.45:057][  0]LogFileHelpers: Loading map 'MapLevel_01' took 0.184
[2022.12.28-00.28.45:060][  0]LogUnrealEdMisc: Total Editor Startup Time, took 86.104
[2022.12.28-00.28.45:580][  0]LogSlate: Updating window title bar state: overlay mode, drag disabled, window buttons hidden, title bar hidden
[2022.12.28-00.28.45:589][  0]LogSlate: Updating window title bar state: overlay mode, drag disabled, window buttons hidden, title bar hidden
[2022.12.28-00.28.45:599][  0]LogSlate: Updating window title bar state: overlay mode, drag disabled, window buttons hidden, title bar hidden
[2022.12.28-00.28.45:607][  0]LogSlate: Updating window title bar state: overlay mode, drag disabled, window buttons hidden, title bar hidden
[2022.12.28-00.28.45:642][  0]LogNativeClassHierarchy: Verbose: Native class hierarchy populated in 0.0186 seconds. Added 3830 classes and 930 folders.
[2022.12.28-00.28.45:649][  0]LogNativeClassHierarchy: Verbose: Native class hierarchy updated for 'WidgetCarousel' in 0.0004 seconds. Added 0 classes and 0 folders.
[2022.12.28-00.28.45:651][  0]LogPakFile: PakFile PrimaryIndexSize=187
[2022.12.28-00.28.45:652][  0]LogPakFile: PakFile PathHashIndexSize=101
[2022.12.28-00.28.45:652][  0]LogPakFile: PakFile FullDirectoryIndexSize=148
[2022.12.28-00.28.45:652][  0]LogShaderLibrary: Display: ShaderCodeLibraryPakFileMountedCallback: PakFile 'D:/EpicGames/UE_4.27/FeaturePacks/FP_FirstPerson.upack' (chunk index -1, root 'root:/') mounted
[2022.12.28-00.28.45:652][  0]LogShaderLibrary: Display: ShaderCodeLibraryPakFileMountedCallback: pending pak file info (ChunkID:-1 Root:root:/ File:D:/EpicGames/UE_4.27/FeaturePacks/FP_FirstPerson.upack)
[2022.12.28-00.28.45:652][  0]LogPakFile: OnPakFileMounted2Time == 0.000220
[2022.12.28-00.28.45:653][  0]LogPakFile: PakFile PrimaryIndexSize=189
[2022.12.28-00.28.45:653][  0]LogPakFile: PakFile PathHashIndexSize=101
[2022.12.28-00.28.45:653][  0]LogPakFile: PakFile FullDirectoryIndexSize=152
[2022.12.28-00.28.45:653][  0]LogShaderLibrary: Display: ShaderCodeLibraryPakFileMountedCallback: PakFile 'D:/EpicGames/UE_4.27/FeaturePacks/FP_FirstPersonBP.upack' (chunk index -1, root 'root:/') mounted
[2022.12.28-00.28.45:653][  0]LogShaderLibrary: Display: ShaderCodeLibraryPakFileMountedCallback: pending pak file info (ChunkID:-1 Root:root:/ File:D:/EpicGames/UE_4.27/FeaturePacks/FP_FirstPersonBP.upack)
[2022.12.28-00.28.45:653][  0]LogPakFile: OnPakFileMounted2Time == 0.000213
[2022.12.28-00.28.45:654][  0]LogPakFile: PakFile PrimaryIndexSize=191
[2022.12.28-00.28.45:654][  0]LogPakFile: PakFile PathHashIndexSize=101
[2022.12.28-00.28.45:654][  0]LogPakFile: PakFile FullDirectoryIndexSize=160
[2022.12.28-00.28.45:654][  0]LogShaderLibrary: Display: ShaderCodeLibraryPakFileMountedCallback: PakFile 'D:/EpicGames/UE_4.27/FeaturePacks/MobileStarterContent.upack' (chunk index -1, root 'root:/') mounted
[2022.12.28-00.28.45:655][  0]LogShaderLibrary: Display: ShaderCodeLibraryPakFileMountedCallback: pending pak file info (ChunkID:-1 Root:root:/ File:D:/EpicGames/UE_4.27/FeaturePacks/MobileStarterContent.upack)
[2022.12.28-00.28.45:655][  0]LogPakFile: OnPakFileMounted2Time == 0.000218
[2022.12.28-00.28.45:655][  0]LogPakFile: PakFile PrimaryIndexSize=185
[2022.12.28-00.28.45:656][  0]LogPakFile: PakFile PathHashIndexSize=101
[2022.12.28-00.28.45:656][  0]LogPakFile: PakFile FullDirectoryIndexSize=148
[2022.12.28-00.28.45:656][  0]LogShaderLibrary: Display: ShaderCodeLibraryPakFileMountedCallback: PakFile 'D:/EpicGames/UE_4.27/FeaturePacks/StarterContent.upack' (chunk index -1, root 'root:/') mounted
[2022.12.28-00.28.45:656][  0]LogShaderLibrary: Display: ShaderCodeLibraryPakFileMountedCallback: pending pak file info (ChunkID:-1 Root:root:/ File:D:/EpicGames/UE_4.27/FeaturePacks/StarterContent.upack)
[2022.12.28-00.28.45:656][  0]LogPakFile: OnPakFileMounted2Time == 0.000206
[2022.12.28-00.28.45:657][  0]LogPakFile: PakFile PrimaryIndexSize=190
[2022.12.28-00.28.45:657][  0]LogPakFile: PakFile PathHashIndexSize=101
[2022.12.28-00.28.45:657][  0]LogPakFile: PakFile FullDirectoryIndexSize=154
[2022.12.28-00.28.45:657][  0]LogShaderLibrary: Display: ShaderCodeLibraryPakFileMountedCallback: PakFile 'D:/EpicGames/UE_4.27/FeaturePacks/TP_2DSideScroller.upack' (chunk index -1, root 'root:/') mounted
[2022.12.28-00.28.45:657][  0]LogShaderLibrary: Display: ShaderCodeLibraryPakFileMountedCallback: pending pak file info (ChunkID:-1 Root:root:/ File:D:/EpicGames/UE_4.27/FeaturePacks/TP_2DSideScroller.upack)
[2022.12.28-00.28.45:657][  0]LogPakFile: OnPakFileMounted2Time == 0.000195
[2022.12.28-00.28.45:658][  0]LogPakFile: PakFile PrimaryIndexSize=192
[2022.12.28-00.28.45:658][  0]LogPakFile: PakFile PathHashIndexSize=101
[2022.12.28-00.28.45:658][  0]LogPakFile: PakFile FullDirectoryIndexSize=158
[2022.12.28-00.28.45:658][  0]LogShaderLibrary: Display: ShaderCodeLibraryPakFileMountedCallback: PakFile 'D:/EpicGames/UE_4.27/FeaturePacks/TP_2DSideScrollerBP.upack' (chunk index -1, root 'root:/') mounted
[2022.12.28-00.28.45:658][  0]LogShaderLibrary: Display: ShaderCodeLibraryPakFileMountedCallback: pending pak file info (ChunkID:-1 Root:root:/ File:D:/EpicGames/UE_4.27/FeaturePacks/TP_2DSideScrollerBP.upack)
[2022.12.28-00.28.45:659][  0]LogPakFile: OnPakFileMounted2Time == 0.000189
[2022.12.28-00.28.45:659][  0]LogPakFile: PakFile PrimaryIndexSize=182
[2022.12.28-00.28.45:659][  0]LogPakFile: PakFile PathHashIndexSize=101
[2022.12.28-00.28.45:660][  0]LogPakFile: PakFile FullDirectoryIndexSize=138
[2022.12.28-00.28.45:660][  0]LogShaderLibrary: Display: ShaderCodeLibraryPakFileMountedCallback: PakFile 'D:/EpicGames/UE_4.27/FeaturePacks/TP_Flying.upack' (chunk index -1, root 'root:/') mounted
[2022.12.28-00.28.45:660][  0]LogShaderLibrary: Display: ShaderCodeLibraryPakFileMountedCallback: pending pak file info (ChunkID:-1 Root:root:/ File:D:/EpicGames/UE_4.27/FeaturePacks/TP_Flying.upack)
[2022.12.28-00.28.45:660][  0]LogPakFile: OnPakFileMounted2Time == 0.000211
[2022.12.28-00.28.45:661][  0]LogPakFile: PakFile PrimaryIndexSize=184
[2022.12.28-00.28.45:661][  0]LogPakFile: PakFile PathHashIndexSize=101
[2022.12.28-00.28.45:661][  0]LogPakFile: PakFile FullDirectoryIndexSize=142
[2022.12.28-00.28.45:661][  0]LogShaderLibrary: Display: ShaderCodeLibraryPakFileMountedCallback: PakFile 'D:/EpicGames/UE_4.27/FeaturePacks/TP_FlyingBP.upack' (chunk index -1, root 'root:/') mounted
[2022.12.28-00.28.45:661][  0]LogShaderLibrary: Display: ShaderCodeLibraryPakFileMountedCallback: pending pak file info (ChunkID:-1 Root:root:/ File:D:/EpicGames/UE_4.27/FeaturePacks/TP_FlyingBP.upack)
[2022.12.28-00.28.45:662][  0]LogPakFile: OnPakFileMounted2Time == 0.000819
[2022.12.28-00.28.45:664][  0]LogPakFile: PakFile PrimaryIndexSize=188
[2022.12.28-00.28.45:664][  0]LogPakFile: PakFile PathHashIndexSize=101
[2022.12.28-00.28.45:664][  0]LogPakFile: PakFile FullDirectoryIndexSize=150
[2022.12.28-00.28.45:664][  0]LogShaderLibrary: Display: ShaderCodeLibraryPakFileMountedCallback: PakFile 'D:/EpicGames/UE_4.27/FeaturePacks/TP_HandheldARBP.upack' (chunk index -1, root 'root:/') mounted
[2022.12.28-00.28.45:664][  0]LogShaderLibrary: Display: ShaderCodeLibraryPakFileMountedCallback: pending pak file info (ChunkID:-1 Root:root:/ File:D:/EpicGames/UE_4.27/FeaturePacks/TP_HandheldARBP.upack)
[2022.12.28-00.28.45:665][  0]LogPakFile: OnPakFileMounted2Time == 0.000259
[2022.12.28-00.28.45:666][  0]LogPakFile: PakFile PrimaryIndexSize=182
[2022.12.28-00.28.45:666][  0]LogPakFile: PakFile PathHashIndexSize=101
[2022.12.28-00.28.45:667][  0]LogPakFile: PakFile FullDirectoryIndexSize=138
[2022.12.28-00.28.45:667][  0]LogShaderLibrary: Display: ShaderCodeLibraryPakFileMountedCallback: PakFile 'D:/EpicGames/UE_4.27/FeaturePacks/TP_Puzzle.upack' (chunk index -1, root 'root:/') mounted
[2022.12.28-00.28.45:667][  0]LogShaderLibrary: Display: ShaderCodeLibraryPakFileMountedCallback: pending pak file info (ChunkID:-1 Root:root:/ File:D:/EpicGames/UE_4.27/FeaturePacks/TP_Puzzle.upack)
[2022.12.28-00.28.45:667][  0]LogPakFile: OnPakFileMounted2Time == 0.000215
[2022.12.28-00.28.45:668][  0]LogPakFile: PakFile PrimaryIndexSize=184
[2022.12.28-00.28.45:668][  0]LogPakFile: PakFile PathHashIndexSize=101
[2022.12.28-00.28.45:668][  0]LogPakFile: PakFile FullDirectoryIndexSize=142
[2022.12.28-00.28.45:668][  0]LogShaderLibrary: Display: ShaderCodeLibraryPakFileMountedCallback: PakFile 'D:/EpicGames/UE_4.27/FeaturePacks/TP_PuzzleBP.upack' (chunk index -1, root 'root:/') mounted
[2022.12.28-00.28.45:668][  0]LogShaderLibrary: Display: ShaderCodeLibraryPakFileMountedCallback: pending pak file info (ChunkID:-1 Root:root:/ File:D:/EpicGames/UE_4.27/FeaturePacks/TP_PuzzleBP.upack)
[2022.12.28-00.28.45:668][  0]LogPakFile: OnPakFileMounted2Time == 0.000208
[2022.12.28-00.28.45:669][  0]LogPakFile: PakFile PrimaryIndexSize=183
[2022.12.28-00.28.45:669][  0]LogPakFile: PakFile PathHashIndexSize=101
[2022.12.28-00.28.45:669][  0]LogPakFile: PakFile FullDirectoryIndexSize=140
[2022.12.28-00.28.45:669][  0]LogShaderLibrary: Display: ShaderCodeLibraryPakFileMountedCallback: PakFile 'D:/EpicGames/UE_4.27/FeaturePacks/TP_Rolling.upack' (chunk index -1, root 'root:/') mounted
[2022.12.28-00.28.45:669][  0]LogShaderLibrary: Display: ShaderCodeLibraryPakFileMountedCallback: pending pak file info (ChunkID:-1 Root:root:/ File:D:/EpicGames/UE_4.27/FeaturePacks/TP_Rolling.upack)
[2022.12.28-00.28.45:669][  0]LogPakFile: OnPakFileMounted2Time == 0.000168
[2022.12.28-00.28.45:670][  0]LogPakFile: PakFile PrimaryIndexSize=185
[2022.12.28-00.28.45:670][  0]LogPakFile: PakFile PathHashIndexSize=101
[2022.12.28-00.28.45:670][  0]LogPakFile: PakFile FullDirectoryIndexSize=144
[2022.12.28-00.28.45:670][  0]LogShaderLibrary: Display: ShaderCodeLibraryPakFileMountedCallback: PakFile 'D:/EpicGames/UE_4.27/FeaturePacks/TP_RollingBP.upack' (chunk index -1, root 'root:/') mounted
[2022.12.28-00.28.45:670][  0]LogShaderLibrary: Display: ShaderCodeLibraryPakFileMountedCallback: pending pak file info (ChunkID:-1 Root:root:/ File:D:/EpicGames/UE_4.27/FeaturePacks/TP_RollingBP.upack)
[2022.12.28-00.28.45:670][  0]LogPakFile: OnPakFileMounted2Time == 0.000170
[2022.12.28-00.28.45:671][  0]LogPakFile: PakFile PrimaryIndexSize=188
[2022.12.28-00.28.45:671][  0]LogPakFile: PakFile PathHashIndexSize=101
[2022.12.28-00.28.45:671][  0]LogPakFile: PakFile FullDirectoryIndexSize=150
[2022.12.28-00.28.45:671][  0]LogShaderLibrary: Display: ShaderCodeLibraryPakFileMountedCallback: PakFile 'D:/EpicGames/UE_4.27/FeaturePacks/TP_SideScroller.upack' (chunk index -1, root 'root:/') mounted
[2022.12.28-00.28.45:672][  0]LogShaderLibrary: Display: ShaderCodeLibraryPakFileMountedCallback: pending pak file info (ChunkID:-1 Root:root:/ File:D:/EpicGames/UE_4.27/FeaturePacks/TP_SideScroller.upack)
[2022.12.28-00.28.45:672][  0]LogPakFile: OnPakFileMounted2Time == 0.000187
[2022.12.28-00.28.45:672][  0]LogPakFile: PakFile PrimaryIndexSize=190
[2022.12.28-00.28.45:672][  0]LogPakFile: PakFile PathHashIndexSize=101
[2022.12.28-00.28.45:673][  0]LogPakFile: PakFile FullDirectoryIndexSize=154
[2022.12.28-00.28.45:673][  0]LogShaderLibrary: Display: ShaderCodeLibraryPakFileMountedCallback: PakFile 'D:/EpicGames/UE_4.27/FeaturePacks/TP_SideScrollerBP.upack' (chunk index -1, root 'root:/') mounted
[2022.12.28-00.28.45:673][  0]LogShaderLibrary: Display: ShaderCodeLibraryPakFileMountedCallback: pending pak file info (ChunkID:-1 Root:root:/ File:D:/EpicGames/UE_4.27/FeaturePacks/TP_SideScrollerBP.upack)
[2022.12.28-00.28.45:673][  0]LogPakFile: OnPakFileMounted2Time == 0.000189
[2022.12.28-00.28.45:674][  0]LogPakFile: PakFile PrimaryIndexSize=187
[2022.12.28-00.28.45:674][  0]LogPakFile: PakFile PathHashIndexSize=101
[2022.12.28-00.28.45:674][  0]LogPakFile: PakFile FullDirectoryIndexSize=148
[2022.12.28-00.28.45:674][  0]LogShaderLibrary: Display: ShaderCodeLibraryPakFileMountedCallback: PakFile 'D:/EpicGames/UE_4.27/FeaturePacks/TP_ThirdPerson.upack' (chunk index -1, root 'root:/') mounted
[2022.12.28-00.28.45:674][  0]LogShaderLibrary: Display: ShaderCodeLibraryPakFileMountedCallback: pending pak file info (ChunkID:-1 Root:root:/ File:D:/EpicGames/UE_4.27/FeaturePacks/TP_ThirdPerson.upack)
[2022.12.28-00.28.45:674][  0]LogPakFile: OnPakFileMounted2Time == 0.000198
[2022.12.28-00.28.45:675][  0]LogPakFile: PakFile PrimaryIndexSize=189
[2022.12.28-00.28.45:675][  0]LogPakFile: PakFile PathHashIndexSize=101
[2022.12.28-00.28.45:675][  0]LogPakFile: PakFile FullDirectoryIndexSize=152
[2022.12.28-00.28.45:675][  0]LogShaderLibrary: Display: ShaderCodeLibraryPakFileMountedCallback: PakFile 'D:/EpicGames/UE_4.27/FeaturePacks/TP_ThirdPersonBP.upack' (chunk index -1, root 'root:/') mounted
[2022.12.28-00.28.45:675][  0]LogShaderLibrary: Display: ShaderCodeLibraryPakFileMountedCallback: pending pak file info (ChunkID:-1 Root:root:/ File:D:/EpicGames/UE_4.27/FeaturePacks/TP_ThirdPersonBP.upack)
[2022.12.28-00.28.45:675][  0]LogPakFile: OnPakFileMounted2Time == 0.000202
[2022.12.28-00.28.45:676][  0]LogPakFile: PakFile PrimaryIndexSize=183
[2022.12.28-00.28.45:676][  0]LogPakFile: PakFile PathHashIndexSize=101
[2022.12.28-00.28.45:676][  0]LogPakFile: PakFile FullDirectoryIndexSize=140
[2022.12.28-00.28.45:676][  0]LogShaderLibrary: Display: ShaderCodeLibraryPakFileMountedCallback: PakFile 'D:/EpicGames/UE_4.27/FeaturePacks/TP_TopDown.upack' (chunk index -1, root 'root:/') mounted
[2022.12.28-00.28.45:677][  0]LogShaderLibrary: Display: ShaderCodeLibraryPakFileMountedCallback: pending pak file info (ChunkID:-1 Root:root:/ File:D:/EpicGames/UE_4.27/FeaturePacks/TP_TopDown.upack)
[2022.12.28-00.28.45:677][  0]LogPakFile: OnPakFileMounted2Time == 0.000212
[2022.12.28-00.28.45:677][  0]LogPakFile: PakFile PrimaryIndexSize=185
[2022.12.28-00.28.45:678][  0]LogPakFile: PakFile PathHashIndexSize=101
[2022.12.28-00.28.45:678][  0]LogPakFile: PakFile FullDirectoryIndexSize=144
[2022.12.28-00.28.45:678][  0]LogShaderLibrary: Display: ShaderCodeLibraryPakFileMountedCallback: PakFile 'D:/EpicGames/UE_4.27/FeaturePacks/TP_TopDownBP.upack' (chunk index -1, root 'root:/') mounted
[2022.12.28-00.28.45:678][  0]LogShaderLibrary: Display: ShaderCodeLibraryPakFileMountedCallback: pending pak file info (ChunkID:-1 Root:root:/ File:D:/EpicGames/UE_4.27/FeaturePacks/TP_TopDownBP.upack)
[2022.12.28-00.28.45:678][  0]LogPakFile: OnPakFileMounted2Time == 0.000208
[2022.12.28-00.28.45:680][  0]LogPakFile: PakFile PrimaryIndexSize=185
[2022.12.28-00.28.45:680][  0]LogPakFile: PakFile PathHashIndexSize=101
[2022.12.28-00.28.45:680][  0]LogPakFile: PakFile FullDirectoryIndexSize=144
[2022.12.28-00.28.45:680][  0]LogShaderLibrary: Display: ShaderCodeLibraryPakFileMountedCallback: PakFile 'D:/EpicGames/UE_4.27/FeaturePacks/TP_TwinStick.upack' (chunk index -1, root 'root:/') mounted
[2022.12.28-00.28.45:680][  0]LogShaderLibrary: Display: ShaderCodeLibraryPakFileMountedCallback: pending pak file info (ChunkID:-1 Root:root:/ File:D:/EpicGames/UE_4.27/FeaturePacks/TP_TwinStick.upack)
[2022.12.28-00.28.45:681][  0]LogPakFile: OnPakFileMounted2Time == 0.000346
[2022.12.28-00.28.45:682][  0]LogPakFile: PakFile PrimaryIndexSize=187
[2022.12.28-00.28.45:682][  0]LogPakFile: PakFile PathHashIndexSize=101
[2022.12.28-00.28.45:682][  0]LogPakFile: PakFile FullDirectoryIndexSize=148
[2022.12.28-00.28.45:682][  0]LogShaderLibrary: Display: ShaderCodeLibraryPakFileMountedCallback: PakFile 'D:/EpicGames/UE_4.27/FeaturePacks/TP_TwinStickBP.upack' (chunk index -1, root 'root:/') mounted
[2022.12.28-00.28.45:682][  0]LogShaderLibrary: Display: ShaderCodeLibraryPakFileMountedCallback: pending pak file info (ChunkID:-1 Root:root:/ File:D:/EpicGames/UE_4.27/FeaturePacks/TP_TwinStickBP.upack)
[2022.12.28-00.28.45:683][  0]LogPakFile: OnPakFileMounted2Time == 0.000251
[2022.12.28-00.28.45:683][  0]LogPakFile: PakFile PrimaryIndexSize=183
[2022.12.28-00.28.45:683][  0]LogPakFile: PakFile PathHashIndexSize=101
[2022.12.28-00.28.45:684][  0]LogPakFile: PakFile FullDirectoryIndexSize=140
[2022.12.28-00.28.45:684][  0]LogShaderLibrary: Display: ShaderCodeLibraryPakFileMountedCallback: PakFile 'D:/EpicGames/UE_4.27/FeaturePacks/TP_Vehicle.upack' (chunk index -1, root 'root:/') mounted
[2022.12.28-00.28.45:684][  0]LogShaderLibrary: Display: ShaderCodeLibraryPakFileMountedCallback: pending pak file info (ChunkID:-1 Root:root:/ File:D:/EpicGames/UE_4.27/FeaturePacks/TP_Vehicle.upack)
[2022.12.28-00.28.45:684][  0]LogPakFile: OnPakFileMounted2Time == 0.000237
[2022.12.28-00.28.45:685][  0]LogPakFile: PakFile PrimaryIndexSize=186
[2022.12.28-00.28.45:685][  0]LogPakFile: PakFile PathHashIndexSize=101
[2022.12.28-00.28.45:685][  0]LogPakFile: PakFile FullDirectoryIndexSize=146
[2022.12.28-00.28.45:685][  0]LogShaderLibrary: Display: ShaderCodeLibraryPakFileMountedCallback: PakFile 'D:/EpicGames/UE_4.27/FeaturePacks/TP_VehicleAdv.upack' (chunk index -1, root 'root:/') mounted
[2022.12.28-00.28.45:685][  0]LogShaderLibrary: Display: ShaderCodeLibraryPakFileMountedCallback: pending pak file info (ChunkID:-1 Root:root:/ File:D:/EpicGames/UE_4.27/FeaturePacks/TP_VehicleAdv.upack)
[2022.12.28-00.28.45:685][  0]LogPakFile: OnPakFileMounted2Time == 0.000200
[2022.12.28-00.28.45:686][  0]LogPakFile: PakFile PrimaryIndexSize=188
[2022.12.28-00.28.45:686][  0]LogPakFile: PakFile PathHashIndexSize=101
[2022.12.28-00.28.45:686][  0]LogPakFile: PakFile FullDirectoryIndexSize=150
[2022.12.28-00.28.45:686][  0]LogShaderLibrary: Display: ShaderCodeLibraryPakFileMountedCallback: PakFile 'D:/EpicGames/UE_4.27/FeaturePacks/TP_VehicleAdvBP.upack' (chunk index -1, root 'root:/') mounted
[2022.12.28-00.28.45:687][  0]LogShaderLibrary: Display: ShaderCodeLibraryPakFileMountedCallback: pending pak file info (ChunkID:-1 Root:root:/ File:D:/EpicGames/UE_4.27/FeaturePacks/TP_VehicleAdvBP.upack)
[2022.12.28-00.28.45:687][  0]LogPakFile: OnPakFileMounted2Time == 0.000199
[2022.12.28-00.28.45:687][  0]LogPakFile: PakFile PrimaryIndexSize=185
[2022.12.28-00.28.45:688][  0]LogPakFile: PakFile PathHashIndexSize=101
[2022.12.28-00.28.45:688][  0]LogPakFile: PakFile FullDirectoryIndexSize=144
[2022.12.28-00.28.45:688][  0]LogShaderLibrary: Display: ShaderCodeLibraryPakFileMountedCallback: PakFile 'D:/EpicGames/UE_4.27/FeaturePacks/TP_VehicleBP.upack' (chunk index -1, root 'root:/') mounted
[2022.12.28-00.28.45:688][  0]LogShaderLibrary: Display: ShaderCodeLibraryPakFileMountedCallback: pending pak file info (ChunkID:-1 Root:root:/ File:D:/EpicGames/UE_4.27/FeaturePacks/TP_VehicleBP.upack)
[2022.12.28-00.28.45:688][  0]LogPakFile: OnPakFileMounted2Time == 0.000210
[2022.12.28-00.28.45:689][  0]LogPakFile: PakFile PrimaryIndexSize=192
[2022.12.28-00.28.45:689][  0]LogPakFile: PakFile PathHashIndexSize=101
[2022.12.28-00.28.45:689][  0]LogPakFile: PakFile FullDirectoryIndexSize=158
[2022.12.28-00.28.45:689][  0]LogShaderLibrary: Display: ShaderCodeLibraryPakFileMountedCallback: PakFile 'D:/EpicGames/UE_4.27/FeaturePacks/TP_VirtualRealityBP.upack' (chunk index -1, root 'root:/') mounted
[2022.12.28-00.28.45:689][  0]LogShaderLibrary: Display: ShaderCodeLibraryPakFileMountedCallback: pending pak file info (ChunkID:-1 Root:root:/ File:D:/EpicGames/UE_4.27/FeaturePacks/TP_VirtualRealityBP.upack)
[2022.12.28-00.28.45:689][  0]LogPakFile: OnPakFileMounted2Time == 0.000182
[2022.12.28-00.28.45:754][  0]LogNativeClassHierarchy: Verbose: Native class hierarchy updated for 'AddContentDialog' in 0.0005 seconds. Added 0 classes and 0 folders.
[2022.12.28-00.28.45:760][  0]LogNativeClassHierarchy: Verbose: Native class hierarchy updated for 'SceneOutliner' in 0.0003 seconds. Added 2 classes and 0 folders.
[2022.12.28-00.28.45:951][  0]LogSlate: Took 0.000517 seconds to synchronously load lazily loaded font '../../../Engine/Content/Slate/Fonts/Roboto-Regular.ttf' (155K)
[2022.12.28-00.28.45:954][  0]LogSlate: Took 0.000362 seconds to synchronously load lazily loaded font '../../../Engine/Content/Editor/Slate/Fonts/FontAwesome.ttf' (139K)
[2022.12.28-00.28.45:961][  0]LogSlate: Took 0.000308 seconds to synchronously load lazily loaded font '../../../Engine/Content/Slate/Fonts/Roboto-Bold.ttf' (160K)
[2022.12.28-00.28.46:157][  0]LogRenderer: Reallocating scene render targets to support 1060x520 Format 10 NumSamples 1 (Frame:1).
[2022.12.28-00.28.46:894][  0]LogSlate: Took 0.000267 seconds to synchronously load lazily loaded font '../../../Engine/Content/Slate/Fonts/Roboto-Light.ttf' (167K)
[2022.12.28-00.28.47:178][  0]LogNativeClassHierarchy: Verbose: Native class hierarchy updated for 'HierarchicalLODOutliner' in 0.0004 seconds. Added 0 classes and 0 folders.
[2022.12.28-00.28.47:178][  0]LogLoad: (Engine Initialization) Total time: 88.22 seconds
[2022.12.28-00.28.47:178][  0]LogLoad: (Engine Initialization) Total Blueprint compile time: 0.00 seconds
[2022.12.28-00.28.47:249][  0]LogContentStreaming: Texture pool size now 1000 MB
[2022.12.28-00.28.47:276][  1]LogAssetRegistry: Asset discovery search completed in 48.5943 seconds
[2022.12.28-00.28.47:289][  1]LogCollectionManager: Fixed up redirectors for 0 collections in 0.000004 seconds (updated 0 objects)
[2022.12.28-00.28.48:293][ 76]LogSlate: Took 0.000230 seconds to synchronously load lazily loaded font '../../../Engine/Content/Slate/Fonts/Roboto-Light.ttf' (167K)
[2022.12.28-00.28.52:250][376]LogUObjectHash: Compacting FUObjectHashTables data took   0.90ms
[2022.12.28-00.28.52:296][376]LogSavePackage: Moving '../../../../../UnrealProjects/MentoramaArkanoid/Saved/MapLevel_01CE51D80944ECA7B5A96998A114C00893.tmp' to '../../../../../UnrealProjects/MentoramaArkanoid/Content/Levels/Level_01/MapLevel_01.umap'
[2022.12.28-00.28.52:296][376]LogFileManager: Warning: DeleteFile was unable to delete '../../../../../UnrealProjects/MentoramaArkanoid/Content/Levels/Level_01/MapLevel_01.umap', retrying in .5s...
[2022.12.28-00.28.52:798][376]LogFileManager: Error: Error deleting file '../../../../../UnrealProjects/MentoramaArkanoid/Content/Levels/Level_01/MapLevel_01.umap'.
[2022.12.28-00.28.52:798][376]LogSavePackage: Error: Error saving '../../../../../UnrealProjects/MentoramaArkanoid/Content/Levels/Level_01/MapLevel_01.umap'
[2022.12.28-00.28.52:893][376]EditorErrors: New page: Save Output
[2022.12.28-00.28.52:893][376]EditorErrors: Warning: Error saving '../../../../../UnrealProjects/MentoramaArkanoid/Content/Levels/Level_01/MapLevel_01.umap'
[2022.12.28-00.28.53:372][376]LogSlate: Took 0.029725 seconds to synchronously load lazily loaded font '../../../Engine/Content/Slate/Fonts/DroidSansMono.ttf' (77K)
[2022.12.28-00.28.59:337][925]LogSlate: Window 'Message Log' being destroyed
[2022.12.28-00.28.59:351][925]LogSlate: Window 'Message Log' being destroyed
[2022.12.28-00.29.06:443][173]LogTemp: Repeating last play command: Selected Viewport
[2022.12.28-00.29.06:461][173]LogPlayLevel: PlayLevel: No blueprints needed recompiling
[2022.12.28-00.29.06:510][173]PIE: New page: PIE session: MapLevel_01 (Dec 27, 2022, 6:29:06 PM)
[2022.12.28-00.29.06:513][173]LogOnline: OSS: Creating online subsystem instance for: NULL
[2022.12.28-00.29.06:523][173]LogOnline: OSS: TryLoadSubsystemAndSetDefault: Loaded subsystem for module [NULL]
[2022.12.28-00.29.06:523][173]LogPlayLevel: Creating play world package: /Game/Levels/Level_01/UEDPIE_0_MapLevel_01
[2022.12.28-00.29.06:526][173]LogPlayLevel: PIE: StaticDuplicateObject took: (0.002712s)
