Log file open, 12/28/22 12:16:53
LogWindows: Failed to load 'aqProf.dll' (GetLastError=126)
LogWindows: File 'aqProf.dll' does not exist
LogWindows: Failed to load 'VtuneApi.dll' (GetLastError=126)
LogWindows: File 'VtuneApi.dll' does not exist
LogWindows: Failed to load 'VtuneApi32e.dll' (GetLastError=126)
LogWindows: File 'VtuneApi32e.dll' does not exist
LogConsoleResponse: Display: Failed to find resolution value strings in scalability ini. Falling back to default.
LogConsoleResponse: Display: Failed to find resolution value strings in scalability ini. Falling back to default.
LogInit: Display: Running engine for game: MentoramaArkanoid
LogPlatformFile: Not using cached read wrapper
LogTaskGraph: Started task graph with 5 named threads and 71 total threads with 3 sets of task threads.
LogStats: Stats thread started at 1.154307
LogICUInternationalization: ICU TimeZone Detection - Raw Offset: -3:00, Platform Override: ''
LogInit: Display: Loading text-based GConfig....
LogPluginManager: Mounting plugin MeshPainting
LogPluginManager: Mounting plugin XGEController
LogPluginManager: Mounting plugin Paper2D
LogPluginManager: Mounting plugin AISupport
LogPluginManager: Mounting plugin LiveLink
LogPluginManager: Mounting plugin EnvironmentQueryEditor
LogPluginManager: Mounting plugin GameplayCameras
LogPluginManager: Mounting plugin OodleData
LogPluginManager: Mounting plugin LightPropagationVolume
LogPluginManager: Mounting plugin CameraShakePreviewer
LogPluginManager: Mounting plugin AssetManagerEditor
LogPluginManager: Mounting plugin CLionSourceCodeAccess
LogPluginManager: Mounting plugin AnimationSharing
LogPluginManager: Mounting plugin CodeLiteSourceCodeAccess
LogPluginManager: Mounting plugin KDevelopSourceCodeAccess
LogPluginManager: Mounting plugin PixWinPlugin
LogPluginManager: Mounting plugin OodleNetwork
LogPluginManager: Mounting plugin NullSourceCodeAccess
LogPluginManager: Mounting plugin PerforceSourceControl
LogPluginManager: Mounting plugin GitSourceControl
LogPluginManager: Mounting plugin PluginUtils
LogPluginManager: Mounting plugin RiderSourceCodeAccess
LogPluginManager: Mounting plugin CurveEditorTools
LogPluginManager: Mounting plugin PlasticSourceControl
LogPluginManager: Mounting plugin UObjectPlugin
LogPluginManager: Mounting plugin PropertyAccessNode
LogPluginManager: Mounting plugin TextureFormatOodle
LogPluginManager: Mounting plugin XCodeSourceCodeAccess
LogPluginManager: Mounting plugin GameplayTagsEditor
LogPluginManager: Mounting plugin GeometryMode
LogPluginManager: Mounting plugin SubversionSourceControl
LogPluginManager: Mounting plugin VisualStudioSourceCodeAccess
LogPluginManager: Mounting plugin MaterialAnalyzer
LogPluginManager: Mounting plugin DatasmithContent
LogPluginManager: Mounting plugin FacialAnimation
LogPluginManager: Mounting plugin AlembicImporter
LogPluginManager: Mounting plugin DataValidation
LogPluginManager: Mounting plugin BackChannel
LogPluginManager: Mounting plugin ChaosClothEditor
LogPluginManager: Mounting plugin ChaosNiagara
LogPluginManager: Mounting plugin ChaosEditor
LogPluginManager: Mounting plugin MacGraphicsSwitching
LogPluginManager: Mounting plugin ChaosSolverPlugin
LogPluginManager: Mounting plugin AutomationUtils
LogPluginManager: Mounting plugin PluginBrowser
LogPluginManager: Mounting plugin CryptoKeys
LogPluginManager: Mounting plugin CharacterAI
LogPluginManager: Mounting plugin SpeedTreeImporter
LogPluginManager: Mounting plugin VisualStudioCodeSourceCodeAccess
LogPluginManager: Mounting plugin GeometryCache
LogPluginManager: Mounting plugin ChaosCloth
LogPluginManager: Mounting plugin GeometryCollectionPlugin
LogPluginManager: Mounting plugin MobileLauncherProfileWizard
LogPluginManager: Mounting plugin VariantManagerContent
LogPluginManager: Mounting plugin GeometryProcessing
LogPluginManager: Mounting plugin MotoSynth
LogPluginManager: Mounting plugin OpenImageDenoise
LogPluginManager: Mounting plugin PlanarCut
LogPluginManager: Mounting plugin PythonScriptPlugin
LogPluginManager: Mounting plugin ProxyLODPlugin
LogPluginManager: Mounting plugin PlatformCrypto
LogPluginManager: Mounting plugin SkeletalReduction
LogPluginManager: Mounting plugin LuminPlatformFeatures
LogPluginManager: Mounting plugin MagicLeapLightEstimation
LogPluginManager: Mounting plugin MagicLeap
LogPluginManager: Mounting plugin MagicLeapPassableWorld
LogPluginManager: Mounting plugin AndroidMedia
LogPluginManager: Mounting plugin MagicLeapMedia
LogPluginManager: Mounting plugin MLSDK
LogPluginManager: Mounting plugin AvfMedia
LogPluginManager: Mounting plugin MediaCompositing
LogPluginManager: Mounting plugin ImgMedia
LogPluginManager: Mounting plugin MediaPlayerEditor
LogPluginManager: Mounting plugin WebMMedia
LogPluginManager: Mounting plugin ActorSequence
LogPluginManager: Mounting plugin MatineeToLevelSequence
LogPluginManager: Mounting plugin LevelSequenceEditor
LogPluginManager: Mounting plugin TemplateSequence
LogPluginManager: Mounting plugin WmfMedia
LogPluginManager: Mounting plugin OnlineSubsystem
LogPluginManager: Mounting plugin OnlineSubsystemUtils
LogPluginManager: Mounting plugin OnlineSubsystemNull
LogPluginManager: Mounting plugin TcpMessaging
LogPluginManager: Mounting plugin LauncherChunkInstaller
LogPluginManager: Mounting plugin UdpMessaging
LogPluginManager: Mounting plugin ActorLayerUtilities
LogPluginManager: Mounting plugin AppleMoviePlayer
LogPluginManager: Mounting plugin ArchVisCharacter
LogPluginManager: Mounting plugin AudioCapture
LogPluginManager: Mounting plugin AndroidPermission
LogPluginManager: Mounting plugin CableComponent
LogPluginManager: Mounting plugin AndroidMoviePlayer
LogPluginManager: Mounting plugin AppleImageUtils
LogPluginManager: Mounting plugin AudioSynesthesia
LogPluginManager: Mounting plugin AndroidDeviceProfileSelector
LogPluginManager: Mounting plugin AssetTags
LogPluginManager: Mounting plugin CustomMeshComponent
LogPluginManager: Mounting plugin EditableMesh
LogPluginManager: Mounting plugin ExampleDeviceProfileSelector
LogPluginManager: Mounting plugin ChunkDownloader
LogPluginManager: Mounting plugin GoogleCloudMessaging
LogPluginManager: Mounting plugin GooglePAD
LogPluginManager: Mounting plugin ScreenshotTools
LogPluginManager: Mounting plugin IOSDeviceProfileSelector
LogPluginManager: Mounting plugin LocationServicesBPLibrary
LogPluginManager: Mounting plugin LinuxDeviceProfileSelector
LogPluginManager: Mounting plugin MobilePatchingUtils
LogPluginManager: Mounting plugin OpenXREyeTracker
LogPluginManager: Mounting plugin ProceduralMeshComponent
LogPluginManager: Mounting plugin OpenXRHandTracking
LogPluginManager: Mounting plugin PropertyAccessEditor
LogPluginManager: Mounting plugin OpenXR
LogPluginManager: Mounting plugin PhysXVehicles
LogPluginManager: Mounting plugin RuntimePhysXCooking
LogPluginManager: Mounting plugin SignificanceManager
LogPluginManager: Mounting plugin SoundFields
LogPluginManager: Mounting plugin Synthesis
LogPluginManager: Mounting plugin WebMMoviePlayer
LogPluginManager: Mounting plugin WindowsMoviePlayer
LogPluginManager: Mounting plugin Niagara
LogPluginManager: Mounting plugin PostSplashScreen
LogPluginManager: Mounting plugin Takes
LogPluginManager: Mounting plugin ContentBrowserClassDataSource
LogPluginManager: Mounting plugin ContentBrowserAssetDataSource
LogPluginManager: Mounting plugin ContentBrowserFileDataSource
LogPluginManager: Mounting plugin OnlineSubsystemIOS
LogPluginManager: Mounting plugin OnlineSubsystemGooglePlay
LogPluginManager: Mounting plugin OculusVR
LogPluginManager: Mounting plugin SteamVR
PixWinPlugin: PIX capture plugin failed to initialize! Check that the process is launched from PIX.
LogInit: Using libcurl 7.55.1-DEV
LogInit:  - built for x86_64-pc-win32
LogInit:  - supports SSL with OpenSSL/1.1.1
LogInit:  - supports HTTP deflate (compression) using libz 1.2.8
LogInit:  - other features:
LogInit:      CURL_VERSION_SSL
LogInit:      CURL_VERSION_LIBZ
LogInit:      CURL_VERSION_IPV6
LogInit:      CURL_VERSION_ASYNCHDNS
LogInit:      CURL_VERSION_LARGEFILE
LogInit:      CURL_VERSION_IDN
LogInit:  CurlRequestOptions (configurable via config and command line):
LogInit:  - bVerifyPeer = true  - Libcurl will verify peer certificate
LogInit:  - bUseHttpProxy = false  - Libcurl will NOT use HTTP proxy
LogInit:  - bDontReuseConnections = false  - Libcurl will reuse connections
LogInit:  - MaxHostConnections = 16  - Libcurl will limit the number of connections to a host
LogInit:  - LocalHostAddr = Default
LogInit:  - BufferSize = 65536
LogOnline: OSS: Creating online subsystem instance for: NULL
LogInit: WinSock: version 1.1 (2.2), MaxSocks=32767, MaxUdp=65467
LogOnline: OSS: TryLoadSubsystemAndSetDefault: Loaded subsystem for module [NULL]
LogOculusPluginWrapper: OculusPlugin initialized successfully
LogHMD: Failed initializing OVRPlugin 1.59.0
LogInit: Build: ++UE4+Release-4.27-CL-18319896
LogInit: Engine Version: 4.27.2-18319896+++UE4+Release-4.27
LogInit: Compatible Engine Version: 4.27.0-17155196+++UE4+Release-4.27
LogInit: Net CL: 17155196
LogInit: OS: Windows 10 (Release 2009) (), CPU: Intel(R) Xeon(R) CPU E5-2678 v3 @ 2.50GHz, GPU: Radeon RX 570 Series
LogInit: Compiled (64-bit): Nov 30 2021 07:12:08
LogInit: Compiled with Visual C++: 19.24.28315.00
LogInit: Build Configuration: Development
LogInit: Branch Name: ++UE4+Release-4.27
LogInit: Command Line:  -skipcompile
LogInit: Base Directory: D:/EpicGames/UE_4.27/Engine/Binaries/Win64/
LogInit: Allocator: TBB
LogInit: Installed Engine Build: 1
LogDevObjectVersion: Number of dev versions registered: 29
LogDevObjectVersion:   Dev-Blueprints (B0D832E4-1F89-4F0D-ACCF-7EB736FD4AA2): 10
LogDevObjectVersion:   Dev-Build (E1C64328-A22C-4D53-A36C-8E866417BD8C): 0
LogDevObjectVersion:   Dev-Core (375EC13C-06E4-48FB-B500-84F0262A717E): 4
LogDevObjectVersion:   Dev-Editor (E4B068ED-F494-42E9-A231-DA0B2E46BB41): 40
LogDevObjectVersion:   Dev-Framework (CFFC743F-43B0-4480-9391-14DF171D2073): 37
LogDevObjectVersion:   Dev-Mobile (B02B49B5-BB20-44E9-A304-32B752E40360): 3
LogDevObjectVersion:   Dev-Networking (A4E4105C-59A1-49B5-A7C5-40C4547EDFEE): 0
LogDevObjectVersion:   Dev-Online (39C831C9-5AE6-47DC-9A44-9C173E1C8E7C): 0
LogDevObjectVersion:   Dev-Physics (78F01B33-EBEA-4F98-B9B4-84EACCB95AA2): 14
LogDevObjectVersion:   Dev-Platform (6631380F-2D4D-43E0-8009-CF276956A95A): 0
LogDevObjectVersion:   Dev-Rendering (12F88B9F-8875-4AFC-A67C-D90C383ABD29): 45
LogDevObjectVersion:   Dev-Sequencer (7B5AE74C-D270-4C10-A958-57980B212A5A): 13
LogDevObjectVersion:   Dev-VR (D7296918-1DD6-4BDD-9DE2-64A83CC13884): 3
LogDevObjectVersion:   Dev-LoadTimes (C2A15278-BFE7-4AFE-6C17-90FF531DF755): 1
LogDevObjectVersion:   Private-Geometry (6EACA3D4-40EC-4CC1-B786-8BED09428FC5): 3
LogDevObjectVersion:   Dev-AnimPhys (29E575DD-E0A3-4627-9D10-D276232CDCEA): 17
LogDevObjectVersion:   Dev-Anim (AF43A65D-7FD3-4947-9873-3E8ED9C1BB05): 15
LogDevObjectVersion:   Dev-ReflectionCapture (6B266CEC-1EC7-4B8F-A30B-E4D90942FC07): 1
LogDevObjectVersion:   Dev-Automation (0DF73D61-A23F-47EA-B727-89E90C41499A): 1
LogDevObjectVersion:   FortniteMain (601D1886-AC64-4F84-AA16-D3DE0DEAC7D6): 47
LogDevObjectVersion:   FortniteRelease (E7086368-6B23-4C58-8439-1B7016265E91): 1
LogDevObjectVersion:   Dev-Enterprise (9DFFBCD6-494F-0158-E221-12823C92A888): 10
LogDevObjectVersion:   Dev-Niagara (F2AED0AC-9AFE-416F-8664-AA7FFA26D6FC): 1
LogDevObjectVersion:   Dev-Destruction (174F1F0B-B4C6-45A5-B13F-2EE8D0FB917D): 10
LogDevObjectVersion:   Dev-Physics-Ext (35F94A83-E258-406C-A318-09F59610247C): 41
LogDevObjectVersion:   Dev-PhysicsMaterial-Chaos (B68FC16E-8B1B-42E2-B453-215C058844FE): 1
LogDevObjectVersion:   Dev-CineCamera (B2E18506-4273-CFC2-A54E-F4BB758BBA07): 1
LogDevObjectVersion:   Dev-VirtualProduction (64F58936-FD1B-42BA-BA96-7289D5D0FA4E): 1
LogDevObjectVersion:   Dev-MediaFramework (6F0ED827-A609-4895-9C91-998D90180EA4): 2
LogInit: Presizing for max 25165824 objects, including 0 objects not considered by GC, pre-allocating 0 bytes for permanent pool.
LogConfig: Applying CVar settings from Section [/Script/Engine.StreamingSettings] File [D:/UnrealProjects/MentoramaArkanoid/Saved/Config/Windows/Engine.ini]
LogConfig: Setting CVar [[s.MinBulkDataSizeForAsyncLoading:131072]]
LogConfig: Setting CVar [[s.AsyncLoadingThreadEnabled:0]]
LogConfig: Setting CVar [[s.EventDrivenLoaderEnabled:1]]
LogConfig: Setting CVar [[s.WarnIfTimeLimitExceeded:0]]
LogConfig: Setting CVar [[s.TimeLimitExceededMultiplier:1.5]]
LogConfig: Setting CVar [[s.TimeLimitExceededMinTime:0.005]]
LogConfig: Setting CVar [[s.UseBackgroundLevelStreaming:1]]
LogConfig: Setting CVar [[s.PriorityAsyncLoadingExtraTime:15.0]]
LogConfig: Setting CVar [[s.LevelStreamingActorsUpdateTimeLimit:5.0]]
LogConfig: Setting CVar [[s.PriorityLevelStreamingActorsUpdateExtraTime:5.0]]
LogConfig: Setting CVar [[s.LevelStreamingComponentsRegistrationGranularity:10]]
LogConfig: Setting CVar [[s.UnregisterComponentsTimeLimit:1.0]]
LogConfig: Setting CVar [[s.LevelStreamingComponentsUnregistrationGranularity:5]]
LogConfig: Setting CVar [[s.FlushStreamingOnExit:1]]
LogInit: Object subsystem initialized
LogConfig: Setting CVar [[con.DebugEarlyDefault:1]]
LogConfig: Setting CVar [[r.setres:1280x720]]
[2022.12.28-15.17.08:502][  0]LogConfig: Setting CVar [[r.VSync:0]]
[2022.12.28-15.17.08:502][  0]LogConfig: Setting CVar [[r.RHICmdBypass:0]]
[2022.12.28-15.17.08:502][  0]LogConfig: Applying CVar settings from Section [/Script/Engine.RendererSettings] File [D:/UnrealProjects/MentoramaArkanoid/Saved/Config/Windows/Engine.ini]
[2022.12.28-15.17.08:502][  0]LogConfig: Setting CVar [[r.GPUCrashDebugging:0]]
[2022.12.28-15.17.08:502][  0]LogConfig: Applying CVar settings from Section [/Script/Engine.RendererOverrideSettings] File [D:/UnrealProjects/MentoramaArkanoid/Saved/Config/Windows/Engine.ini]
[2022.12.28-15.17.08:503][  0]LogConfig: Applying CVar settings from Section [/Script/Engine.StreamingSettings] File [D:/UnrealProjects/MentoramaArkanoid/Saved/Config/Windows/Engine.ini]
[2022.12.28-15.17.08:503][  0]LogConfig: Setting CVar [[s.MinBulkDataSizeForAsyncLoading:131072]]
[2022.12.28-15.17.08:503][  0]LogConfig: Setting CVar [[s.AsyncLoadingThreadEnabled:0]]
[2022.12.28-15.17.08:503][  0]LogConfig: Setting CVar [[s.EventDrivenLoaderEnabled:1]]
[2022.12.28-15.17.08:503][  0]LogConfig: Setting CVar [[s.WarnIfTimeLimitExceeded:0]]
[2022.12.28-15.17.08:503][  0]LogConfig: Setting CVar [[s.TimeLimitExceededMultiplier:1.5]]
[2022.12.28-15.17.08:503][  0]LogConfig: Setting CVar [[s.TimeLimitExceededMinTime:0.005]]
[2022.12.28-15.17.08:504][  0]LogConfig: Setting CVar [[s.UseBackgroundLevelStreaming:1]]
[2022.12.28-15.17.08:504][  0]LogConfig: Setting CVar [[s.PriorityAsyncLoadingExtraTime:15.0]]
[2022.12.28-15.17.08:504][  0]LogConfig: Setting CVar [[s.LevelStreamingActorsUpdateTimeLimit:5.0]]
[2022.12.28-15.17.08:504][  0]LogConfig: Setting CVar [[s.PriorityLevelStreamingActorsUpdateExtraTime:5.0]]
[2022.12.28-15.17.08:504][  0]LogConfig: Setting CVar [[s.LevelStreamingComponentsRegistrationGranularity:10]]
[2022.12.28-15.17.08:504][  0]LogConfig: Setting CVar [[s.UnregisterComponentsTimeLimit:1.0]]
[2022.12.28-15.17.08:504][  0]LogConfig: Setting CVar [[s.LevelStreamingComponentsUnregistrationGranularity:5]]
[2022.12.28-15.17.08:505][  0]LogConfig: Setting CVar [[s.FlushStreamingOnExit:1]]
[2022.12.28-15.17.08:505][  0]LogConfig: Applying CVar settings from Section [/Script/Engine.GarbageCollectionSettings] File [D:/UnrealProjects/MentoramaArkanoid/Saved/Config/Windows/Engine.ini]
[2022.12.28-15.17.08:505][  0]LogConfig: Setting CVar [[gc.MaxObjectsNotConsideredByGC:1]]
[2022.12.28-15.17.08:505][  0]LogConfig: Setting CVar [[gc.SizeOfPermanentObjectPool:0]]
[2022.12.28-15.17.08:505][  0]LogConfig: Setting CVar [[gc.FlushStreamingOnGC:0]]
[2022.12.28-15.17.08:505][  0]LogConfig: Setting CVar [[gc.NumRetriesBeforeForcingGC:10]]
[2022.12.28-15.17.08:505][  0]LogConfig: Setting CVar [[gc.AllowParallelGC:1]]
[2022.12.28-15.17.08:506][  0]LogConfig: Setting CVar [[gc.TimeBetweenPurgingPendingKillObjects:61.1]]
[2022.12.28-15.17.08:506][  0]LogConfig: Setting CVar [[gc.MaxObjectsInEditor:25165824]]
[2022.12.28-15.17.08:506][  0]LogConfig: Setting CVar [[gc.IncrementalBeginDestroyEnabled:1]]
[2022.12.28-15.17.08:506][  0]LogConfig: Setting CVar [[gc.CreateGCClusters:1]]
[2022.12.28-15.17.08:506][  0]LogConfig: Setting CVar [[gc.MinGCClusterSize:5]]
[2022.12.28-15.17.08:506][  0]LogConfig: Setting CVar [[gc.ActorClusteringEnabled:0]]
[2022.12.28-15.17.08:506][  0]LogConfig: Setting CVar [[gc.BlueprintClusteringEnabled:0]]
[2022.12.28-15.17.08:506][  0]LogConfig: Setting CVar [[gc.UseDisregardForGCOnDedicatedServers:0]]
[2022.12.28-15.17.08:507][  0]LogConfig: Setting CVar [[gc.MultithreadedDestructionEnabled:1]]
[2022.12.28-15.17.08:507][  0]LogConfig: Applying CVar settings from Section [/Script/Engine.NetworkSettings] File [D:/UnrealProjects/MentoramaArkanoid/Saved/Config/Windows/Engine.ini]
[2022.12.28-15.17.08:507][  0]LogConfig: Applying CVar settings from Section [/Script/UnrealEd.CookerSettings] File [D:/UnrealProjects/MentoramaArkanoid/Saved/Config/Windows/Engine.ini]
[2022.12.28-15.17.08:553][  0]LogConfig: Applying CVar settings from Section [ViewDistanceQuality@3] File [D:/UnrealProjects/MentoramaArkanoid/Saved/Config/Windows/Scalability.ini]
[2022.12.28-15.17.08:553][  0]LogConfig: Setting CVar [[r.SkeletalMeshLODBias:0]]
[2022.12.28-15.17.08:553][  0]LogConfig: Setting CVar [[r.ViewDistanceScale:1.0]]
[2022.12.28-15.17.08:553][  0]LogConfig: Applying CVar settings from Section [AntiAliasingQuality@3] File [D:/UnrealProjects/MentoramaArkanoid/Saved/Config/Windows/Scalability.ini]
[2022.12.28-15.17.08:553][  0]LogConfig: Setting CVar [[r.PostProcessAAQuality:4]]
[2022.12.28-15.17.08:553][  0]LogConfig: Applying CVar settings from Section [ShadowQuality@3] File [D:/UnrealProjects/MentoramaArkanoid/Saved/Config/Windows/Scalability.ini]
[2022.12.28-15.17.08:553][  0]LogConfig: Setting CVar [[r.LightFunctionQuality:1]]
[2022.12.28-15.17.08:553][  0]LogConfig: Setting CVar [[r.ShadowQuality:5]]
[2022.12.28-15.17.08:553][  0]LogConfig: Setting CVar [[r.Shadow.CSM.MaxCascades:10]]
[2022.12.28-15.17.08:554][  0]LogConfig: Setting CVar [[r.Shadow.MaxResolution:2048]]
[2022.12.28-15.17.08:554][  0]LogConfig: Setting CVar [[r.Shadow.MaxCSMResolution:2048]]
[2022.12.28-15.17.08:554][  0]LogConfig: Setting CVar [[r.Shadow.RadiusThreshold:0.01]]
[2022.12.28-15.17.08:554][  0]LogConfig: Setting CVar [[r.Shadow.DistanceScale:1.0]]
[2022.12.28-15.17.08:554][  0]LogConfig: Setting CVar [[r.Shadow.CSM.TransitionScale:1.0]]
[2022.12.28-15.17.08:554][  0]LogConfig: Setting CVar [[r.Shadow.PreShadowResolutionFactor:1.0]]
[2022.12.28-15.17.08:554][  0]LogConfig: Setting CVar [[r.DistanceFieldShadowing:1]]
[2022.12.28-15.17.08:554][  0]LogConfig: Setting CVar [[r.DistanceFieldAO:1]]
[2022.12.28-15.17.08:554][  0]LogConfig: Setting CVar [[r.AOQuality:2]]
[2022.12.28-15.17.08:554][  0]LogConfig: Setting CVar [[r.VolumetricFog:1]]
[2022.12.28-15.17.08:554][  0]LogConfig: Setting CVar [[r.VolumetricFog.GridPixelSize:8]]
[2022.12.28-15.17.08:555][  0]LogConfig: Setting CVar [[r.VolumetricFog.GridSizeZ:128]]
[2022.12.28-15.17.08:555][  0]LogConfig: Setting CVar [[r.VolumetricFog.HistoryMissSupersampleCount:4]]
[2022.12.28-15.17.08:555][  0]LogConfig: Setting CVar [[r.LightMaxDrawDistanceScale:1]]
[2022.12.28-15.17.08:555][  0]LogConfig: Setting CVar [[r.CapsuleShadows:1]]
[2022.12.28-15.17.08:555][  0]LogConfig: Applying CVar settings from Section [PostProcessQuality@3] File [D:/UnrealProjects/MentoramaArkanoid/Saved/Config/Windows/Scalability.ini]
[2022.12.28-15.17.08:555][  0]LogConfig: Setting CVar [[r.MotionBlurQuality:4]]
[2022.12.28-15.17.08:555][  0]LogConfig: Setting CVar [[r.AmbientOcclusionMipLevelFactor:0.4]]
[2022.12.28-15.17.08:555][  0]LogConfig: Setting CVar [[r.AmbientOcclusionMaxQuality:100]]
[2022.12.28-15.17.08:555][  0]LogConfig: Setting CVar [[r.AmbientOcclusionLevels:-1]]
[2022.12.28-15.17.08:555][  0]LogConfig: Setting CVar [[r.AmbientOcclusionRadiusScale:1.0]]
[2022.12.28-15.17.08:555][  0]LogConfig: Setting CVar [[r.DepthOfFieldQuality:2]]
[2022.12.28-15.17.08:555][  0]LogConfig: Setting CVar [[r.RenderTargetPoolMin:400]]
[2022.12.28-15.17.08:555][  0]LogConfig: Setting CVar [[r.LensFlareQuality:2]]
[2022.12.28-15.17.08:555][  0]LogConfig: Setting CVar [[r.SceneColorFringeQuality:1]]
[2022.12.28-15.17.08:556][  0]LogConfig: Setting CVar [[r.EyeAdaptationQuality:2]]
[2022.12.28-15.17.08:556][  0]LogConfig: Setting CVar [[r.BloomQuality:5]]
[2022.12.28-15.17.08:556][  0]LogConfig: Setting CVar [[r.FastBlurThreshold:100]]
[2022.12.28-15.17.08:556][  0]LogConfig: Setting CVar [[r.Upscale.Quality:3]]
[2022.12.28-15.17.08:556][  0]LogConfig: Setting CVar [[r.Tonemapper.GrainQuantization:1]]
[2022.12.28-15.17.08:556][  0]LogConfig: Setting CVar [[r.LightShaftQuality:1]]
[2022.12.28-15.17.08:556][  0]LogConfig: Setting CVar [[r.Filter.SizeScale:1]]
[2022.12.28-15.17.08:556][  0]LogConfig: Setting CVar [[r.Tonemapper.Quality:5]]
[2022.12.28-15.17.08:556][  0]LogConfig: Setting CVar [[r.DOF.Gather.AccumulatorQuality:1        ; higher gathering accumulator quality]]
[2022.12.28-15.17.08:556][  0]LogConfig: Setting CVar [[r.DOF.Gather.PostfilterMethod:1          ; Median3x3 postfilering method]]
[2022.12.28-15.17.08:556][  0]LogConfig: Setting CVar [[r.DOF.Gather.EnableBokehSettings:0       ; no bokeh simulation when gathering]]
[2022.12.28-15.17.08:556][  0]LogConfig: Setting CVar [[r.DOF.Gather.RingCount:4                 ; medium number of samples when gathering]]
[2022.12.28-15.17.08:557][  0]LogConfig: Setting CVar [[r.DOF.Scatter.ForegroundCompositing:1    ; additive foreground scattering]]
[2022.12.28-15.17.08:557][  0]LogConfig: Setting CVar [[r.DOF.Scatter.BackgroundCompositing:2    ; additive background scattering]]
[2022.12.28-15.17.08:557][  0]LogConfig: Setting CVar [[r.DOF.Scatter.EnableBokehSettings:1      ; bokeh simulation when scattering]]
[2022.12.28-15.17.08:557][  0]LogConfig: Setting CVar [[r.DOF.Scatter.MaxSpriteRatio:0.1         ; only a maximum of 10% of scattered bokeh]]
[2022.12.28-15.17.08:557][  0]LogConfig: Setting CVar [[r.DOF.Recombine.Quality:1                ; cheap slight out of focus]]
[2022.12.28-15.17.08:557][  0]LogConfig: Setting CVar [[r.DOF.Recombine.EnableBokehSettings:0    ; no bokeh simulation on slight out of focus]]
[2022.12.28-15.17.08:557][  0]LogConfig: Setting CVar [[r.DOF.TemporalAAQuality:1                ; more stable temporal accumulation]]
[2022.12.28-15.17.08:557][  0]LogConfig: Setting CVar [[r.DOF.Kernel.MaxForegroundRadius:0.025]]
[2022.12.28-15.17.08:557][  0]LogConfig: Setting CVar [[r.DOF.Kernel.MaxBackgroundRadius:0.025]]
[2022.12.28-15.17.08:557][  0]LogConfig: Applying CVar settings from Section [TextureQuality@3] File [D:/UnrealProjects/MentoramaArkanoid/Saved/Config/Windows/Scalability.ini]
[2022.12.28-15.17.08:557][  0]LogConfig: Setting CVar [[r.Streaming.MipBias:0]]
[2022.12.28-15.17.08:558][  0]LogConfig: Setting CVar [[r.Streaming.AmortizeCPUToGPUCopy:0]]
[2022.12.28-15.17.08:558][  0]LogConfig: Setting CVar [[r.Streaming.MaxNumTexturesToStreamPerFrame:0]]
[2022.12.28-15.17.08:558][  0]LogConfig: Setting CVar [[r.Streaming.Boost:1]]
[2022.12.28-15.17.08:558][  0]LogConfig: Setting CVar [[r.MaxAnisotropy:8]]
[2022.12.28-15.17.08:558][  0]LogConfig: Setting CVar [[r.VT.MaxAnisotropy:8]]
[2022.12.28-15.17.08:558][  0]LogConfig: Setting CVar [[r.Streaming.LimitPoolSizeToVRAM:0]]
[2022.12.28-15.17.08:558][  0]LogConfig: Setting CVar [[r.Streaming.PoolSize:1000]]
[2022.12.28-15.17.08:558][  0]LogConfig: Setting CVar [[r.Streaming.MaxEffectiveScreenSize:0]]
[2022.12.28-15.17.08:558][  0]LogConfig: Applying CVar settings from Section [EffectsQuality@3] File [D:/UnrealProjects/MentoramaArkanoid/Saved/Config/Windows/Scalability.ini]
[2022.12.28-15.17.08:559][  0]LogConfig: Setting CVar [[r.TranslucencyLightingVolumeDim:64]]
[2022.12.28-15.17.08:559][  0]LogConfig: Setting CVar [[r.RefractionQuality:2]]
[2022.12.28-15.17.08:559][  0]LogConfig: Setting CVar [[r.SSR.Quality:3]]
[2022.12.28-15.17.08:559][  0]LogConfig: Setting CVar [[r.SSR.HalfResSceneColor:0]]
[2022.12.28-15.17.08:559][  0]LogConfig: Setting CVar [[r.SceneColorFormat:4]]
[2022.12.28-15.17.08:559][  0]LogConfig: Setting CVar [[r.DetailMode:2]]
[2022.12.28-15.17.08:559][  0]LogConfig: Setting CVar [[r.TranslucencyVolumeBlur:1]]
[2022.12.28-15.17.08:559][  0]LogConfig: Setting CVar [[r.MaterialQualityLevel:1 ; High quality]]
[2022.12.28-15.17.08:559][  0]LogConfig: Setting CVar [[r.AnisotropicMaterials:1]]
[2022.12.28-15.17.08:560][  0]LogConfig: Setting CVar [[r.SSS.Scale:1]]
[2022.12.28-15.17.08:560][  0]LogConfig: Setting CVar [[r.SSS.SampleSet:2]]
[2022.12.28-15.17.08:560][  0]LogConfig: Setting CVar [[r.SSS.Quality:1]]
[2022.12.28-15.17.08:560][  0]LogConfig: Setting CVar [[r.SSS.HalfRes:0]]
[2022.12.28-15.17.08:560][  0]LogConfig: Setting CVar [[r.SSGI.Quality:3]]
[2022.12.28-15.17.08:560][  0]LogConfig: Setting CVar [[r.EmitterSpawnRateScale:1.0]]
[2022.12.28-15.17.08:560][  0]LogConfig: Setting CVar [[r.ParticleLightQuality:2]]
[2022.12.28-15.17.08:560][  0]LogConfig: Setting CVar [[r.SkyAtmosphere.AerialPerspectiveLUT.FastApplyOnOpaque:1 ; Always have FastSkyLUT 1 in this case to avoid wrong sky]]
[2022.12.28-15.17.08:561][  0]LogConfig: Setting CVar [[r.SkyAtmosphere.AerialPerspectiveLUT.SampleCountMaxPerSlice:4]]
[2022.12.28-15.17.08:561][  0]LogConfig: Setting CVar [[r.SkyAtmosphere.AerialPerspectiveLUT.DepthResolution:16.0]]
[2022.12.28-15.17.08:561][  0]LogConfig: Setting CVar [[r.SkyAtmosphere.FastSkyLUT:1]]
[2022.12.28-15.17.08:561][  0]LogConfig: Setting CVar [[r.SkyAtmosphere.FastSkyLUT.SampleCountMin:4.0]]
[2022.12.28-15.17.08:561][  0]LogConfig: Setting CVar [[r.SkyAtmosphere.FastSkyLUT.SampleCountMax:128.0]]
[2022.12.28-15.17.08:561][  0]LogConfig: Setting CVar [[r.SkyAtmosphere.SampleCountMin:4.0]]
[2022.12.28-15.17.08:561][  0]LogConfig: Setting CVar [[r.SkyAtmosphere.SampleCountMax:128.0]]
[2022.12.28-15.17.08:562][  0]LogConfig: Setting CVar [[r.SkyAtmosphere.TransmittanceLUT.UseSmallFormat:0]]
[2022.12.28-15.17.08:562][  0]LogConfig: Setting CVar [[r.SkyAtmosphere.TransmittanceLUT.SampleCount:10.0]]
[2022.12.28-15.17.08:562][  0]LogConfig: Setting CVar [[r.SkyAtmosphere.MultiScatteringLUT.SampleCount:15.0]]
[2022.12.28-15.17.08:562][  0]LogConfig: Setting CVar [[r.SkyLight.RealTimeReflectionCapture:1]]
[2022.12.28-15.17.08:562][  0]LogConfig: Applying CVar settings from Section [FoliageQuality@3] File [D:/UnrealProjects/MentoramaArkanoid/Saved/Config/Windows/Scalability.ini]
[2022.12.28-15.17.08:562][  0]LogConfig: Setting CVar [[foliage.DensityScale:1.0]]
[2022.12.28-15.17.08:563][  0]LogConfig: Setting CVar [[grass.DensityScale:1.0]]
[2022.12.28-15.17.08:563][  0]LogConfig: Applying CVar settings from Section [ShadingQuality@3] File [D:/UnrealProjects/MentoramaArkanoid/Saved/Config/Windows/Scalability.ini]
[2022.12.28-15.17.08:563][  0]LogConfig: Setting CVar [[r.HairStrands.SkyLighting.IntegrationType:2]]
[2022.12.28-15.17.08:563][  0]LogConfig: Setting CVar [[r.HairStrands.SkyAO.SampleCount:4]]
[2022.12.28-15.17.08:563][  0]LogConfig: Setting CVar [[r.HairStrands.Visibility.MSAA.SamplePerPixel:4]]
[2022.12.28-15.17.08:563][  0]LogInit: Selected Device Profile: [Windows]
[2022.12.28-15.17.08:563][  0]LogInit: Applying CVar settings loaded from the selected device profile: [Windows]
[2022.12.28-15.17.08:564][  0]LogHAL: Display: Platform has ~ 16 GB [17077583872 / 17179869184 / 16], which maps to Larger [LargestMinGB=32, LargerMinGB=12, DefaultMinGB=8, SmallerMinGB=6, SmallestMinGB=0)
[2022.12.28-15.17.08:564][  0]LogInit: Going up to parent DeviceProfile []
[2022.12.28-15.17.08:564][  0]LogConfig: Applying CVar settings from Section [ViewDistanceQuality@3] File [D:/UnrealProjects/MentoramaArkanoid/Saved/Config/Windows/Scalability.ini]
[2022.12.28-15.17.08:564][  0]LogConfig: Setting CVar [[r.SkeletalMeshLODBias:0]]
[2022.12.28-15.17.08:564][  0]LogConfig: Setting CVar [[r.ViewDistanceScale:1.0]]
[2022.12.28-15.17.08:564][  0]LogConfig: Applying CVar settings from Section [AntiAliasingQuality@3] File [D:/UnrealProjects/MentoramaArkanoid/Saved/Config/Windows/Scalability.ini]
[2022.12.28-15.17.08:564][  0]LogConfig: Setting CVar [[r.PostProcessAAQuality:4]]
[2022.12.28-15.17.08:564][  0]LogConfig: Applying CVar settings from Section [ShadowQuality@3] File [D:/UnrealProjects/MentoramaArkanoid/Saved/Config/Windows/Scalability.ini]
[2022.12.28-15.17.08:564][  0]LogConfig: Setting CVar [[r.LightFunctionQuality:1]]
[2022.12.28-15.17.08:564][  0]LogConfig: Setting CVar [[r.ShadowQuality:5]]
[2022.12.28-15.17.08:564][  0]LogConfig: Setting CVar [[r.Shadow.CSM.MaxCascades:10]]
[2022.12.28-15.17.08:564][  0]LogConfig: Setting CVar [[r.Shadow.MaxResolution:2048]]
[2022.12.28-15.17.08:565][  0]LogConfig: Setting CVar [[r.Shadow.MaxCSMResolution:2048]]
[2022.12.28-15.17.08:565][  0]LogConfig: Setting CVar [[r.Shadow.RadiusThreshold:0.01]]
[2022.12.28-15.17.08:565][  0]LogConfig: Setting CVar [[r.Shadow.DistanceScale:1.0]]
[2022.12.28-15.17.08:565][  0]LogConfig: Setting CVar [[r.Shadow.CSM.TransitionScale:1.0]]
[2022.12.28-15.17.08:565][  0]LogConfig: Setting CVar [[r.Shadow.PreShadowResolutionFactor:1.0]]
[2022.12.28-15.17.08:565][  0]LogConfig: Setting CVar [[r.DistanceFieldShadowing:1]]
[2022.12.28-15.17.08:565][  0]LogConfig: Setting CVar [[r.DistanceFieldAO:1]]
[2022.12.28-15.17.08:565][  0]LogConfig: Setting CVar [[r.AOQuality:2]]
[2022.12.28-15.17.08:565][  0]LogConfig: Setting CVar [[r.VolumetricFog:1]]
[2022.12.28-15.17.08:565][  0]LogConfig: Setting CVar [[r.VolumetricFog.GridPixelSize:8]]
[2022.12.28-15.17.08:566][  0]LogConfig: Setting CVar [[r.VolumetricFog.GridSizeZ:128]]
[2022.12.28-15.17.08:566][  0]LogConfig: Setting CVar [[r.VolumetricFog.HistoryMissSupersampleCount:4]]
[2022.12.28-15.17.08:566][  0]LogConfig: Setting CVar [[r.LightMaxDrawDistanceScale:1]]
[2022.12.28-15.17.08:566][  0]LogConfig: Setting CVar [[r.CapsuleShadows:1]]
[2022.12.28-15.17.08:566][  0]LogConfig: Applying CVar settings from Section [PostProcessQuality@3] File [D:/UnrealProjects/MentoramaArkanoid/Saved/Config/Windows/Scalability.ini]
[2022.12.28-15.17.08:566][  0]LogConfig: Setting CVar [[r.MotionBlurQuality:4]]
[2022.12.28-15.17.08:566][  0]LogConfig: Setting CVar [[r.AmbientOcclusionMipLevelFactor:0.4]]
[2022.12.28-15.17.08:566][  0]LogConfig: Setting CVar [[r.AmbientOcclusionMaxQuality:100]]
[2022.12.28-15.17.08:566][  0]LogConfig: Setting CVar [[r.AmbientOcclusionLevels:-1]]
[2022.12.28-15.17.08:566][  0]LogConfig: Setting CVar [[r.AmbientOcclusionRadiusScale:1.0]]
[2022.12.28-15.17.08:566][  0]LogConfig: Setting CVar [[r.DepthOfFieldQuality:2]]
[2022.12.28-15.17.08:567][  0]LogConfig: Setting CVar [[r.RenderTargetPoolMin:400]]
[2022.12.28-15.17.08:567][  0]LogConfig: Setting CVar [[r.LensFlareQuality:2]]
[2022.12.28-15.17.08:567][  0]LogConfig: Setting CVar [[r.SceneColorFringeQuality:1]]
[2022.12.28-15.17.08:567][  0]LogConfig: Setting CVar [[r.EyeAdaptationQuality:2]]
[2022.12.28-15.17.08:567][  0]LogConfig: Setting CVar [[r.BloomQuality:5]]
[2022.12.28-15.17.08:567][  0]LogConfig: Setting CVar [[r.FastBlurThreshold:100]]
[2022.12.28-15.17.08:567][  0]LogConfig: Setting CVar [[r.Upscale.Quality:3]]
[2022.12.28-15.17.08:567][  0]LogConfig: Setting CVar [[r.Tonemapper.GrainQuantization:1]]
[2022.12.28-15.17.08:567][  0]LogConfig: Setting CVar [[r.LightShaftQuality:1]]
[2022.12.28-15.17.08:567][  0]LogConfig: Setting CVar [[r.Filter.SizeScale:1]]
[2022.12.28-15.17.08:567][  0]LogConfig: Setting CVar [[r.Tonemapper.Quality:5]]
[2022.12.28-15.17.08:567][  0]LogConfig: Setting CVar [[r.DOF.Gather.AccumulatorQuality:1        ; higher gathering accumulator quality]]
[2022.12.28-15.17.08:568][  0]LogConfig: Setting CVar [[r.DOF.Gather.PostfilterMethod:1          ; Median3x3 postfilering method]]
[2022.12.28-15.17.08:568][  0]LogConfig: Setting CVar [[r.DOF.Gather.EnableBokehSettings:0       ; no bokeh simulation when gathering]]
[2022.12.28-15.17.08:568][  0]LogConfig: Setting CVar [[r.DOF.Gather.RingCount:4                 ; medium number of samples when gathering]]
[2022.12.28-15.17.08:568][  0]LogConfig: Setting CVar [[r.DOF.Scatter.ForegroundCompositing:1    ; additive foreground scattering]]
[2022.12.28-15.17.08:568][  0]LogConfig: Setting CVar [[r.DOF.Scatter.BackgroundCompositing:2    ; additive background scattering]]
[2022.12.28-15.17.08:568][  0]LogConfig: Setting CVar [[r.DOF.Scatter.EnableBokehSettings:1      ; bokeh simulation when scattering]]
[2022.12.28-15.17.08:568][  0]LogConfig: Setting CVar [[r.DOF.Scatter.MaxSpriteRatio:0.1         ; only a maximum of 10% of scattered bokeh]]
[2022.12.28-15.17.08:568][  0]LogConfig: Setting CVar [[r.DOF.Recombine.Quality:1                ; cheap slight out of focus]]
[2022.12.28-15.17.08:568][  0]LogConfig: Setting CVar [[r.DOF.Recombine.EnableBokehSettings:0    ; no bokeh simulation on slight out of focus]]
[2022.12.28-15.17.08:569][  0]LogConfig: Setting CVar [[r.DOF.TemporalAAQuality:1                ; more stable temporal accumulation]]
[2022.12.28-15.17.08:569][  0]LogConfig: Setting CVar [[r.DOF.Kernel.MaxForegroundRadius:0.025]]
[2022.12.28-15.17.08:569][  0]LogConfig: Setting CVar [[r.DOF.Kernel.MaxBackgroundRadius:0.025]]
[2022.12.28-15.17.08:569][  0]LogConfig: Applying CVar settings from Section [TextureQuality@3] File [D:/UnrealProjects/MentoramaArkanoid/Saved/Config/Windows/Scalability.ini]
[2022.12.28-15.17.08:569][  0]LogConfig: Setting CVar [[r.Streaming.MipBias:0]]
[2022.12.28-15.17.08:569][  0]LogConfig: Setting CVar [[r.Streaming.AmortizeCPUToGPUCopy:0]]
[2022.12.28-15.17.08:569][  0]LogConfig: Setting CVar [[r.Streaming.MaxNumTexturesToStreamPerFrame:0]]
[2022.12.28-15.17.08:569][  0]LogConfig: Setting CVar [[r.Streaming.Boost:1]]
[2022.12.28-15.17.08:569][  0]LogConfig: Setting CVar [[r.MaxAnisotropy:8]]
[2022.12.28-15.17.08:569][  0]LogConfig: Setting CVar [[r.VT.MaxAnisotropy:8]]
[2022.12.28-15.17.08:570][  0]LogConfig: Setting CVar [[r.Streaming.LimitPoolSizeToVRAM:0]]
[2022.12.28-15.17.08:570][  0]LogConfig: Setting CVar [[r.Streaming.PoolSize:1000]]
[2022.12.28-15.17.08:570][  0]LogConfig: Setting CVar [[r.Streaming.MaxEffectiveScreenSize:0]]
[2022.12.28-15.17.08:570][  0]LogConfig: Applying CVar settings from Section [EffectsQuality@3] File [D:/UnrealProjects/MentoramaArkanoid/Saved/Config/Windows/Scalability.ini]
[2022.12.28-15.17.08:570][  0]LogConfig: Setting CVar [[r.TranslucencyLightingVolumeDim:64]]
[2022.12.28-15.17.08:570][  0]LogConfig: Setting CVar [[r.RefractionQuality:2]]
[2022.12.28-15.17.08:570][  0]LogConfig: Setting CVar [[r.SSR.Quality:3]]
[2022.12.28-15.17.08:570][  0]LogConfig: Setting CVar [[r.SSR.HalfResSceneColor:0]]
[2022.12.28-15.17.08:570][  0]LogConfig: Setting CVar [[r.SceneColorFormat:4]]
[2022.12.28-15.17.08:570][  0]LogConfig: Setting CVar [[r.DetailMode:2]]
[2022.12.28-15.17.08:570][  0]LogConfig: Setting CVar [[r.TranslucencyVolumeBlur:1]]
[2022.12.28-15.17.08:571][  0]LogConfig: Setting CVar [[r.MaterialQualityLevel:1 ; High quality]]
[2022.12.28-15.17.08:571][  0]LogConfig: Setting CVar [[r.AnisotropicMaterials:1]]
[2022.12.28-15.17.08:571][  0]LogConfig: Setting CVar [[r.SSS.Scale:1]]
[2022.12.28-15.17.08:571][  0]LogConfig: Setting CVar [[r.SSS.SampleSet:2]]
[2022.12.28-15.17.08:571][  0]LogConfig: Setting CVar [[r.SSS.Quality:1]]
[2022.12.28-15.17.08:571][  0]LogConfig: Setting CVar [[r.SSS.HalfRes:0]]
[2022.12.28-15.17.08:571][  0]LogConfig: Setting CVar [[r.SSGI.Quality:3]]
[2022.12.28-15.17.08:571][  0]LogConfig: Setting CVar [[r.EmitterSpawnRateScale:1.0]]
[2022.12.28-15.17.08:571][  0]LogConfig: Setting CVar [[r.ParticleLightQuality:2]]
[2022.12.28-15.17.08:571][  0]LogConfig: Setting CVar [[r.SkyAtmosphere.AerialPerspectiveLUT.FastApplyOnOpaque:1 ; Always have FastSkyLUT 1 in this case to avoid wrong sky]]
[2022.12.28-15.17.08:571][  0]LogConfig: Setting CVar [[r.SkyAtmosphere.AerialPerspectiveLUT.SampleCountMaxPerSlice:4]]
[2022.12.28-15.17.08:571][  0]LogConfig: Setting CVar [[r.SkyAtmosphere.AerialPerspectiveLUT.DepthResolution:16.0]]
[2022.12.28-15.17.08:572][  0]LogConfig: Setting CVar [[r.SkyAtmosphere.FastSkyLUT:1]]
[2022.12.28-15.17.08:572][  0]LogConfig: Setting CVar [[r.SkyAtmosphere.FastSkyLUT.SampleCountMin:4.0]]
[2022.12.28-15.17.08:572][  0]LogConfig: Setting CVar [[r.SkyAtmosphere.FastSkyLUT.SampleCountMax:128.0]]
[2022.12.28-15.17.08:572][  0]LogConfig: Setting CVar [[r.SkyAtmosphere.SampleCountMin:4.0]]
[2022.12.28-15.17.08:572][  0]LogConfig: Setting CVar [[r.SkyAtmosphere.SampleCountMax:128.0]]
[2022.12.28-15.17.08:572][  0]LogConfig: Setting CVar [[r.SkyAtmosphere.TransmittanceLUT.UseSmallFormat:0]]
[2022.12.28-15.17.08:572][  0]LogConfig: Setting CVar [[r.SkyAtmosphere.TransmittanceLUT.SampleCount:10.0]]
[2022.12.28-15.17.08:572][  0]LogConfig: Setting CVar [[r.SkyAtmosphere.MultiScatteringLUT.SampleCount:15.0]]
[2022.12.28-15.17.08:572][  0]LogConfig: Setting CVar [[r.SkyLight.RealTimeReflectionCapture:1]]
[2022.12.28-15.17.08:572][  0]LogConfig: Applying CVar settings from Section [FoliageQuality@3] File [D:/UnrealProjects/MentoramaArkanoid/Saved/Config/Windows/Scalability.ini]
[2022.12.28-15.17.08:572][  0]LogConfig: Setting CVar [[foliage.DensityScale:1.0]]
[2022.12.28-15.17.08:573][  0]LogConfig: Setting CVar [[grass.DensityScale:1.0]]
[2022.12.28-15.17.08:573][  0]LogConfig: Applying CVar settings from Section [ShadingQuality@3] File [D:/UnrealProjects/MentoramaArkanoid/Saved/Config/Windows/Scalability.ini]
[2022.12.28-15.17.08:573][  0]LogConfig: Setting CVar [[r.HairStrands.SkyLighting.IntegrationType:2]]
[2022.12.28-15.17.08:573][  0]LogConfig: Setting CVar [[r.HairStrands.SkyAO.SampleCount:4]]
[2022.12.28-15.17.08:573][  0]LogConfig: Setting CVar [[r.HairStrands.Visibility.MSAA.SamplePerPixel:4]]
[2022.12.28-15.17.08:573][  0]LogConfig: Applying CVar settings from Section [Startup] File [../../../Engine/Config/ConsoleVariables.ini]
[2022.12.28-15.17.08:574][  0]LogConfig: Setting CVar [[net.UseAdaptiveNetUpdateFrequency:0]]
[2022.12.28-15.17.08:574][  0]LogConfig: Setting CVar [[p.chaos.AllowCreatePhysxBodies:1]]
[2022.12.28-15.17.08:574][  0]LogConfig: Setting CVar [[fx.SkipVectorVMBackendOptimizations:1]]
[2022.12.28-15.17.08:574][  0]LogConfig: Applying CVar settings from Section [ConsoleVariables] File [D:/UnrealProjects/MentoramaArkanoid/Saved/Config/Windows/Engine.ini]
[2022.12.28-15.17.08:574][  0]LogConfig: Applying CVar settings from Section [ConsoleVariables] File [D:/UnrealProjects/MentoramaArkanoid/Saved/Config/Windows/Editor.ini]
[2022.12.28-15.17.08:574][  0]LogInit: Computer: DESKTOP-9UR4MJL
[2022.12.28-15.17.08:574][  0]LogInit: User: AryGuilherme
[2022.12.28-15.17.08:574][  0]LogInit: CPU Page size=4096, Cores=12
[2022.12.28-15.17.08:575][  0]LogInit: High frequency timer resolution =10.000000 MHz
[2022.12.28-15.17.08:575][  0]LogMemory: Memory total: Physical=15.9GB (16GB approx)
[2022.12.28-15.17.08:575][  0]LogMemory: Platform Memory Stats for Windows
[2022.12.28-15.17.08:575][  0]LogMemory: Process Physical Memory: 154.21 MB used, 154.21 MB peak
[2022.12.28-15.17.08:575][  0]LogMemory: Process Virtual Memory: 132.54 MB used, 132.54 MB peak
[2022.12.28-15.17.08:575][  0]LogMemory: Physical Memory: 12226.99 MB used,  4059.46 MB free, 16286.45 MB total
[2022.12.28-15.17.08:575][  0]LogMemory: Virtual Memory: 134212232.00 MB used,  5498.67 MB free, 134217728.00 MB total
[2022.12.28-15.17.08:594][  0]LogWindows: WindowsPlatformFeatures enabled
[2022.12.28-15.17.10:413][  0]LogInit: Physics initialised using underlying interface: PhysX
[2022.12.28-15.17.10:414][  0]LogInit: Overriding language with editor language configuration option (en).
[2022.12.28-15.17.10:414][  0]LogInit: Overriding language with editor locale configuration option (en).
[2022.12.28-15.17.10:753][  0]LogInit: Setting process to per monitor DPI aware
[2022.12.28-15.17.10:797][  0]LogWindowsTextInputMethodSystem: Display: IME system deactivated.
[2022.12.28-15.17.10:934][  0]LogSlate: New Slate User Created.  User Index 0, Is Virtual User: 0
[2022.12.28-15.17.10:934][  0]LogSlate: Slate User Registered.  User Index 0, Is Virtual User: 0
[2022.12.28-15.17.11:538][  0]LogD3D11RHI: Loaded GFSDK_Aftermath_Lib.x64.dll
[2022.12.28-15.17.11:571][  0]LogHMD: Failed to initialize OpenVR with code 110
[2022.12.28-15.17.11:571][  0]LogD3D11RHI: D3D11 min allowed feature level: 11_0
[2022.12.28-15.17.11:571][  0]LogD3D11RHI: D3D11 max allowed feature level: 11_0
[2022.12.28-15.17.11:571][  0]LogD3D11RHI: D3D11 adapters:
[2022.12.28-15.17.11:702][  0]LogD3D11RHI:    0. 'Radeon RX 570 Series' (Feature Level 11_0)
[2022.12.28-15.17.11:702][  0]LogD3D11RHI:       4074/0/8143 MB DedicatedVideo/DedicatedSystem/SharedSystem, Outputs:2, VendorId:0x1002
[2022.12.28-15.17.11:718][  0]LogD3D11RHI:    1. 'Microsoft Basic Render Driver' (Feature Level 11_0)
[2022.12.28-15.17.11:718][  0]LogD3D11RHI:       0/0/8143 MB DedicatedVideo/DedicatedSystem/SharedSystem, Outputs:0, VendorId:0x1414
[2022.12.28-15.17.11:719][  0]LogD3D11RHI: Chosen D3D11 Adapter:
[2022.12.28-15.17.11:719][  0]LogD3D11RHI:     Description : Radeon RX 570 Series
[2022.12.28-15.17.11:719][  0]LogD3D11RHI:     VendorId    : 1002
[2022.12.28-15.17.11:719][  0]LogD3D11RHI:     DeviceId    : 67df
[2022.12.28-15.17.11:719][  0]LogD3D11RHI:     SubSysId    : c5701682
[2022.12.28-15.17.11:719][  0]LogD3D11RHI:     Revision    : 00ef
[2022.12.28-15.17.11:719][  0]LogD3D11RHI:     DedicatedVideoMemory : 4272934912 bytes
[2022.12.28-15.17.11:719][  0]LogD3D11RHI:     DedicatedSystemMemory : 0 bytes
[2022.12.28-15.17.11:719][  0]LogD3D11RHI:     SharedSystemMemory : 8538791936 bytes
[2022.12.28-15.17.11:720][  0]LogD3D11RHI:     AdapterLuid : 0 111132
[2022.12.28-15.17.11:729][  0]LogD3D11RHI: Creating new Direct3DDevice
[2022.12.28-15.17.11:729][  0]LogD3D11RHI:     GPU DeviceId: 0x67df (for the marketing name, search the web for "GPU Device Id")
[2022.12.28-15.17.11:729][  0]LogWindows: EnumDisplayDevices:
[2022.12.28-15.17.11:730][  0]LogWindows:    0. 'Radeon RX 570 Series' (P:1 D:1)
[2022.12.28-15.17.11:730][  0]LogWindows:    1. 'Radeon RX 570 Series' (P:0 D:1)
[2022.12.28-15.17.11:731][  0]LogWindows:    2. 'Radeon RX 570 Series' (P:0 D:0)
[2022.12.28-15.17.11:732][  0]LogWindows:    3. 'Radeon RX 570 Series' (P:0 D:0)
[2022.12.28-15.17.11:732][  0]LogWindows:    4. 'Radeon RX 570 Series' (P:0 D:0)
[2022.12.28-15.17.11:733][  0]LogWindows:    5. 'Radeon RX 570 Series' (P:0 D:0)
[2022.12.28-15.17.11:734][  0]LogWindows:    6. 'Radeon RX 570 Series' (P:0 D:0)
[2022.12.28-15.17.11:734][  0]LogWindows: DebugString: FoundDriverCount:7 
[2022.12.28-15.17.11:734][  0]LogD3D11RHI:     Adapter Name: Radeon RX 570 Series
[2022.12.28-15.17.11:734][  0]LogD3D11RHI:   Driver Version: AMD Software: Adrenalin Edition 22.20.27.07 (internal:31.0.12027.7000, unified:31.0.12027.7000)
[2022.12.28-15.17.11:734][  0]LogD3D11RHI:      Driver Date: 10-20-2022
[2022.12.28-15.17.11:735][  0]LogRHI: Texture pool is 2424 MB (70% of 3463 MB)
[2022.12.28-15.17.11:825][  0]LogD3D11RHI: Creating D3DDevice with AMD AGS, using adapter:
[2022.12.28-15.17.11:825][  0]LogD3D11RHI:     Description : Radeon RX 570 Series
[2022.12.28-15.17.11:825][  0]LogD3D11RHI:     VendorId    : 1002
[2022.12.28-15.17.11:826][  0]LogD3D11RHI:     DeviceId    : 67df
[2022.12.28-15.17.11:826][  0]LogD3D11RHI:     SubSysId    : c5701682
[2022.12.28-15.17.11:826][  0]LogD3D11RHI:     Revision    : 00ef
[2022.12.28-15.17.11:826][  0]LogD3D11RHI:     DedicatedVideoMemory : 4272934912 bytes
[2022.12.28-15.17.11:826][  0]LogD3D11RHI:     DedicatedSystemMemory : 0 bytes
[2022.12.28-15.17.11:826][  0]LogD3D11RHI:     SharedSystemMemory : 8538791936 bytes
[2022.12.28-15.17.11:826][  0]LogD3D11RHI:     AdapterLuid : 0 111132
[2022.12.28-15.17.11:921][  0]LogD3D11RHI: Created device via AGS, feature level 11_0, supported extensions 1fffffbf.
[2022.12.28-15.17.11:921][  0]LogD3D11RHI: RHI has support for 64 bit atomics
[2022.12.28-15.17.11:922][  0]LogD3D11RHI: Async texture creation enabled
[2022.12.28-15.17.11:922][  0]LogD3D11RHI: Array index from any shader is supported
[2022.12.28-15.17.11:940][  0]LogD3D11RHI: GPU Timing Frequency: 25.000000 (Debug: 2 1)
[2022.12.28-15.17.12:781][  0]LogTargetPlatformManager: Display: Loaded TargetPlatform 'AllDesktop'
[2022.12.28-15.17.12:865][  0]LogTargetPlatformManager: Display: Loaded TargetPlatform 'Android'
[2022.12.28-15.17.12:865][  0]LogTargetPlatformManager: Display: Loaded TargetPlatform 'Android_ASTC'
[2022.12.28-15.17.12:865][  0]LogTargetPlatformManager: Display: Loaded TargetPlatform 'Android_DXT'
[2022.12.28-15.17.12:865][  0]LogTargetPlatformManager: Display: Loaded TargetPlatform 'Android_ETC2'
[2022.12.28-15.17.12:865][  0]LogTargetPlatformManager: Display: Loaded TargetPlatform 'AndroidClient'
[2022.12.28-15.17.12:865][  0]LogTargetPlatformManager: Display: Loaded TargetPlatform 'Android_ASTCClient'
[2022.12.28-15.17.12:865][  0]LogTargetPlatformManager: Display: Loaded TargetPlatform 'Android_DXTClient'
[2022.12.28-15.17.12:865][  0]LogTargetPlatformManager: Display: Loaded TargetPlatform 'Android_ETC2Client'
[2022.12.28-15.17.12:866][  0]LogTargetPlatformManager: Display: Loaded TargetPlatform 'Android_Multi'
[2022.12.28-15.17.12:866][  0]LogTargetPlatformManager: Display: Loaded TargetPlatform 'Android_MultiClient'
[2022.12.28-15.17.13:368][  0]LogTargetPlatformManager: Display: Loaded TargetPlatform 'IOSClient'
[2022.12.28-15.17.13:368][  0]LogTargetPlatformManager: Display: Loaded TargetPlatform 'IOS'
[2022.12.28-15.17.13:489][  0]LogTargetPlatformManager: Display: Loaded TargetPlatform 'Linux'
[2022.12.28-15.17.13:516][  0]LogTargetPlatformManager: Display: Loaded TargetPlatform 'LinuxNoEditor'
[2022.12.28-15.17.13:548][  0]LogTargetPlatformManager: Display: Loaded TargetPlatform 'LinuxClient'
[2022.12.28-15.17.13:608][  0]LogTargetPlatformManager: Display: Loaded TargetPlatform 'LinuxServer'
[2022.12.28-15.17.13:667][  0]LogTargetPlatformManager: Display: Loaded TargetPlatform 'LinuxAArch64NoEditor'
[2022.12.28-15.17.13:738][  0]LogTargetPlatformManager: Display: Loaded TargetPlatform 'LinuxAArch64Client'
[2022.12.28-15.17.13:799][  0]LogTargetPlatformManager: Display: Loaded TargetPlatform 'LinuxAArch64Server'
[2022.12.28-15.17.13:890][  0]LogTargetPlatformManager: Display: Loaded TargetPlatform 'Lumin'
[2022.12.28-15.17.13:890][  0]LogTargetPlatformManager: Display: Loaded TargetPlatform 'LuminClient'
[2022.12.28-15.17.14:083][  0]LogTargetPlatformManager: Display: Loaded TargetPlatform 'MacNoEditor'
[2022.12.28-15.17.14:249][  0]LogTargetPlatformManager: Display: Loaded TargetPlatform 'Mac'
[2022.12.28-15.17.14:370][  0]LogTargetPlatformManager: Display: Loaded TargetPlatform 'MacClient'
[2022.12.28-15.17.14:443][  0]LogTargetPlatformManager: Display: Loaded TargetPlatform 'MacServer'
[2022.12.28-15.17.14:584][  0]LogTargetPlatformManager: Display: Loaded TargetPlatform 'TVOSClient'
[2022.12.28-15.17.14:584][  0]LogTargetPlatformManager: Display: Loaded TargetPlatform 'TVOS'
[2022.12.28-15.17.14:658][  0]LogTargetPlatformManager: Display: Loaded TargetPlatform 'WindowsNoEditor'
[2022.12.28-15.17.14:727][  0]LogTargetPlatformManager: Display: Loaded TargetPlatform 'Windows'
[2022.12.28-15.17.14:794][  0]LogTargetPlatformManager: Display: Loaded TargetPlatform 'WindowsClient'
[2022.12.28-15.17.14:929][  0]LogTargetPlatformManager: Display: Loaded TargetPlatform 'WindowsServer'
[2022.12.28-15.17.14:929][  0]LogTargetPlatformManager: Display: Building Assets For Windows
[2022.12.28-15.17.15:173][  0]LogAudioDebug: Display: Lib vorbis DLL was dynamically loaded.
[2022.12.28-15.17.16:092][  0]LogTextureFormatOodle: Display: Oodle Texture 2.9.0 init RDO Off
[2022.12.28-15.17.17:473][  0]LogRendererCore: Ray tracing is disabled. Reason: r.RayTracing=0.
[2022.12.28-15.17.17:474][  0]LogShaderCompilers: Guid format shader working directory is 5 characters bigger than the processId version (../../../../../UnrealProjects/MentoramaArkanoid/Intermediate/Shaders/WorkingDirectory/20788/).
[2022.12.28-15.17.17:474][  0]LogShaderCompilers: Cleaned the shader compiler working directory 'C:/Users/AryGuilherme/AppData/Local/Temp/UnrealShaderWorkingDir/F89AC8584D5698CCF19CCE8354DEF9E0/'.
[2022.12.28-15.17.17:475][  0]LogXGEController: Cannot use XGE Controller as Incredibuild is not installed on this machine.
[2022.12.28-15.17.17:476][  0]LogShaderCompilers: Cannot use XGE Shader Compiler as Incredibuild is not installed on this machine.
[2022.12.28-15.17.17:476][  0]LogShaderCompilers: Display: Using Local Shader Compiler.
[2022.12.28-15.17.18:613][  0]LogDerivedDataCache: Display: Max Cache Size: 512 MB
[2022.12.28-15.17.18:732][  0]LogDerivedDataCache: Loaded boot cache 0.12s 94MB C:/Users/AryGuilherme/AppData/Local/UnrealEngine/4.27/DerivedDataCache/Boot.ddc.
[2022.12.28-15.17.18:732][  0]LogDerivedDataCache: Display: Loaded Boot cache: C:/Users/AryGuilherme/AppData/Local/UnrealEngine/4.27/DerivedDataCache/Boot.ddc
[2022.12.28-15.17.18:732][  0]LogDerivedDataCache: FDerivedDataBackendGraph:  Pak pak cache file ../../../../../UnrealProjects/MentoramaArkanoid/DerivedDataCache/DDC.ddp not found, will not use a pak cache.
[2022.12.28-15.17.18:732][  0]LogDerivedDataCache: Unable to find inner node Pak for hierarchical cache Hierarchy.
[2022.12.28-15.17.18:733][  0]LogDerivedDataCache: FDerivedDataBackendGraph:  CompressedPak pak cache file ../../../../../UnrealProjects/MentoramaArkanoid/DerivedDataCache/Compressed.ddp not found, will not use a pak cache.
[2022.12.28-15.17.18:733][  0]LogDerivedDataCache: Unable to find inner node CompressedPak for hierarchical cache Hierarchy.
[2022.12.28-15.17.18:758][  0]LogDerivedDataCache: Display: Pak cache opened for reading ../../../Engine/DerivedDataCache/Compressed.ddp.
[2022.12.28-15.17.18:758][  0]LogDerivedDataCache: FDerivedDataBackendGraph:  EnterprisePak pak cache file ../../../Enterprise/DerivedDataCache/Compressed.ddp not found, will not use a pak cache.
[2022.12.28-15.17.18:758][  0]LogDerivedDataCache: Unable to find inner node EnterprisePak for hierarchical cache Hierarchy.
[2022.12.28-15.17.18:809][  0]LogDerivedDataCache: Speed tests for C:/Users/AryGuilherme/AppData/Local/UnrealEngine/Common/DerivedDataCache took 0.05 seconds
[2022.12.28-15.17.18:810][  0]LogDerivedDataCache: Display: Performance to C:/Users/AryGuilherme/AppData/Local/UnrealEngine/Common/DerivedDataCache: Latency=0.05ms. RandomReadSpeed=475.62MBs, RandomWriteSpeed=19.29MBs. Assigned SpeedClass 'Local'
[2022.12.28-15.17.18:812][  0]LogDerivedDataCache: Using Local data cache path C:/Users/AryGuilherme/AppData/Local/UnrealEngine/Common/DerivedDataCache: Writable
[2022.12.28-15.17.18:813][  0]LogDerivedDataCache: Shared data cache path not found in *engine.ini, will not use an Shared cache.
[2022.12.28-15.17.18:813][  0]LogDerivedDataCache: Unable to find inner node Shared for hierarchical cache Hierarchy.
[2022.12.28-15.17.18:902][  0]LogSlate: Using FreeType 2.10.0
[2022.12.28-15.17.18:903][  0]LogSlate: SlateFontServices - WITH_FREETYPE: 1, WITH_HARFBUZZ: 1
[2022.12.28-15.17.19:011][  0]LogAssetRegistry: FAssetRegistry took 0.0077 seconds to start up
[2022.12.28-15.17.19:374][  0]LogInit: Selected Device Profile: [Windows]
[2022.12.28-15.17.19:374][  0]LogInit: Active device profile: [00000174C0E54B00][00000174BEB6C840 49] Windows
[2022.12.28-15.17.19:374][  0]LogInit: Profiles: [00000174C0E54B00][00000174BEB6C840 49] Windows, [00000174C0E32200][00000174BEB709C0 49] WindowsNoEditor, [00000174C0E55900][00000174BEB74B40 49] WindowsServer, [00000174C0E32F00][00000174BEB78CC0 49] WindowsClient, [00000174C0E57C00][00000174C003EE40 49] IOS, [00000174C0E30F00][00000174C0042FC0 49] iPadAir, [00000174C0E57E00][00000174C0047140 49] iPadAir2, [00000174C0DD8C00][00000174C004F400 49] IPadPro, [00000174C0DD8D00][00000174C004B440 49] iPadAir3, [00000174C0E33C00][00000174C00535C0 49] iPadAir4, [00000174C0DDB600][00000174C1497740 49] iPadMini2, [00000174C0E33300][00000174C149B8C0 49] iPadMini3, [00000174C0DDB800][00000174C0057A40 49] iPadMini4, [00000174C0E33900][00000174C005FBC0 49] iPadMini5, [00000174C0DFC600][00000174C008A300 49] iPhone6, [00000174C0DFC700][00000174C007E340 49] iPodTouch6, [00000174C0E56900][00000174BEB685C0 49] iPhone7, [00000174C0E56800][00000174BEBB0600 49] iPodTouch7, [00000174C0DFC100][00000174BEBB4740 49] iPhone5S, [00000174C0DD8700][00000174B501A880 49] iPhone6Plus, [00000174C0DFE500][00000174B501E9C0 49] iPhone6S, [00000174C0DD9300][00000174B8EE2B40 49] iPhone6SPlus, [00000174C0DFFB00][00000174B8EE6CC0 49] iPhone7Plus, [00000174C0DDB500][00000174B8EEAE40 49] iPhoneSE, [00000174C0E56600][00000174C0062FC0 49] iPhone8, [00000174C0DD8600][00000174B8EEF140 49] iPhone8Plus, [00000174C0E56200][00000174B8EF32C0 49] iPhoneX, [00000174C0DDB300][00000174B8EF7440 49] iPhoneXS, [00000174C0E57400][00000174B50235C0 49] iPhoneXSMax, [00000174C0DDAD00][00000174B502B740 49] iPhoneXR, [00000174C0E54200][00000174B502F8C0 49] iPhone11, [00000174C0DD9E00][00000174B503FA40 49] iPhone11Pro, [00000174C0E56A00][00000174B92F7BC0 49] iPhone11ProMax, [00000174C0DDB700][00000174A658C1C0 49] iPhoneSE2, [00000174C0E54D00][00000174A6590340 49] iPhone12Mini, [00000174C0DD9F00][00000174A65944C0 49] iPhone12, [00000174C0E54700][00000174A659C640 49] iPhone12Pro, [00000174C0DD9400][00000174B8EDE780 49] iPhone12ProMax, [00000174C0E54C00][00000174B4F688C0 49] iPadPro105, [00000174C0DD9700][00000174B4F6CA00 49] iPadPro129, [00000174C0E54100][00000174B4F70B40 49] iPadPro97, [00000174C0DDBC00][00000174B4F78CC0 49] iPadPro2_129, [00000174C0E54800][00000174B4F7CE40 49] iPad5, [00000174C0DDB100][00000174B4F80FC0 49] iPad6, [00000174C0E54500][00000174B4F85140 49] iPad7, [00000174C0DDA800][00000174B4F892C0 49] iPad8, [00000174C0E55500][00000174B4FBD440 49] iPadPro11, [00000174C0DD9500][00000174B4FC55C0 49] iPadPro2_11, [00000174C0E54F00][00000174C1847740 49] iPadPro3_129, [00000174C0DDAC00][00000174C184B8C0 49] iPadPro4_129, [00000174C0E56500][00000174C188DA40 49] AppleTV, [00000174C0DD9100][00000174C1891BC0 49] AppleTV4K, [00000174C0E54400][00000174C18941C0 49] TVOS, [00000174C0DDA600][00000174C189C340 49] Mac, [00000174C0E57D00][00000174C18A04C0 49] MacClient, [00000174C0DD9800][00000174C18A4640 49] MacNoEditor, [00000174C0E57100][00000174C18A87C0 49] MacServer, [00000174C0DDB900][00000174C18AC940 49] Linux, [00000174C0E54900][00000174B4F74A80 49] LinuxAArch64, [00000174C0DDBF00][00000174B8ED4BC0 49] LinuxNoEditor, [00000174C0E55B00][00000174B8ED8D00 49] LinuxAArch64NoEditor, [00000174C0DDB400][00000174BEBB8E80 49] LinuxClient, [00000174C0E55C00][00000174BEBBD000 49] LinuxAArch64Client, [00000174C0DD9D00][00000174BEBC1180 49] LinuxServer, [00000174C0E56F00][00000174BEBC5300 49] LinuxAArch64Server, [00000174C0DD8500][00000174BEBC9480 49] Android, [00000174C0E55E00][00000174B4FC1600 49] Android_Low, [00000174C0DDB000][00000174C1899780 49] Android_Mid, [00000174C0E56400][00000174BEBCD900 49] Android_High, [00000174C0DD8800][00000174BEBD1A80 49] Android_Default, [00000174C0E57200][00000174BEBD5C00 49] Android_Adreno4xx, [00000174C0E32500][00000174B4FE6200 49] Android_Adreno5xx_Low, [00000174C0DFDC00][00000174B4FEA380 49] Android_Adreno5xx, [00000174C0E33E00][00000174B4FEE500 49] Android_Adreno6xx, [00000174C0DFEB00][00000174B4FF2680 49] Android_Adreno6xx_Vulkan, [00000174C0E33F00][00000174B4FF6800 49] Android_Mali_T6xx, [00000174C0DFCF00][00000174B4FFA980 49] Android_Mali_T7xx, [00000174C0E31400][00000174B4FFEB00 49] Android_Mali_T8xx, [00000174C0DFDF00][00000174C184EC40 49] Android_Mali_G71, [00000174C0E31D00][00000174B5002D80 49] Android_Mali_G72, [00000174C0DFE400][00000174B5006EC0 49] Android_Mali_G72_Vulkan, [00000174C0E33700][00000174B500F040 49] Android_Mali_G76, [00000174C0DFE100][00000174B50131C0 49] Android_Mali_G76_Vulkan, [00000174C0E31C00][00000174B5017340 49] Android_Mali_G77, [00000174C0DFCA00][00000174C12DD4C0 49] Android_Mali_G77_Vulkan, [00000174C0E33500][00000174C12E1640 49] Android_Mali_G78, [00000174C0DFD300][00000174C12E57C0 49] Android_Mali_G78_Vulkan, [00000174C0E32A00][00000174C12E9940 49] Android_Mali_G710, [00000174C0DFFD00][00000174C12EDAC0 49] Android_Mali_G710_Vulkan, [00000174C0E31F00][00000174C12F00C0 49] Android_Vulkan_SM5, [00000174C0DFC900][00000174C12F4240 49] Android_PowerVR_G6xxx, [00000174C0E32000][00000174C12F83C0 49] Android_PowerVR_GT7xxx, [00000174C0DFE700][00000174C12FC540 49] Android_PowerVR_GE8xxx, [00000174C0E32400][00000174C13006C0 49] Android_PowerVR_GM9xxx, [00000174C0DFF200][00000174C1304840 49] Android_PowerVR_GM9xxx_Vulkan, [00000174C0E33100][00000174C13089C0 49] Android_TegraK1, [00000174C0DFD700][00000174C130CB40 49] Android_Unknown_Vulkan, [00000174C0E33800][00000174B4F2CCC0 49] Lumin, [00000174C0DFC200][00000174B500AE00 49] Lumin_Desktop, [00000174C0E32300][00000174B4F30F40 49] HoloLens, 
[2022.12.28-15.17.20:538][  0]LogMeshReduction: Using QuadricMeshReduction for automatic static mesh reduction
[2022.12.28-15.17.20:538][  0]LogMeshReduction: Using SimplygonMeshReduction for automatic skeletal mesh reduction
[2022.12.28-15.17.20:538][  0]LogMeshReduction: Using ProxyLODMeshReduction for automatic mesh merging
[2022.12.28-15.17.20:538][  0]LogMeshReduction: No distributed automatic mesh merging module available
[2022.12.28-15.17.20:539][  0]LogMeshMerging: No distributed automatic mesh merging module available
[2022.12.28-15.17.20:705][  0]LogNetVersion: MentoramaArkanoid 1.0.0, NetCL: 17155196, EngineNetVer: 17, GameNetVer: 0 (Checksum: 2628309860)
[2022.12.28-15.17.21:290][  0]LogTexture: Default maximum texture size for cubemaps generated from long-lat sources has been changed from 512 to unlimited. In order to preserve old behaiour for '/Engine/MapTemplates/Sky/DaylightAmbientCubemap.DaylightAmbientCubemap', its maximum texture size has been explicitly set to 512.
[2022.12.28-15.17.21:397][  0]LogHMD: PokeAHoleMaterial loaded successfully
[2022.12.28-15.17.21:404][  0]LogUObjectArray: 17179 objects as part of root set at end of initial load.
[2022.12.28-15.17.21:404][  0]LogUObjectAllocator: 4302256 out of 0 bytes used by permanent object pool.
[2022.12.28-15.17.21:404][  0]LogUObjectArray: CloseDisregardForGC: 0/0 objects in disregard for GC pool
[2022.12.28-15.17.33:777][  0]LogPython: Using Python 3.7.7
[2022.12.28-15.17.37:720][  0]LogTcpMessaging: Initializing TcpMessaging bridge
[2022.12.28-15.17.37:871][  0]LogUdpMessaging: Initializing bridge on interface 0.0.0.0:0 to multicast group 230.0.0.1:6666.
[2022.12.28-15.17.39:349][  0]LogNiagaraDebuggerClient: Niagara Debugger Client Initialized | Session: 54AB71664C289A003D55E4A30FE3A494 | Instance: 7C3DECAB44893868D93F5EB4098475C9 (DESKTOP-9UR4MJL-20788).
[2022.12.28-15.17.45:061][  0]SourceControl: Source control is disabled
[2022.12.28-15.17.45:061][  0]SourceControl: Source control is disabled
[2022.12.28-15.17.45:180][  0]SourceControl: Source control is disabled
[2022.12.28-15.17.45:799][  0]SourceControl: Source control is disabled
[2022.12.28-15.17.46:023][  0]SourceControl: Source control is disabled
[2022.12.28-15.17.46:132][  0]LogUProjectInfo: Found projects:
[2022.12.28-15.17.56:707][  0]LogOpenImageDenoise: OIDN starting up
[2022.12.28-15.17.59:912][  0]LogAudioCaptureCore: Display: No Audio Capture implementations found. Audio input will be silent.
[2022.12.28-15.17.59:913][  0]LogAudioCaptureCore: Display: No Audio Capture implementations found. Audio input will be silent.
[2022.12.28-15.18.00:388][  0]LogAndroidPermission: UAndroidPermissionCallbackProxy::GetInstance
[2022.12.28-15.18.04:807][  0]LogCollectionManager: Loaded 0 collections in 0.007250 seconds
[2022.12.28-15.18.04:816][  0]LogFileCache: Scanning file cache for directory 'D:/UnrealProjects/MentoramaArkanoid/Saved/Collections/' took 0.00s
[2022.12.28-15.18.04:816][  0]LogFileCache: Scanning file cache for directory 'D:/UnrealProjects/MentoramaArkanoid/Content/Developers/AryGuilherme/Collections/' took 0.00s
[2022.12.28-15.18.04:816][  0]LogFileCache: Scanning file cache for directory 'D:/UnrealProjects/MentoramaArkanoid/Content/Collections/' took 0.00s
[2022.12.28-15.18.05:391][  0]LogOcInput: OculusInput pre-init called
[2022.12.28-15.18.07:010][  0]LogEngine: Initializing Engine...
[2022.12.28-15.18.07:034][  0]LogHMD: Failed to enumerate extensions. Please check that you have a valid OpenXR runtime installed.
[2022.12.28-15.18.07:035][  0]LogHMD: Failed to initialize OpenVR with code 110
[2022.12.28-15.18.07:035][  0]LogMagicLeap: Warning: VR disabled because ZI is not enabled.  To enable, in the editor, Edit -> Project Settings -> Plugins -> Magic Leap Plugin -> Enable Zero Iteration
[2022.12.28-15.18.07:038][  0]LogStats: UGameplayTagsManager::InitializeManager -  0.000 s
[2022.12.28-15.18.07:643][  0]LogInit: Initializing FReadOnlyCVARCache
[2022.12.28-15.18.07:787][  0]LogAIModule: Creating AISystem for world Untitled
[2022.12.28-15.18.07:789][  0]LogAudio: Display: Initializing Audio Device Manager...
[2022.12.28-15.18.07:949][  0]LogAudio: Display: Loading Default Audio Settings Objects...
[2022.12.28-15.18.07:975][  0]LogAudio: Display: No default SoundConcurrencyObject specified (or failed to load).
[2022.12.28-15.18.07:976][  0]LogAudio: Display: Audio Device Manager Initialized
[2022.12.28-15.18.07:976][  0]LogAudio: Display: Creating Audio Device:                 Id: 1, Scope: Shared, Realtime: True
[2022.12.28-15.18.07:977][  0]LogAudioMixer: Display: Audio Mixer Platform Settings:
[2022.12.28-15.18.07:977][  0]LogAudioMixer: Display: 	Sample Rate:						  48000
[2022.12.28-15.18.07:977][  0]LogAudioMixer: Display: 	Callback Buffer Frame Size Requested: 1024
[2022.12.28-15.18.07:977][  0]LogAudioMixer: Display: 	Callback Buffer Frame Size To Use:	  1024
[2022.12.28-15.18.07:977][  0]LogAudioMixer: Display: 	Number of buffers to queue:			  2
[2022.12.28-15.18.07:977][  0]LogAudioMixer: Display: 	Max Channels (voices):				  32
[2022.12.28-15.18.07:978][  0]LogAudioMixer: Display: 	Number of Async Source Workers:		  0
[2022.12.28-15.18.07:978][  0]LogAudio: Display: AudioDevice MaxSources: 32
[2022.12.28-15.18.07:979][  0]LogAudio: Display: Audio Spatialization Plugin: None (built-in).
[2022.12.28-15.18.07:979][  0]LogAudio: Display: Audio Reverb Plugin: None (built-in).
[2022.12.28-15.18.07:979][  0]LogAudio: Display: Audio Occlusion Plugin: None (built-in).
[2022.12.28-15.18.07:979][  0]LogAudioMixer: Display: Initializing audio mixer.
[2022.12.28-15.18.08:046][  0]LogAudioMixer: Display: 0: FrontLeft
[2022.12.28-15.18.08:046][  0]LogAudioMixer: Display: 1: FrontRight
[2022.12.28-15.18.08:140][  0]LogAudioMixer: Display: Using Audio Device Alto-falantes (HyperX Cloud Stinger Core Wireless + 7.1)
[2022.12.28-15.18.08:141][  0]LogAudioMixer: Display: Initializing Sound Submixes...
[2022.12.28-15.18.08:186][  0]LogAudioMixer: Display: Creating Master Submix 'MasterSubmixDefault'
[2022.12.28-15.18.08:187][  0]LogAudioMixer: Display: Creating Master Submix 'MasterReverbSubmixDefault'
[2022.12.28-15.18.08:189][  0]LogAudioMixer: Display: Creating Master Submix 'MasterEQSubmixDefault'
[2022.12.28-15.18.08:190][  0]LogAudioMixer: FMixerPlatformXAudio2::StartAudioStream() called
[2022.12.28-15.18.08:190][  0]LogAudioMixer: Display: Output buffers initialized: Frames=1024, Channels=2, Samples=2048
[2022.12.28-15.18.08:194][  0]LogAudioMixer: Display: Starting AudioMixerPlatformInterface::RunInternal()
[2022.12.28-15.18.08:194][  0]LogAudioMixer: Display: FMixerPlatformXAudio2::SubmitBuffer() called for the first time
[2022.12.28-15.18.08:194][  0]LogInit: FAudioDevice initialized.
[2022.12.28-15.18.08:195][  0]LogAudio: Display: Audio Device (ID: 1) registered with world 'Untitled'.
[2022.12.28-15.18.08:195][  0]LogNetVersion: Set ProjectVersion to 1.0.0.0. Version Checksum will be recalculated on next use.
[2022.12.28-15.18.08:297][  0]LogDerivedDataCache: Saved boot cache 0.10s 94MB C:/Users/AryGuilherme/AppData/Local/UnrealEngine/4.27/DerivedDataCache/Boot.ddc.
[2022.12.28-15.18.08:307][  0]LogInit: Texture streaming: Enabled
[2022.12.28-15.18.08:606][  0]LogAnalytics: Display: [UEEditor.Rocket.Release] APIServer = https://datarouter.ol.epicgames.com/. AppVersion = 4.27.2-18319896+++UE4+Release-4.27
[2022.12.28-15.18.08:720][  0]LogEngineSessionManager: EngineSessionManager initialized
[2022.12.28-15.18.08:720][  0]LogEditorSessionSummary: Verbose: Initializing EditorSessionSummaryWriter for editor session tracking
[2022.12.28-15.18.08:745][  0]LogEditorSessionSummary: EditorSessionSummaryWriter initialized
[2022.12.28-15.18.09:072][  0]LogInit: Transaction tracking system initialized
[2022.12.28-15.18.10:061][  0]BlueprintLog: New page: Editor Load
[2022.12.28-15.18.12:172][  0]LocalizationService: Localization service is disabled
[2022.12.28-15.18.13:022][  0]TimingProfiler: Initialize
[2022.12.28-15.18.13:023][  0]TimingProfiler: OnSessionChanged
[2022.12.28-15.18.13:023][  0]LoadingProfiler: Initialize
[2022.12.28-15.18.13:023][  0]LoadingProfiler: OnSessionChanged
[2022.12.28-15.18.13:024][  0]NetworkingProfiler: Initialize
[2022.12.28-15.18.13:024][  0]NetworkingProfiler: OnSessionChanged
[2022.12.28-15.18.13:024][  0]MemoryProfiler: Initialize
[2022.12.28-15.18.13:024][  0]MemoryProfiler: OnSessionChanged
[2022.12.28-15.18.15:267][  0]LogCook: Display: CookSettings for Memory: MemoryMaxUsedVirtual 0MiB, MemoryMaxUsedPhysical 16384MiB, MemoryMinFreeVirtual 0MiB, MemoryMinFreePhysical 1024MiB
[2022.12.28-15.18.15:267][  0]LogCook: Display: Mobile HDR setting 1
[2022.12.28-15.18.15:960][  0]LogFileCache: Scanning file cache for directory 'D:/UnrealProjects/MentoramaArkanoid/Content/' took 0.32s
[2022.12.28-15.18.20:876][  0]LogInit: Display: Engine is initialized. Leaving FEngineLoop::Init()
[2022.12.28-15.18.20:900][  0]SourceControl: Source control is disabled
[2022.12.28-15.18.20:900][  0]LogUnrealEdMisc: Loading editor; pre map load, took 89.130
[2022.12.28-15.18.20:900][  0]Cmd: MAP LOAD FILE="../../../../../UnrealProjects/MentoramaArkanoid/Content/Levels/Level_01/MapLevel_01.umap" TEMPLATE=0 SHOWPROGRESS=1 FEATURELEVEL=3
[2022.12.28-15.18.20:949][  0]LightingResults: New page: Lighting Build
[2022.12.28-15.18.20:979][  0]LogWorld: UWorld::CleanupWorld for Untitled, bSessionEnded=true, bCleanupResources=true
[2022.12.28-15.18.20:980][  0]LogSlate: InvalidateAllWidgets triggered.  All widgets were invalidated
[2022.12.28-15.18.20:980][  0]MapCheck: New page: Map Check
[2022.12.28-15.18.20:980][  0]LightingResults: New page: Lighting Build
[2022.12.28-15.18.20:995][  0]LogAudio: Display: Audio Device unregistered from world 'None'.
[2022.12.28-15.18.21:006][  0]LogUObjectHash: Compacting FUObjectHashTables data took   3.32ms
[2022.12.28-15.18.24:298][  0]LogAudio: Display: Audio Device (ID: 1) registered with world 'MapLevel_01'.
[2022.12.28-15.18.24:299][  0]LogAIModule: Creating AISystem for world MapLevel_01
[2022.12.28-15.18.24:329][  0]LogEditorServer: Finished looking for orphan Actors (0.000 secs)
[2022.12.28-15.18.24:359][  0]LogUObjectHash: Compacting FUObjectHashTables data took   2.71ms
[2022.12.28-15.18.24:360][  0]Cmd: MAP CHECKDEP NOCLEARLOG
[2022.12.28-15.18.24:361][  0]MapCheck: Map check complete: 0 Error(s), 0 Warning(s), took 0.124ms to complete.
[2022.12.28-15.18.24:361][  0]LogFileHelpers: Loading map 'MapLevel_01' took 3.460
[2022.12.28-15.18.24:380][  0]LogUnrealEdMisc: Total Editor Startup Time, took 92.610
[2022.12.28-15.18.24:643][  0]LogSlate: Updating window title bar state: overlay mode, drag disabled, window buttons hidden, title bar hidden
[2022.12.28-15.18.24:654][  0]LogSlate: Updating window title bar state: overlay mode, drag disabled, window buttons hidden, title bar hidden
[2022.12.28-15.18.24:663][  0]LogSlate: Updating window title bar state: overlay mode, drag disabled, window buttons hidden, title bar hidden
[2022.12.28-15.18.24:672][  0]LogSlate: Updating window title bar state: overlay mode, drag disabled, window buttons hidden, title bar hidden
[2022.12.28-15.18.24:710][  0]LogNativeClassHierarchy: Verbose: Native class hierarchy populated in 0.0131 seconds. Added 3830 classes and 930 folders.
[2022.12.28-15.18.24:730][  0]LogNativeClassHierarchy: Verbose: Native class hierarchy updated for 'WidgetCarousel' in 0.0004 seconds. Added 0 classes and 0 folders.
[2022.12.28-15.18.24:789][  0]LogPakFile: PakFile PrimaryIndexSize=187
[2022.12.28-15.18.24:789][  0]LogPakFile: PakFile PathHashIndexSize=101
[2022.12.28-15.18.24:789][  0]LogPakFile: PakFile FullDirectoryIndexSize=148
[2022.12.28-15.18.24:789][  0]LogShaderLibrary: Display: ShaderCodeLibraryPakFileMountedCallback: PakFile 'D:/EpicGames/UE_4.27/FeaturePacks/FP_FirstPerson.upack' (chunk index -1, root 'root:/') mounted
[2022.12.28-15.18.24:789][  0]LogShaderLibrary: Display: ShaderCodeLibraryPakFileMountedCallback: pending pak file info (ChunkID:-1 Root:root:/ File:D:/EpicGames/UE_4.27/FeaturePacks/FP_FirstPerson.upack)
[2022.12.28-15.18.24:790][  0]LogPakFile: OnPakFileMounted2Time == 0.000366
[2022.12.28-15.18.24:817][  0]LogPakFile: PakFile PrimaryIndexSize=189
[2022.12.28-15.18.24:817][  0]LogPakFile: PakFile PathHashIndexSize=101
[2022.12.28-15.18.24:817][  0]LogPakFile: PakFile FullDirectoryIndexSize=152
[2022.12.28-15.18.24:817][  0]LogShaderLibrary: Display: ShaderCodeLibraryPakFileMountedCallback: PakFile 'D:/EpicGames/UE_4.27/FeaturePacks/FP_FirstPersonBP.upack' (chunk index -1, root 'root:/') mounted
[2022.12.28-15.18.24:817][  0]LogShaderLibrary: Display: ShaderCodeLibraryPakFileMountedCallback: pending pak file info (ChunkID:-1 Root:root:/ File:D:/EpicGames/UE_4.27/FeaturePacks/FP_FirstPersonBP.upack)
[2022.12.28-15.18.24:817][  0]LogPakFile: OnPakFileMounted2Time == 0.000351
[2022.12.28-15.18.24:821][  0]LogPakFile: PakFile PrimaryIndexSize=191
[2022.12.28-15.18.24:822][  0]LogPakFile: PakFile PathHashIndexSize=101
[2022.12.28-15.18.24:822][  0]LogPakFile: PakFile FullDirectoryIndexSize=160
[2022.12.28-15.18.24:822][  0]LogShaderLibrary: Display: ShaderCodeLibraryPakFileMountedCallback: PakFile 'D:/EpicGames/UE_4.27/FeaturePacks/MobileStarterContent.upack' (chunk index -1, root 'root:/') mounted
[2022.12.28-15.18.24:822][  0]LogShaderLibrary: Display: ShaderCodeLibraryPakFileMountedCallback: pending pak file info (ChunkID:-1 Root:root:/ File:D:/EpicGames/UE_4.27/FeaturePacks/MobileStarterContent.upack)
[2022.12.28-15.18.24:822][  0]LogPakFile: OnPakFileMounted2Time == 0.000357
[2022.12.28-15.18.24:825][  0]LogPakFile: PakFile PrimaryIndexSize=185
[2022.12.28-15.18.24:825][  0]LogPakFile: PakFile PathHashIndexSize=101
[2022.12.28-15.18.24:825][  0]LogPakFile: PakFile FullDirectoryIndexSize=148
[2022.12.28-15.18.24:826][  0]LogShaderLibrary: Display: ShaderCodeLibraryPakFileMountedCallback: PakFile 'D:/EpicGames/UE_4.27/FeaturePacks/StarterContent.upack' (chunk index -1, root 'root:/') mounted
[2022.12.28-15.18.24:826][  0]LogShaderLibrary: Display: ShaderCodeLibraryPakFileMountedCallback: pending pak file info (ChunkID:-1 Root:root:/ File:D:/EpicGames/UE_4.27/FeaturePacks/StarterContent.upack)
[2022.12.28-15.18.24:826][  0]LogPakFile: OnPakFileMounted2Time == 0.000427
[2022.12.28-15.18.24:837][  0]LogPakFile: PakFile PrimaryIndexSize=190
[2022.12.28-15.18.24:837][  0]LogPakFile: PakFile PathHashIndexSize=101
[2022.12.28-15.18.24:837][  0]LogPakFile: PakFile FullDirectoryIndexSize=154
[2022.12.28-15.18.24:838][  0]LogShaderLibrary: Display: ShaderCodeLibraryPakFileMountedCallback: PakFile 'D:/EpicGames/UE_4.27/FeaturePacks/TP_2DSideScroller.upack' (chunk index -1, root 'root:/') mounted
[2022.12.28-15.18.24:838][  0]LogShaderLibrary: Display: ShaderCodeLibraryPakFileMountedCallback: pending pak file info (ChunkID:-1 Root:root:/ File:D:/EpicGames/UE_4.27/FeaturePacks/TP_2DSideScroller.upack)
[2022.12.28-15.18.24:838][  0]LogPakFile: OnPakFileMounted2Time == 0.000330
[2022.12.28-15.18.24:849][  0]LogPakFile: PakFile PrimaryIndexSize=192
[2022.12.28-15.18.24:849][  0]LogPakFile: PakFile PathHashIndexSize=101
[2022.12.28-15.18.24:849][  0]LogPakFile: PakFile FullDirectoryIndexSize=158
[2022.12.28-15.18.24:849][  0]LogShaderLibrary: Display: ShaderCodeLibraryPakFileMountedCallback: PakFile 'D:/EpicGames/UE_4.27/FeaturePacks/TP_2DSideScrollerBP.upack' (chunk index -1, root 'root:/') mounted
[2022.12.28-15.18.24:849][  0]LogShaderLibrary: Display: ShaderCodeLibraryPakFileMountedCallback: pending pak file info (ChunkID:-1 Root:root:/ File:D:/EpicGames/UE_4.27/FeaturePacks/TP_2DSideScrollerBP.upack)
[2022.12.28-15.18.24:850][  0]LogPakFile: OnPakFileMounted2Time == 0.000386
[2022.12.28-15.18.24:852][  0]LogPakFile: PakFile PrimaryIndexSize=182
[2022.12.28-15.18.24:852][  0]LogPakFile: PakFile PathHashIndexSize=101
[2022.12.28-15.18.24:852][  0]LogPakFile: PakFile FullDirectoryIndexSize=138
[2022.12.28-15.18.24:852][  0]LogShaderLibrary: Display: ShaderCodeLibraryPakFileMountedCallback: PakFile 'D:/EpicGames/UE_4.27/FeaturePacks/TP_Flying.upack' (chunk index -1, root 'root:/') mounted
[2022.12.28-15.18.24:852][  0]LogShaderLibrary: Display: ShaderCodeLibraryPakFileMountedCallback: pending pak file info (ChunkID:-1 Root:root:/ File:D:/EpicGames/UE_4.27/FeaturePacks/TP_Flying.upack)
[2022.12.28-15.18.24:853][  0]LogPakFile: OnPakFileMounted2Time == 0.000279
[2022.12.28-15.18.24:855][  0]LogPakFile: PakFile PrimaryIndexSize=184
[2022.12.28-15.18.24:855][  0]LogPakFile: PakFile PathHashIndexSize=101
[2022.12.28-15.18.24:855][  0]LogPakFile: PakFile FullDirectoryIndexSize=142
[2022.12.28-15.18.24:855][  0]LogShaderLibrary: Display: ShaderCodeLibraryPakFileMountedCallback: PakFile 'D:/EpicGames/UE_4.27/FeaturePacks/TP_FlyingBP.upack' (chunk index -1, root 'root:/') mounted
[2022.12.28-15.18.24:856][  0]LogShaderLibrary: Display: ShaderCodeLibraryPakFileMountedCallback: pending pak file info (ChunkID:-1 Root:root:/ File:D:/EpicGames/UE_4.27/FeaturePacks/TP_FlyingBP.upack)
[2022.12.28-15.18.24:856][  0]LogPakFile: OnPakFileMounted2Time == 0.000271
[2022.12.28-15.18.24:866][  0]LogPakFile: PakFile PrimaryIndexSize=188
[2022.12.28-15.18.24:867][  0]LogPakFile: PakFile PathHashIndexSize=101
[2022.12.28-15.18.24:867][  0]LogPakFile: PakFile FullDirectoryIndexSize=150
[2022.12.28-15.18.24:867][  0]LogShaderLibrary: Display: ShaderCodeLibraryPakFileMountedCallback: PakFile 'D:/EpicGames/UE_4.27/FeaturePacks/TP_HandheldARBP.upack' (chunk index -1, root 'root:/') mounted
[2022.12.28-15.18.24:867][  0]LogShaderLibrary: Display: ShaderCodeLibraryPakFileMountedCallback: pending pak file info (ChunkID:-1 Root:root:/ File:D:/EpicGames/UE_4.27/FeaturePacks/TP_HandheldARBP.upack)
[2022.12.28-15.18.24:867][  0]LogPakFile: OnPakFileMounted2Time == 0.000232
[2022.12.28-15.18.24:876][  0]LogPakFile: PakFile PrimaryIndexSize=182
[2022.12.28-15.18.24:877][  0]LogPakFile: PakFile PathHashIndexSize=101
[2022.12.28-15.18.24:877][  0]LogPakFile: PakFile FullDirectoryIndexSize=138
[2022.12.28-15.18.24:877][  0]LogShaderLibrary: Display: ShaderCodeLibraryPakFileMountedCallback: PakFile 'D:/EpicGames/UE_4.27/FeaturePacks/TP_Puzzle.upack' (chunk index -1, root 'root:/') mounted
[2022.12.28-15.18.24:877][  0]LogShaderLibrary: Display: ShaderCodeLibraryPakFileMountedCallback: pending pak file info (ChunkID:-1 Root:root:/ File:D:/EpicGames/UE_4.27/FeaturePacks/TP_Puzzle.upack)
[2022.12.28-15.18.24:877][  0]LogPakFile: OnPakFileMounted2Time == 0.000273
[2022.12.28-15.18.24:887][  0]LogPakFile: PakFile PrimaryIndexSize=184
[2022.12.28-15.18.24:888][  0]LogPakFile: PakFile PathHashIndexSize=101
[2022.12.28-15.18.24:888][  0]LogPakFile: PakFile FullDirectoryIndexSize=142
[2022.12.28-15.18.24:888][  0]LogShaderLibrary: Display: ShaderCodeLibraryPakFileMountedCallback: PakFile 'D:/EpicGames/UE_4.27/FeaturePacks/TP_PuzzleBP.upack' (chunk index -1, root 'root:/') mounted
[2022.12.28-15.18.24:888][  0]LogShaderLibrary: Display: ShaderCodeLibraryPakFileMountedCallback: pending pak file info (ChunkID:-1 Root:root:/ File:D:/EpicGames/UE_4.27/FeaturePacks/TP_PuzzleBP.upack)
[2022.12.28-15.18.24:888][  0]LogPakFile: OnPakFileMounted2Time == 0.000323
[2022.12.28-15.18.24:915][  0]LogPakFile: PakFile PrimaryIndexSize=183
[2022.12.28-15.18.24:915][  0]LogPakFile: PakFile PathHashIndexSize=101
[2022.12.28-15.18.24:915][  0]LogPakFile: PakFile FullDirectoryIndexSize=140
[2022.12.28-15.18.24:915][  0]LogShaderLibrary: Display: ShaderCodeLibraryPakFileMountedCallback: PakFile 'D:/EpicGames/UE_4.27/FeaturePacks/TP_Rolling.upack' (chunk index -1, root 'root:/') mounted
[2022.12.28-15.18.24:916][  0]LogShaderLibrary: Display: ShaderCodeLibraryPakFileMountedCallback: pending pak file info (ChunkID:-1 Root:root:/ File:D:/EpicGames/UE_4.27/FeaturePacks/TP_Rolling.upack)
[2022.12.28-15.18.24:916][  0]LogPakFile: OnPakFileMounted2Time == 0.000397
[2022.12.28-15.18.24:919][  0]LogPakFile: PakFile PrimaryIndexSize=185
[2022.12.28-15.18.24:920][  0]LogPakFile: PakFile PathHashIndexSize=101
[2022.12.28-15.18.24:920][  0]LogPakFile: PakFile FullDirectoryIndexSize=144
[2022.12.28-15.18.24:920][  0]LogShaderLibrary: Display: ShaderCodeLibraryPakFileMountedCallback: PakFile 'D:/EpicGames/UE_4.27/FeaturePacks/TP_RollingBP.upack' (chunk index -1, root 'root:/') mounted
[2022.12.28-15.18.24:921][  0]LogShaderLibrary: Display: ShaderCodeLibraryPakFileMountedCallback: pending pak file info (ChunkID:-1 Root:root:/ File:D:/EpicGames/UE_4.27/FeaturePacks/TP_RollingBP.upack)
[2022.12.28-15.18.24:921][  0]LogPakFile: OnPakFileMounted2Time == 0.000433
[2022.12.28-15.18.24:925][  0]LogPakFile: PakFile PrimaryIndexSize=188
[2022.12.28-15.18.24:925][  0]LogPakFile: PakFile PathHashIndexSize=101
[2022.12.28-15.18.24:925][  0]LogPakFile: PakFile FullDirectoryIndexSize=150
[2022.12.28-15.18.24:925][  0]LogShaderLibrary: Display: ShaderCodeLibraryPakFileMountedCallback: PakFile 'D:/EpicGames/UE_4.27/FeaturePacks/TP_SideScroller.upack' (chunk index -1, root 'root:/') mounted
[2022.12.28-15.18.24:925][  0]LogShaderLibrary: Display: ShaderCodeLibraryPakFileMountedCallback: pending pak file info (ChunkID:-1 Root:root:/ File:D:/EpicGames/UE_4.27/FeaturePacks/TP_SideScroller.upack)
[2022.12.28-15.18.24:925][  0]LogPakFile: OnPakFileMounted2Time == 0.000226
[2022.12.28-15.18.24:928][  0]LogPakFile: PakFile PrimaryIndexSize=190
[2022.12.28-15.18.24:928][  0]LogPakFile: PakFile PathHashIndexSize=101
[2022.12.28-15.18.24:928][  0]LogPakFile: PakFile FullDirectoryIndexSize=154
[2022.12.28-15.18.24:928][  0]LogShaderLibrary: Display: ShaderCodeLibraryPakFileMountedCallback: PakFile 'D:/EpicGames/UE_4.27/FeaturePacks/TP_SideScrollerBP.upack' (chunk index -1, root 'root:/') mounted
[2022.12.28-15.18.24:928][  0]LogShaderLibrary: Display: ShaderCodeLibraryPakFileMountedCallback: pending pak file info (ChunkID:-1 Root:root:/ File:D:/EpicGames/UE_4.27/FeaturePacks/TP_SideScrollerBP.upack)
[2022.12.28-15.18.24:929][  0]LogPakFile: OnPakFileMounted2Time == 0.000373
[2022.12.28-15.18.24:931][  0]LogPakFile: PakFile PrimaryIndexSize=187
[2022.12.28-15.18.24:931][  0]LogPakFile: PakFile PathHashIndexSize=101
[2022.12.28-15.18.24:932][  0]LogPakFile: PakFile FullDirectoryIndexSize=148
[2022.12.28-15.18.24:932][  0]LogShaderLibrary: Display: ShaderCodeLibraryPakFileMountedCallback: PakFile 'D:/EpicGames/UE_4.27/FeaturePacks/TP_ThirdPerson.upack' (chunk index -1, root 'root:/') mounted
[2022.12.28-15.18.24:932][  0]LogShaderLibrary: Display: ShaderCodeLibraryPakFileMountedCallback: pending pak file info (ChunkID:-1 Root:root:/ File:D:/EpicGames/UE_4.27/FeaturePacks/TP_ThirdPerson.upack)
[2022.12.28-15.18.24:932][  0]LogPakFile: OnPakFileMounted2Time == 0.000282
[2022.12.28-15.18.24:934][  0]LogPakFile: PakFile PrimaryIndexSize=189
[2022.12.28-15.18.24:935][  0]LogPakFile: PakFile PathHashIndexSize=101
[2022.12.28-15.18.24:935][  0]LogPakFile: PakFile FullDirectoryIndexSize=152
[2022.12.28-15.18.24:935][  0]LogShaderLibrary: Display: ShaderCodeLibraryPakFileMountedCallback: PakFile 'D:/EpicGames/UE_4.27/FeaturePacks/TP_ThirdPersonBP.upack' (chunk index -1, root 'root:/') mounted
[2022.12.28-15.18.24:935][  0]LogShaderLibrary: Display: ShaderCodeLibraryPakFileMountedCallback: pending pak file info (ChunkID:-1 Root:root:/ File:D:/EpicGames/UE_4.27/FeaturePacks/TP_ThirdPersonBP.upack)
[2022.12.28-15.18.24:936][  0]LogPakFile: OnPakFileMounted2Time == 0.000412
[2022.12.28-15.18.24:939][  0]LogPakFile: PakFile PrimaryIndexSize=183
[2022.12.28-15.18.24:939][  0]LogPakFile: PakFile PathHashIndexSize=101
[2022.12.28-15.18.24:939][  0]LogPakFile: PakFile FullDirectoryIndexSize=140
[2022.12.28-15.18.24:939][  0]LogShaderLibrary: Display: ShaderCodeLibraryPakFileMountedCallback: PakFile 'D:/EpicGames/UE_4.27/FeaturePacks/TP_TopDown.upack' (chunk index -1, root 'root:/') mounted
[2022.12.28-15.18.24:939][  0]LogShaderLibrary: Display: ShaderCodeLibraryPakFileMountedCallback: pending pak file info (ChunkID:-1 Root:root:/ File:D:/EpicGames/UE_4.27/FeaturePacks/TP_TopDown.upack)
[2022.12.28-15.18.24:939][  0]LogPakFile: OnPakFileMounted2Time == 0.000211
[2022.12.28-15.18.24:953][  0]LogPakFile: PakFile PrimaryIndexSize=185
[2022.12.28-15.18.24:953][  0]LogPakFile: PakFile PathHashIndexSize=101
[2022.12.28-15.18.24:954][  0]LogPakFile: PakFile FullDirectoryIndexSize=144
[2022.12.28-15.18.24:954][  0]LogShaderLibrary: Display: ShaderCodeLibraryPakFileMountedCallback: PakFile 'D:/EpicGames/UE_4.27/FeaturePacks/TP_TopDownBP.upack' (chunk index -1, root 'root:/') mounted
[2022.12.28-15.18.24:954][  0]LogShaderLibrary: Display: ShaderCodeLibraryPakFileMountedCallback: pending pak file info (ChunkID:-1 Root:root:/ File:D:/EpicGames/UE_4.27/FeaturePacks/TP_TopDownBP.upack)
[2022.12.28-15.18.24:954][  0]LogPakFile: OnPakFileMounted2Time == 0.000387
[2022.12.28-15.18.24:971][  0]LogPakFile: PakFile PrimaryIndexSize=185
[2022.12.28-15.18.24:971][  0]LogPakFile: PakFile PathHashIndexSize=101
[2022.12.28-15.18.24:971][  0]LogPakFile: PakFile FullDirectoryIndexSize=144
[2022.12.28-15.18.24:972][  0]LogShaderLibrary: Display: ShaderCodeLibraryPakFileMountedCallback: PakFile 'D:/EpicGames/UE_4.27/FeaturePacks/TP_TwinStick.upack' (chunk index -1, root 'root:/') mounted
[2022.12.28-15.18.24:972][  0]LogShaderLibrary: Display: ShaderCodeLibraryPakFileMountedCallback: pending pak file info (ChunkID:-1 Root:root:/ File:D:/EpicGames/UE_4.27/FeaturePacks/TP_TwinStick.upack)
[2022.12.28-15.18.24:972][  0]LogPakFile: OnPakFileMounted2Time == 0.000392
[2022.12.28-15.18.24:975][  0]LogPakFile: PakFile PrimaryIndexSize=187
[2022.12.28-15.18.24:975][  0]LogPakFile: PakFile PathHashIndexSize=101
[2022.12.28-15.18.24:976][  0]LogPakFile: PakFile FullDirectoryIndexSize=148
[2022.12.28-15.18.24:976][  0]LogShaderLibrary: Display: ShaderCodeLibraryPakFileMountedCallback: PakFile 'D:/EpicGames/UE_4.27/FeaturePacks/TP_TwinStickBP.upack' (chunk index -1, root 'root:/') mounted
[2022.12.28-15.18.24:976][  0]LogShaderLibrary: Display: ShaderCodeLibraryPakFileMountedCallback: pending pak file info (ChunkID:-1 Root:root:/ File:D:/EpicGames/UE_4.27/FeaturePacks/TP_TwinStickBP.upack)
[2022.12.28-15.18.24:976][  0]LogPakFile: OnPakFileMounted2Time == 0.000230
[2022.12.28-15.18.24:979][  0]LogPakFile: PakFile PrimaryIndexSize=183
[2022.12.28-15.18.24:979][  0]LogPakFile: PakFile PathHashIndexSize=101
[2022.12.28-15.18.24:979][  0]LogPakFile: PakFile FullDirectoryIndexSize=140
[2022.12.28-15.18.24:979][  0]LogShaderLibrary: Display: ShaderCodeLibraryPakFileMountedCallback: PakFile 'D:/EpicGames/UE_4.27/FeaturePacks/TP_Vehicle.upack' (chunk index -1, root 'root:/') mounted
[2022.12.28-15.18.24:979][  0]LogShaderLibrary: Display: ShaderCodeLibraryPakFileMountedCallback: pending pak file info (ChunkID:-1 Root:root:/ File:D:/EpicGames/UE_4.27/FeaturePacks/TP_Vehicle.upack)
[2022.12.28-15.18.24:979][  0]LogPakFile: OnPakFileMounted2Time == 0.000205
[2022.12.28-15.18.24:991][  0]LogPakFile: PakFile PrimaryIndexSize=186
[2022.12.28-15.18.24:991][  0]LogPakFile: PakFile PathHashIndexSize=101
[2022.12.28-15.18.24:991][  0]LogPakFile: PakFile FullDirectoryIndexSize=146
[2022.12.28-15.18.24:991][  0]LogShaderLibrary: Display: ShaderCodeLibraryPakFileMountedCallback: PakFile 'D:/EpicGames/UE_4.27/FeaturePacks/TP_VehicleAdv.upack' (chunk index -1, root 'root:/') mounted
[2022.12.28-15.18.24:991][  0]LogShaderLibrary: Display: ShaderCodeLibraryPakFileMountedCallback: pending pak file info (ChunkID:-1 Root:root:/ File:D:/EpicGames/UE_4.27/FeaturePacks/TP_VehicleAdv.upack)
[2022.12.28-15.18.24:991][  0]LogPakFile: OnPakFileMounted2Time == 0.000252
[2022.12.28-15.18.25:004][  0]LogPakFile: PakFile PrimaryIndexSize=188
[2022.12.28-15.18.25:004][  0]LogPakFile: PakFile PathHashIndexSize=101
[2022.12.28-15.18.25:005][  0]LogPakFile: PakFile FullDirectoryIndexSize=150
[2022.12.28-15.18.25:005][  0]LogShaderLibrary: Display: ShaderCodeLibraryPakFileMountedCallback: PakFile 'D:/EpicGames/UE_4.27/FeaturePacks/TP_VehicleAdvBP.upack' (chunk index -1, root 'root:/') mounted
[2022.12.28-15.18.25:005][  0]LogShaderLibrary: Display: ShaderCodeLibraryPakFileMountedCallback: pending pak file info (ChunkID:-1 Root:root:/ File:D:/EpicGames/UE_4.27/FeaturePacks/TP_VehicleAdvBP.upack)
[2022.12.28-15.18.25:005][  0]LogPakFile: OnPakFileMounted2Time == 0.000391
[2022.12.28-15.18.25:008][  0]LogPakFile: PakFile PrimaryIndexSize=185
[2022.12.28-15.18.25:008][  0]LogPakFile: PakFile PathHashIndexSize=101
[2022.12.28-15.18.25:009][  0]LogPakFile: PakFile FullDirectoryIndexSize=144
[2022.12.28-15.18.25:009][  0]LogShaderLibrary: Display: ShaderCodeLibraryPakFileMountedCallback: PakFile 'D:/EpicGames/UE_4.27/FeaturePacks/TP_VehicleBP.upack' (chunk index -1, root 'root:/') mounted
[2022.12.28-15.18.25:009][  0]LogShaderLibrary: Display: ShaderCodeLibraryPakFileMountedCallback: pending pak file info (ChunkID:-1 Root:root:/ File:D:/EpicGames/UE_4.27/FeaturePacks/TP_VehicleBP.upack)
[2022.12.28-15.18.25:009][  0]LogPakFile: OnPakFileMounted2Time == 0.000210
[2022.12.28-15.18.25:012][  0]LogPakFile: PakFile PrimaryIndexSize=192
[2022.12.28-15.18.25:012][  0]LogPakFile: PakFile PathHashIndexSize=101
[2022.12.28-15.18.25:012][  0]LogPakFile: PakFile FullDirectoryIndexSize=158
[2022.12.28-15.18.25:012][  0]LogShaderLibrary: Display: ShaderCodeLibraryPakFileMountedCallback: PakFile 'D:/EpicGames/UE_4.27/FeaturePacks/TP_VirtualRealityBP.upack' (chunk index -1, root 'root:/') mounted
[2022.12.28-15.18.25:013][  0]LogShaderLibrary: Display: ShaderCodeLibraryPakFileMountedCallback: pending pak file info (ChunkID:-1 Root:root:/ File:D:/EpicGames/UE_4.27/FeaturePacks/TP_VirtualRealityBP.upack)
[2022.12.28-15.18.25:013][  0]LogPakFile: OnPakFileMounted2Time == 0.000361
[2022.12.28-15.18.26:006][  0]LogNativeClassHierarchy: Verbose: Native class hierarchy updated for 'AddContentDialog' in 0.0008 seconds. Added 0 classes and 0 folders.
[2022.12.28-15.18.26:018][  0]LogNativeClassHierarchy: Verbose: Native class hierarchy updated for 'SceneOutliner' in 0.0003 seconds. Added 2 classes and 0 folders.
[2022.12.28-15.18.26:362][  0]LogSlate: Took 0.159601 seconds to synchronously load lazily loaded font '../../../Engine/Content/Slate/Fonts/Roboto-Regular.ttf' (155K)
[2022.12.28-15.18.26:572][  0]LogSlate: Took 0.207593 seconds to synchronously load lazily loaded font '../../../Engine/Content/Editor/Slate/Fonts/FontAwesome.ttf' (139K)
[2022.12.28-15.18.26:588][  0]LogSlate: Took 0.011825 seconds to synchronously load lazily loaded font '../../../Engine/Content/Slate/Fonts/Roboto-Bold.ttf' (160K)
[2022.12.28-15.18.26:891][  0]LogRenderer: Reallocating scene render targets to support 1060x520 Format 10 NumSamples 1 (Frame:1).
[2022.12.28-15.18.27:681][  0]LogSlate: Took 0.000366 seconds to synchronously load lazily loaded font '../../../Engine/Content/Slate/Fonts/Roboto-Light.ttf' (167K)
[2022.12.28-15.18.28:137][  0]LogNativeClassHierarchy: Verbose: Native class hierarchy updated for 'HierarchicalLODOutliner' in 0.0005 seconds. Added 0 classes and 0 folders.
[2022.12.28-15.18.28:137][  0]LogLoad: (Engine Initialization) Total time: 96.37 seconds
[2022.12.28-15.18.28:137][  0]LogLoad: (Engine Initialization) Total Blueprint compile time: 0.00 seconds
[2022.12.28-15.18.28:196][  0]LogAssetRegistry: Asset discovery search completed in 69.1893 seconds
[2022.12.28-15.18.28:275][  0]LogCollectionManager: Fixed up redirectors for 0 collections in 0.000005 seconds (updated 0 objects)
[2022.12.28-15.18.28:278][  0]LogContentStreaming: Texture pool size now 1000 MB
[2022.12.28-15.19.07:687][600]LogTemp: Repeating last play command: Selected Viewport
