Log file open, 12/28/22 00:29:12
LogWindows: Failed to load 'aqProf.dll' (GetLastError=126)
LogWindows: File 'aqProf.dll' does not exist
LogWindows: Failed to load 'VtuneApi.dll' (GetLastError=126)
LogWindows: File 'VtuneApi.dll' does not exist
LogWindows: Failed to load 'VtuneApi32e.dll' (GetLastError=126)
LogWindows: File 'VtuneApi32e.dll' does not exist
LogConsoleResponse: Display: Failed to find resolution value strings in scalability ini. Falling back to default.
LogConsoleResponse: Display: Failed to find resolution value strings in scalability ini. Falling back to default.
LogInit: Display: Running engine for game: MentoramaArkanoid
LogPlatformFile: Not using cached read wrapper
LogTaskGraph: Started task graph with 5 named threads and 71 total threads with 3 sets of task threads.
LogStats: Stats thread started at 3.266552
LogICUInternationalization: ICU TimeZone Detection - Raw Offset: -3:00, Platform Override: ''
LogInit: Display: Loading text-based GConfig....
LogPluginManager: Mounting plugin MeshPainting
LogPluginManager: Mounting plugin XGEController
LogPluginManager: Mounting plugin Paper2D
LogPluginManager: Mounting plugin LiveLink
LogPluginManager: Mounting plugin AISupport
LogPluginManager: Mounting plugin EnvironmentQueryEditor
LogPluginManager: Mounting plugin LightPropagationVolume
LogPluginManager: Mounting plugin OodleData
LogPluginManager: Mounting plugin OodleNetwork
LogPluginManager: Mounting plugin KDevelopSourceCodeAccess
LogPluginManager: Mounting plugin AnimationSharing
LogPluginManager: Mounting plugin CodeLiteSourceCodeAccess
LogPluginManager: Mounting plugin NullSourceCodeAccess
LogPluginManager: Mounting plugin CLionSourceCodeAccess
LogPluginManager: Mounting plugin GitSourceControl
LogPluginManager: Mounting plugin PluginUtils
LogPluginManager: Mounting plugin PerforceSourceControl
LogPluginManager: Mounting plugin PlasticSourceControl
LogPluginManager: Mounting plugin PixWinPlugin
LogPluginManager: Mounting plugin RiderSourceCodeAccess
LogPluginManager: Mounting plugin SubversionSourceControl
LogPluginManager: Mounting plugin AssetManagerEditor
LogPluginManager: Mounting plugin TextureFormatOodle
LogPluginManager: Mounting plugin PropertyAccessNode
LogPluginManager: Mounting plugin UObjectPlugin
LogPluginManager: Mounting plugin CryptoKeys
LogPluginManager: Mounting plugin DataValidation
LogPluginManager: Mounting plugin VisualStudioSourceCodeAccess
LogPluginManager: Mounting plugin VisualStudioCodeSourceCodeAccess
LogPluginManager: Mounting plugin FacialAnimation
LogPluginManager: Mounting plugin GeometryMode
LogPluginManager: Mounting plugin CurveEditorTools
LogPluginManager: Mounting plugin GameplayTagsEditor
LogPluginManager: Mounting plugin MaterialAnalyzer
LogPluginManager: Mounting plugin MacGraphicsSwitching
LogPluginManager: Mounting plugin PluginBrowser
LogPluginManager: Mounting plugin SpeedTreeImporter
LogPluginManager: Mounting plugin DatasmithContent
LogPluginManager: Mounting plugin XCodeSourceCodeAccess
LogPluginManager: Mounting plugin MobileLauncherProfileWizard
LogPluginManager: Mounting plugin Niagara
LogPluginManager: Mounting plugin VariantManagerContent
LogPluginManager: Mounting plugin AutomationUtils
LogPluginManager: Mounting plugin AlembicImporter
LogPluginManager: Mounting plugin BackChannel
LogPluginManager: Mounting plugin ChaosClothEditor
LogPluginManager: Mounting plugin ChaosNiagara
LogPluginManager: Mounting plugin ChaosCloth
LogPluginManager: Mounting plugin ChaosEditor
LogPluginManager: Mounting plugin ChaosSolverPlugin
LogPluginManager: Mounting plugin GeometryCache
LogPluginManager: Mounting plugin LuminPlatformFeatures
LogPluginManager: Mounting plugin CharacterAI
LogPluginManager: Mounting plugin MagicLeap
LogPluginManager: Mounting plugin GeometryCollectionPlugin
LogPluginManager: Mounting plugin MagicLeapMedia
LogPluginManager: Mounting plugin MagicLeapLightEstimation
LogPluginManager: Mounting plugin MagicLeapPassableWorld
LogPluginManager: Mounting plugin MLSDK
LogPluginManager: Mounting plugin MotoSynth
LogPluginManager: Mounting plugin GeometryProcessing
LogPluginManager: Mounting plugin OpenImageDenoise
LogPluginManager: Mounting plugin PlanarCut
LogPluginManager: Mounting plugin ProxyLODPlugin
LogPluginManager: Mounting plugin PythonScriptPlugin
LogPluginManager: Mounting plugin SkeletalReduction
LogPluginManager: Mounting plugin PlatformCrypto
LogPluginManager: Mounting plugin AndroidMedia
LogPluginManager: Mounting plugin AvfMedia
LogPluginManager: Mounting plugin ImgMedia
LogPluginManager: Mounting plugin MediaCompositing
LogPluginManager: Mounting plugin TcpMessaging
LogPluginManager: Mounting plugin WebMMedia
LogPluginManager: Mounting plugin UdpMessaging
LogPluginManager: Mounting plugin WmfMedia
LogPluginManager: Mounting plugin ActorSequence
LogPluginManager: Mounting plugin MatineeToLevelSequence
LogPluginManager: Mounting plugin LevelSequenceEditor
LogPluginManager: Mounting plugin TemplateSequence
LogPluginManager: Mounting plugin OnlineSubsystem
LogPluginManager: Mounting plugin OnlineSubsystemNull
LogPluginManager: Mounting plugin OnlineSubsystemUtils
LogPluginManager: Mounting plugin LauncherChunkInstaller
LogPluginManager: Mounting plugin GameplayCameras
LogPluginManager: Mounting plugin CameraShakePreviewer
LogPluginManager: Mounting plugin ActorLayerUtilities
LogPluginManager: Mounting plugin AndroidMoviePlayer
LogPluginManager: Mounting plugin AndroidDeviceProfileSelector
LogPluginManager: Mounting plugin AppleImageUtils
LogPluginManager: Mounting plugin MediaPlayerEditor
LogPluginManager: Mounting plugin AndroidPermission
LogPluginManager: Mounting plugin ArchVisCharacter
LogPluginManager: Mounting plugin AudioSynesthesia
LogPluginManager: Mounting plugin CustomMeshComponent
LogPluginManager: Mounting plugin ChunkDownloader
LogPluginManager: Mounting plugin EditableMesh
LogPluginManager: Mounting plugin AudioCapture
LogPluginManager: Mounting plugin AssetTags
LogPluginManager: Mounting plugin ExampleDeviceProfileSelector
LogPluginManager: Mounting plugin AppleMoviePlayer
LogPluginManager: Mounting plugin GoogleCloudMessaging
LogPluginManager: Mounting plugin GooglePAD
LogPluginManager: Mounting plugin CableComponent
LogPluginManager: Mounting plugin ScreenshotTools
LogPluginManager: Mounting plugin Takes
LogPluginManager: Mounting plugin IOSDeviceProfileSelector
LogPluginManager: Mounting plugin LinuxDeviceProfileSelector
LogPluginManager: Mounting plugin OpenXR
LogPluginManager: Mounting plugin MobilePatchingUtils
LogPluginManager: Mounting plugin OpenXREyeTracker
LogPluginManager: Mounting plugin LocationServicesBPLibrary
LogPluginManager: Mounting plugin OpenXRHandTracking
LogPluginManager: Mounting plugin PostSplashScreen
LogPluginManager: Mounting plugin PhysXVehicles
LogPluginManager: Mounting plugin SignificanceManager
LogPluginManager: Mounting plugin PropertyAccessEditor
LogPluginManager: Mounting plugin SoundFields
LogPluginManager: Mounting plugin ProceduralMeshComponent
LogPluginManager: Mounting plugin RuntimePhysXCooking
LogPluginManager: Mounting plugin WebMMoviePlayer
LogPluginManager: Mounting plugin Synthesis
LogPluginManager: Mounting plugin WindowsMoviePlayer
LogPluginManager: Mounting plugin ContentBrowserClassDataSource
LogPluginManager: Mounting plugin ContentBrowserAssetDataSource
LogPluginManager: Mounting plugin ContentBrowserFileDataSource
LogPluginManager: Mounting plugin OnlineSubsystemGooglePlay
LogPluginManager: Mounting plugin OnlineSubsystemIOS
LogPluginManager: Mounting plugin OculusVR
LogPluginManager: Mounting plugin SteamVR
PixWinPlugin: PIX capture plugin failed to initialize! Check that the process is launched from PIX.
LogInit: Using libcurl 7.55.1-DEV
LogInit:  - built for x86_64-pc-win32
LogInit:  - supports SSL with OpenSSL/1.1.1
LogInit:  - supports HTTP deflate (compression) using libz 1.2.8
LogInit:  - other features:
LogInit:      CURL_VERSION_SSL
LogInit:      CURL_VERSION_LIBZ
LogInit:      CURL_VERSION_IPV6
LogInit:      CURL_VERSION_ASYNCHDNS
LogInit:      CURL_VERSION_LARGEFILE
LogInit:      CURL_VERSION_IDN
LogInit:  CurlRequestOptions (configurable via config and command line):
LogInit:  - bVerifyPeer = true  - Libcurl will verify peer certificate
LogInit:  - bUseHttpProxy = false  - Libcurl will NOT use HTTP proxy
LogInit:  - bDontReuseConnections = false  - Libcurl will reuse connections
LogInit:  - MaxHostConnections = 16  - Libcurl will limit the number of connections to a host
LogInit:  - LocalHostAddr = Default
LogInit:  - BufferSize = 65536
LogOnline: OSS: Creating online subsystem instance for: NULL
LogInit: WinSock: version 1.1 (2.2), MaxSocks=32767, MaxUdp=65467
LogOnline: OSS: TryLoadSubsystemAndSetDefault: Loaded subsystem for module [NULL]
LogOculusPluginWrapper: OculusPlugin initialized successfully
LogHMD: Failed initializing OVRPlugin 1.59.0
LogInit: Build: ++UE4+Release-4.27-CL-18319896
LogInit: Engine Version: 4.27.2-18319896+++UE4+Release-4.27
LogInit: Compatible Engine Version: 4.27.0-17155196+++UE4+Release-4.27
LogInit: Net CL: 17155196
LogInit: OS: Windows 10 (Release 2009) (), CPU: Intel(R) Xeon(R) CPU E5-2678 v3 @ 2.50GHz, GPU: Radeon RX 570 Series
LogInit: Compiled (64-bit): Nov 30 2021 07:12:08
LogInit: Compiled with Visual C++: 19.24.28315.00
LogInit: Build Configuration: Development
LogInit: Branch Name: ++UE4+Release-4.27
LogInit: Command Line:  -skipcompile
LogInit: Base Directory: D:/EpicGames/UE_4.27/Engine/Binaries/Win64/
LogInit: Allocator: TBB
LogInit: Installed Engine Build: 1
LogDevObjectVersion: Number of dev versions registered: 29
LogDevObjectVersion:   Dev-Blueprints (B0D832E4-1F89-4F0D-ACCF-7EB736FD4AA2): 10
LogDevObjectVersion:   Dev-Build (E1C64328-A22C-4D53-A36C-8E866417BD8C): 0
LogDevObjectVersion:   Dev-Core (375EC13C-06E4-48FB-B500-84F0262A717E): 4
LogDevObjectVersion:   Dev-Editor (E4B068ED-F494-42E9-A231-DA0B2E46BB41): 40
LogDevObjectVersion:   Dev-Framework (CFFC743F-43B0-4480-9391-14DF171D2073): 37
LogDevObjectVersion:   Dev-Mobile (B02B49B5-BB20-44E9-A304-32B752E40360): 3
LogDevObjectVersion:   Dev-Networking (A4E4105C-59A1-49B5-A7C5-40C4547EDFEE): 0
LogDevObjectVersion:   Dev-Online (39C831C9-5AE6-47DC-9A44-9C173E1C8E7C): 0
LogDevObjectVersion:   Dev-Physics (78F01B33-EBEA-4F98-B9B4-84EACCB95AA2): 14
LogDevObjectVersion:   Dev-Platform (6631380F-2D4D-43E0-8009-CF276956A95A): 0
LogDevObjectVersion:   Dev-Rendering (12F88B9F-8875-4AFC-A67C-D90C383ABD29): 45
LogDevObjectVersion:   Dev-Sequencer (7B5AE74C-D270-4C10-A958-57980B212A5A): 13
LogDevObjectVersion:   Dev-VR (D7296918-1DD6-4BDD-9DE2-64A83CC13884): 3
LogDevObjectVersion:   Dev-LoadTimes (C2A15278-BFE7-4AFE-6C17-90FF531DF755): 1
LogDevObjectVersion:   Private-Geometry (6EACA3D4-40EC-4CC1-B786-8BED09428FC5): 3
LogDevObjectVersion:   Dev-AnimPhys (29E575DD-E0A3-4627-9D10-D276232CDCEA): 17
LogDevObjectVersion:   Dev-Anim (AF43A65D-7FD3-4947-9873-3E8ED9C1BB05): 15
LogDevObjectVersion:   Dev-ReflectionCapture (6B266CEC-1EC7-4B8F-A30B-E4D90942FC07): 1
LogDevObjectVersion:   Dev-Automation (0DF73D61-A23F-47EA-B727-89E90C41499A): 1
LogDevObjectVersion:   FortniteMain (601D1886-AC64-4F84-AA16-D3DE0DEAC7D6): 47
LogDevObjectVersion:   FortniteRelease (E7086368-6B23-4C58-8439-1B7016265E91): 1
LogDevObjectVersion:   Dev-Enterprise (9DFFBCD6-494F-0158-E221-12823C92A888): 10
LogDevObjectVersion:   Dev-Niagara (F2AED0AC-9AFE-416F-8664-AA7FFA26D6FC): 1
LogDevObjectVersion:   Dev-Destruction (174F1F0B-B4C6-45A5-B13F-2EE8D0FB917D): 10
LogDevObjectVersion:   Dev-Physics-Ext (35F94A83-E258-406C-A318-09F59610247C): 41
LogDevObjectVersion:   Dev-PhysicsMaterial-Chaos (B68FC16E-8B1B-42E2-B453-215C058844FE): 1
LogDevObjectVersion:   Dev-CineCamera (B2E18506-4273-CFC2-A54E-F4BB758BBA07): 1
LogDevObjectVersion:   Dev-VirtualProduction (64F58936-FD1B-42BA-BA96-7289D5D0FA4E): 1
LogDevObjectVersion:   Dev-MediaFramework (6F0ED827-A609-4895-9C91-998D90180EA4): 2
LogInit: Presizing for max 25165824 objects, including 0 objects not considered by GC, pre-allocating 0 bytes for permanent pool.
LogConfig: Applying CVar settings from Section [/Script/Engine.StreamingSettings] File [D:/UnrealProjects/MentoramaArkanoid/Saved/Config/Windows/Engine.ini]
LogConfig: Setting CVar [[s.MinBulkDataSizeForAsyncLoading:131072]]
LogConfig: Setting CVar [[s.AsyncLoadingThreadEnabled:0]]
LogConfig: Setting CVar [[s.EventDrivenLoaderEnabled:1]]
LogConfig: Setting CVar [[s.WarnIfTimeLimitExceeded:0]]
LogConfig: Setting CVar [[s.TimeLimitExceededMultiplier:1.5]]
LogConfig: Setting CVar [[s.TimeLimitExceededMinTime:0.005]]
LogConfig: Setting CVar [[s.UseBackgroundLevelStreaming:1]]
LogConfig: Setting CVar [[s.PriorityAsyncLoadingExtraTime:15.0]]
LogConfig: Setting CVar [[s.LevelStreamingActorsUpdateTimeLimit:5.0]]
LogConfig: Setting CVar [[s.PriorityLevelStreamingActorsUpdateExtraTime:5.0]]
LogConfig: Setting CVar [[s.LevelStreamingComponentsRegistrationGranularity:10]]
LogConfig: Setting CVar [[s.UnregisterComponentsTimeLimit:1.0]]
LogConfig: Setting CVar [[s.LevelStreamingComponentsUnregistrationGranularity:5]]
LogConfig: Setting CVar [[s.FlushStreamingOnExit:1]]
LogInit: Object subsystem initialized
LogConfig: Setting CVar [[con.DebugEarlyDefault:1]]
LogConfig: Setting CVar [[r.setres:1280x720]]
[2022.12.28-03.29.23:277][  0]LogConfig: Setting CVar [[r.VSync:0]]
[2022.12.28-03.29.23:277][  0]LogConfig: Setting CVar [[r.RHICmdBypass:0]]
[2022.12.28-03.29.23:280][  0]LogConfig: Applying CVar settings from Section [/Script/Engine.RendererSettings] File [D:/UnrealProjects/MentoramaArkanoid/Saved/Config/Windows/Engine.ini]
[2022.12.28-03.29.23:281][  0]LogConfig: Setting CVar [[r.GPUCrashDebugging:0]]
[2022.12.28-03.29.23:281][  0]LogConfig: Applying CVar settings from Section [/Script/Engine.RendererOverrideSettings] File [D:/UnrealProjects/MentoramaArkanoid/Saved/Config/Windows/Engine.ini]
[2022.12.28-03.29.23:281][  0]LogConfig: Applying CVar settings from Section [/Script/Engine.StreamingSettings] File [D:/UnrealProjects/MentoramaArkanoid/Saved/Config/Windows/Engine.ini]
[2022.12.28-03.29.23:281][  0]LogConfig: Setting CVar [[s.MinBulkDataSizeForAsyncLoading:131072]]
[2022.12.28-03.29.23:281][  0]LogConfig: Setting CVar [[s.AsyncLoadingThreadEnabled:0]]
[2022.12.28-03.29.23:281][  0]LogConfig: Setting CVar [[s.EventDrivenLoaderEnabled:1]]
[2022.12.28-03.29.23:281][  0]LogConfig: Setting CVar [[s.WarnIfTimeLimitExceeded:0]]
[2022.12.28-03.29.23:281][  0]LogConfig: Setting CVar [[s.TimeLimitExceededMultiplier:1.5]]
[2022.12.28-03.29.23:281][  0]LogConfig: Setting CVar [[s.TimeLimitExceededMinTime:0.005]]
[2022.12.28-03.29.23:281][  0]LogConfig: Setting CVar [[s.UseBackgroundLevelStreaming:1]]
[2022.12.28-03.29.23:281][  0]LogConfig: Setting CVar [[s.PriorityAsyncLoadingExtraTime:15.0]]
[2022.12.28-03.29.23:281][  0]LogConfig: Setting CVar [[s.LevelStreamingActorsUpdateTimeLimit:5.0]]
[2022.12.28-03.29.23:282][  0]LogConfig: Setting CVar [[s.PriorityLevelStreamingActorsUpdateExtraTime:5.0]]
[2022.12.28-03.29.23:282][  0]LogConfig: Setting CVar [[s.LevelStreamingComponentsRegistrationGranularity:10]]
[2022.12.28-03.29.23:282][  0]LogConfig: Setting CVar [[s.UnregisterComponentsTimeLimit:1.0]]
[2022.12.28-03.29.23:282][  0]LogConfig: Setting CVar [[s.LevelStreamingComponentsUnregistrationGranularity:5]]
[2022.12.28-03.29.23:282][  0]LogConfig: Setting CVar [[s.FlushStreamingOnExit:1]]
[2022.12.28-03.29.23:282][  0]LogConfig: Applying CVar settings from Section [/Script/Engine.GarbageCollectionSettings] File [D:/UnrealProjects/MentoramaArkanoid/Saved/Config/Windows/Engine.ini]
[2022.12.28-03.29.23:282][  0]LogConfig: Setting CVar [[gc.MaxObjectsNotConsideredByGC:1]]
[2022.12.28-03.29.23:283][  0]LogConfig: Setting CVar [[gc.SizeOfPermanentObjectPool:0]]
[2022.12.28-03.29.23:283][  0]LogConfig: Setting CVar [[gc.FlushStreamingOnGC:0]]
[2022.12.28-03.29.23:283][  0]LogConfig: Setting CVar [[gc.NumRetriesBeforeForcingGC:10]]
[2022.12.28-03.29.23:283][  0]LogConfig: Setting CVar [[gc.AllowParallelGC:1]]
[2022.12.28-03.29.23:283][  0]LogConfig: Setting CVar [[gc.TimeBetweenPurgingPendingKillObjects:61.1]]
[2022.12.28-03.29.23:283][  0]LogConfig: Setting CVar [[gc.MaxObjectsInEditor:25165824]]
[2022.12.28-03.29.23:283][  0]LogConfig: Setting CVar [[gc.IncrementalBeginDestroyEnabled:1]]
[2022.12.28-03.29.23:283][  0]LogConfig: Setting CVar [[gc.CreateGCClusters:1]]
[2022.12.28-03.29.23:283][  0]LogConfig: Setting CVar [[gc.MinGCClusterSize:5]]
[2022.12.28-03.29.23:283][  0]LogConfig: Setting CVar [[gc.ActorClusteringEnabled:0]]
[2022.12.28-03.29.23:283][  0]LogConfig: Setting CVar [[gc.BlueprintClusteringEnabled:0]]
[2022.12.28-03.29.23:284][  0]LogConfig: Setting CVar [[gc.UseDisregardForGCOnDedicatedServers:0]]
[2022.12.28-03.29.23:284][  0]LogConfig: Setting CVar [[gc.MultithreadedDestructionEnabled:1]]
[2022.12.28-03.29.23:284][  0]LogConfig: Applying CVar settings from Section [/Script/Engine.NetworkSettings] File [D:/UnrealProjects/MentoramaArkanoid/Saved/Config/Windows/Engine.ini]
[2022.12.28-03.29.23:284][  0]LogConfig: Applying CVar settings from Section [/Script/UnrealEd.CookerSettings] File [D:/UnrealProjects/MentoramaArkanoid/Saved/Config/Windows/Engine.ini]
[2022.12.28-03.29.23:425][  0]LogConfig: Applying CVar settings from Section [ViewDistanceQuality@3] File [D:/UnrealProjects/MentoramaArkanoid/Saved/Config/Windows/Scalability.ini]
[2022.12.28-03.29.23:425][  0]LogConfig: Setting CVar [[r.SkeletalMeshLODBias:0]]
[2022.12.28-03.29.23:425][  0]LogConfig: Setting CVar [[r.ViewDistanceScale:1.0]]
[2022.12.28-03.29.23:425][  0]LogConfig: Applying CVar settings from Section [AntiAliasingQuality@3] File [D:/UnrealProjects/MentoramaArkanoid/Saved/Config/Windows/Scalability.ini]
[2022.12.28-03.29.23:425][  0]LogConfig: Setting CVar [[r.PostProcessAAQuality:4]]
[2022.12.28-03.29.23:426][  0]LogConfig: Applying CVar settings from Section [ShadowQuality@3] File [D:/UnrealProjects/MentoramaArkanoid/Saved/Config/Windows/Scalability.ini]
[2022.12.28-03.29.23:426][  0]LogConfig: Setting CVar [[r.LightFunctionQuality:1]]
[2022.12.28-03.29.23:426][  0]LogConfig: Setting CVar [[r.ShadowQuality:5]]
[2022.12.28-03.29.23:426][  0]LogConfig: Setting CVar [[r.Shadow.CSM.MaxCascades:10]]
[2022.12.28-03.29.23:426][  0]LogConfig: Setting CVar [[r.Shadow.MaxResolution:2048]]
[2022.12.28-03.29.23:426][  0]LogConfig: Setting CVar [[r.Shadow.MaxCSMResolution:2048]]
[2022.12.28-03.29.23:426][  0]LogConfig: Setting CVar [[r.Shadow.RadiusThreshold:0.01]]
[2022.12.28-03.29.23:426][  0]LogConfig: Setting CVar [[r.Shadow.DistanceScale:1.0]]
[2022.12.28-03.29.23:426][  0]LogConfig: Setting CVar [[r.Shadow.CSM.TransitionScale:1.0]]
[2022.12.28-03.29.23:427][  0]LogConfig: Setting CVar [[r.Shadow.PreShadowResolutionFactor:1.0]]
[2022.12.28-03.29.23:427][  0]LogConfig: Setting CVar [[r.DistanceFieldShadowing:1]]
[2022.12.28-03.29.23:427][  0]LogConfig: Setting CVar [[r.DistanceFieldAO:1]]
[2022.12.28-03.29.23:427][  0]LogConfig: Setting CVar [[r.AOQuality:2]]
[2022.12.28-03.29.23:427][  0]LogConfig: Setting CVar [[r.VolumetricFog:1]]
[2022.12.28-03.29.23:427][  0]LogConfig: Setting CVar [[r.VolumetricFog.GridPixelSize:8]]
[2022.12.28-03.29.23:427][  0]LogConfig: Setting CVar [[r.VolumetricFog.GridSizeZ:128]]
[2022.12.28-03.29.23:427][  0]LogConfig: Setting CVar [[r.VolumetricFog.HistoryMissSupersampleCount:4]]
[2022.12.28-03.29.23:427][  0]LogConfig: Setting CVar [[r.LightMaxDrawDistanceScale:1]]
[2022.12.28-03.29.23:428][  0]LogConfig: Setting CVar [[r.CapsuleShadows:1]]
[2022.12.28-03.29.23:428][  0]LogConfig: Applying CVar settings from Section [PostProcessQuality@3] File [D:/UnrealProjects/MentoramaArkanoid/Saved/Config/Windows/Scalability.ini]
[2022.12.28-03.29.23:428][  0]LogConfig: Setting CVar [[r.MotionBlurQuality:4]]
[2022.12.28-03.29.23:428][  0]LogConfig: Setting CVar [[r.AmbientOcclusionMipLevelFactor:0.4]]
[2022.12.28-03.29.23:428][  0]LogConfig: Setting CVar [[r.AmbientOcclusionMaxQuality:100]]
[2022.12.28-03.29.23:428][  0]LogConfig: Setting CVar [[r.AmbientOcclusionLevels:-1]]
[2022.12.28-03.29.23:428][  0]LogConfig: Setting CVar [[r.AmbientOcclusionRadiusScale:1.0]]
[2022.12.28-03.29.23:428][  0]LogConfig: Setting CVar [[r.DepthOfFieldQuality:2]]
[2022.12.28-03.29.23:428][  0]LogConfig: Setting CVar [[r.RenderTargetPoolMin:400]]
[2022.12.28-03.29.23:428][  0]LogConfig: Setting CVar [[r.LensFlareQuality:2]]
[2022.12.28-03.29.23:428][  0]LogConfig: Setting CVar [[r.SceneColorFringeQuality:1]]
[2022.12.28-03.29.23:428][  0]LogConfig: Setting CVar [[r.EyeAdaptationQuality:2]]
[2022.12.28-03.29.23:428][  0]LogConfig: Setting CVar [[r.BloomQuality:5]]
[2022.12.28-03.29.23:428][  0]LogConfig: Setting CVar [[r.FastBlurThreshold:100]]
[2022.12.28-03.29.23:428][  0]LogConfig: Setting CVar [[r.Upscale.Quality:3]]
[2022.12.28-03.29.23:428][  0]LogConfig: Setting CVar [[r.Tonemapper.GrainQuantization:1]]
[2022.12.28-03.29.23:428][  0]LogConfig: Setting CVar [[r.LightShaftQuality:1]]
[2022.12.28-03.29.23:429][  0]LogConfig: Setting CVar [[r.Filter.SizeScale:1]]
[2022.12.28-03.29.23:429][  0]LogConfig: Setting CVar [[r.Tonemapper.Quality:5]]
[2022.12.28-03.29.23:429][  0]LogConfig: Setting CVar [[r.DOF.Gather.AccumulatorQuality:1        ; higher gathering accumulator quality]]
[2022.12.28-03.29.23:429][  0]LogConfig: Setting CVar [[r.DOF.Gather.PostfilterMethod:1          ; Median3x3 postfilering method]]
[2022.12.28-03.29.23:429][  0]LogConfig: Setting CVar [[r.DOF.Gather.EnableBokehSettings:0       ; no bokeh simulation when gathering]]
[2022.12.28-03.29.23:429][  0]LogConfig: Setting CVar [[r.DOF.Gather.RingCount:4                 ; medium number of samples when gathering]]
[2022.12.28-03.29.23:429][  0]LogConfig: Setting CVar [[r.DOF.Scatter.ForegroundCompositing:1    ; additive foreground scattering]]
[2022.12.28-03.29.23:429][  0]LogConfig: Setting CVar [[r.DOF.Scatter.BackgroundCompositing:2    ; additive background scattering]]
[2022.12.28-03.29.23:429][  0]LogConfig: Setting CVar [[r.DOF.Scatter.EnableBokehSettings:1      ; bokeh simulation when scattering]]
[2022.12.28-03.29.23:429][  0]LogConfig: Setting CVar [[r.DOF.Scatter.MaxSpriteRatio:0.1         ; only a maximum of 10% of scattered bokeh]]
[2022.12.28-03.29.23:429][  0]LogConfig: Setting CVar [[r.DOF.Recombine.Quality:1                ; cheap slight out of focus]]
[2022.12.28-03.29.23:429][  0]LogConfig: Setting CVar [[r.DOF.Recombine.EnableBokehSettings:0    ; no bokeh simulation on slight out of focus]]
[2022.12.28-03.29.23:430][  0]LogConfig: Setting CVar [[r.DOF.TemporalAAQuality:1                ; more stable temporal accumulation]]
[2022.12.28-03.29.23:430][  0]LogConfig: Setting CVar [[r.DOF.Kernel.MaxForegroundRadius:0.025]]
[2022.12.28-03.29.23:430][  0]LogConfig: Setting CVar [[r.DOF.Kernel.MaxBackgroundRadius:0.025]]
[2022.12.28-03.29.23:430][  0]LogConfig: Applying CVar settings from Section [TextureQuality@3] File [D:/UnrealProjects/MentoramaArkanoid/Saved/Config/Windows/Scalability.ini]
[2022.12.28-03.29.23:430][  0]LogConfig: Setting CVar [[r.Streaming.MipBias:0]]
[2022.12.28-03.29.23:430][  0]LogConfig: Setting CVar [[r.Streaming.AmortizeCPUToGPUCopy:0]]
[2022.12.28-03.29.23:430][  0]LogConfig: Setting CVar [[r.Streaming.MaxNumTexturesToStreamPerFrame:0]]
[2022.12.28-03.29.23:430][  0]LogConfig: Setting CVar [[r.Streaming.Boost:1]]
[2022.12.28-03.29.23:430][  0]LogConfig: Setting CVar [[r.MaxAnisotropy:8]]
[2022.12.28-03.29.23:430][  0]LogConfig: Setting CVar [[r.VT.MaxAnisotropy:8]]
[2022.12.28-03.29.23:431][  0]LogConfig: Setting CVar [[r.Streaming.LimitPoolSizeToVRAM:0]]
[2022.12.28-03.29.23:431][  0]LogConfig: Setting CVar [[r.Streaming.PoolSize:1000]]
[2022.12.28-03.29.23:431][  0]LogConfig: Setting CVar [[r.Streaming.MaxEffectiveScreenSize:0]]
[2022.12.28-03.29.23:431][  0]LogConfig: Applying CVar settings from Section [EffectsQuality@3] File [D:/UnrealProjects/MentoramaArkanoid/Saved/Config/Windows/Scalability.ini]
[2022.12.28-03.29.23:431][  0]LogConfig: Setting CVar [[r.TranslucencyLightingVolumeDim:64]]
[2022.12.28-03.29.23:431][  0]LogConfig: Setting CVar [[r.RefractionQuality:2]]
[2022.12.28-03.29.23:431][  0]LogConfig: Setting CVar [[r.SSR.Quality:3]]
[2022.12.28-03.29.23:431][  0]LogConfig: Setting CVar [[r.SSR.HalfResSceneColor:0]]
[2022.12.28-03.29.23:431][  0]LogConfig: Setting CVar [[r.SceneColorFormat:4]]
[2022.12.28-03.29.23:431][  0]LogConfig: Setting CVar [[r.DetailMode:2]]
[2022.12.28-03.29.23:432][  0]LogConfig: Setting CVar [[r.TranslucencyVolumeBlur:1]]
[2022.12.28-03.29.23:432][  0]LogConfig: Setting CVar [[r.MaterialQualityLevel:1 ; High quality]]
[2022.12.28-03.29.23:432][  0]LogConfig: Setting CVar [[r.AnisotropicMaterials:1]]
[2022.12.28-03.29.23:432][  0]LogConfig: Setting CVar [[r.SSS.Scale:1]]
[2022.12.28-03.29.23:432][  0]LogConfig: Setting CVar [[r.SSS.SampleSet:2]]
[2022.12.28-03.29.23:432][  0]LogConfig: Setting CVar [[r.SSS.Quality:1]]
[2022.12.28-03.29.23:432][  0]LogConfig: Setting CVar [[r.SSS.HalfRes:0]]
[2022.12.28-03.29.23:432][  0]LogConfig: Setting CVar [[r.SSGI.Quality:3]]
[2022.12.28-03.29.23:432][  0]LogConfig: Setting CVar [[r.EmitterSpawnRateScale:1.0]]
[2022.12.28-03.29.23:432][  0]LogConfig: Setting CVar [[r.ParticleLightQuality:2]]
[2022.12.28-03.29.23:432][  0]LogConfig: Setting CVar [[r.SkyAtmosphere.AerialPerspectiveLUT.FastApplyOnOpaque:1 ; Always have FastSkyLUT 1 in this case to avoid wrong sky]]
[2022.12.28-03.29.23:433][  0]LogConfig: Setting CVar [[r.SkyAtmosphere.AerialPerspectiveLUT.SampleCountMaxPerSlice:4]]
[2022.12.28-03.29.23:433][  0]LogConfig: Setting CVar [[r.SkyAtmosphere.AerialPerspectiveLUT.DepthResolution:16.0]]
[2022.12.28-03.29.23:433][  0]LogConfig: Setting CVar [[r.SkyAtmosphere.FastSkyLUT:1]]
[2022.12.28-03.29.23:433][  0]LogConfig: Setting CVar [[r.SkyAtmosphere.FastSkyLUT.SampleCountMin:4.0]]
[2022.12.28-03.29.23:433][  0]LogConfig: Setting CVar [[r.SkyAtmosphere.FastSkyLUT.SampleCountMax:128.0]]
[2022.12.28-03.29.23:433][  0]LogConfig: Setting CVar [[r.SkyAtmosphere.SampleCountMin:4.0]]
[2022.12.28-03.29.23:433][  0]LogConfig: Setting CVar [[r.SkyAtmosphere.SampleCountMax:128.0]]
[2022.12.28-03.29.23:433][  0]LogConfig: Setting CVar [[r.SkyAtmosphere.TransmittanceLUT.UseSmallFormat:0]]
[2022.12.28-03.29.23:434][  0]LogConfig: Setting CVar [[r.SkyAtmosphere.TransmittanceLUT.SampleCount:10.0]]
[2022.12.28-03.29.23:434][  0]LogConfig: Setting CVar [[r.SkyAtmosphere.MultiScatteringLUT.SampleCount:15.0]]
[2022.12.28-03.29.23:434][  0]LogConfig: Setting CVar [[r.SkyLight.RealTimeReflectionCapture:1]]
[2022.12.28-03.29.23:434][  0]LogConfig: Applying CVar settings from Section [FoliageQuality@3] File [D:/UnrealProjects/MentoramaArkanoid/Saved/Config/Windows/Scalability.ini]
[2022.12.28-03.29.23:434][  0]LogConfig: Setting CVar [[foliage.DensityScale:1.0]]
[2022.12.28-03.29.23:434][  0]LogConfig: Setting CVar [[grass.DensityScale:1.0]]
[2022.12.28-03.29.23:434][  0]LogConfig: Applying CVar settings from Section [ShadingQuality@3] File [D:/UnrealProjects/MentoramaArkanoid/Saved/Config/Windows/Scalability.ini]
[2022.12.28-03.29.23:434][  0]LogConfig: Setting CVar [[r.HairStrands.SkyLighting.IntegrationType:2]]
[2022.12.28-03.29.23:435][  0]LogConfig: Setting CVar [[r.HairStrands.SkyAO.SampleCount:4]]
[2022.12.28-03.29.23:435][  0]LogConfig: Setting CVar [[r.HairStrands.Visibility.MSAA.SamplePerPixel:4]]
[2022.12.28-03.29.23:435][  0]LogInit: Selected Device Profile: [Windows]
[2022.12.28-03.29.23:435][  0]LogInit: Applying CVar settings loaded from the selected device profile: [Windows]
[2022.12.28-03.29.23:436][  0]LogHAL: Display: Platform has ~ 16 GB [17077583872 / 17179869184 / 16], which maps to Larger [LargestMinGB=32, LargerMinGB=12, DefaultMinGB=8, SmallerMinGB=6, SmallestMinGB=0)
[2022.12.28-03.29.23:436][  0]LogInit: Going up to parent DeviceProfile []
[2022.12.28-03.29.23:437][  0]LogConfig: Applying CVar settings from Section [ViewDistanceQuality@3] File [D:/UnrealProjects/MentoramaArkanoid/Saved/Config/Windows/Scalability.ini]
[2022.12.28-03.29.23:437][  0]LogConfig: Setting CVar [[r.SkeletalMeshLODBias:0]]
[2022.12.28-03.29.23:437][  0]LogConfig: Setting CVar [[r.ViewDistanceScale:1.0]]
[2022.12.28-03.29.23:437][  0]LogConfig: Applying CVar settings from Section [AntiAliasingQuality@3] File [D:/UnrealProjects/MentoramaArkanoid/Saved/Config/Windows/Scalability.ini]
[2022.12.28-03.29.23:437][  0]LogConfig: Setting CVar [[r.PostProcessAAQuality:4]]
[2022.12.28-03.29.23:437][  0]LogConfig: Applying CVar settings from Section [ShadowQuality@3] File [D:/UnrealProjects/MentoramaArkanoid/Saved/Config/Windows/Scalability.ini]
[2022.12.28-03.29.23:437][  0]LogConfig: Setting CVar [[r.LightFunctionQuality:1]]
[2022.12.28-03.29.23:437][  0]LogConfig: Setting CVar [[r.ShadowQuality:5]]
[2022.12.28-03.29.23:438][  0]LogConfig: Setting CVar [[r.Shadow.CSM.MaxCascades:10]]
[2022.12.28-03.29.23:438][  0]LogConfig: Setting CVar [[r.Shadow.MaxResolution:2048]]
[2022.12.28-03.29.23:438][  0]LogConfig: Setting CVar [[r.Shadow.MaxCSMResolution:2048]]
[2022.12.28-03.29.23:438][  0]LogConfig: Setting CVar [[r.Shadow.RadiusThreshold:0.01]]
[2022.12.28-03.29.23:438][  0]LogConfig: Setting CVar [[r.Shadow.DistanceScale:1.0]]
[2022.12.28-03.29.23:438][  0]LogConfig: Setting CVar [[r.Shadow.CSM.TransitionScale:1.0]]
[2022.12.28-03.29.23:438][  0]LogConfig: Setting CVar [[r.Shadow.PreShadowResolutionFactor:1.0]]
[2022.12.28-03.29.23:438][  0]LogConfig: Setting CVar [[r.DistanceFieldShadowing:1]]
[2022.12.28-03.29.23:438][  0]LogConfig: Setting CVar [[r.DistanceFieldAO:1]]
[2022.12.28-03.29.23:438][  0]LogConfig: Setting CVar [[r.AOQuality:2]]
[2022.12.28-03.29.23:438][  0]LogConfig: Setting CVar [[r.VolumetricFog:1]]
[2022.12.28-03.29.23:439][  0]LogConfig: Setting CVar [[r.VolumetricFog.GridPixelSize:8]]
[2022.12.28-03.29.23:439][  0]LogConfig: Setting CVar [[r.VolumetricFog.GridSizeZ:128]]
[2022.12.28-03.29.23:439][  0]LogConfig: Setting CVar [[r.VolumetricFog.HistoryMissSupersampleCount:4]]
[2022.12.28-03.29.23:439][  0]LogConfig: Setting CVar [[r.LightMaxDrawDistanceScale:1]]
[2022.12.28-03.29.23:439][  0]LogConfig: Setting CVar [[r.CapsuleShadows:1]]
[2022.12.28-03.29.23:439][  0]LogConfig: Applying CVar settings from Section [PostProcessQuality@3] File [D:/UnrealProjects/MentoramaArkanoid/Saved/Config/Windows/Scalability.ini]
[2022.12.28-03.29.23:439][  0]LogConfig: Setting CVar [[r.MotionBlurQuality:4]]
[2022.12.28-03.29.23:439][  0]LogConfig: Setting CVar [[r.AmbientOcclusionMipLevelFactor:0.4]]
[2022.12.28-03.29.23:439][  0]LogConfig: Setting CVar [[r.AmbientOcclusionMaxQuality:100]]
[2022.12.28-03.29.23:439][  0]LogConfig: Setting CVar [[r.AmbientOcclusionLevels:-1]]
[2022.12.28-03.29.23:439][  0]LogConfig: Setting CVar [[r.AmbientOcclusionRadiusScale:1.0]]
[2022.12.28-03.29.23:439][  0]LogConfig: Setting CVar [[r.DepthOfFieldQuality:2]]
[2022.12.28-03.29.23:439][  0]LogConfig: Setting CVar [[r.RenderTargetPoolMin:400]]
[2022.12.28-03.29.23:439][  0]LogConfig: Setting CVar [[r.LensFlareQuality:2]]
[2022.12.28-03.29.23:439][  0]LogConfig: Setting CVar [[r.SceneColorFringeQuality:1]]
[2022.12.28-03.29.23:439][  0]LogConfig: Setting CVar [[r.EyeAdaptationQuality:2]]
[2022.12.28-03.29.23:440][  0]LogConfig: Setting CVar [[r.BloomQuality:5]]
[2022.12.28-03.29.23:440][  0]LogConfig: Setting CVar [[r.FastBlurThreshold:100]]
[2022.12.28-03.29.23:440][  0]LogConfig: Setting CVar [[r.Upscale.Quality:3]]
[2022.12.28-03.29.23:440][  0]LogConfig: Setting CVar [[r.Tonemapper.GrainQuantization:1]]
[2022.12.28-03.29.23:440][  0]LogConfig: Setting CVar [[r.LightShaftQuality:1]]
[2022.12.28-03.29.23:440][  0]LogConfig: Setting CVar [[r.Filter.SizeScale:1]]
[2022.12.28-03.29.23:440][  0]LogConfig: Setting CVar [[r.Tonemapper.Quality:5]]
[2022.12.28-03.29.23:440][  0]LogConfig: Setting CVar [[r.DOF.Gather.AccumulatorQuality:1        ; higher gathering accumulator quality]]
[2022.12.28-03.29.23:440][  0]LogConfig: Setting CVar [[r.DOF.Gather.PostfilterMethod:1          ; Median3x3 postfilering method]]
[2022.12.28-03.29.23:440][  0]LogConfig: Setting CVar [[r.DOF.Gather.EnableBokehSettings:0       ; no bokeh simulation when gathering]]
[2022.12.28-03.29.23:440][  0]LogConfig: Setting CVar [[r.DOF.Gather.RingCount:4                 ; medium number of samples when gathering]]
[2022.12.28-03.29.23:440][  0]LogConfig: Setting CVar [[r.DOF.Scatter.ForegroundCompositing:1    ; additive foreground scattering]]
[2022.12.28-03.29.23:440][  0]LogConfig: Setting CVar [[r.DOF.Scatter.BackgroundCompositing:2    ; additive background scattering]]
[2022.12.28-03.29.23:440][  0]LogConfig: Setting CVar [[r.DOF.Scatter.EnableBokehSettings:1      ; bokeh simulation when scattering]]
[2022.12.28-03.29.23:440][  0]LogConfig: Setting CVar [[r.DOF.Scatter.MaxSpriteRatio:0.1         ; only a maximum of 10% of scattered bokeh]]
[2022.12.28-03.29.23:441][  0]LogConfig: Setting CVar [[r.DOF.Recombine.Quality:1                ; cheap slight out of focus]]
[2022.12.28-03.29.23:441][  0]LogConfig: Setting CVar [[r.DOF.Recombine.EnableBokehSettings:0    ; no bokeh simulation on slight out of focus]]
[2022.12.28-03.29.23:441][  0]LogConfig: Setting CVar [[r.DOF.TemporalAAQuality:1                ; more stable temporal accumulation]]
[2022.12.28-03.29.23:441][  0]LogConfig: Setting CVar [[r.DOF.Kernel.MaxForegroundRadius:0.025]]
[2022.12.28-03.29.23:441][  0]LogConfig: Setting CVar [[r.DOF.Kernel.MaxBackgroundRadius:0.025]]
[2022.12.28-03.29.23:441][  0]LogConfig: Applying CVar settings from Section [TextureQuality@3] File [D:/UnrealProjects/MentoramaArkanoid/Saved/Config/Windows/Scalability.ini]
[2022.12.28-03.29.23:441][  0]LogConfig: Setting CVar [[r.Streaming.MipBias:0]]
[2022.12.28-03.29.23:441][  0]LogConfig: Setting CVar [[r.Streaming.AmortizeCPUToGPUCopy:0]]
[2022.12.28-03.29.23:442][  0]LogConfig: Setting CVar [[r.Streaming.MaxNumTexturesToStreamPerFrame:0]]
[2022.12.28-03.29.23:442][  0]LogConfig: Setting CVar [[r.Streaming.Boost:1]]
[2022.12.28-03.29.23:442][  0]LogConfig: Setting CVar [[r.MaxAnisotropy:8]]
[2022.12.28-03.29.23:442][  0]LogConfig: Setting CVar [[r.VT.MaxAnisotropy:8]]
[2022.12.28-03.29.23:442][  0]LogConfig: Setting CVar [[r.Streaming.LimitPoolSizeToVRAM:0]]
[2022.12.28-03.29.23:442][  0]LogConfig: Setting CVar [[r.Streaming.PoolSize:1000]]
[2022.12.28-03.29.23:442][  0]LogConfig: Setting CVar [[r.Streaming.MaxEffectiveScreenSize:0]]
[2022.12.28-03.29.23:442][  0]LogConfig: Applying CVar settings from Section [EffectsQuality@3] File [D:/UnrealProjects/MentoramaArkanoid/Saved/Config/Windows/Scalability.ini]
[2022.12.28-03.29.23:442][  0]LogConfig: Setting CVar [[r.TranslucencyLightingVolumeDim:64]]
[2022.12.28-03.29.23:442][  0]LogConfig: Setting CVar [[r.RefractionQuality:2]]
[2022.12.28-03.29.23:442][  0]LogConfig: Setting CVar [[r.SSR.Quality:3]]
[2022.12.28-03.29.23:443][  0]LogConfig: Setting CVar [[r.SSR.HalfResSceneColor:0]]
[2022.12.28-03.29.23:443][  0]LogConfig: Setting CVar [[r.SceneColorFormat:4]]
[2022.12.28-03.29.23:443][  0]LogConfig: Setting CVar [[r.DetailMode:2]]
[2022.12.28-03.29.23:443][  0]LogConfig: Setting CVar [[r.TranslucencyVolumeBlur:1]]
[2022.12.28-03.29.23:443][  0]LogConfig: Setting CVar [[r.MaterialQualityLevel:1 ; High quality]]
[2022.12.28-03.29.23:443][  0]LogConfig: Setting CVar [[r.AnisotropicMaterials:1]]
[2022.12.28-03.29.23:443][  0]LogConfig: Setting CVar [[r.SSS.Scale:1]]
[2022.12.28-03.29.23:443][  0]LogConfig: Setting CVar [[r.SSS.SampleSet:2]]
[2022.12.28-03.29.23:443][  0]LogConfig: Setting CVar [[r.SSS.Quality:1]]
[2022.12.28-03.29.23:444][  0]LogConfig: Setting CVar [[r.SSS.HalfRes:0]]
[2022.12.28-03.29.23:444][  0]LogConfig: Setting CVar [[r.SSGI.Quality:3]]
[2022.12.28-03.29.23:444][  0]LogConfig: Setting CVar [[r.EmitterSpawnRateScale:1.0]]
[2022.12.28-03.29.23:444][  0]LogConfig: Setting CVar [[r.ParticleLightQuality:2]]
[2022.12.28-03.29.23:444][  0]LogConfig: Setting CVar [[r.SkyAtmosphere.AerialPerspectiveLUT.FastApplyOnOpaque:1 ; Always have FastSkyLUT 1 in this case to avoid wrong sky]]
[2022.12.28-03.29.23:444][  0]LogConfig: Setting CVar [[r.SkyAtmosphere.AerialPerspectiveLUT.SampleCountMaxPerSlice:4]]
[2022.12.28-03.29.23:444][  0]LogConfig: Setting CVar [[r.SkyAtmosphere.AerialPerspectiveLUT.DepthResolution:16.0]]
[2022.12.28-03.29.23:444][  0]LogConfig: Setting CVar [[r.SkyAtmosphere.FastSkyLUT:1]]
[2022.12.28-03.29.23:444][  0]LogConfig: Setting CVar [[r.SkyAtmosphere.FastSkyLUT.SampleCountMin:4.0]]
[2022.12.28-03.29.23:445][  0]LogConfig: Setting CVar [[r.SkyAtmosphere.FastSkyLUT.SampleCountMax:128.0]]
[2022.12.28-03.29.23:445][  0]LogConfig: Setting CVar [[r.SkyAtmosphere.SampleCountMin:4.0]]
[2022.12.28-03.29.23:445][  0]LogConfig: Setting CVar [[r.SkyAtmosphere.SampleCountMax:128.0]]
[2022.12.28-03.29.23:445][  0]LogConfig: Setting CVar [[r.SkyAtmosphere.TransmittanceLUT.UseSmallFormat:0]]
[2022.12.28-03.29.23:445][  0]LogConfig: Setting CVar [[r.SkyAtmosphere.TransmittanceLUT.SampleCount:10.0]]
[2022.12.28-03.29.23:445][  0]LogConfig: Setting CVar [[r.SkyAtmosphere.MultiScatteringLUT.SampleCount:15.0]]
[2022.12.28-03.29.23:445][  0]LogConfig: Setting CVar [[r.SkyLight.RealTimeReflectionCapture:1]]
[2022.12.28-03.29.23:445][  0]LogConfig: Applying CVar settings from Section [FoliageQuality@3] File [D:/UnrealProjects/MentoramaArkanoid/Saved/Config/Windows/Scalability.ini]
[2022.12.28-03.29.23:446][  0]LogConfig: Setting CVar [[foliage.DensityScale:1.0]]
[2022.12.28-03.29.23:446][  0]LogConfig: Setting CVar [[grass.DensityScale:1.0]]
[2022.12.28-03.29.23:446][  0]LogConfig: Applying CVar settings from Section [ShadingQuality@3] File [D:/UnrealProjects/MentoramaArkanoid/Saved/Config/Windows/Scalability.ini]
[2022.12.28-03.29.23:446][  0]LogConfig: Setting CVar [[r.HairStrands.SkyLighting.IntegrationType:2]]
[2022.12.28-03.29.23:446][  0]LogConfig: Setting CVar [[r.HairStrands.SkyAO.SampleCount:4]]
[2022.12.28-03.29.23:446][  0]LogConfig: Setting CVar [[r.HairStrands.Visibility.MSAA.SamplePerPixel:4]]
[2022.12.28-03.29.23:446][  0]LogConfig: Applying CVar settings from Section [Startup] File [../../../Engine/Config/ConsoleVariables.ini]
[2022.12.28-03.29.23:460][  0]LogConfig: Setting CVar [[net.UseAdaptiveNetUpdateFrequency:0]]
[2022.12.28-03.29.23:460][  0]LogConfig: Setting CVar [[p.chaos.AllowCreatePhysxBodies:1]]
[2022.12.28-03.29.23:461][  0]LogConfig: Setting CVar [[fx.SkipVectorVMBackendOptimizations:1]]
[2022.12.28-03.29.23:461][  0]LogConfig: Applying CVar settings from Section [ConsoleVariables] File [D:/UnrealProjects/MentoramaArkanoid/Saved/Config/Windows/Engine.ini]
[2022.12.28-03.29.23:461][  0]LogConfig: Applying CVar settings from Section [ConsoleVariables] File [D:/UnrealProjects/MentoramaArkanoid/Saved/Config/Windows/Editor.ini]
[2022.12.28-03.29.23:461][  0]LogInit: Computer: DESKTOP-9UR4MJL
[2022.12.28-03.29.23:461][  0]LogInit: User: AryGuilherme
[2022.12.28-03.29.23:461][  0]LogInit: CPU Page size=4096, Cores=12
[2022.12.28-03.29.23:461][  0]LogInit: High frequency timer resolution =10.000000 MHz
[2022.12.28-03.29.23:461][  0]LogMemory: Memory total: Physical=15.9GB (16GB approx)
[2022.12.28-03.29.23:469][  0]LogMemory: Platform Memory Stats for Windows
[2022.12.28-03.29.23:469][  0]LogMemory: Process Physical Memory: 154.85 MB used, 154.85 MB peak
[2022.12.28-03.29.23:470][  0]LogMemory: Process Virtual Memory: 133.56 MB used, 133.56 MB peak
[2022.12.28-03.29.23:470][  0]LogMemory: Physical Memory: 11514.79 MB used,  4771.66 MB free, 16286.45 MB total
[2022.12.28-03.29.23:470][  0]LogMemory: Virtual Memory: 134212360.00 MB used,  5367.99 MB free, 134217728.00 MB total
[2022.12.28-03.29.23:483][  0]LogWindows: WindowsPlatformFeatures enabled
[2022.12.28-03.29.26:222][  0]LogInit: Physics initialised using underlying interface: PhysX
[2022.12.28-03.29.26:336][  0]LogInit: Overriding language with editor language configuration option (en).
[2022.12.28-03.29.26:336][  0]LogInit: Overriding language with editor locale configuration option (en).
[2022.12.28-03.29.27:811][  0]LogInit: Setting process to per monitor DPI aware
[2022.12.28-03.29.27:990][  0]LogWindowsTextInputMethodSystem: Display: IME system deactivated.
[2022.12.28-03.29.28:889][  0]LogSlate: New Slate User Created.  User Index 0, Is Virtual User: 0
[2022.12.28-03.29.28:889][  0]LogSlate: Slate User Registered.  User Index 0, Is Virtual User: 0
[2022.12.28-03.29.31:073][  0]LogD3D11RHI: Loaded GFSDK_Aftermath_Lib.x64.dll
[2022.12.28-03.29.31:118][  0]LogHMD: Failed to initialize OpenVR with code 110
[2022.12.28-03.29.31:118][  0]LogD3D11RHI: D3D11 min allowed feature level: 11_0
[2022.12.28-03.29.31:118][  0]LogD3D11RHI: D3D11 max allowed feature level: 11_0
[2022.12.28-03.29.31:118][  0]LogD3D11RHI: D3D11 adapters:
[2022.12.28-03.29.31:254][  0]LogD3D11RHI:    0. 'Radeon RX 570 Series' (Feature Level 11_0)
[2022.12.28-03.29.31:255][  0]LogD3D11RHI:       4074/0/8143 MB DedicatedVideo/DedicatedSystem/SharedSystem, Outputs:2, VendorId:0x1002
[2022.12.28-03.29.31:279][  0]LogD3D11RHI:    1. 'Microsoft Basic Render Driver' (Feature Level 11_0)
[2022.12.28-03.29.31:279][  0]LogD3D11RHI:       0/0/8143 MB DedicatedVideo/DedicatedSystem/SharedSystem, Outputs:0, VendorId:0x1414
[2022.12.28-03.29.31:279][  0]LogD3D11RHI: Chosen D3D11 Adapter:
[2022.12.28-03.29.31:279][  0]LogD3D11RHI:     Description : Radeon RX 570 Series
[2022.12.28-03.29.31:279][  0]LogD3D11RHI:     VendorId    : 1002
[2022.12.28-03.29.31:279][  0]LogD3D11RHI:     DeviceId    : 67df
[2022.12.28-03.29.31:280][  0]LogD3D11RHI:     SubSysId    : c5701682
[2022.12.28-03.29.31:280][  0]LogD3D11RHI:     Revision    : 00ef
[2022.12.28-03.29.31:280][  0]LogD3D11RHI:     DedicatedVideoMemory : 4272934912 bytes
[2022.12.28-03.29.31:280][  0]LogD3D11RHI:     DedicatedSystemMemory : 0 bytes
[2022.12.28-03.29.31:280][  0]LogD3D11RHI:     SharedSystemMemory : 8538791936 bytes
[2022.12.28-03.29.31:280][  0]LogD3D11RHI:     AdapterLuid : 0 111465
[2022.12.28-03.29.31:289][  0]LogD3D11RHI: Creating new Direct3DDevice
[2022.12.28-03.29.31:289][  0]LogD3D11RHI:     GPU DeviceId: 0x67df (for the marketing name, search the web for "GPU Device Id")
[2022.12.28-03.29.31:290][  0]LogWindows: EnumDisplayDevices:
[2022.12.28-03.29.31:290][  0]LogWindows:    0. 'Radeon RX 570 Series' (P:1 D:1)
[2022.12.28-03.29.31:291][  0]LogWindows:    1. 'Radeon RX 570 Series' (P:0 D:1)
[2022.12.28-03.29.31:292][  0]LogWindows:    2. 'Radeon RX 570 Series' (P:0 D:0)
[2022.12.28-03.29.31:295][  0]LogWindows:    3. 'Radeon RX 570 Series' (P:0 D:0)
[2022.12.28-03.29.31:296][  0]LogWindows:    4. 'Radeon RX 570 Series' (P:0 D:0)
[2022.12.28-03.29.31:297][  0]LogWindows:    5. 'Radeon RX 570 Series' (P:0 D:0)
[2022.12.28-03.29.31:298][  0]LogWindows:    6. 'Radeon RX 570 Series' (P:0 D:0)
[2022.12.28-03.29.31:298][  0]LogWindows: DebugString: FoundDriverCount:7 
[2022.12.28-03.29.31:298][  0]LogD3D11RHI:     Adapter Name: Radeon RX 570 Series
[2022.12.28-03.29.31:298][  0]LogD3D11RHI:   Driver Version: AMD Software: Adrenalin Edition 22.20.27.07 (internal:31.0.12027.7000, unified:31.0.12027.7000)
[2022.12.28-03.29.31:298][  0]LogD3D11RHI:      Driver Date: 10-20-2022
[2022.12.28-03.29.31:299][  0]LogRHI: Texture pool is 2424 MB (70% of 3463 MB)
[2022.12.28-03.29.31:442][  0]LogD3D11RHI: Creating D3DDevice with AMD AGS, using adapter:
[2022.12.28-03.29.31:442][  0]LogD3D11RHI:     Description : Radeon RX 570 Series
[2022.12.28-03.29.31:443][  0]LogD3D11RHI:     VendorId    : 1002
[2022.12.28-03.29.31:443][  0]LogD3D11RHI:     DeviceId    : 67df
[2022.12.28-03.29.31:443][  0]LogD3D11RHI:     SubSysId    : c5701682
[2022.12.28-03.29.31:443][  0]LogD3D11RHI:     Revision    : 00ef
[2022.12.28-03.29.31:443][  0]LogD3D11RHI:     DedicatedVideoMemory : 4272934912 bytes
[2022.12.28-03.29.31:443][  0]LogD3D11RHI:     DedicatedSystemMemory : 0 bytes
[2022.12.28-03.29.31:443][  0]LogD3D11RHI:     SharedSystemMemory : 8538791936 bytes
[2022.12.28-03.29.31:443][  0]LogD3D11RHI:     AdapterLuid : 0 111465
[2022.12.28-03.29.31:546][  0]LogD3D11RHI: Created device via AGS, feature level 11_0, supported extensions 1fffffbf.
[2022.12.28-03.29.31:546][  0]LogD3D11RHI: RHI has support for 64 bit atomics
[2022.12.28-03.29.31:546][  0]LogD3D11RHI: Async texture creation enabled
[2022.12.28-03.29.31:546][  0]LogD3D11RHI: Array index from any shader is supported
[2022.12.28-03.29.31:925][  0]LogD3D11RHI: GPU Timing Frequency: 25.000000 (Debug: 2 1)
[2022.12.28-03.29.33:703][  0]LogTargetPlatformManager: Display: Loaded TargetPlatform 'AllDesktop'
[2022.12.28-03.29.33:949][  0]LogTargetPlatformManager: Display: Loaded TargetPlatform 'Android'
[2022.12.28-03.29.33:949][  0]LogTargetPlatformManager: Display: Loaded TargetPlatform 'Android_ASTC'
[2022.12.28-03.29.33:949][  0]LogTargetPlatformManager: Display: Loaded TargetPlatform 'Android_DXT'
[2022.12.28-03.29.33:949][  0]LogTargetPlatformManager: Display: Loaded TargetPlatform 'Android_ETC2'
[2022.12.28-03.29.33:949][  0]LogTargetPlatformManager: Display: Loaded TargetPlatform 'AndroidClient'
[2022.12.28-03.29.33:949][  0]LogTargetPlatformManager: Display: Loaded TargetPlatform 'Android_ASTCClient'
[2022.12.28-03.29.33:949][  0]LogTargetPlatformManager: Display: Loaded TargetPlatform 'Android_DXTClient'
[2022.12.28-03.29.33:949][  0]LogTargetPlatformManager: Display: Loaded TargetPlatform 'Android_ETC2Client'
[2022.12.28-03.29.33:949][  0]LogTargetPlatformManager: Display: Loaded TargetPlatform 'Android_Multi'
[2022.12.28-03.29.33:949][  0]LogTargetPlatformManager: Display: Loaded TargetPlatform 'Android_MultiClient'
[2022.12.28-03.29.34:736][  0]LogTargetPlatformManager: Display: Loaded TargetPlatform 'IOSClient'
[2022.12.28-03.29.34:737][  0]LogTargetPlatformManager: Display: Loaded TargetPlatform 'IOS'
[2022.12.28-03.29.34:938][  0]LogTargetPlatformManager: Display: Loaded TargetPlatform 'Linux'
[2022.12.28-03.29.35:144][  0]LogTargetPlatformManager: Display: Loaded TargetPlatform 'LinuxNoEditor'
[2022.12.28-03.29.35:353][  0]LogTargetPlatformManager: Display: Loaded TargetPlatform 'LinuxClient'
[2022.12.28-03.29.35:476][  0]LogTargetPlatformManager: Display: Loaded TargetPlatform 'LinuxServer'
[2022.12.28-03.29.35:682][  0]LogTargetPlatformManager: Display: Loaded TargetPlatform 'LinuxAArch64NoEditor'
[2022.12.28-03.29.35:857][  0]LogTargetPlatformManager: Display: Loaded TargetPlatform 'LinuxAArch64Client'
[2022.12.28-03.29.35:912][  0]LogTargetPlatformManager: Display: Loaded TargetPlatform 'LinuxAArch64Server'
[2022.12.28-03.29.35:999][  0]LogTargetPlatformManager: Display: Loaded TargetPlatform 'Lumin'
[2022.12.28-03.29.35:999][  0]LogTargetPlatformManager: Display: Loaded TargetPlatform 'LuminClient'
[2022.12.28-03.29.36:239][  0]LogTargetPlatformManager: Display: Loaded TargetPlatform 'MacNoEditor'
[2022.12.28-03.29.36:421][  0]LogTargetPlatformManager: Display: Loaded TargetPlatform 'Mac'
[2022.12.28-03.29.36:577][  0]LogTargetPlatformManager: Display: Loaded TargetPlatform 'MacClient'
[2022.12.28-03.29.36:831][  0]LogTargetPlatformManager: Display: Loaded TargetPlatform 'MacServer'
[2022.12.28-03.29.37:014][  0]LogTargetPlatformManager: Display: Loaded TargetPlatform 'TVOSClient'
[2022.12.28-03.29.37:015][  0]LogTargetPlatformManager: Display: Loaded TargetPlatform 'TVOS'
[2022.12.28-03.29.37:161][  0]LogTargetPlatformManager: Display: Loaded TargetPlatform 'WindowsNoEditor'
[2022.12.28-03.29.37:384][  0]LogTargetPlatformManager: Display: Loaded TargetPlatform 'Windows'
[2022.12.28-03.29.37:474][  0]LogTargetPlatformManager: Display: Loaded TargetPlatform 'WindowsClient'
[2022.12.28-03.29.37:643][  0]LogTargetPlatformManager: Display: Loaded TargetPlatform 'WindowsServer'
[2022.12.28-03.29.37:643][  0]LogTargetPlatformManager: Display: Building Assets For Windows
[2022.12.28-03.29.38:218][  0]LogAudioDebug: Display: Lib vorbis DLL was dynamically loaded.
[2022.12.28-03.29.40:435][  0]LogTextureFormatOodle: Display: Oodle Texture 2.9.0 init RDO Off
[2022.12.28-03.29.45:918][  0]LogRendererCore: Ray tracing is disabled. Reason: r.RayTracing=0.
[2022.12.28-03.29.45:968][  0]LogShaderCompilers: Guid format shader working directory is 5 characters bigger than the processId version (../../../../../UnrealProjects/MentoramaArkanoid/Intermediate/Shaders/WorkingDirectory/13660/).
[2022.12.28-03.29.45:969][  0]LogShaderCompilers: Cleaned the shader compiler working directory 'C:/Users/AryGuilherme/AppData/Local/Temp/UnrealShaderWorkingDir/31EFEF94438D06DA050023BD4290BBEF/'.
[2022.12.28-03.29.45:970][  0]LogXGEController: Cannot use XGE Controller as Incredibuild is not installed on this machine.
[2022.12.28-03.29.45:971][  0]LogShaderCompilers: Cannot use XGE Shader Compiler as Incredibuild is not installed on this machine.
[2022.12.28-03.29.45:971][  0]LogShaderCompilers: Display: Using Local Shader Compiler.
[2022.12.28-03.29.53:045][  0]LogDerivedDataCache: Display: Max Cache Size: 512 MB
[2022.12.28-03.29.53:182][  0]LogDerivedDataCache: Loaded boot cache 0.14s 94MB C:/Users/AryGuilherme/AppData/Local/UnrealEngine/4.27/DerivedDataCache/Boot.ddc.
[2022.12.28-03.29.53:183][  0]LogDerivedDataCache: Display: Loaded Boot cache: C:/Users/AryGuilherme/AppData/Local/UnrealEngine/4.27/DerivedDataCache/Boot.ddc
[2022.12.28-03.29.53:183][  0]LogDerivedDataCache: FDerivedDataBackendGraph:  Pak pak cache file ../../../../../UnrealProjects/MentoramaArkanoid/DerivedDataCache/DDC.ddp not found, will not use a pak cache.
[2022.12.28-03.29.53:183][  0]LogDerivedDataCache: Unable to find inner node Pak for hierarchical cache Hierarchy.
[2022.12.28-03.29.53:183][  0]LogDerivedDataCache: FDerivedDataBackendGraph:  CompressedPak pak cache file ../../../../../UnrealProjects/MentoramaArkanoid/DerivedDataCache/Compressed.ddp not found, will not use a pak cache.
[2022.12.28-03.29.53:184][  0]LogDerivedDataCache: Unable to find inner node CompressedPak for hierarchical cache Hierarchy.
[2022.12.28-03.29.53:282][  0]LogDerivedDataCache: Display: Pak cache opened for reading ../../../Engine/DerivedDataCache/Compressed.ddp.
[2022.12.28-03.29.53:283][  0]LogDerivedDataCache: FDerivedDataBackendGraph:  EnterprisePak pak cache file ../../../Enterprise/DerivedDataCache/Compressed.ddp not found, will not use a pak cache.
[2022.12.28-03.29.53:283][  0]LogDerivedDataCache: Unable to find inner node EnterprisePak for hierarchical cache Hierarchy.
[2022.12.28-03.29.53:336][  0]LogDerivedDataCache: Speed tests for C:/Users/AryGuilherme/AppData/Local/UnrealEngine/Common/DerivedDataCache took 0.05 seconds
[2022.12.28-03.29.53:337][  0]LogDerivedDataCache: Display: Performance to C:/Users/AryGuilherme/AppData/Local/UnrealEngine/Common/DerivedDataCache: Latency=0.10ms. RandomReadSpeed=184.20MBs, RandomWriteSpeed=19.93MBs. Assigned SpeedClass 'Local'
[2022.12.28-03.29.53:339][  0]LogDerivedDataCache: Using Local data cache path C:/Users/AryGuilherme/AppData/Local/UnrealEngine/Common/DerivedDataCache: Writable
[2022.12.28-03.29.53:339][  0]LogDerivedDataCache: Shared data cache path not found in *engine.ini, will not use an Shared cache.
[2022.12.28-03.29.53:339][  0]LogDerivedDataCache: Unable to find inner node Shared for hierarchical cache Hierarchy.
[2022.12.28-03.29.53:927][  0]LogSlate: Using FreeType 2.10.0
[2022.12.28-03.29.53:994][  0]LogSlate: SlateFontServices - WITH_FREETYPE: 1, WITH_HARFBUZZ: 1
[2022.12.28-03.29.55:353][  0]LogAssetRegistry: FAssetRegistry took 0.0353 seconds to start up
[2022.12.28-03.30.02:920][  0]LogInit: Selected Device Profile: [Windows]
[2022.12.28-03.30.02:921][  0]LogInit: Active device profile: [000001C22C5C8B00][000001C2293FE7C0 49] Windows
[2022.12.28-03.30.02:921][  0]LogInit: Profiles: [000001C22C5C8B00][000001C2293FE7C0 49] Windows, [000001C22D59A200][000001C229406940 49] WindowsNoEditor, [000001C22C5C9900][000001C2294FAAC0 49] WindowsServer, [000001C22D59AF00][000001C2294FEC40 49] WindowsClient, [000001C22C5CBC00][000001C229502DC0 49] IOS, [000001C22D598F00][000001C229506F40 49] iPadAir, [000001C22C5CBE00][000001C22950B0C0 49] iPadAir2, [000001C22D53CC00][000001C229513380 49] IPadPro, [000001C22D53CD00][000001C22950F3C0 49] iPadAir3, [000001C22D59BC00][000001C229517540 49] iPadAir4, [000001C22D53F600][000001C22951B6C0 49] iPadMini2, [000001C22D59B300][000001C22951F840 49] iPadMini3, [000001C22D53F800][000001C2295239C0 49] iPadMini4, [000001C22D59B900][000001C229527B40 49] iPadMini5, [000001C22D544600][000001C22952E280 49] iPhone6, [000001C22D544700][000001C22952A2C0 49] iPodTouch6, [000001C22C5CA900][000001C229402540 49] iPhone7, [000001C22C5CA800][000001C229532580 49] iPodTouch7, [000001C22D544100][000001C2295366C0 49] iPhone5S, [000001C22D53C700][000001C22953A800 49] iPhone6Plus, [000001C22D546500][000001C22953E940 49] iPhone6S, [000001C22D53D300][000001C22A8F4AC0 49] iPhone6SPlus, [000001C22D547B00][000001C22A8F8C40 49] iPhone7Plus, [000001C22D53F500][000001C22A8FCDC0 49] iPhoneSE, [000001C22C5CA600][000001C22A900F40 49] iPhone8, [000001C22D53C600][000001C22A9050C0 49] iPhone8Plus, [000001C22C5CA200][000001C22A909240 49] iPhoneX, [000001C22D53F300][000001C22A90D3C0 49] iPhoneXS, [000001C22C5CB400][000001C22A911540 49] iPhoneXSMax, [000001C22D53ED00][000001C22A9156C0 49] iPhoneXR, [000001C22C5C8200][000001C22A919840 49] iPhone11, [000001C22D53DE00][000001C22A91D9C0 49] iPhone11Pro, [000001C22C5CAA00][000001C22A921B40 49] iPhone11ProMax, [000001C22D53F700][000001C22A924140 49] iPhoneSE2, [000001C22C5C8D00][000001C22A9282C0 49] iPhone12Mini, [000001C22D53DF00][000001C22A92C440 49] iPhone12, [000001C22C5C8700][000001C22A9305C0 49] iPhone12Pro, [000001C22D53D400][000001C22A934740 49] iPhone12ProMax, [000001C22C5C8C00][000001C229542880 49] iPadPro105, [000001C22D53D700][000001C22A9389C0 49] iPadPro129, [000001C22C5C8100][000001C22A93CB00 49] iPadPro97, [000001C22D53FC00][000001C22A944C80 49] iPadPro2_129, [000001C22C5C8800][000001C22A948E00 49] iPad5, [000001C22D53F100][000001C22A94CF80 49] iPad6, [000001C22C5C8500][000001C22A951100 49] iPad7, [000001C22D53E800][000001C22A955280 49] iPad8, [000001C22C5C9500][000001C22A959400 49] iPadPro11, [000001C22D53D500][000001C22A95D580 49] iPadPro2_11, [000001C22C5C8F00][000001C22A961700 49] iPadPro3_129, [000001C22D53EC00][000001C22A965880 49] iPadPro4_129, [000001C22C5CA500][000001C22A969A00 49] AppleTV, [000001C22D53D100][000001C22A96DB80 49] AppleTV4K, [000001C22C5C8400][000001C22A970180 49] TVOS, [000001C22D53E600][000001C22A974300 49] Mac, [000001C22C5CBD00][000001C22A978480 49] MacClient, [000001C22D53D800][000001C22A97C600 49] MacNoEditor, [000001C22C5CB100][000001C22B36E780 49] MacServer, [000001C22D53F900][000001C22B372900 49] Linux, [000001C22C5C8900][000001C22A940A40 49] LinuxAArch64, [000001C22D53FF00][000001C22B376B80 49] LinuxNoEditor, [000001C22C5C9B00][000001C22B37ACC0 49] LinuxAArch64NoEditor, [000001C22D53F400][000001C22B382E40 49] LinuxClient, [000001C22C5C9C00][000001C22B386FC0 49] LinuxAArch64Client, [000001C22D53DD00][000001C22B38B140 49] LinuxServer, [000001C22C5CAF00][000001C22B38F2C0 49] LinuxAArch64Server, [000001C22D53C500][000001C22B393440 49] Android, [000001C22C5C9E00][000001C22B3975C0 49] Android_Low, [000001C22D53F000][000001C22B39B740 49] Android_Mid, [000001C22C5CA400][000001C22B39F8C0 49] Android_High, [000001C22D53C800][000001C22B3A3A40 49] Android_Default, [000001C22C5CB200][000001C22B3A7BC0 49] Android_Adreno4xx, [000001C22D59A500][000001C22B3AA1C0 49] Android_Adreno5xx_Low, [000001C22D545C00][000001C22B3AE340 49] Android_Adreno5xx, [000001C22D59BE00][000001C22B3B24C0 49] Android_Adreno6xx, [000001C22D546B00][000001C22B3B6640 49] Android_Adreno6xx_Vulkan, [000001C22D59BF00][000001C22B3BA7C0 49] Android_Mali_T6xx, [000001C22D544F00][000001C22B3BE940 49] Android_Mali_T7xx, [000001C22D599400][000001C22B3C2AC0 49] Android_Mali_T8xx, [000001C22D545F00][000001C22B37EC00 49] Android_Mali_G71, [000001C22D599D00][000001C22B3C6D40 49] Android_Mali_G72, [000001C22D546400][000001C22B3CAE80 49] Android_Mali_G72_Vulkan, [000001C22D59B700][000001C22B3CEFC0 49] Android_Mali_G76, [000001C22D546100][000001C22B3D7140 49] Android_Mali_G76_Vulkan, [000001C22D599C00][000001C22B3DB2C0 49] Android_Mali_G77, [000001C22D544A00][000001C22B3DF440 49] Android_Mali_G77_Vulkan, [000001C22D59B500][000001C22B3E35C0 49] Android_Mali_G78, [000001C22D545300][000001C22B3E7740 49] Android_Mali_G78_Vulkan, [000001C22D59AA00][000001C22B3EB8C0 49] Android_Mali_G710, [000001C22D547D00][000001C22B3EFA40 49] Android_Mali_G710_Vulkan, [000001C22D599F00][000001C22B3F3BC0 49] Android_Vulkan_SM5, [000001C22D544900][000001C22B3F61C0 49] Android_PowerVR_G6xxx, [000001C22D59A000][000001C22B3FA340 49] Android_PowerVR_GT7xxx, [000001C22D546700][000001C22B3FE4C0 49] Android_PowerVR_GE8xxx, [000001C22D59A400][000001C22B402640 49] Android_PowerVR_GM9xxx, [000001C22D547200][000001C22B4067C0 49] Android_PowerVR_GM9xxx_Vulkan, [000001C22D59B100][000001C22B40A940 49] Android_TegraK1, [000001C22D545700][000001C22B40EAC0 49] Android_Unknown_Vulkan, [000001C22D59B800][000001C22B412C40 49] Lumin, [000001C22D544200][000001C22B3D2D80 49] Lumin_Desktop, [000001C22D59A300][000001C22B416EC0 49] HoloLens, 
[2022.12.28-03.30.06:941][  0]LogMeshReduction: Using QuadricMeshReduction for automatic static mesh reduction
[2022.12.28-03.30.06:941][  0]LogMeshReduction: Using SimplygonMeshReduction for automatic skeletal mesh reduction
[2022.12.28-03.30.06:941][  0]LogMeshReduction: Using ProxyLODMeshReduction for automatic mesh merging
[2022.12.28-03.30.06:941][  0]LogMeshReduction: No distributed automatic mesh merging module available
[2022.12.28-03.30.06:998][  0]LogMeshMerging: No distributed automatic mesh merging module available
[2022.12.28-03.30.08:184][  0]LogNetVersion: MentoramaArkanoid 1.0.0, NetCL: 17155196, EngineNetVer: 17, GameNetVer: 0 (Checksum: 2628309860)
[2022.12.28-03.30.28:385][  0]LogTexture: Default maximum texture size for cubemaps generated from long-lat sources has been changed from 512 to unlimited. In order to preserve old behaiour for '/Engine/MapTemplates/Sky/DaylightAmbientCubemap.DaylightAmbientCubemap', its maximum texture size has been explicitly set to 512.
[2022.12.28-03.30.29:333][  0]LogHMD: PokeAHoleMaterial loaded successfully
[2022.12.28-03.30.29:417][  0]LogUObjectArray: 17179 objects as part of root set at end of initial load.
[2022.12.28-03.30.29:417][  0]LogUObjectAllocator: 4302256 out of 0 bytes used by permanent object pool.
[2022.12.28-03.30.29:417][  0]LogUObjectArray: CloseDisregardForGC: 0/0 objects in disregard for GC pool
[2022.12.28-03.30.51:715][  0]LogNiagaraDebuggerClient: Niagara Debugger Client Initialized | Session: A91EA3444E1CE1158DDB9A87726215B0 | Instance: A62CBC4A47FF00E022F03B9D1E4AB586 (DESKTOP-9UR4MJL-13660).
[2022.12.28-03.31.00:008][  0]LogPython: Using Python 3.7.7
[2022.12.28-03.31.04:995][  0]LogTcpMessaging: Initializing TcpMessaging bridge
[2022.12.28-03.31.05:607][  0]LogUdpMessaging: Initializing bridge on interface 0.0.0.0:0 to multicast group 230.0.0.1:6666.
[2022.12.28-03.31.22:480][  0]SourceControl: Source control is disabled
[2022.12.28-03.31.22:480][  0]SourceControl: Source control is disabled
[2022.12.28-03.31.23:592][  0]SourceControl: Source control is disabled
[2022.12.28-03.31.23:988][  0]SourceControl: Source control is disabled
[2022.12.28-03.31.24:577][  0]SourceControl: Source control is disabled
[2022.12.28-03.31.26:030][  0]LogUProjectInfo: Found projects:
[2022.12.28-03.31.45:234][  0]LogOpenImageDenoise: OIDN starting up
[2022.12.28-03.31.49:109][  0]LogAndroidPermission: UAndroidPermissionCallbackProxy::GetInstance
[2022.12.28-03.31.51:178][  0]LogAudioCaptureCore: Display: No Audio Capture implementations found. Audio input will be silent.
[2022.12.28-03.31.51:178][  0]LogAudioCaptureCore: Display: No Audio Capture implementations found. Audio input will be silent.
[2022.12.28-03.31.57:511][  0]LogCollectionManager: Loaded 0 collections in 0.003908 seconds
[2022.12.28-03.31.57:590][  0]LogFileCache: Scanning file cache for directory 'D:/UnrealProjects/MentoramaArkanoid/Saved/Collections/' took 0.04s
[2022.12.28-03.31.57:591][  0]LogFileCache: Scanning file cache for directory 'D:/UnrealProjects/MentoramaArkanoid/Content/Developers/AryGuilherme/Collections/' took 0.01s
[2022.12.28-03.31.57:591][  0]LogFileCache: Scanning file cache for directory 'D:/UnrealProjects/MentoramaArkanoid/Content/Collections/' took 0.00s
[2022.12.28-03.31.59:447][  0]LogOcInput: OculusInput pre-init called
[2022.12.28-03.32.05:274][  0]LogEngine: Initializing Engine...
[2022.12.28-03.32.05:809][  0]LogHMD: Failed to enumerate extensions. Please check that you have a valid OpenXR runtime installed.
[2022.12.28-03.32.05:837][  0]LogHMD: Failed to initialize OpenVR with code 110
[2022.12.28-03.32.05:851][  0]LogMagicLeap: Warning: VR disabled because ZI is not enabled.  To enable, in the editor, Edit -> Project Settings -> Plugins -> Magic Leap Plugin -> Enable Zero Iteration
[2022.12.28-03.32.06:036][  0]LogStats: UGameplayTagsManager::InitializeManager -  0.106 s
[2022.12.28-03.32.07:798][  0]LogInit: Initializing FReadOnlyCVARCache
[2022.12.28-03.32.08:601][  0]LogAIModule: Creating AISystem for world Untitled
[2022.12.28-03.32.08:602][  0]LogAudio: Display: Initializing Audio Device Manager...
[2022.12.28-03.32.08:961][  0]LogAudio: Display: Loading Default Audio Settings Objects...
[2022.12.28-03.32.08:995][  0]LogAudio: Display: No default SoundConcurrencyObject specified (or failed to load).
[2022.12.28-03.32.09:025][  0]LogAudio: Display: Audio Device Manager Initialized
[2022.12.28-03.32.09:026][  0]LogAudio: Display: Creating Audio Device:                 Id: 1, Scope: Shared, Realtime: True
[2022.12.28-03.32.09:026][  0]LogAudioMixer: Display: Audio Mixer Platform Settings:
[2022.12.28-03.32.09:026][  0]LogAudioMixer: Display: 	Sample Rate:						  48000
[2022.12.28-03.32.09:026][  0]LogAudioMixer: Display: 	Callback Buffer Frame Size Requested: 1024
[2022.12.28-03.32.09:026][  0]LogAudioMixer: Display: 	Callback Buffer Frame Size To Use:	  1024
[2022.12.28-03.32.09:027][  0]LogAudioMixer: Display: 	Number of buffers to queue:			  2
[2022.12.28-03.32.09:027][  0]LogAudioMixer: Display: 	Max Channels (voices):				  32
[2022.12.28-03.32.09:027][  0]LogAudioMixer: Display: 	Number of Async Source Workers:		  0
[2022.12.28-03.32.09:027][  0]LogAudio: Display: AudioDevice MaxSources: 32
[2022.12.28-03.32.09:028][  0]LogAudio: Display: Audio Spatialization Plugin: None (built-in).
[2022.12.28-03.32.09:028][  0]LogAudio: Display: Audio Reverb Plugin: None (built-in).
[2022.12.28-03.32.09:029][  0]LogAudio: Display: Audio Occlusion Plugin: None (built-in).
[2022.12.28-03.32.09:029][  0]LogAudioMixer: Display: Initializing audio mixer.
[2022.12.28-03.32.09:459][  0]LogAudioMixer: Display: 0: FrontLeft
[2022.12.28-03.32.09:459][  0]LogAudioMixer: Display: 1: FrontRight
[2022.12.28-03.32.09:536][  0]LogAudioMixer: Display: Using Audio Device Alto-falantes (HyperX Cloud Stinger Core Wireless + 7.1)
[2022.12.28-03.32.09:556][  0]LogAudioMixer: Display: Initializing Sound Submixes...
[2022.12.28-03.32.09:574][  0]LogAudioMixer: Display: Creating Master Submix 'MasterSubmixDefault'
[2022.12.28-03.32.09:574][  0]LogAudioMixer: Display: Creating Master Submix 'MasterReverbSubmixDefault'
[2022.12.28-03.32.09:576][  0]LogAudioMixer: Display: Creating Master Submix 'MasterEQSubmixDefault'
[2022.12.28-03.32.09:577][  0]LogAudioMixer: FMixerPlatformXAudio2::StartAudioStream() called
[2022.12.28-03.32.09:577][  0]LogAudioMixer: Display: Output buffers initialized: Frames=1024, Channels=2, Samples=2048
[2022.12.28-03.32.09:581][  0]LogAudioMixer: Display: Starting AudioMixerPlatformInterface::RunInternal()
[2022.12.28-03.32.09:582][  0]LogAudioMixer: Display: FMixerPlatformXAudio2::SubmitBuffer() called for the first time
[2022.12.28-03.32.09:582][  0]LogInit: FAudioDevice initialized.
[2022.12.28-03.32.09:614][  0]LogAudio: Display: Audio Device (ID: 1) registered with world 'Untitled'.
[2022.12.28-03.32.09:614][  0]LogNetVersion: Set ProjectVersion to 1.0.0.0. Version Checksum will be recalculated on next use.
[2022.12.28-03.32.09:699][  0]LogDerivedDataCache: Saved boot cache 0.09s 94MB C:/Users/AryGuilherme/AppData/Local/UnrealEngine/4.27/DerivedDataCache/Boot.ddc.
[2022.12.28-03.32.09:704][  0]LogInit: Texture streaming: Enabled
[2022.12.28-03.32.10:628][  0]LogAnalytics: Display: [UEEditor.Rocket.Release] APIServer = https://datarouter.ol.epicgames.com/. AppVersion = 4.27.2-18319896+++UE4+Release-4.27
[2022.12.28-03.32.11:016][  0]LogEngineSessionManager: EngineSessionManager initialized
[2022.12.28-03.32.11:076][  0]LogEngineSessionManager: EngineSessionManager sent abnormal shutdown report. Type=Debugger, SessionId={5B756FB9-41E6-E827-9F15-528E57494FDA}
[2022.12.28-03.32.11:076][  0]LogEditorSessionSummary: Verbose: Initializing EditorSessionSummaryWriter for editor session tracking
[2022.12.28-03.32.11:114][  0]LogEditorSessionSummary: EditorSessionSummaryWriter initialized
[2022.12.28-03.32.12:447][  0]LogInit: Transaction tracking system initialized
[2022.12.28-03.32.14:746][  0]BlueprintLog: New page: Editor Load
[2022.12.28-03.32.22:227][  0]LocalizationService: Localization service is disabled
[2022.12.28-03.32.26:071][  0]TimingProfiler: Initialize
[2022.12.28-03.32.26:076][  0]TimingProfiler: OnSessionChanged
[2022.12.28-03.32.26:077][  0]LoadingProfiler: Initialize
[2022.12.28-03.32.26:196][  0]LoadingProfiler: OnSessionChanged
[2022.12.28-03.32.26:198][  0]NetworkingProfiler: Initialize
[2022.12.28-03.32.26:239][  0]NetworkingProfiler: OnSessionChanged
[2022.12.28-03.32.26:240][  0]MemoryProfiler: Initialize
[2022.12.28-03.32.26:240][  0]MemoryProfiler: OnSessionChanged
[2022.12.28-03.32.33:319][  0]LogCook: Display: CookSettings for Memory: MemoryMaxUsedVirtual 0MiB, MemoryMaxUsedPhysical 16384MiB, MemoryMinFreeVirtual 0MiB, MemoryMinFreePhysical 1024MiB
[2022.12.28-03.32.33:320][  0]LogCook: Display: Mobile HDR setting 1
[2022.12.28-03.32.34:163][  0]LogFileCache: Scanning file cache for directory 'D:/UnrealProjects/MentoramaArkanoid/Content/' took 0.11s
[2022.12.28-03.32.51:362][  0]LogInit: Display: Engine is initialized. Leaving FEngineLoop::Init()
[2022.12.28-03.32.51:807][  0]SourceControl: Source control is disabled
[2022.12.28-03.32.51:882][  0]LogUnrealEdMisc: Loading editor; pre map load, took 240.532
[2022.12.28-03.32.51:974][  0]Cmd: MAP LOAD FILE="../../../../../UnrealProjects/MentoramaArkanoid/Content/Levels/Level_01/MapLevel_01.umap" TEMPLATE=0 SHOWPROGRESS=1 FEATURELEVEL=3
[2022.12.28-03.32.52:164][  0]LightingResults: New page: Lighting Build
[2022.12.28-03.32.52:412][  0]LogWorld: UWorld::CleanupWorld for Untitled, bSessionEnded=true, bCleanupResources=true
[2022.12.28-03.32.52:413][  0]LogSlate: InvalidateAllWidgets triggered.  All widgets were invalidated
[2022.12.28-03.32.52:413][  0]MapCheck: New page: Map Check
[2022.12.28-03.32.52:413][  0]LightingResults: New page: Lighting Build
[2022.12.28-03.32.52:429][  0]LogAudio: Display: Audio Device unregistered from world 'None'.
[2022.12.28-03.32.52:474][  0]LogUObjectHash: Compacting FUObjectHashTables data took   1.61ms
[2022.12.28-03.32.54:562][  0]LogAudio: Display: Audio Device (ID: 1) registered with world 'MapLevel_01'.
[2022.12.28-03.32.54:564][  0]LogAIModule: Creating AISystem for world MapLevel_01
[2022.12.28-03.32.55:156][  0]LogEditorServer: Finished looking for orphan Actors (0.000 secs)
[2022.12.28-03.32.55:223][  0]LogUObjectHash: Compacting FUObjectHashTables data took   1.15ms
[2022.12.28-03.32.55:336][  0]Cmd: MAP CHECKDEP NOCLEARLOG
[2022.12.28-03.32.55:336][  0]MapCheck: Map check complete: 0 Error(s), 0 Warning(s), took 0.201ms to complete.
[2022.12.28-03.32.55:336][  0]LogFileHelpers: Loading map 'MapLevel_01' took 3.373
[2022.12.28-03.32.55:576][  0]LogUnrealEdMisc: Total Editor Startup Time, took 244.231
[2022.12.28-03.32.57:853][  0]LogSlate: Updating window title bar state: overlay mode, drag disabled, window buttons hidden, title bar hidden
[2022.12.28-03.32.58:014][  0]LogSlate: Updating window title bar state: overlay mode, drag disabled, window buttons hidden, title bar hidden
[2022.12.28-03.32.58:023][  0]LogSlate: Updating window title bar state: overlay mode, drag disabled, window buttons hidden, title bar hidden
[2022.12.28-03.32.58:033][  0]LogSlate: Updating window title bar state: overlay mode, drag disabled, window buttons hidden, title bar hidden
[2022.12.28-03.32.58:929][  0]LogNativeClassHierarchy: Verbose: Native class hierarchy populated in 0.0203 seconds. Added 3830 classes and 930 folders.
[2022.12.28-03.32.59:525][  0]LogNativeClassHierarchy: Verbose: Native class hierarchy updated for 'WidgetCarousel' in 0.0004 seconds. Added 0 classes and 0 folders.
[2022.12.28-03.32.59:955][  0]LogPakFile: PakFile PrimaryIndexSize=187
[2022.12.28-03.32.59:955][  0]LogPakFile: PakFile PathHashIndexSize=101
[2022.12.28-03.32.59:955][  0]LogPakFile: PakFile FullDirectoryIndexSize=148
[2022.12.28-03.33.00:101][  0]LogShaderLibrary: Display: ShaderCodeLibraryPakFileMountedCallback: PakFile 'D:/EpicGames/UE_4.27/FeaturePacks/FP_FirstPerson.upack' (chunk index -1, root 'root:/') mounted
[2022.12.28-03.33.00:101][  0]LogShaderLibrary: Display: ShaderCodeLibraryPakFileMountedCallback: pending pak file info (ChunkID:-1 Root:root:/ File:D:/EpicGames/UE_4.27/FeaturePacks/FP_FirstPerson.upack)
[2022.12.28-03.33.00:102][  0]LogPakFile: OnPakFileMounted2Time == 0.146122
[2022.12.28-03.33.00:446][  0]LogPakFile: PakFile PrimaryIndexSize=189
[2022.12.28-03.33.00:447][  0]LogPakFile: PakFile PathHashIndexSize=101
[2022.12.28-03.33.00:447][  0]LogPakFile: PakFile FullDirectoryIndexSize=152
[2022.12.28-03.33.00:447][  0]LogShaderLibrary: Display: ShaderCodeLibraryPakFileMountedCallback: PakFile 'D:/EpicGames/UE_4.27/FeaturePacks/FP_FirstPersonBP.upack' (chunk index -1, root 'root:/') mounted
[2022.12.28-03.33.00:447][  0]LogShaderLibrary: Display: ShaderCodeLibraryPakFileMountedCallback: pending pak file info (ChunkID:-1 Root:root:/ File:D:/EpicGames/UE_4.27/FeaturePacks/FP_FirstPersonBP.upack)
[2022.12.28-03.33.00:447][  0]LogPakFile: OnPakFileMounted2Time == 0.000489
[2022.12.28-03.33.00:452][  0]LogPakFile: PakFile PrimaryIndexSize=191
[2022.12.28-03.33.00:452][  0]LogPakFile: PakFile PathHashIndexSize=101
[2022.12.28-03.33.00:452][  0]LogPakFile: PakFile FullDirectoryIndexSize=160
[2022.12.28-03.33.00:452][  0]LogShaderLibrary: Display: ShaderCodeLibraryPakFileMountedCallback: PakFile 'D:/EpicGames/UE_4.27/FeaturePacks/MobileStarterContent.upack' (chunk index -1, root 'root:/') mounted
[2022.12.28-03.33.00:453][  0]LogShaderLibrary: Display: ShaderCodeLibraryPakFileMountedCallback: pending pak file info (ChunkID:-1 Root:root:/ File:D:/EpicGames/UE_4.27/FeaturePacks/MobileStarterContent.upack)
[2022.12.28-03.33.00:453][  0]LogPakFile: OnPakFileMounted2Time == 0.000285
[2022.12.28-03.33.00:459][  0]LogPakFile: PakFile PrimaryIndexSize=185
[2022.12.28-03.33.00:459][  0]LogPakFile: PakFile PathHashIndexSize=101
[2022.12.28-03.33.00:459][  0]LogPakFile: PakFile FullDirectoryIndexSize=148
[2022.12.28-03.33.00:459][  0]LogShaderLibrary: Display: ShaderCodeLibraryPakFileMountedCallback: PakFile 'D:/EpicGames/UE_4.27/FeaturePacks/StarterContent.upack' (chunk index -1, root 'root:/') mounted
[2022.12.28-03.33.00:459][  0]LogShaderLibrary: Display: ShaderCodeLibraryPakFileMountedCallback: pending pak file info (ChunkID:-1 Root:root:/ File:D:/EpicGames/UE_4.27/FeaturePacks/StarterContent.upack)
[2022.12.28-03.33.00:460][  0]LogPakFile: OnPakFileMounted2Time == 0.000354
[2022.12.28-03.33.00:466][  0]LogPakFile: PakFile PrimaryIndexSize=190
[2022.12.28-03.33.00:466][  0]LogPakFile: PakFile PathHashIndexSize=101
[2022.12.28-03.33.00:466][  0]LogPakFile: PakFile FullDirectoryIndexSize=154
[2022.12.28-03.33.00:466][  0]LogShaderLibrary: Display: ShaderCodeLibraryPakFileMountedCallback: PakFile 'D:/EpicGames/UE_4.27/FeaturePacks/TP_2DSideScroller.upack' (chunk index -1, root 'root:/') mounted
[2022.12.28-03.33.00:466][  0]LogShaderLibrary: Display: ShaderCodeLibraryPakFileMountedCallback: pending pak file info (ChunkID:-1 Root:root:/ File:D:/EpicGames/UE_4.27/FeaturePacks/TP_2DSideScroller.upack)
[2022.12.28-03.33.00:467][  0]LogPakFile: OnPakFileMounted2Time == 0.000252
[2022.12.28-03.33.00:471][  0]LogPakFile: PakFile PrimaryIndexSize=192
[2022.12.28-03.33.00:471][  0]LogPakFile: PakFile PathHashIndexSize=101
[2022.12.28-03.33.00:471][  0]LogPakFile: PakFile FullDirectoryIndexSize=158
[2022.12.28-03.33.00:471][  0]LogShaderLibrary: Display: ShaderCodeLibraryPakFileMountedCallback: PakFile 'D:/EpicGames/UE_4.27/FeaturePacks/TP_2DSideScrollerBP.upack' (chunk index -1, root 'root:/') mounted
[2022.12.28-03.33.00:471][  0]LogShaderLibrary: Display: ShaderCodeLibraryPakFileMountedCallback: pending pak file info (ChunkID:-1 Root:root:/ File:D:/EpicGames/UE_4.27/FeaturePacks/TP_2DSideScrollerBP.upack)
[2022.12.28-03.33.00:471][  0]LogPakFile: OnPakFileMounted2Time == 0.000241
[2022.12.28-03.33.00:516][  0]LogPakFile: PakFile PrimaryIndexSize=182
[2022.12.28-03.33.00:516][  0]LogPakFile: PakFile PathHashIndexSize=101
[2022.12.28-03.33.00:516][  0]LogPakFile: PakFile FullDirectoryIndexSize=138
[2022.12.28-03.33.00:516][  0]LogShaderLibrary: Display: ShaderCodeLibraryPakFileMountedCallback: PakFile 'D:/EpicGames/UE_4.27/FeaturePacks/TP_Flying.upack' (chunk index -1, root 'root:/') mounted
[2022.12.28-03.33.00:516][  0]LogShaderLibrary: Display: ShaderCodeLibraryPakFileMountedCallback: pending pak file info (ChunkID:-1 Root:root:/ File:D:/EpicGames/UE_4.27/FeaturePacks/TP_Flying.upack)
[2022.12.28-03.33.00:517][  0]LogPakFile: OnPakFileMounted2Time == 0.000183
[2022.12.28-03.33.00:600][  0]LogPakFile: PakFile PrimaryIndexSize=184
[2022.12.28-03.33.00:601][  0]LogPakFile: PakFile PathHashIndexSize=101
[2022.12.28-03.33.00:601][  0]LogPakFile: PakFile FullDirectoryIndexSize=142
[2022.12.28-03.33.00:601][  0]LogShaderLibrary: Display: ShaderCodeLibraryPakFileMountedCallback: PakFile 'D:/EpicGames/UE_4.27/FeaturePacks/TP_FlyingBP.upack' (chunk index -1, root 'root:/') mounted
[2022.12.28-03.33.00:601][  0]LogShaderLibrary: Display: ShaderCodeLibraryPakFileMountedCallback: pending pak file info (ChunkID:-1 Root:root:/ File:D:/EpicGames/UE_4.27/FeaturePacks/TP_FlyingBP.upack)
[2022.12.28-03.33.00:601][  0]LogPakFile: OnPakFileMounted2Time == 0.000386
[2022.12.28-03.33.00:635][  0]LogPakFile: PakFile PrimaryIndexSize=188
[2022.12.28-03.33.00:636][  0]LogPakFile: PakFile PathHashIndexSize=101
[2022.12.28-03.33.00:636][  0]LogPakFile: PakFile FullDirectoryIndexSize=150
[2022.12.28-03.33.00:636][  0]LogShaderLibrary: Display: ShaderCodeLibraryPakFileMountedCallback: PakFile 'D:/EpicGames/UE_4.27/FeaturePacks/TP_HandheldARBP.upack' (chunk index -1, root 'root:/') mounted
[2022.12.28-03.33.00:636][  0]LogShaderLibrary: Display: ShaderCodeLibraryPakFileMountedCallback: pending pak file info (ChunkID:-1 Root:root:/ File:D:/EpicGames/UE_4.27/FeaturePacks/TP_HandheldARBP.upack)
[2022.12.28-03.33.00:636][  0]LogPakFile: OnPakFileMounted2Time == 0.000344
[2022.12.28-03.33.00:734][  0]LogPakFile: PakFile PrimaryIndexSize=182
[2022.12.28-03.33.00:735][  0]LogPakFile: PakFile PathHashIndexSize=101
[2022.12.28-03.33.00:735][  0]LogPakFile: PakFile FullDirectoryIndexSize=138
[2022.12.28-03.33.00:735][  0]LogShaderLibrary: Display: ShaderCodeLibraryPakFileMountedCallback: PakFile 'D:/EpicGames/UE_4.27/FeaturePacks/TP_Puzzle.upack' (chunk index -1, root 'root:/') mounted
[2022.12.28-03.33.00:735][  0]LogShaderLibrary: Display: ShaderCodeLibraryPakFileMountedCallback: pending pak file info (ChunkID:-1 Root:root:/ File:D:/EpicGames/UE_4.27/FeaturePacks/TP_Puzzle.upack)
[2022.12.28-03.33.00:735][  0]LogPakFile: OnPakFileMounted2Time == 0.000286
[2022.12.28-03.33.00:739][  0]LogPakFile: PakFile PrimaryIndexSize=184
[2022.12.28-03.33.00:740][  0]LogPakFile: PakFile PathHashIndexSize=101
[2022.12.28-03.33.00:740][  0]LogPakFile: PakFile FullDirectoryIndexSize=142
[2022.12.28-03.33.00:740][  0]LogShaderLibrary: Display: ShaderCodeLibraryPakFileMountedCallback: PakFile 'D:/EpicGames/UE_4.27/FeaturePacks/TP_PuzzleBP.upack' (chunk index -1, root 'root:/') mounted
[2022.12.28-03.33.00:740][  0]LogShaderLibrary: Display: ShaderCodeLibraryPakFileMountedCallback: pending pak file info (ChunkID:-1 Root:root:/ File:D:/EpicGames/UE_4.27/FeaturePacks/TP_PuzzleBP.upack)
[2022.12.28-03.33.00:740][  0]LogPakFile: OnPakFileMounted2Time == 0.000246
[2022.12.28-03.33.00:743][  0]LogPakFile: PakFile PrimaryIndexSize=183
[2022.12.28-03.33.00:743][  0]LogPakFile: PakFile PathHashIndexSize=101
[2022.12.28-03.33.00:743][  0]LogPakFile: PakFile FullDirectoryIndexSize=140
[2022.12.28-03.33.00:743][  0]LogShaderLibrary: Display: ShaderCodeLibraryPakFileMountedCallback: PakFile 'D:/EpicGames/UE_4.27/FeaturePacks/TP_Rolling.upack' (chunk index -1, root 'root:/') mounted
[2022.12.28-03.33.00:743][  0]LogShaderLibrary: Display: ShaderCodeLibraryPakFileMountedCallback: pending pak file info (ChunkID:-1 Root:root:/ File:D:/EpicGames/UE_4.27/FeaturePacks/TP_Rolling.upack)
[2022.12.28-03.33.00:743][  0]LogPakFile: OnPakFileMounted2Time == 0.000330
[2022.12.28-03.33.00:747][  0]LogPakFile: PakFile PrimaryIndexSize=185
[2022.12.28-03.33.00:747][  0]LogPakFile: PakFile PathHashIndexSize=101
[2022.12.28-03.33.00:747][  0]LogPakFile: PakFile FullDirectoryIndexSize=144
[2022.12.28-03.33.00:747][  0]LogShaderLibrary: Display: ShaderCodeLibraryPakFileMountedCallback: PakFile 'D:/EpicGames/UE_4.27/FeaturePacks/TP_RollingBP.upack' (chunk index -1, root 'root:/') mounted
[2022.12.28-03.33.00:747][  0]LogShaderLibrary: Display: ShaderCodeLibraryPakFileMountedCallback: pending pak file info (ChunkID:-1 Root:root:/ File:D:/EpicGames/UE_4.27/FeaturePacks/TP_RollingBP.upack)
[2022.12.28-03.33.00:747][  0]LogPakFile: OnPakFileMounted2Time == 0.000266
[2022.12.28-03.33.00:751][  0]LogPakFile: PakFile PrimaryIndexSize=188
[2022.12.28-03.33.00:751][  0]LogPakFile: PakFile PathHashIndexSize=101
[2022.12.28-03.33.00:752][  0]LogPakFile: PakFile FullDirectoryIndexSize=150
[2022.12.28-03.33.00:752][  0]LogShaderLibrary: Display: ShaderCodeLibraryPakFileMountedCallback: PakFile 'D:/EpicGames/UE_4.27/FeaturePacks/TP_SideScroller.upack' (chunk index -1, root 'root:/') mounted
[2022.12.28-03.33.00:752][  0]LogShaderLibrary: Display: ShaderCodeLibraryPakFileMountedCallback: pending pak file info (ChunkID:-1 Root:root:/ File:D:/EpicGames/UE_4.27/FeaturePacks/TP_SideScroller.upack)
[2022.12.28-03.33.00:752][  0]LogPakFile: OnPakFileMounted2Time == 0.000372
[2022.12.28-03.33.00:756][  0]LogPakFile: PakFile PrimaryIndexSize=190
[2022.12.28-03.33.00:756][  0]LogPakFile: PakFile PathHashIndexSize=101
[2022.12.28-03.33.00:756][  0]LogPakFile: PakFile FullDirectoryIndexSize=154
[2022.12.28-03.33.00:756][  0]LogShaderLibrary: Display: ShaderCodeLibraryPakFileMountedCallback: PakFile 'D:/EpicGames/UE_4.27/FeaturePacks/TP_SideScrollerBP.upack' (chunk index -1, root 'root:/') mounted
[2022.12.28-03.33.00:756][  0]LogShaderLibrary: Display: ShaderCodeLibraryPakFileMountedCallback: pending pak file info (ChunkID:-1 Root:root:/ File:D:/EpicGames/UE_4.27/FeaturePacks/TP_SideScrollerBP.upack)
[2022.12.28-03.33.00:757][  0]LogPakFile: OnPakFileMounted2Time == 0.000313
[2022.12.28-03.33.00:760][  0]LogPakFile: PakFile PrimaryIndexSize=187
[2022.12.28-03.33.00:760][  0]LogPakFile: PakFile PathHashIndexSize=101
[2022.12.28-03.33.00:760][  0]LogPakFile: PakFile FullDirectoryIndexSize=148
[2022.12.28-03.33.00:760][  0]LogShaderLibrary: Display: ShaderCodeLibraryPakFileMountedCallback: PakFile 'D:/EpicGames/UE_4.27/FeaturePacks/TP_ThirdPerson.upack' (chunk index -1, root 'root:/') mounted
[2022.12.28-03.33.00:761][  0]LogShaderLibrary: Display: ShaderCodeLibraryPakFileMountedCallback: pending pak file info (ChunkID:-1 Root:root:/ File:D:/EpicGames/UE_4.27/FeaturePacks/TP_ThirdPerson.upack)
[2022.12.28-03.33.00:761][  0]LogPakFile: OnPakFileMounted2Time == 0.000219
[2022.12.28-03.33.00:766][  0]LogPakFile: PakFile PrimaryIndexSize=189
[2022.12.28-03.33.00:766][  0]LogPakFile: PakFile PathHashIndexSize=101
[2022.12.28-03.33.00:766][  0]LogPakFile: PakFile FullDirectoryIndexSize=152
[2022.12.28-03.33.00:766][  0]LogShaderLibrary: Display: ShaderCodeLibraryPakFileMountedCallback: PakFile 'D:/EpicGames/UE_4.27/FeaturePacks/TP_ThirdPersonBP.upack' (chunk index -1, root 'root:/') mounted
[2022.12.28-03.33.00:766][  0]LogShaderLibrary: Display: ShaderCodeLibraryPakFileMountedCallback: pending pak file info (ChunkID:-1 Root:root:/ File:D:/EpicGames/UE_4.27/FeaturePacks/TP_ThirdPersonBP.upack)
[2022.12.28-03.33.00:766][  0]LogPakFile: OnPakFileMounted2Time == 0.000248
[2022.12.28-03.33.00:794][  0]LogPakFile: PakFile PrimaryIndexSize=183
[2022.12.28-03.33.00:795][  0]LogPakFile: PakFile PathHashIndexSize=101
[2022.12.28-03.33.00:795][  0]LogPakFile: PakFile FullDirectoryIndexSize=140
[2022.12.28-03.33.00:795][  0]LogShaderLibrary: Display: ShaderCodeLibraryPakFileMountedCallback: PakFile 'D:/EpicGames/UE_4.27/FeaturePacks/TP_TopDown.upack' (chunk index -1, root 'root:/') mounted
[2022.12.28-03.33.00:795][  0]LogShaderLibrary: Display: ShaderCodeLibraryPakFileMountedCallback: pending pak file info (ChunkID:-1 Root:root:/ File:D:/EpicGames/UE_4.27/FeaturePacks/TP_TopDown.upack)
[2022.12.28-03.33.00:795][  0]LogPakFile: OnPakFileMounted2Time == 0.000397
[2022.12.28-03.33.00:859][  0]LogPakFile: PakFile PrimaryIndexSize=185
[2022.12.28-03.33.00:860][  0]LogPakFile: PakFile PathHashIndexSize=101
[2022.12.28-03.33.00:860][  0]LogPakFile: PakFile FullDirectoryIndexSize=144
[2022.12.28-03.33.00:860][  0]LogShaderLibrary: Display: ShaderCodeLibraryPakFileMountedCallback: PakFile 'D:/EpicGames/UE_4.27/FeaturePacks/TP_TopDownBP.upack' (chunk index -1, root 'root:/') mounted
[2022.12.28-03.33.00:860][  0]LogShaderLibrary: Display: ShaderCodeLibraryPakFileMountedCallback: pending pak file info (ChunkID:-1 Root:root:/ File:D:/EpicGames/UE_4.27/FeaturePacks/TP_TopDownBP.upack)
[2022.12.28-03.33.00:860][  0]LogPakFile: OnPakFileMounted2Time == 0.000312
[2022.12.28-03.33.00:863][  0]LogPakFile: PakFile PrimaryIndexSize=185
[2022.12.28-03.33.00:864][  0]LogPakFile: PakFile PathHashIndexSize=101
[2022.12.28-03.33.00:864][  0]LogPakFile: PakFile FullDirectoryIndexSize=144
[2022.12.28-03.33.00:864][  0]LogShaderLibrary: Display: ShaderCodeLibraryPakFileMountedCallback: PakFile 'D:/EpicGames/UE_4.27/FeaturePacks/TP_TwinStick.upack' (chunk index -1, root 'root:/') mounted
[2022.12.28-03.33.00:864][  0]LogShaderLibrary: Display: ShaderCodeLibraryPakFileMountedCallback: pending pak file info (ChunkID:-1 Root:root:/ File:D:/EpicGames/UE_4.27/FeaturePacks/TP_TwinStick.upack)
[2022.12.28-03.33.00:864][  0]LogPakFile: OnPakFileMounted2Time == 0.000203
[2022.12.28-03.33.00:867][  0]LogPakFile: PakFile PrimaryIndexSize=187
[2022.12.28-03.33.00:868][  0]LogPakFile: PakFile PathHashIndexSize=101
[2022.12.28-03.33.00:868][  0]LogPakFile: PakFile FullDirectoryIndexSize=148
[2022.12.28-03.33.00:868][  0]LogShaderLibrary: Display: ShaderCodeLibraryPakFileMountedCallback: PakFile 'D:/EpicGames/UE_4.27/FeaturePacks/TP_TwinStickBP.upack' (chunk index -1, root 'root:/') mounted
[2022.12.28-03.33.00:868][  0]LogShaderLibrary: Display: ShaderCodeLibraryPakFileMountedCallback: pending pak file info (ChunkID:-1 Root:root:/ File:D:/EpicGames/UE_4.27/FeaturePacks/TP_TwinStickBP.upack)
[2022.12.28-03.33.00:868][  0]LogPakFile: OnPakFileMounted2Time == 0.000229
[2022.12.28-03.33.00:871][  0]LogPakFile: PakFile PrimaryIndexSize=183
[2022.12.28-03.33.00:871][  0]LogPakFile: PakFile PathHashIndexSize=101
[2022.12.28-03.33.00:871][  0]LogPakFile: PakFile FullDirectoryIndexSize=140
[2022.12.28-03.33.00:871][  0]LogShaderLibrary: Display: ShaderCodeLibraryPakFileMountedCallback: PakFile 'D:/EpicGames/UE_4.27/FeaturePacks/TP_Vehicle.upack' (chunk index -1, root 'root:/') mounted
[2022.12.28-03.33.00:872][  0]LogShaderLibrary: Display: ShaderCodeLibraryPakFileMountedCallback: pending pak file info (ChunkID:-1 Root:root:/ File:D:/EpicGames/UE_4.27/FeaturePacks/TP_Vehicle.upack)
[2022.12.28-03.33.00:872][  0]LogPakFile: OnPakFileMounted2Time == 0.000376
[2022.12.28-03.33.00:876][  0]LogPakFile: PakFile PrimaryIndexSize=186
[2022.12.28-03.33.00:876][  0]LogPakFile: PakFile PathHashIndexSize=101
[2022.12.28-03.33.00:876][  0]LogPakFile: PakFile FullDirectoryIndexSize=146
[2022.12.28-03.33.00:876][  0]LogShaderLibrary: Display: ShaderCodeLibraryPakFileMountedCallback: PakFile 'D:/EpicGames/UE_4.27/FeaturePacks/TP_VehicleAdv.upack' (chunk index -1, root 'root:/') mounted
[2022.12.28-03.33.00:876][  0]LogShaderLibrary: Display: ShaderCodeLibraryPakFileMountedCallback: pending pak file info (ChunkID:-1 Root:root:/ File:D:/EpicGames/UE_4.27/FeaturePacks/TP_VehicleAdv.upack)
[2022.12.28-03.33.00:877][  0]LogPakFile: OnPakFileMounted2Time == 0.000408
[2022.12.28-03.33.00:882][  0]LogPakFile: PakFile PrimaryIndexSize=188
[2022.12.28-03.33.00:882][  0]LogPakFile: PakFile PathHashIndexSize=101
[2022.12.28-03.33.00:883][  0]LogPakFile: PakFile FullDirectoryIndexSize=150
[2022.12.28-03.33.00:883][  0]LogShaderLibrary: Display: ShaderCodeLibraryPakFileMountedCallback: PakFile 'D:/EpicGames/UE_4.27/FeaturePacks/TP_VehicleAdvBP.upack' (chunk index -1, root 'root:/') mounted
[2022.12.28-03.33.00:883][  0]LogShaderLibrary: Display: ShaderCodeLibraryPakFileMountedCallback: pending pak file info (ChunkID:-1 Root:root:/ File:D:/EpicGames/UE_4.27/FeaturePacks/TP_VehicleAdvBP.upack)
[2022.12.28-03.33.00:883][  0]LogPakFile: OnPakFileMounted2Time == 0.000366
[2022.12.28-03.33.00:889][  0]LogPakFile: PakFile PrimaryIndexSize=185
[2022.12.28-03.33.00:889][  0]LogPakFile: PakFile PathHashIndexSize=101
[2022.12.28-03.33.00:889][  0]LogPakFile: PakFile FullDirectoryIndexSize=144
[2022.12.28-03.33.00:889][  0]LogShaderLibrary: Display: ShaderCodeLibraryPakFileMountedCallback: PakFile 'D:/EpicGames/UE_4.27/FeaturePacks/TP_VehicleBP.upack' (chunk index -1, root 'root:/') mounted
[2022.12.28-03.33.00:889][  0]LogShaderLibrary: Display: ShaderCodeLibraryPakFileMountedCallback: pending pak file info (ChunkID:-1 Root:root:/ File:D:/EpicGames/UE_4.27/FeaturePacks/TP_VehicleBP.upack)
[2022.12.28-03.33.00:889][  0]LogPakFile: OnPakFileMounted2Time == 0.000211
[2022.12.28-03.33.00:895][  0]LogPakFile: PakFile PrimaryIndexSize=192
[2022.12.28-03.33.00:895][  0]LogPakFile: PakFile PathHashIndexSize=101
[2022.12.28-03.33.00:895][  0]LogPakFile: PakFile FullDirectoryIndexSize=158
[2022.12.28-03.33.00:895][  0]LogShaderLibrary: Display: ShaderCodeLibraryPakFileMountedCallback: PakFile 'D:/EpicGames/UE_4.27/FeaturePacks/TP_VirtualRealityBP.upack' (chunk index -1, root 'root:/') mounted
[2022.12.28-03.33.00:895][  0]LogShaderLibrary: Display: ShaderCodeLibraryPakFileMountedCallback: pending pak file info (ChunkID:-1 Root:root:/ File:D:/EpicGames/UE_4.27/FeaturePacks/TP_VirtualRealityBP.upack)
[2022.12.28-03.33.00:896][  0]LogPakFile: OnPakFileMounted2Time == 0.000198
[2022.12.28-03.33.02:830][  0]LogNativeClassHierarchy: Verbose: Native class hierarchy updated for 'AddContentDialog' in 0.0007 seconds. Added 0 classes and 0 folders.
[2022.12.28-03.33.03:059][  0]LogNativeClassHierarchy: Verbose: Native class hierarchy updated for 'SceneOutliner' in 0.0007 seconds. Added 2 classes and 0 folders.
[2022.12.28-03.33.04:416][  0]LogSlate: Took 0.029262 seconds to synchronously load lazily loaded font '../../../Engine/Content/Slate/Fonts/Roboto-Regular.ttf' (155K)
[2022.12.28-03.33.04:445][  0]LogSlate: Took 0.025874 seconds to synchronously load lazily loaded font '../../../Engine/Content/Editor/Slate/Fonts/FontAwesome.ttf' (139K)
[2022.12.28-03.33.04:502][  0]LogSlate: Took 0.018246 seconds to synchronously load lazily loaded font '../../../Engine/Content/Slate/Fonts/Roboto-Bold.ttf' (160K)
[2022.12.28-03.33.05:249][  0]LogRenderer: Reallocating scene render targets to support 1060x520 Format 10 NumSamples 1 (Frame:1).
[2022.12.28-03.33.06:094][  0]LogSlate: Took 0.025396 seconds to synchronously load lazily loaded font '../../../Engine/Content/Slate/Fonts/Roboto-Light.ttf' (167K)
[2022.12.28-03.33.10:629][  0]LogNativeClassHierarchy: Verbose: Native class hierarchy updated for 'HierarchicalLODOutliner' in 0.0008 seconds. Added 0 classes and 0 folders.
[2022.12.28-03.33.10:681][  0]LogLoad: (Engine Initialization) Total time: 259.34 seconds
[2022.12.28-03.33.10:681][  0]LogLoad: (Engine Initialization) Total Blueprint compile time: 0.00 seconds
[2022.12.28-03.33.11:365][  0]LogContentStreaming: Texture pool size now 1000 MB
[2022.12.28-03.33.12:194][  1]LogAssetRegistry: Asset discovery search completed in 196.8610 seconds
[2022.12.28-03.33.12:502][  1]LogCollectionManager: Fixed up redirectors for 0 collections in 0.000005 seconds (updated 0 objects)
[2022.12.28-03.33.12:845][  2]LogSlate: Took 0.000461 seconds to synchronously load lazily loaded font '../../../Engine/Content/Slate/Fonts/Roboto-Light.ttf' (167K)
[2022.12.28-03.33.34:915][425]LogTemp: Repeating last play command: Selected Viewport
[2022.12.28-03.33.34:933][425]LogPlayLevel: PlayLevel: No blueprints needed recompiling
[2022.12.28-03.33.35:040][425]PIE: New page: PIE session: MapLevel_01 (Dec 27, 2022, 9:33:34 PM)
[2022.12.28-03.33.35:043][425]LogOnline: OSS: Creating online subsystem instance for: NULL
[2022.12.28-03.33.35:046][425]LogOnline: OSS: TryLoadSubsystemAndSetDefault: Loaded subsystem for module [NULL]
[2022.12.28-03.33.35:047][425]LogPlayLevel: Creating play world package: /Game/Levels/Level_01/UEDPIE_0_MapLevel_01
[2022.12.28-03.33.35:050][425]LogPlayLevel: PIE: StaticDuplicateObject took: (0.003579s)
[2022.12.28-03.33.35:088][425]LogAIModule: Creating AISystem for world MapLevel_01
[2022.12.28-03.33.35:089][425]LogPlayLevel: PIE: World Init took: (0.038601s)
[2022.12.28-03.33.35:089][425]LogPlayLevel: PIE: Created PIE world by copying editor world from /Game/Levels/Level_01/MapLevel_01.MapLevel_01 to /Game/Levels/Level_01/UEDPIE_0_MapLevel_01.MapLevel_01 (0.042682s)
[2022.12.28-03.33.35:100][425]LogUObjectHash: Compacting FUObjectHashTables data took   0.89ms
[2022.12.28-03.33.35:101][425]LogAudio: Display: Creating Audio Device:                 Id: 2, Scope: Unique, Realtime: True
[2022.12.28-03.33.35:101][425]LogAudioMixer: Display: Audio Mixer Platform Settings:
[2022.12.28-03.33.35:102][425]LogAudioMixer: Display: 	Sample Rate:						  48000
[2022.12.28-03.33.35:102][425]LogAudioMixer: Display: 	Callback Buffer Frame Size Requested: 1024
[2022.12.28-03.33.35:102][425]LogAudioMixer: Display: 	Callback Buffer Frame Size To Use:	  1024
[2022.12.28-03.33.35:102][425]LogAudioMixer: Display: 	Number of buffers to queue:			  2
[2022.12.28-03.33.35:102][425]LogAudioMixer: Display: 	Max Channels (voices):				  32
[2022.12.28-03.33.35:102][425]LogAudioMixer: Display: 	Number of Async Source Workers:		  0
[2022.12.28-03.33.35:102][425]LogAudio: Display: AudioDevice MaxSources: 32
[2022.12.28-03.33.35:103][425]LogAudio: Display: Audio Spatialization Plugin: None (built-in).
[2022.12.28-03.33.35:103][425]LogAudio: Display: Audio Reverb Plugin: None (built-in).
[2022.12.28-03.33.35:103][425]LogAudio: Display: Audio Occlusion Plugin: None (built-in).
[2022.12.28-03.33.35:103][425]LogAudioMixer: Display: Initializing audio mixer.
[2022.12.28-03.33.35:116][425]LogAudioMixer: Display: 0: FrontLeft
[2022.12.28-03.33.35:116][425]LogAudioMixer: Display: 1: FrontRight
[2022.12.28-03.33.35:157][425]LogAudioMixer: Display: Using Audio Device Alto-falantes (HyperX Cloud Stinger Core Wireless + 7.1)
[2022.12.28-03.33.35:157][425]LogAudioMixer: Display: Initializing Sound Submixes...
[2022.12.28-03.33.35:158][425]LogAudioMixer: Display: Creating Master Submix 'MasterSubmixDefault'
[2022.12.28-03.33.35:158][425]LogAudioMixer: Display: Creating Master Submix 'MasterReverbSubmixDefault'
[2022.12.28-03.33.35:159][425]LogAudioMixer: Display: Creating Master Submix 'MasterEQSubmixDefault'
[2022.12.28-03.33.35:159][425]LogAudioMixer: FMixerPlatformXAudio2::StartAudioStream() called
[2022.12.28-03.33.35:159][425]LogAudioMixer: Display: Output buffers initialized: Frames=1024, Channels=2, Samples=2048
[2022.12.28-03.33.35:163][425]LogAudioMixer: Display: Starting AudioMixerPlatformInterface::RunInternal()
[2022.12.28-03.33.35:163][425]LogAudioMixer: Display: FMixerPlatformXAudio2::SubmitBuffer() called for the first time
[2022.12.28-03.33.35:163][425]LogInit: FAudioDevice initialized.
[2022.12.28-03.33.35:164][425]LogAudio: Display: Audio Device (ID: 2) registered with world 'MapLevel_01'.
[2022.12.28-03.33.35:286][425]LogLoad: Game class is 'BP_ArkanoidGameMode_C'
[2022.12.28-03.33.35:289][425]LogWorld: Bringing World /Game/Levels/Level_01/UEDPIE_0_MapLevel_01.MapLevel_01 up for play (max tick rate 0) at 2022.12.28-00.33.35
[2022.12.28-03.33.35:290][425]LogWorld: Bringing up level for play took: 0.001683
[2022.12.28-03.33.35:290][425]LogOnline: OSS: Creating online subsystem instance for: :Context_2
